ODE BOUNDER: TM   ORDER: 4  TM BOUNDER: EIGEN   RTOL=0.001  ATOL=0.001
 INDEX STACK        RELAX         INC           LBD           UBD         ACTION      CUMUL TIME


******************************************************************************
This program contains Ipopt, a library for large-scale nonlinear optimization.
 Ipopt is released as open source code under the Eclipse Public License (EPL).
         For more information visit http://projects.coin-or.org/Ipopt
******************************************************************************

     1     1 -1.000000e+20  1.000000e+20 -8.131980e+01  3.517573e-01      BRANCH 0  2.500000e-01
     2     2 -8.131980e+01  3.517573e-01 -4.167609e+01  3.517573e-01      BRANCH 1  3.000000e-01
     3     3 -8.131980e+01  3.517573e-01 -2.821361e+01  3.517573e-01      BRANCH 1  3.300000e-01
     4     4 -4.167609e+01  3.517573e-01 -3.545162e+00  2.870609e-01      BRANCH 1  3.800000e-01
     5     5 -4.167609e+01  2.870609e-01 -6.312170e+00  3.517573e-01      BRANCH 1  4.400000e-01
     6     6 -2.821361e+01  2.870609e-01 -2.776898e+00  3.517573e-01      BRANCH 1  4.700000e-01
     7     7 -2.821361e+01  2.870609e-01  6.145539e-02  3.517573e-01      BRANCH 1  5.600000e-01
     8     8 -6.312170e+00  2.870609e-01    INFEASIBLE             -      FATHOMED  6.100000e-01
     9     7 -6.312170e+00  2.870609e-01 -2.996662e+00  4.403010e-01      BRANCH 1  7.700000e-01
    10     8 -3.545162e+00  2.870609e-01  2.868039e-01             -      FATHOMED  8.400000e-01
    11     7 -3.545162e+00  2.870609e-01    INFEASIBLE             -      FATHOMED  9.000000e-01
    12     6 -2.996662e+00  2.870609e-01    INFEASIBLE             -      FATHOMED  9.300000e-01
    13     5 -2.996662e+00  2.870609e-01    INFEASIBLE             -      FATHOMED  9.800000e-01
    14     4 -2.776898e+00  2.870609e-01  1.540040e-01  2.771075e-01      BRANCH 1  1.050000e+00
    15     5 -2.776898e+00  2.771075e-01    INFEASIBLE             -      FATHOMED  1.090000e+00
    16     4  6.145539e-02  2.771075e-01    INFEASIBLE             -      FATHOMED  1.110000e+00
    17     3  6.145539e-02  2.771075e-01    INFEASIBLE             -      FATHOMED  1.120000e+00
    18     2  1.540040e-01  2.771075e-01  2.771071e-01             -      FATHOMED  1.180000e+00
    19     1  1.540040e-01  2.771075e-01    INFEASIBLE             -      FATHOMED  1.200000e+00

#  NORMAL TERMINATION: 1.200000 CPU SEC
#  INCUMBENT VALUE:  2.771075e-01
#  INCUMBENT POINT:  5.574788e+00 -4.000000e+00
#  INCUMBENT FOUND AT NODE: 14
#  TOTAL NUMBER OF NODES:   19
#  MAXIMUM NODES IN STACK:  8

ODE BOUNDER: TMMC   ORDER: 4  TM BOUNDER: EIGEN   RTOL=0.001  ATOL=0.001
 INDEX STACK        RELAX         INC           LBD           UBD         ACTION      CUMUL TIME

     1     1 -1.000000e+20  1.000000e+20 -8.131980e+01  3.517573e-01      BRANCH 1  2.100000e-01
     2     2 -8.131980e+01  3.517573e-01 -4.614691e+01  2.771075e-01      BRANCH 0  2.300000e-01
     3     3 -8.131980e+01  2.771075e-01 -5.242040e+01  3.517573e-01      BRANCH 0  2.800000e-01
     4     4 -5.242040e+01  2.771075e-01 -7.890890e+00  3.517573e-01      BRANCH 1  3.500000e-01
     5     5 -5.242040e+01  2.771075e-01  2.114328e-01  3.658285e-01      BRANCH 1  4.500000e-01
     6     6 -4.614691e+01  2.771075e-01 -5.475570e+00  2.771075e-01      BRANCH 1  5.000000e-01
     7     7 -4.614691e+01  2.771075e-01 -2.523433e+00  3.571598e-01      BRANCH 1  5.500000e-01
     8     8 -7.890890e+00  2.771075e-01    INFEASIBLE             -      FATHOMED  6.100000e-01
     9     7 -7.890890e+00  2.771075e-01 -4.043484e+00  4.448572e-01      BRANCH 1  6.400000e-01
    10     8 -5.475570e+00  2.771075e-01  2.752623e-01  2.771075e-01      BRANCH 0  7.500000e-01
    11     9 -5.475570e+00  2.771075e-01  2.074142e-01  3.561112e-01      BRANCH 1  8.500000e-01
    12    10 -4.043484e+00  2.771075e-01    INFEASIBLE             -      FATHOMED  8.900000e-01
    13     9 -4.043484e+00  2.771075e-01    INFEASIBLE             -      FATHOMED  9.700000e-01
    14     8 -2.523433e+00  2.771075e-01  2.770560e-01             -      FATHOMED  1.070000e+00
    15     7 -2.523433e+00  2.771075e-01    INFEASIBLE             -      FATHOMED  1.130000e+00
    16     6  2.074142e-01  2.771075e-01    INFEASIBLE             -      FATHOMED  1.150000e+00
    17     5  2.074142e-01  2.771075e-01    INFEASIBLE             -      FATHOMED  1.170000e+00
    18     4  2.114328e-01  2.771075e-01    INFEASIBLE             -      FATHOMED  1.190000e+00
    19     3  2.114328e-01  2.771075e-01    INFEASIBLE             -      FATHOMED  1.200000e+00
    20     2  2.752623e-01  2.771075e-01    INFEASIBLE             -      FATHOMED  1.220000e+00
    21     1  2.752623e-01  2.771075e-01    INFEASIBLE             -      FATHOMED  1.260000e+00

#  NORMAL TERMINATION: 1.260000 CPU SEC
#  INCUMBENT VALUE:  2.771075e-01
#  INCUMBENT POINT:  5.574788e+00 -4.000000e+00
#  INCUMBENT FOUND AT NODE: 2
#  TOTAL NUMBER OF NODES:   21
#  MAXIMUM NODES IN STACK:  10

