ODE BOUNDER: TM   ORDER: 4  TM BOUNDER: EIGEN   RTOL=0.001  ATOL=0.001
 INDEX STACK        RELAX         INC           LBD           UBD         ACTION      CUMUL TIME


******************************************************************************
This program contains Ipopt, a library for large-scale nonlinear optimization.
 Ipopt is released as open source code under the Eclipse Public License (EPL).
         For more information visit http://projects.coin-or.org/Ipopt
******************************************************************************

     1     1 -1.000000e+20  1.000000e+20 -1.079881e+02  1.474766e-01      BRANCH 0  4.800000e-01
     2     2 -1.079881e+02  1.474766e-01 -7.856526e+01  1.474766e-01      BRANCH 1  5.700000e-01
     3     3 -1.079881e+02  1.474766e-01 -3.782256e+01  1.474766e-01      BRANCH 2  8.400000e-01
     4     4 -7.856526e+01  1.474766e-01 -3.144799e+01  1.474766e-01      BRANCH 2  9.300000e-01
     5     5 -7.856526e+01  1.474766e-01 -6.444868e+01  1.474766e-01      BRANCH 2  1.420000e+00
     6     6 -6.444868e+01  1.474766e-01 -4.691783e+01  1.474766e-01      BRANCH 0  1.740000e+00
     7     7 -6.444868e+01  1.474766e-01 -4.085992e+01  1.474766e-01      BRANCH 0  2.050000e+00
     8     8 -4.691783e+01  1.474766e-01 -2.679324e+01  6.930932e-01      BRANCH 1  2.300000e+00
     9     9 -4.691783e+01  1.474766e-01 -2.162403e+01  1.474766e-01      BRANCH 1  2.370000e+00
    10    10 -4.085992e+01  1.474766e-01 -1.553419e+01  5.080402e-01      BRANCH 1  2.440000e+00
    11    11 -4.085992e+01  1.474766e-01 -1.712014e+01  1.474766e-01      BRANCH 1  2.800000e+00
    12    12 -3.782256e+01  1.474766e-01 -2.247186e+01  1.474766e-01      BRANCH 1  3.220000e+00
    13    13 -3.782256e+01  1.474766e-01 -1.795555e+00  1.474766e-01      BRANCH 1  3.680000e+00
    14    14 -3.144799e+01  1.474766e-01 -7.475792e+00  1.624034e-01      BRANCH 2  3.790000e+00
    15    15 -3.144799e+01  1.474766e-01 -8.746143e-02  1.474766e-01      BRANCH 2  4.260000e+00
    16    16 -2.679324e+01  1.474766e-01 -1.718823e+01  6.930932e-01      BRANCH 2  4.350000e+00
    17    17 -2.679324e+01  1.474766e-01 -3.162649e+00  7.012527e-01      BRANCH 2  4.470000e+00
    18    18 -2.247186e+01  1.474766e-01 -7.601179e-01  1.623919e-01      BRANCH 2  4.550000e+00
    19    19 -2.247186e+01  1.474766e-01 -1.400243e+01  1.474766e-01      BRANCH 2  4.930000e+00
    20    20 -2.162403e+01  1.474766e-01 -2.841095e+00  1.474766e-01      BRANCH 2  5.000000e+00
    21    21 -2.162403e+01  1.474766e-01 -1.405564e+01  2.326363e-01      BRANCH 2  5.420000e+00
    22    22 -1.718823e+01  1.474766e-01 -5.132469e+00  7.383535e-01      BRANCH 1  5.550000e+00
    23    23 -1.718823e+01  1.474766e-01 -7.979835e+00  6.930932e-01      BRANCH 1  5.850000e+00
    24    24 -1.712014e+01  1.474766e-01 -6.605171e-01  1.474766e-01      BRANCH 0  6.150000e+00
    25    25 -1.712014e+01  1.474766e-01 -7.819502e+00  2.286650e-01      BRANCH 1  6.210000e+00
    26    26 -1.553419e+01  1.474766e-01    INFEASIBLE             -      FATHOMED  6.330000e+00
    27    25 -1.553419e+01  1.474766e-01 -7.564417e+00  5.080402e-01      BRANCH 1  6.410000e+00
    28    26 -1.405564e+01  1.474766e-01 -7.541141e+00       FAILURE      BRANCH 1  8.300000e+00
    29    27 -1.405564e+01  1.474766e-01 -8.994810e+00  2.326363e-01      BRANCH 1  8.370000e+00
    30    28 -1.400243e+01  1.474766e-01 -6.079461e+00  2.395922e-01      BRANCH 1  8.450000e+00
    31    29 -1.400243e+01  1.474766e-01 -3.581959e+00  1.474766e-01      BRANCH 1  8.920000e+00
    32    30 -8.994810e+00  1.474766e-01 -7.843046e-01  2.326363e-01      BRANCH 0  8.990000e+00
    33    31 -8.994810e+00  1.474766e-01 -5.465897e+00  3.466995e-01      BRANCH 1  9.060000e+00
    34    32 -7.979835e+00  1.474766e-01    INFEASIBLE             -      FATHOMED  9.180000e+00
    35    31 -7.979835e+00  1.474766e-01    INFEASIBLE             -      FATHOMED  9.240000e+00
    36    30 -7.819502e+00  1.474766e-01 -8.987711e-01  2.286650e-01      BRANCH 2  9.320000e+00
    37    31 -7.819502e+00  1.474766e-01    INFEASIBLE             -      FATHOMED  9.450000e+00
    38    30 -7.564417e+00  1.474766e-01    INFEASIBLE             -      FATHOMED  9.530000e+00
    39    29 -7.564417e+00  1.474766e-01 -3.852714e+00  7.291428e-01      BRANCH 0  9.590000e+00
    40    30 -7.541141e+00  1.474766e-01 -6.310038e-01  2.481505e-01      BRANCH 2  1.023000e+01
    41    31 -7.541141e+00  1.474766e-01 -5.052805e+00  3.854743e-01      BRANCH 2  1.069000e+01
    42    32 -7.475792e+00  1.474766e-01 -2.117881e-01  1.624034e-01      BRANCH 2  1.090000e+01
    43    33 -7.475792e+00  1.474766e-01 -5.931866e-01  1.474766e-01      BRANCH 2  1.108000e+01
    44    34 -6.079461e+00  1.474766e-01 -1.033609e-01  1.628621e-01      BRANCH 2  1.117000e+01
    45    35 -6.079461e+00  1.474766e-01 -1.250760e+00  2.396137e-01      BRANCH 2  1.128000e+01
    46    36 -5.465897e+00  1.474766e-01 -4.435587e-01  3.466995e-01      BRANCH 2  1.140000e+01
    47    37 -5.465897e+00  1.474766e-01    INFEASIBLE             -      FATHOMED  1.159000e+01
    48    36 -5.132469e+00  1.474766e-01    INFEASIBLE             -      FATHOMED  1.167000e+01
    49    35 -5.132469e+00  1.474766e-01    INFEASIBLE             -      FATHOMED  1.174000e+01
    50    34 -5.052805e+00  1.474766e-01 -2.744780e+00  4.327151e-01      BRANCH 1  1.182000e+01
    51    35 -5.052805e+00  1.474766e-01 -3.663991e+00  3.854743e-01      BRANCH 1  1.231000e+01
    52    36 -3.852714e+00  1.474766e-01    INFEASIBLE             -      FATHOMED  1.234000e+01
    53    35 -3.852714e+00  1.474766e-01    INFEASIBLE             -      FATHOMED  1.242000e+01
    54    34 -3.663991e+00  1.474766e-01    INFEASIBLE             -      FATHOMED  1.251000e+01
    55    33 -3.663991e+00  1.474766e-01 -2.134986e+00  4.840190e-01      BRANCH 0  1.258000e+01
    56    34 -3.581959e+00  1.474766e-01 -1.460844e-01  1.474766e-01      BRANCH 2  1.300000e+01
    57    35 -3.581959e+00  1.474766e-01 -7.517431e-01  1.779612e-01      BRANCH 2  1.313000e+01
    58    36 -3.162649e+00  1.474766e-01    INFEASIBLE             -      FATHOMED  1.325000e+01
    59    35 -3.162649e+00  1.474766e-01    INFEASIBLE             -      FATHOMED  1.333000e+01
    60    34 -2.841095e+00  1.474766e-01 -1.170406e+00  1.625702e-01      BRANCH 0  1.339000e+01
    61    35 -2.841095e+00  1.474766e-01 -1.508865e+00  1.474766e-01      BRANCH 2  1.347000e+01
    62    36 -2.744780e+00  1.474766e-01    INFEASIBLE             -      FATHOMED  1.350000e+01
    63    35 -2.744780e+00  1.474766e-01 -1.870672e+00  4.915836e-01      BRANCH 0  1.357000e+01
    64    36 -2.134986e+00  1.474766e-01    INFEASIBLE             -      FATHOMED  1.365000e+01
    65    35 -2.134986e+00  1.474766e-01    INFEASIBLE             -      FATHOMED  1.373000e+01
    66    34 -1.870672e+00  1.474766e-01    INFEASIBLE             -      FATHOMED  1.381000e+01
    67    33 -1.870672e+00  1.474766e-01    INFEASIBLE             -      FATHOMED  1.389000e+01
    68    32 -1.795555e+00  1.474766e-01 -2.541212e-01  1.474766e-01      BRANCH 2  1.399000e+01
    69    33 -1.795555e+00  1.474766e-01  1.418189e-01  1.474766e-01      BRANCH 2  1.425000e+01
    70    34 -1.508865e+00  1.474766e-01 -6.671813e-01  2.014033e-01      BRANCH 0  1.452000e+01
    71    35 -1.508865e+00  1.474766e-01 -8.076166e-01  1.474766e-01      BRANCH 0  1.498000e+01
    72    36 -1.250760e+00  1.474766e-01    INFEASIBLE             -      FATHOMED  1.505000e+01
    73    35 -1.250760e+00  1.474766e-01    INFEASIBLE             -      FATHOMED  1.518000e+01
    74    34 -1.170406e+00  1.474766e-01 -5.604511e-01  2.134756e-01      BRANCH 1  1.525000e+01
    75    35 -1.170406e+00  1.474766e-01 -1.013216e-01  1.625702e-01      BRANCH 1  1.533000e+01
    76    36 -8.987711e-01  1.474766e-01    INFEASIBLE             -      FATHOMED  1.546000e+01
    77    35 -8.987711e-01  1.474766e-01 -3.428296e-01  2.860177e-01      BRANCH 0  1.554000e+01
    78    36 -8.076166e-01  1.474766e-01 -6.774417e-02  1.856764e-01      BRANCH 1  1.566000e+01
    79    37 -8.076166e-01  1.474766e-01 -3.201352e-01  1.474766e-01      BRANCH 1  1.610000e+01
    80    38 -7.843046e-01  1.474766e-01    INFEASIBLE             -      FATHOMED  1.613000e+01
    81    37 -7.843046e-01  1.474766e-01 -3.776547e-01  2.326363e-01      BRANCH 2  1.620000e+01
    82    38 -7.601179e-01  1.474766e-01 -7.124355e-02  1.623919e-01      BRANCH 2  1.670000e+01
    83    39 -7.601179e-01  1.474766e-01 -6.351145e-02  1.474766e-01      BRANCH 2  1.717000e+01
    84    40 -7.517431e-01  1.474766e-01    INFEASIBLE             -      FATHOMED  1.730000e+01
    85    39 -7.517431e-01  1.474766e-01    INFEASIBLE             -      FATHOMED  1.743000e+01
    86    38 -6.671813e-01  1.474766e-01    INFEASIBLE             -      FATHOMED  1.760000e+01
    87    37 -6.671813e-01  1.474766e-01 -1.193805e-01  2.014033e-01      BRANCH 1  1.797000e+01
    88    38 -6.605171e-01  1.474766e-01    INFEASIBLE             -      FATHOMED  1.814000e+01
    89    37 -6.605171e-01  1.474766e-01 -3.192268e-01  1.474766e-01      BRANCH 2  1.822000e+01
    90    38 -6.310038e-01  1.474766e-01    INFEASIBLE             -      FATHOMED  1.836000e+01
    91    37 -6.310038e-01  1.474766e-01 -2.387488e-01  2.481505e-01      BRANCH 0  1.841000e+01
    92    38 -5.931866e-01  1.474766e-01    INFEASIBLE             -      FATHOMED  1.853000e+01
    93    37 -5.931866e-01  1.474766e-01  1.244050e-01  1.474766e-01      BRANCH 2  1.873000e+01
    94    38 -5.604511e-01  1.474766e-01    INFEASIBLE             -      FATHOMED  1.886000e+01
    95    37 -5.604511e-01  1.474766e-01    INFEASIBLE             -      FATHOMED  1.894000e+01
    96    36 -4.435587e-01  1.474766e-01    INFEASIBLE             -      FATHOMED  1.897000e+01
    97    35 -4.435587e-01  1.474766e-01    INFEASIBLE             -      FATHOMED  1.905000e+01
    98    34 -3.776547e-01  1.474766e-01    INFEASIBLE             -      FATHOMED  1.913000e+01
    99    33 -3.776547e-01  1.474766e-01 -9.851840e-02  2.326401e-01      BRANCH 2  1.921000e+01
   100    34 -3.428296e-01  1.474766e-01    INFEASIBLE             -      FATHOMED  1.924000e+01
   101    33 -3.428296e-01  1.474766e-01    INFEASIBLE             -      FATHOMED  1.927000e+01
   102    32 -3.201352e-01  1.474766e-01  1.328260e-01  1.474766e-01      BRANCH 2  1.976000e+01
   103    33 -3.201352e-01  1.474766e-01 -2.092648e-01  1.510521e-01      BRANCH 2  1.986000e+01
   104    34 -3.192268e-01  1.474766e-01  1.285202e-02  1.474766e-01      BRANCH 1  2.019000e+01
   105    35 -3.192268e-01  1.474766e-01 -8.441150e-02  1.644624e-01      BRANCH 1  2.026000e+01
   106    36 -2.541212e-01  1.474766e-01  3.686659e-02  1.474766e-01      BRANCH 1  2.066000e+01
   107    37 -2.541212e-01  1.474766e-01 -8.532282e-02  1.551509e-01      BRANCH 2  2.074000e+01
   108    38 -2.387488e-01  1.474766e-01    INFEASIBLE             -      FATHOMED  2.077000e+01
   109    37 -2.387488e-01  1.474766e-01    INFEASIBLE             -      FATHOMED  2.085000e+01
   110    36 -2.117881e-01  1.474766e-01  1.399816e-01  1.651498e-01      BRANCH 2  2.108000e+01
   111    37 -2.117881e-01  1.474766e-01    INFEASIBLE             -      FATHOMED  2.121000e+01
   112    36 -2.092648e-01  1.474766e-01  3.994794e-02  1.709684e-01      BRANCH 1  2.162000e+01
   113    37 -2.092648e-01  1.474766e-01 -1.128785e-01  1.510521e-01      BRANCH 1  2.169000e+01
   114    38 -1.460844e-01  1.474766e-01    INFEASIBLE             -      FATHOMED  2.181000e+01
   115    37 -1.460844e-01  1.474766e-01  4.259533e-02  1.474766e-01      BRANCH 2  2.194000e+01
   116    38 -1.193805e-01  1.474766e-01    INFEASIBLE             -      FATHOMED  2.202000e+01
   117    37 -1.193805e-01  1.474766e-01    INFEASIBLE             -      FATHOMED  2.216000e+01
   118    36 -1.128785e-01  1.474766e-01  1.036152e-01  1.510521e-01      BRANCH 2  2.223000e+01
   119    37 -1.128785e-01  1.474766e-01  2.062401e-02  1.639408e-01      BRANCH 2  2.264000e+01
   120    38 -1.033609e-01  1.474766e-01    INFEASIBLE             -      FATHOMED  2.278000e+01
   121    37 -1.033609e-01  1.474766e-01    INFEASIBLE             -      FATHOMED  2.281000e+01
   122    36 -1.013216e-01  1.474766e-01    INFEASIBLE             -      FATHOMED  2.295000e+01
   123    35 -1.013216e-01  1.474766e-01  8.028294e-02  1.841940e-01      BRANCH 2  2.331000e+01
   124    36 -9.851840e-02  1.474766e-01    INFEASIBLE             -      FATHOMED  2.335000e+01
   125    35 -9.851840e-02  1.474766e-01    INFEASIBLE             -      FATHOMED  2.342000e+01
   126    34 -8.746143e-02  1.474766e-01  1.386487e-01  1.474766e-01      BRANCH 2  2.407000e+01
   127    35 -8.746143e-02  1.474766e-01    INFEASIBLE             -      FATHOMED  2.424000e+01
   128    34 -8.532282e-02  1.474766e-01  7.285415e-02  1.551509e-01      BRANCH 1  2.479000e+01
   129    35 -8.532282e-02  1.474766e-01  2.264382e-02  1.675617e-01      BRANCH 1  2.513000e+01
   130    36 -8.441150e-02  1.474766e-01    INFEASIBLE             -      FATHOMED  2.522000e+01
   131    35 -8.441150e-02  1.474766e-01    INFEASIBLE             -      FATHOMED  2.530000e+01
   132    34 -7.124355e-02  1.474766e-01  6.660405e-02  1.623919e-01      BRANCH 1  2.567000e+01
   133    35 -7.124355e-02  1.474766e-01    INFEASIBLE             -      FATHOMED  2.579000e+01
   134    34 -6.774417e-02  1.474766e-01    INFEASIBLE             -      FATHOMED  2.587000e+01
   135    33 -6.774417e-02  1.474766e-01    INFEASIBLE             -      FATHOMED  2.600000e+01
   136    32 -6.351145e-02  1.474766e-01    INFEASIBLE             -      FATHOMED  2.609000e+01
   137    31 -6.351145e-02  1.474766e-01  6.023826e-02  1.474766e-01      BRANCH 1  2.618000e+01
   138    32  1.285202e-02  1.474766e-01  1.463697e-01  1.474766e-01      BRANCH 0  2.671000e+01
   139    33  1.285202e-02  1.474766e-01  7.454228e-02  1.509624e-01      BRANCH 0  2.678000e+01
   140    34  2.062401e-02  1.474766e-01    INFEASIBLE             -      FATHOMED  2.686000e+01
   141    33  2.062401e-02  1.474766e-01    INFEASIBLE             -      FATHOMED  2.703000e+01
   142    32  2.264382e-02  1.474766e-01    INFEASIBLE             -      FATHOMED  2.706000e+01
   143    31  2.264382e-02  1.474766e-01    INFEASIBLE             -      FATHOMED  2.714000e+01
   144    30  3.686659e-02  1.474766e-01    INFEASIBLE             -      FATHOMED  2.732000e+01
   145    29  3.686659e-02  1.474766e-01  1.231588e-01  1.474766e-01      BRANCH 2  2.773000e+01
   146    30  3.994794e-02  1.474766e-01    INFEASIBLE             -      FATHOMED  2.777000e+01
   147    29  3.994794e-02  1.474766e-01  8.711205e-02  1.709684e-01      BRANCH 1  2.785000e+01
   148    30  4.259533e-02  1.474766e-01    INFEASIBLE             -      FATHOMED  2.797000e+01
   149    29  4.259533e-02  1.474766e-01  1.171907e-01  1.474766e-01      BRANCH 2  2.808000e+01
   150    30  6.023826e-02  1.474766e-01    INFEASIBLE             -      FATHOMED  2.821000e+01
   151    29  6.023826e-02  1.474766e-01  1.439734e-01  1.474766e-01      BRANCH 2  2.865000e+01
   152    30  6.660405e-02  1.474766e-01    INFEASIBLE             -      FATHOMED  2.873000e+01
   153    29  6.660405e-02  1.474766e-01    INFEASIBLE             -      FATHOMED  2.882000e+01
   154    28  7.285415e-02  1.474766e-01    INFEASIBLE             -      FATHOMED  2.889000e+01
   155    27  7.285415e-02  1.474766e-01    INFEASIBLE             -      FATHOMED  2.898000e+01
   156    26  7.454228e-02  1.474766e-01    INFEASIBLE             -      FATHOMED  2.900000e+01
   157    25  7.454228e-02  1.474766e-01    INFEASIBLE             -      FATHOMED  2.913000e+01
   158    24  8.028294e-02  1.474766e-01    INFEASIBLE             -      FATHOMED  2.917000e+01
   159    23  8.028294e-02  1.474766e-01    INFEASIBLE             -      FATHOMED  2.920000e+01
   160    22  8.711205e-02  1.474766e-01    INFEASIBLE             -      FATHOMED  2.923000e+01
   161    21  8.711205e-02  1.474766e-01    INFEASIBLE             -      FATHOMED  2.936000e+01
   162    20  1.036152e-01  1.474766e-01    INFEASIBLE             -      FATHOMED  2.949000e+01
   163    19  1.036152e-01  1.474766e-01  1.232171e-01  1.510521e-01      BRANCH 0  2.956000e+01
   164    20  1.171907e-01  1.474766e-01    INFEASIBLE             -      FATHOMED  2.964000e+01
   165    19  1.171907e-01  1.474766e-01  1.461996e-01  1.474766e-01      BRANCH 2  2.986000e+01
   166    20  1.231588e-01  1.474766e-01  1.419732e-01  1.474766e-01      BRANCH 1  3.000000e+01
   167    21  1.231588e-01  1.474766e-01  1.331827e-01  1.481782e-01      BRANCH 1  3.008000e+01
   168    22  1.232171e-01  1.474766e-01    INFEASIBLE             -      FATHOMED  3.011000e+01
   169    21  1.232171e-01  1.474766e-01    INFEASIBLE             -      FATHOMED  3.024000e+01
   170    20  1.244050e-01  1.474766e-01    INFEASIBLE             -      FATHOMED  3.027000e+01
   171    19  1.244050e-01  1.474766e-01  1.474760e-01             -      FATHOMED  3.042000e+01
   172    18  1.328260e-01  1.474766e-01    INFEASIBLE             -      FATHOMED  3.050000e+01
   173    17  1.328260e-01  1.474766e-01  1.439332e-01  1.474766e-01      BRANCH 1  3.097000e+01
   174    18  1.331827e-01  1.474766e-01    INFEASIBLE             -      FATHOMED  3.105000e+01
   175    17  1.331827e-01  1.474766e-01    INFEASIBLE             -      FATHOMED  3.124000e+01
   176    16  1.386487e-01  1.474766e-01  1.474735e-01             -      FATHOMED  3.141000e+01
   177    15  1.386487e-01  1.474766e-01    INFEASIBLE             -      FATHOMED  3.149000e+01
   178    14  1.399816e-01  1.474766e-01    INFEASIBLE             -      FATHOMED  3.152000e+01
   179    13  1.399816e-01  1.474766e-01    INFEASIBLE             -      FATHOMED  3.155000e+01
   180    12  1.418189e-01  1.474766e-01  1.474761e-01             -      FATHOMED  3.171000e+01
   181    11  1.418189e-01  1.474766e-01    INFEASIBLE             -      FATHOMED  3.175000e+01
   182    10  1.419732e-01  1.474766e-01    INFEASIBLE             -      FATHOMED  3.178000e+01
   183     9  1.419732e-01  1.474766e-01  1.471078e-01             -      FATHOMED  3.198000e+01
   184     8  1.439332e-01  1.474766e-01  1.474614e-01             -      FATHOMED  3.214000e+01
   185     7  1.439332e-01  1.474766e-01    INFEASIBLE             -      FATHOMED  3.228000e+01
   186     6  1.439734e-01  1.474766e-01    INFEASIBLE             -      FATHOMED  3.236000e+01
   187     5  1.439734e-01  1.474766e-01  1.474750e-01             -      FATHOMED  3.254000e+01
   188     4  1.461996e-01  1.474766e-01    INFEASIBLE             -      FATHOMED  3.257000e+01
   189     3  1.461996e-01  1.474766e-01  1.474742e-01             -      FATHOMED  3.275000e+01
   190     2  1.463697e-01  1.474766e-01    INFEASIBLE             -      FATHOMED  3.278000e+01
   191     1  1.463697e-01  1.474766e-01  1.474753e-01             -      FATHOMED  3.295000e+01

#  NORMAL TERMINATION: 32.950000 CPU SEC
#  INCUMBENT VALUE:  1.474766e-01
#  INCUMBENT POINT:  8.001465e+00 -1.943811e+00  6.041998e+00
#  INCUMBENT FOUND AT NODE: 2
#  TOTAL NUMBER OF NODES:   191
#  MAXIMUM NODES IN STACK:  40

ODE BOUNDER: TMMC   ORDER: 4  TM BOUNDER: EIGEN   RTOL=0.001  ATOL=0.001
 INDEX STACK        RELAX         INC           LBD           UBD         ACTION      CUMUL TIME

     1     1 -1.000000e+20  1.000000e+20 -1.074662e+02  1.474766e-01      BRANCH 0  4.800000e-01
     2     2 -1.074662e+02  1.474766e-01 -7.831749e+01  1.474766e-01      BRANCH 1  5.800000e-01
     3     3 -1.074662e+02  1.474766e-01 -3.780887e+01  1.474766e-01      BRANCH 2  8.900000e-01
     4     4 -7.831749e+01  1.474766e-01 -3.107587e+01  1.474766e-01      BRANCH 2  1.000000e+00
     5     5 -7.831749e+01  1.474766e-01 -6.419032e+01  1.474766e-01      BRANCH 2  1.380000e+00
     6     6 -6.419032e+01  1.474766e-01 -4.654663e+01  1.474766e-01      BRANCH 0  1.780000e+00
     7     7 -6.419032e+01  1.474766e-01 -4.045752e+01  1.474766e-01      BRANCH 0  2.180000e+00
     8     8 -4.654663e+01  1.474766e-01 -2.666779e+01  6.930932e-01      BRANCH 1  2.450000e+00
     9     9 -4.654663e+01  1.474766e-01 -2.161520e+01  1.474766e-01      BRANCH 1  2.540000e+00
    10    10 -4.045752e+01  1.474766e-01 -1.539497e+01  5.080402e-01      BRANCH 1  2.620000e+00
    11    11 -4.045752e+01  1.474766e-01 -1.705448e+01  1.474766e-01      BRANCH 1  3.030000e+00
    12    12 -3.780887e+01  1.474766e-01 -2.246118e+01  1.474766e-01      BRANCH 1  3.500000e+00
    13    13 -3.780887e+01  1.474766e-01 -1.791949e+00  1.474766e-01      BRANCH 1  4.120000e+00
    14    14 -3.107587e+01  1.474766e-01 -7.463625e+00  1.624034e-01      BRANCH 2  4.260000e+00
    15    15 -3.107587e+01  1.474766e-01 -8.735105e-02  1.474766e-01      BRANCH 2  4.780000e+00
    16    16 -2.666779e+01  1.474766e-01 -1.716003e+01  6.930932e-01      BRANCH 2  4.890000e+00
    17    17 -2.666779e+01  1.474766e-01 -3.159987e+00  7.012527e-01      BRANCH 2  5.050000e+00
    18    18 -2.246118e+01  1.474766e-01 -7.601150e-01  1.623919e-01      BRANCH 2  5.140000e+00
    19    19 -2.246118e+01  1.474766e-01 -1.399799e+01  1.474766e-01      BRANCH 2  5.480000e+00
    20    20 -2.161520e+01  1.474766e-01 -2.840974e+00  1.474766e-01      BRANCH 2  5.570000e+00
    21    21 -2.161520e+01  1.474766e-01 -1.405245e+01  2.326363e-01      BRANCH 2  6.010000e+00
    22    22 -1.716003e+01  1.474766e-01 -5.115870e+00  7.383535e-01      BRANCH 1  6.170000e+00
    23    23 -1.716003e+01  1.474766e-01 -7.963278e+00  6.930932e-01      BRANCH 1  6.480000e+00
    24    24 -1.705448e+01  1.474766e-01 -6.604863e-01  1.474766e-01      BRANCH 0  6.910000e+00
    25    25 -1.705448e+01  1.474766e-01 -7.785012e+00  2.286650e-01      BRANCH 1  6.980000e+00
    26    26 -1.539497e+01  1.474766e-01    INFEASIBLE             -      FATHOMED  7.140000e+00
    27    25 -1.539497e+01  1.474766e-01 -7.529635e+00  5.080402e-01      BRANCH 1  7.230000e+00
    28    26 -1.405245e+01  1.474766e-01 -7.537900e+00  2.481504e-01      BRANCH 1  7.310000e+00
    29    27 -1.405245e+01  1.474766e-01 -8.970149e+00  2.326363e-01      BRANCH 1  7.400000e+00
    30    28 -1.399799e+01  1.474766e-01 -6.076843e+00  2.395922e-01      BRANCH 1  7.480000e+00
    31    29 -1.399799e+01  1.474766e-01 -3.574757e+00  1.474766e-01      BRANCH 1  7.940000e+00
    32    30 -8.970149e+00  1.474766e-01 -7.835425e-01  2.326363e-01      BRANCH 0  8.020000e+00
    33    31 -8.970149e+00  1.474766e-01 -5.451756e+00  3.466995e-01      BRANCH 1  8.110000e+00
    34    32 -7.963278e+00  1.474766e-01    INFEASIBLE             -      FATHOMED  8.260000e+00
    35    31 -7.963278e+00  1.474766e-01    INFEASIBLE             -      FATHOMED  8.360000e+00
    36    30 -7.785012e+00  1.474766e-01 -8.984024e-01  2.286650e-01      BRANCH 2  8.450000e+00
    37    31 -7.785012e+00  1.474766e-01    INFEASIBLE             -      FATHOMED  8.620000e+00
    38    30 -7.537900e+00  1.474766e-01 -6.309228e-01  2.481504e-01      BRANCH 2  8.700000e+00
    39    31 -7.537900e+00  1.474766e-01 -5.050756e+00  3.854743e-01      BRANCH 2  9.190000e+00
    40    32 -7.529635e+00  1.474766e-01    INFEASIBLE             -      FATHOMED  9.300000e+00
    41    31 -7.529635e+00  1.474766e-01 -3.679224e+00  7.673831e-01      BRANCH 0  9.390000e+00
    42    32 -7.463625e+00  1.474766e-01 -2.114758e-01  1.624034e-01      BRANCH 2  9.650000e+00
    43    33 -7.463625e+00  1.474766e-01 -5.929680e-01  1.474766e-01      BRANCH 2  9.890000e+00
    44    34 -6.076843e+00  1.474766e-01 -1.033453e-01  1.628621e-01      BRANCH 2  9.970000e+00
    45    35 -6.076843e+00  1.474766e-01 -1.250523e+00  2.396136e-01      BRANCH 2  1.011000e+01
    46    36 -5.451756e+00  1.474766e-01 -4.414891e-01  3.466995e-01      BRANCH 2  1.026000e+01
    47    37 -5.451756e+00  1.474766e-01    INFEASIBLE             -      FATHOMED  1.049000e+01
    48    36 -5.115870e+00  1.474766e-01    INFEASIBLE             -      FATHOMED  1.060000e+01
    49    35 -5.115870e+00  1.474766e-01    INFEASIBLE             -      FATHOMED  1.070000e+01
    50    34 -5.050756e+00  1.474766e-01 -2.742685e+00  4.327151e-01      BRANCH 1  1.079000e+01
    51    35 -5.050756e+00  1.474766e-01 -3.656438e+00  3.854743e-01      BRANCH 1  1.126000e+01
    52    36 -3.679224e+00  1.474766e-01    INFEASIBLE             -      FATHOMED  1.130000e+01
    53    35 -3.679224e+00  1.474766e-01    INFEASIBLE             -      FATHOMED  1.140000e+01
    54    34 -3.656438e+00  1.474766e-01    INFEASIBLE             -      FATHOMED  1.150000e+01
    55    33 -3.656438e+00  1.474766e-01 -2.129899e+00  4.840120e-01      BRANCH 0  1.161000e+01
    56    34 -3.574757e+00  1.474766e-01 -1.459505e-01  1.474766e-01      BRANCH 2  1.203000e+01
    57    35 -3.574757e+00  1.474766e-01 -7.511024e-01  1.779342e-01      BRANCH 2  1.218000e+01
    58    36 -3.159987e+00  1.474766e-01    INFEASIBLE             -      FATHOMED  1.234000e+01
    59    35 -3.159987e+00  1.474766e-01    INFEASIBLE             -      FATHOMED  1.244000e+01
    60    34 -2.840974e+00  1.474766e-01 -1.170285e+00  1.625702e-01      BRANCH 0  1.252000e+01
    61    35 -2.840974e+00  1.474766e-01 -1.508732e+00  1.474766e-01      BRANCH 2  1.261000e+01
    62    36 -2.742685e+00  1.474766e-01    INFEASIBLE             -      FATHOMED  1.266000e+01
    63    35 -2.742685e+00  1.474766e-01 -1.868758e+00  4.915762e-01      BRANCH 0  1.308000e+01
    64    36 -2.129899e+00  1.474766e-01    INFEASIBLE             -      FATHOMED  1.318000e+01
    65    35 -2.129899e+00  1.474766e-01    INFEASIBLE             -      FATHOMED  1.328000e+01
    66    34 -1.868758e+00  1.474766e-01    INFEASIBLE             -      FATHOMED  1.339000e+01
    67    33 -1.868758e+00  1.474766e-01    INFEASIBLE             -      FATHOMED  1.349000e+01
    68    32 -1.791949e+00  1.474766e-01 -2.541111e-01  1.474766e-01      BRANCH 2  1.361000e+01
    69    33 -1.791949e+00  1.474766e-01  1.418585e-01  1.474766e-01      BRANCH 2  1.391000e+01
    70    34 -1.508732e+00  1.474766e-01 -6.670621e-01  2.014033e-01      BRANCH 0  1.429000e+01
    71    35 -1.508732e+00  1.474766e-01 -8.074808e-01  1.474766e-01      BRANCH 0  1.462000e+01
    72    36 -1.250523e+00  1.474766e-01    INFEASIBLE             -      FATHOMED  1.473000e+01
    73    35 -1.250523e+00  1.474766e-01    INFEASIBLE             -      FATHOMED  1.490000e+01
    74    34 -1.170285e+00  1.474766e-01 -5.603746e-01  2.134756e-01      BRANCH 1  1.498000e+01
    75    35 -1.170285e+00  1.474766e-01 -1.013131e-01  1.625702e-01      BRANCH 1  1.508000e+01
    76    36 -8.984024e-01  1.474766e-01    INFEASIBLE             -      FATHOMED  1.524000e+01
    77    35 -8.984024e-01  1.474766e-01 -3.423980e-01  2.860177e-01      BRANCH 0  1.533000e+01
    78    36 -8.074808e-01  1.474766e-01 -6.773029e-02  1.856764e-01      BRANCH 1  1.552000e+01
    79    37 -8.074808e-01  1.474766e-01 -3.201263e-01  1.474766e-01      BRANCH 1  1.574000e+01
    80    38 -7.835425e-01  1.474766e-01    INFEASIBLE             -      FATHOMED  1.578000e+01
    81    37 -7.835425e-01  1.474766e-01 -3.774633e-01  2.326363e-01      BRANCH 2  1.588000e+01
    82    38 -7.601150e-01  1.474766e-01 -7.124229e-02  1.623919e-01      BRANCH 2  1.630000e+01
    83    39 -7.601150e-01  1.474766e-01 -6.350748e-02  1.474766e-01      BRANCH 2  1.672000e+01
    84    40 -7.511024e-01  1.474766e-01    INFEASIBLE             -      FATHOMED  1.689000e+01
    85    39 -7.511024e-01  1.474766e-01    INFEASIBLE             -      FATHOMED  1.708000e+01
    86    38 -6.670621e-01  1.474766e-01    INFEASIBLE             -      FATHOMED  1.731000e+01
    87    37 -6.670621e-01  1.474766e-01 -1.193758e-01  2.014033e-01      BRANCH 1  1.771000e+01
    88    38 -6.604863e-01  1.474766e-01    INFEASIBLE             -      FATHOMED  1.793000e+01
    89    37 -6.604863e-01  1.474766e-01 -3.192221e-01  1.474766e-01      BRANCH 2  1.802000e+01
    90    38 -6.309228e-01  1.474766e-01    INFEASIBLE             -      FATHOMED  1.818000e+01
    91    37 -6.309228e-01  1.474766e-01 -2.384490e-01  2.481501e-01      BRANCH 0  1.896000e+01
    92    38 -5.929680e-01  1.474766e-01    INFEASIBLE             -      FATHOMED  1.913000e+01
    93    37 -5.929680e-01  1.474766e-01  1.244180e-01  1.474766e-01      BRANCH 2  1.939000e+01
    94    38 -5.603746e-01  1.474766e-01    INFEASIBLE             -      FATHOMED  1.956000e+01
    95    37 -5.603746e-01  1.474766e-01    INFEASIBLE             -      FATHOMED  1.967000e+01
    96    36 -4.414891e-01  1.474766e-01    INFEASIBLE             -      FATHOMED  1.972000e+01
    97    35 -4.414891e-01  1.474766e-01    INFEASIBLE             -      FATHOMED  1.982000e+01
    98    34 -3.774633e-01  1.474766e-01    INFEASIBLE             -      FATHOMED  1.992000e+01
    99    33 -3.774633e-01  1.474766e-01 -9.835509e-02  2.326401e-01      BRANCH 2  2.000000e+01
   100    34 -3.423980e-01  1.474766e-01    INFEASIBLE             -      FATHOMED  2.004000e+01
   101    33 -3.423980e-01  1.474766e-01    INFEASIBLE             -      FATHOMED  2.008000e+01
   102    32 -3.201263e-01  1.474766e-01  1.328260e-01  1.474766e-01      BRANCH 2  2.041000e+01
   103    33 -3.201263e-01  1.474766e-01 -2.092521e-01  1.510521e-01      BRANCH 2  2.050000e+01
   104    34 -3.192221e-01  1.474766e-01  1.286309e-02  1.474766e-01      BRANCH 1  2.085000e+01
   105    35 -3.192221e-01  1.474766e-01 -8.440034e-02  1.644624e-01      BRANCH 1  2.094000e+01
   106    36 -2.541111e-01  1.474766e-01  3.687449e-02  1.474766e-01      BRANCH 1  2.140000e+01
   107    37 -2.541111e-01  1.474766e-01 -8.530907e-02  1.551509e-01      BRANCH 2  2.149000e+01
   108    38 -2.384490e-01  1.474766e-01    INFEASIBLE             -      FATHOMED  2.153000e+01
   109    37 -2.384490e-01  1.474766e-01    INFEASIBLE             -      FATHOMED  2.165000e+01
   110    36 -2.114758e-01  1.474766e-01  1.400263e-01  1.651658e-01      BRANCH 2  2.193000e+01
   111    37 -2.114758e-01  1.474766e-01    INFEASIBLE             -      FATHOMED  2.210000e+01
   112    36 -2.092521e-01  1.474766e-01  3.995946e-02  1.709684e-01      BRANCH 1  2.253000e+01
   113    37 -2.092521e-01  1.474766e-01 -1.128624e-01  1.510521e-01      BRANCH 1  2.261000e+01
   114    38 -1.459505e-01  1.474766e-01    INFEASIBLE             -      FATHOMED  2.278000e+01
   115    37 -1.459505e-01  1.474766e-01  4.267319e-02  1.474766e-01      BRANCH 2  2.294000e+01
   116    38 -1.193758e-01  1.474766e-01    INFEASIBLE             -      FATHOMED  2.304000e+01
   117    37 -1.193758e-01  1.474766e-01    INFEASIBLE             -      FATHOMED  2.322000e+01
   118    36 -1.128624e-01  1.474766e-01  1.036155e-01  1.510521e-01      BRANCH 2  2.330000e+01
   119    37 -1.128624e-01  1.474766e-01  2.063152e-02  1.639407e-01      BRANCH 2  2.368000e+01
   120    38 -1.033453e-01  1.474766e-01    INFEASIBLE             -      FATHOMED  2.385000e+01
   121    37 -1.033453e-01  1.474766e-01    INFEASIBLE             -      FATHOMED  2.389000e+01
   122    36 -1.013131e-01  1.474766e-01    INFEASIBLE             -      FATHOMED  2.406000e+01
   123    35 -1.013131e-01  1.474766e-01  8.028747e-02  1.841940e-01      BRANCH 2  2.446000e+01
   124    36 -9.835509e-02  1.474766e-01    INFEASIBLE             -      FATHOMED  2.450000e+01
   125    35 -9.835509e-02  1.474766e-01    INFEASIBLE             -      FATHOMED  2.460000e+01
   126    34 -8.735105e-02  1.474766e-01  1.386683e-01  1.474766e-01      BRANCH 2  2.531000e+01
   127    35 -8.735105e-02  1.474766e-01    INFEASIBLE             -      FATHOMED  2.555000e+01
   128    34 -8.530907e-02  1.474766e-01  7.286565e-02  1.551509e-01      BRANCH 1  2.592000e+01
   129    35 -8.530907e-02  1.474766e-01  2.266325e-02  1.675616e-01      BRANCH 1  2.640000e+01
   130    36 -8.440034e-02  1.474766e-01    INFEASIBLE             -      FATHOMED  2.650000e+01
   131    35 -8.440034e-02  1.474766e-01    INFEASIBLE             -      FATHOMED  2.660000e+01
   132    34 -7.124229e-02  1.474766e-01  6.660913e-02  1.623919e-01      BRANCH 1  2.706000e+01
   133    35 -7.124229e-02  1.474766e-01    INFEASIBLE             -      FATHOMED  2.723000e+01
   134    34 -6.773029e-02  1.474766e-01    INFEASIBLE             -      FATHOMED  2.733000e+01
   135    33 -6.773029e-02  1.474766e-01    INFEASIBLE             -      FATHOMED  2.749000e+01
   136    32 -6.350748e-02  1.474766e-01    INFEASIBLE             -      FATHOMED  2.761000e+01
   137    31 -6.350748e-02  1.474766e-01  6.024291e-02  1.474766e-01      BRANCH 1  2.771000e+01
   138    32  1.286309e-02  1.474766e-01  1.463698e-01  1.474766e-01      BRANCH 0  2.826000e+01
   139    33  1.286309e-02  1.474766e-01  7.454811e-02  1.509624e-01      BRANCH 0  2.835000e+01
   140    34  2.063152e-02  1.474766e-01    INFEASIBLE             -      FATHOMED  2.846000e+01
   141    33  2.063152e-02  1.474766e-01    INFEASIBLE             -      FATHOMED  2.870000e+01
   142    32  2.266325e-02  1.474766e-01    INFEASIBLE             -      FATHOMED  2.874000e+01
   143    31  2.266325e-02  1.474766e-01    INFEASIBLE             -      FATHOMED  2.884000e+01
   144    30  3.687449e-02  1.474766e-01    INFEASIBLE             -      FATHOMED  2.907000e+01
   145    29  3.687449e-02  1.474766e-01  1.231593e-01  1.474766e-01      BRANCH 2  2.948000e+01
   146    30  3.995946e-02  1.474766e-01    INFEASIBLE             -      FATHOMED  2.952000e+01
   147    29  3.995946e-02  1.474766e-01  8.711933e-02  1.709684e-01      BRANCH 1  2.961000e+01
   148    30  4.267319e-02  1.474766e-01    INFEASIBLE             -      FATHOMED  2.980000e+01
   149    29  4.267319e-02  1.474766e-01  1.172166e-01  1.474766e-01      BRANCH 2  2.994000e+01
   150    30  6.024291e-02  1.474766e-01    INFEASIBLE             -      FATHOMED  3.010000e+01
   151    29  6.024291e-02  1.474766e-01  1.439737e-01  1.474766e-01      BRANCH 2  3.067000e+01
   152    30  6.660913e-02  1.474766e-01    INFEASIBLE             -      FATHOMED  3.078000e+01
   153    29  6.660913e-02  1.474766e-01    INFEASIBLE             -      FATHOMED  3.089000e+01
   154    28  7.286565e-02  1.474766e-01    INFEASIBLE             -      FATHOMED  3.099000e+01
   155    27  7.286565e-02  1.474766e-01    INFEASIBLE             -      FATHOMED  3.110000e+01
   156    26  7.454811e-02  1.474766e-01    INFEASIBLE             -      FATHOMED  3.114000e+01
   157    25  7.454811e-02  1.474766e-01    INFEASIBLE             -      FATHOMED  3.131000e+01
   158    24  8.028747e-02  1.474766e-01    INFEASIBLE             -      FATHOMED  3.135000e+01
   159    23  8.028747e-02  1.474766e-01    INFEASIBLE             -      FATHOMED  3.139000e+01
   160    22  8.711933e-02  1.474766e-01    INFEASIBLE             -      FATHOMED  3.144000e+01
   161    21  8.711933e-02  1.474766e-01    INFEASIBLE             -      FATHOMED  3.160000e+01
   162    20  1.036155e-01  1.474766e-01    INFEASIBLE             -      FATHOMED  3.177000e+01
   163    19  1.036155e-01  1.474766e-01  1.232174e-01  1.510521e-01      BRANCH 0  3.185000e+01
   164    20  1.172166e-01  1.474766e-01    INFEASIBLE             -      FATHOMED  3.196000e+01
   165    19  1.172166e-01  1.474766e-01  1.462006e-01  1.474766e-01      BRANCH 2  3.224000e+01
   166    20  1.231593e-01  1.474766e-01  1.419732e-01  1.474766e-01      BRANCH 1  3.241000e+01
   167    21  1.231593e-01  1.474766e-01  1.331830e-01  1.481782e-01      BRANCH 1  3.250000e+01
   168    22  1.232174e-01  1.474766e-01    INFEASIBLE             -      FATHOMED  3.254000e+01
   169    21  1.232174e-01  1.474766e-01    INFEASIBLE             -      FATHOMED  3.271000e+01
   170    20  1.244180e-01  1.474766e-01    INFEASIBLE             -      FATHOMED  3.275000e+01
   171    19  1.244180e-01  1.474766e-01  1.474760e-01             -      FATHOMED  3.294000e+01
   172    18  1.328260e-01  1.474766e-01    INFEASIBLE             -      FATHOMED  3.305000e+01
   173    17  1.328260e-01  1.474766e-01  1.439332e-01  1.474766e-01      BRANCH 1  3.350000e+01
   174    18  1.331830e-01  1.474766e-01    INFEASIBLE             -      FATHOMED  3.360000e+01
   175    17  1.331830e-01  1.474766e-01    INFEASIBLE             -      FATHOMED  3.383000e+01
   176    16  1.386683e-01  1.474766e-01  1.474735e-01             -      FATHOMED  3.404000e+01
   177    15  1.386683e-01  1.474766e-01    INFEASIBLE             -      FATHOMED  3.415000e+01
   178    14  1.400263e-01  1.474766e-01    INFEASIBLE             -      FATHOMED  3.419000e+01
   179    13  1.400263e-01  1.474766e-01    INFEASIBLE             -      FATHOMED  3.423000e+01
   180    12  1.418585e-01  1.474766e-01  1.474761e-01             -      FATHOMED  3.442000e+01
   181    11  1.418585e-01  1.474766e-01    INFEASIBLE             -      FATHOMED  3.446000e+01
   182    10  1.419732e-01  1.474766e-01    INFEASIBLE             -      FATHOMED  3.450000e+01
   183     9  1.419732e-01  1.474766e-01  1.471072e-01             -      FATHOMED  3.477000e+01
   184     8  1.439332e-01  1.474766e-01  1.474613e-01             -      FATHOMED  3.499000e+01
   185     7  1.439332e-01  1.474766e-01    INFEASIBLE             -      FATHOMED  3.516000e+01
   186     6  1.439737e-01  1.474766e-01    INFEASIBLE             -      FATHOMED  3.528000e+01
   187     5  1.439737e-01  1.474766e-01  1.474751e-01             -      FATHOMED  3.552000e+01
   188     4  1.462006e-01  1.474766e-01    INFEASIBLE             -      FATHOMED  3.556000e+01
   189     3  1.462006e-01  1.474766e-01  1.474742e-01             -      FATHOMED  3.579000e+01
   190     2  1.463698e-01  1.474766e-01    INFEASIBLE             -      FATHOMED  3.583000e+01
   191     1  1.463698e-01  1.474766e-01  1.474766e-01             -      FATHOMED  3.603000e+01

#  NORMAL TERMINATION: 36.030000 CPU SEC
#  INCUMBENT VALUE:  1.474766e-01
#  INCUMBENT POINT:  8.001465e+00 -1.943811e+00  6.041998e+00
#  INCUMBENT FOUND AT NODE: 2
#  TOTAL NUMBER OF NODES:   191
#  MAXIMUM NODES IN STACK:  40

