ODE BOUNDER: TM   ORDER: 4  TM BOUNDER: LSB   RTOL=0.001  ATOL=0.001
 INDEX STACK        RELAX         INC           LBD           UBD         ACTION      CUMUL TIME


******************************************************************************
This program contains Ipopt, a library for large-scale nonlinear optimization.
 Ipopt is released as open source code under the Eclipse Public License (EPL).
         For more information visit http://projects.coin-or.org/Ipopt
******************************************************************************

     1     1 -1.000000e+20  1.000000e+20 -1.072196e+02  1.474766e-01      BRANCH 1  5.000000e-01
     2     2 -1.072196e+02  1.474766e-01 -4.611042e+01  1.474766e-01      BRANCH 2  5.800000e-01
     3     3 -1.072196e+02  1.474766e-01 -9.271384e+01  1.474766e-01      BRANCH 0  6.700000e-01
     4     4 -9.271384e+01  1.474766e-01 -6.416982e+01  1.474766e-01      BRANCH 2  7.500000e-01
     5     5 -9.271384e+01  1.474766e-01 -5.091914e+01  1.474766e-01      BRANCH 2  8.200000e-01
     6     6 -6.416982e+01  1.474766e-01 -4.750309e+01  1.474766e-01      BRANCH 0  9.100000e-01
     7     7 -6.416982e+01  1.474766e-01 -4.727978e+01  1.474766e-01      BRANCH 0  1.270000e+00
     8     8 -5.091914e+01  1.474766e-01 -2.656171e+01  1.474766e-01      BRANCH 1  1.340000e+00
     9     9 -5.091914e+01  1.474766e-01 -5.953427e+00  1.474766e-01      BRANCH 1  1.520000e+00
    10    10 -4.750309e+01  1.474766e-01 -2.977721e+01  7.366085e-01      BRANCH 1  1.740000e+00
    11    11 -4.750309e+01  1.474766e-01 -2.415984e+01  1.474766e-01      BRANCH 1  2.240000e+00
    12    12 -4.727978e+01  1.474766e-01 -1.767734e+01  5.735109e-01      BRANCH 1  2.300000e+00
    13    13 -4.727978e+01  1.474766e-01 -2.929662e+01  1.474766e-01      BRANCH 1  2.660000e+00
    14    14 -4.611042e+01  1.474766e-01 -2.687352e+01  1.623919e-01      BRANCH 0  2.730000e+00
    15    15 -4.611042e+01  1.474766e-01 -1.539833e+00  1.474766e-01      BRANCH 0  3.270000e+00
    16    16 -2.977721e+01  1.474766e-01 -2.470701e+01  7.366085e-01      BRANCH 2  3.550000e+00
    17    17 -2.977721e+01  1.474766e-01 -2.973006e+00  7.424755e-01      BRANCH 2  3.660000e+00
    18    18 -2.929662e+01  1.474766e-01 -3.736781e+00  1.474766e-01      BRANCH 1  3.720000e+00
    19    19 -2.929662e+01  1.474766e-01 -1.307478e+01  4.662845e-01      BRANCH 1  3.780000e+00
    20    20 -2.687352e+01  1.474766e-01 -1.411358e+01  1.624034e-01      BRANCH 2  3.850000e+00
    21    21 -2.687352e+01  1.474766e-01 -7.279027e-01  1.623919e-01      BRANCH 2  3.930000e+00
    22    22 -2.656171e+01  1.474766e-01 -2.784156e+00  1.474766e-01      BRANCH 2  4.140000e+00
    23    23 -2.656171e+01  1.474766e-01 -1.404215e+01  4.649934e-01      BRANCH 2  4.370000e+00
    24    24 -2.470701e+01  1.474766e-01 -1.629710e+01  7.837260e-01      BRANCH 1  4.440000e+00
    25    25 -2.470701e+01  1.474766e-01 -1.100147e+01  7.366085e-01      BRANCH 1  4.680000e+00
    26    26 -2.415984e+01  1.474766e-01 -3.017358e+00  1.474766e-01      BRANCH 2  4.770000e+00
    27    27 -2.415984e+01  1.474766e-01 -2.093262e+01  2.410195e-01      BRANCH 2  4.840000e+00
    28    28 -2.093262e+01  1.474766e-01 -1.110007e+01  2.463619e-01      BRANCH 1  4.900000e+00
    29    29 -2.093262e+01  1.474766e-01 -1.571118e+01  2.410195e-01      BRANCH 1  5.250000e+00
    30    30 -1.767734e+01  1.474766e-01    INFEASIBLE             -      FATHOMED  5.340000e+00
    31    29 -1.767734e+01  1.474766e-01 -1.046417e+01  5.735109e-01      BRANCH 1  5.410000e+00
    32    30 -1.629710e+01  1.474766e-01 -1.840114e-01  8.768761e-01      BRANCH 2  5.590000e+00
    33    31 -1.629710e+01  1.474766e-01    INFEASIBLE             -      FATHOMED  5.660000e+00
    34    30 -1.571118e+01  1.474766e-01 -4.563411e+00  2.410195e-01      BRANCH 0  5.970000e+00
    35    31 -1.571118e+01  1.474766e-01 -6.545933e+00  7.178167e-01      BRANCH 0  6.040000e+00
    36    32 -1.411358e+01  1.474766e-01 -3.686736e+00  1.624034e-01      BRANCH 0  6.150000e+00
    37    33 -1.411358e+01  1.474766e-01 -4.494058e-01  1.474766e-01      BRANCH 2  6.350000e+00
    38    34 -1.404215e+01  1.474766e-01 -5.401322e+00  4.649934e-01      BRANCH 2  6.420000e+00
    39    35 -1.404215e+01  1.474766e-01    INFEASIBLE             -      FATHOMED  6.530000e+00
    40    34 -1.307478e+01  1.474766e-01 -2.789127e+00  4.662845e-01      BRANCH 2  6.610000e+00
    41    35 -1.307478e+01  1.474766e-01    INFEASIBLE             -      FATHOMED  6.680000e+00
    42    34 -1.110007e+01  1.474766e-01 -1.464186e+00  2.463619e-01      BRANCH 2  6.740000e+00
    43    35 -1.110007e+01  1.474766e-01 -8.521968e+00  5.235398e-01      BRANCH 2  7.860000e+00
    44    36 -1.100147e+01  1.474766e-01    INFEASIBLE             -      FATHOMED  8.010000e+00
    45    35 -1.100147e+01  1.474766e-01    INFEASIBLE             -      FATHOMED  8.080000e+00
    46    34 -1.046417e+01  1.474766e-01    INFEASIBLE             -      FATHOMED  8.240000e+00
    47    33 -1.046417e+01  1.474766e-01 -6.319157e+00  1.185527e+00      BRANCH 0  8.300000e+00
    48    34 -8.521968e+00  1.474766e-01 -4.881635e+00  5.251865e-01      BRANCH 0  8.370000e+00
    49    35 -8.521968e+00  1.474766e-01 -5.545629e+00  5.235398e-01      BRANCH 0  8.440000e+00
    50    36 -6.545933e+00  1.474766e-01    INFEASIBLE             -      FATHOMED  8.520000e+00
    51    35 -6.545933e+00  1.474766e-01    INFEASIBLE             -      FATHOMED  8.580000e+00
    52    34 -6.319157e+00  1.474766e-01    INFEASIBLE             -      FATHOMED  8.610000e+00
    53    33 -6.319157e+00  1.474766e-01    INFEASIBLE             -      FATHOMED  8.730000e+00
    54    32 -5.953427e+00  1.474766e-01 -1.027432e+00  1.474766e-01      BRANCH 2  8.820000e+00
    55    33 -5.953427e+00  1.474766e-01    INFEASIBLE             -      FATHOMED  8.880000e+00
    56    32 -5.545629e+00  1.474766e-01    INFEASIBLE             -      FATHOMED  8.990000e+00
    57    31 -5.545629e+00  1.474766e-01    INFEASIBLE             -      FATHOMED  9.100000e+00
    58    30 -5.401322e+00  1.474766e-01    INFEASIBLE             -      FATHOMED  9.220000e+00
    59    29 -5.401322e+00  1.474766e-01    INFEASIBLE             -      FATHOMED  9.340000e+00
    60    28 -4.881635e+00  1.474766e-01    INFEASIBLE             -      FATHOMED  9.450000e+00
    61    27 -4.881635e+00  1.474766e-01 -2.494938e+00  5.279615e-01      BRANCH 2  9.520000e+00
    62    28 -4.563411e+00  1.474766e-01 -1.322173e+00  2.614267e-01      BRANCH 2  9.580000e+00
    63    29 -4.563411e+00  1.474766e-01 -2.650688e+00  2.410195e-01      BRANCH 2  9.650000e+00
    64    30 -3.736781e+00  1.474766e-01 -1.257645e+00  1.474766e-01      BRANCH 0  1.008000e+01
    65    31 -3.736781e+00  1.474766e-01 -2.562023e+00  2.134021e-01      BRANCH 0  1.015000e+01
    66    32 -3.686736e+00  1.474766e-01    INFEASIBLE             -      FATHOMED  1.026000e+01
    67    31 -3.686736e+00  1.474766e-01 -5.624346e-01  1.624034e-01      BRANCH 2  1.032000e+01
    68    32 -3.017358e+00  1.474766e-01 -1.565096e+00  1.625701e-01      BRANCH 0  1.038000e+01
    69    33 -3.017358e+00  1.474766e-01 -1.466864e+00  1.474766e-01      BRANCH 2  1.078000e+01
    70    34 -2.973006e+00  1.474766e-01    INFEASIBLE             -      FATHOMED  1.089000e+01
    71    33 -2.973006e+00  1.474766e-01    INFEASIBLE             -      FATHOMED  1.104000e+01
    72    32 -2.789127e+00  1.474766e-01    INFEASIBLE             -      FATHOMED  1.116000e+01
    73    31 -2.789127e+00  1.474766e-01    INFEASIBLE             -      FATHOMED  1.118000e+01
    74    30 -2.784156e+00  1.474766e-01 -8.427374e-01  2.046416e-01      BRANCH 2  1.125000e+01
    75    31 -2.784156e+00  1.474766e-01 -1.852015e+00  1.474766e-01      BRANCH 1  1.133000e+01
    76    32 -2.650688e+00  1.474766e-01 -1.386824e+00  2.410195e-01      BRANCH 1  1.140000e+01
    77    33 -2.650688e+00  1.474766e-01    INFEASIBLE             -      FATHOMED  1.151000e+01
    78    32 -2.562023e+00  1.474766e-01 -4.578033e-01  2.801964e-01      BRANCH 2  1.158000e+01
    79    33 -2.562023e+00  1.474766e-01 -1.354889e+00  2.134021e-01      BRANCH 2  1.164000e+01
    80    34 -2.494938e+00  1.474766e-01    INFEASIBLE             -      FATHOMED  1.175000e+01
    81    33 -2.494938e+00  1.474766e-01    INFEASIBLE             -      FATHOMED  1.182000e+01
    82    32 -1.852015e+00  1.474766e-01 -3.538707e-01  1.474766e-01      BRANCH 2  1.223000e+01
    83    33 -1.852015e+00  1.474766e-01 -8.708154e-01  1.772761e-01      BRANCH 2  1.250000e+01
    84    34 -1.565096e+00  1.474766e-01 -1.125096e+00  2.426993e-01      BRANCH 2  1.256000e+01
    85    35 -1.565096e+00  1.474766e-01 -3.086230e-01  1.625701e-01      BRANCH 2  1.264000e+01
    86    36 -1.539833e+00  1.474766e-01 -2.376893e-01  1.474766e-01      BRANCH 2  1.302000e+01
    87    37 -1.539833e+00  1.474766e-01 -7.474449e-01  1.474766e-01      BRANCH 2  1.349000e+01
    88    38 -1.466864e+00  1.474766e-01 -6.394030e-01  1.769222e-01      BRANCH 0  1.355000e+01
    89    39 -1.466864e+00  1.474766e-01 -8.877403e-01  1.474766e-01      BRANCH 0  1.363000e+01
    90    40 -1.464186e+00  1.474766e-01 -9.040912e-01  2.933711e-01      BRANCH 0  1.369000e+01
    91    41 -1.464186e+00  1.474766e-01 -1.300376e+00  2.463619e-01      BRANCH 0  1.409000e+01
    92    42 -1.386824e+00  1.474766e-01 -2.270281e-01  2.410195e-01      BRANCH 2  1.416000e+01
    93    43 -1.386824e+00  1.474766e-01    INFEASIBLE             -      FATHOMED  1.423000e+01
    94    42 -1.354889e+00  1.474766e-01 -6.321129e-01  2.134021e-01      BRANCH 2  1.429000e+01
    95    43 -1.354889e+00  1.474766e-01    INFEASIBLE             -      FATHOMED  1.432000e+01
    96    42 -1.322173e+00  1.474766e-01 -4.453147e-01  2.618606e-01      BRANCH 1  1.438000e+01
    97    43 -1.322173e+00  1.474766e-01 -8.139525e-01  2.637891e-01      BRANCH 1  1.443000e+01
    98    44 -1.300376e+00  1.474766e-01    INFEASIBLE             -      FATHOMED  1.451000e+01
    99    43 -1.300376e+00  1.474766e-01 -7.041378e-01  2.463619e-01      BRANCH 1  1.492000e+01
   100    44 -1.257645e+00  1.474766e-01    INFEASIBLE             -      FATHOMED  1.507000e+01
   101    43 -1.257645e+00  1.474766e-01 -9.173205e-01  1.474766e-01      BRANCH 2  1.512000e+01
   102    44 -1.125096e+00  1.474766e-01 -7.807790e-01  2.426993e-01      BRANCH 1  1.555000e+01
   103    45 -1.125096e+00  1.474766e-01 -4.760979e-01  2.770349e-01      BRANCH 1  1.560000e+01
   104    46 -1.027432e+00  1.474766e-01 -4.248040e-01  1.474766e-01      BRANCH 2  1.567000e+01
   105    47 -1.027432e+00  1.474766e-01    INFEASIBLE             -      FATHOMED  1.570000e+01
   106    46 -9.173205e-01  1.474766e-01 -3.616781e-01  1.474766e-01      BRANCH 1  1.577000e+01
   107    47 -9.173205e-01  1.474766e-01 -3.807862e-01  1.991639e-01      BRANCH 1  1.583000e+01
   108    48 -9.040912e-01  1.474766e-01    INFEASIBLE             -      FATHOMED  1.591000e+01
   109    47 -9.040912e-01  1.474766e-01 -5.126412e-01  2.933711e-01      BRANCH 2  1.630000e+01
   110    48 -8.877403e-01  1.474766e-01  2.020046e-02  2.008486e-01      BRANCH 1  1.645000e+01
   111    49 -8.877403e-01  1.474766e-01 -6.644601e-01  1.474766e-01      BRANCH 1  1.677000e+01
   112    50 -8.708154e-01  1.474766e-01 -3.352314e-01  1.772761e-01      BRANCH 2  1.683000e+01
   113    51 -8.708154e-01  1.474766e-01    INFEASIBLE             -      FATHOMED  1.690000e+01
   114    50 -8.427374e-01  1.474766e-01 -3.664846e-01  1.628619e-01      BRANCH 2  1.699000e+01
   115    51 -8.427374e-01  1.474766e-01 -5.881799e-01  2.046416e-01      BRANCH 1  1.705000e+01
   116    52 -8.139525e-01  1.474766e-01    INFEASIBLE             -      FATHOMED  1.716000e+01
   117    51 -8.139525e-01  1.474766e-01    INFEASIBLE             -      FATHOMED  1.723000e+01
   118    50 -7.807790e-01  1.474766e-01    INFEASIBLE             -      FATHOMED  1.738000e+01
   119    49 -7.807790e-01  1.474766e-01    INFEASIBLE             -      FATHOMED  1.745000e+01
   120    48 -7.474449e-01  1.474766e-01 -3.590972e-01  1.474766e-01      BRANCH 2  1.751000e+01
   121    49 -7.474449e-01  1.474766e-01 -1.634368e-01  1.844182e-01      BRANCH 1  1.757000e+01
   122    50 -7.279027e-01  1.474766e-01 -8.959207e-02  1.623919e-01      BRANCH 2  1.800000e+01
   123    51 -7.279027e-01  1.474766e-01 -7.336926e-02  1.474766e-01      BRANCH 2  1.808000e+01
   124    52 -7.041378e-01  1.474766e-01    INFEASIBLE             -      FATHOMED  1.819000e+01
   125    51 -7.041378e-01  1.474766e-01    INFEASIBLE             -      FATHOMED  1.826000e+01
   126    50 -6.644601e-01  1.474766e-01 -2.847433e-03  1.474766e-01      BRANCH 2  1.866000e+01
   127    51 -6.644601e-01  1.474766e-01 -3.899391e-01  1.653422e-01      BRANCH 2  1.906000e+01
   128    52 -6.394030e-01  1.474766e-01    INFEASIBLE             -      FATHOMED  1.918000e+01
   129    51 -6.394030e-01  1.474766e-01 -1.827328e-01  1.769222e-01      BRANCH 1  1.959000e+01
   130    52 -6.321129e-01  1.474766e-01 -2.478858e-01  2.134021e-01      BRANCH 0  1.965000e+01
   131    53 -6.321129e-01  1.474766e-01    INFEASIBLE             -      FATHOMED  1.972000e+01
   132    52 -5.881799e-01  1.474766e-01    INFEASIBLE             -      FATHOMED  1.980000e+01
   133    51 -5.881799e-01  1.474766e-01 -2.055195e-01  2.046416e-01      BRANCH 1  2.005000e+01
   134    52 -5.624346e-01  1.474766e-01 -2.470353e-01  1.624034e-01      BRANCH 1  2.012000e+01
   135    53 -5.624346e-01  1.474766e-01 -1.859055e-01  1.838443e-01      BRANCH 2  2.019000e+01
   136    54 -5.126412e-01  1.474766e-01    INFEASIBLE             -      FATHOMED  2.026000e+01
   137    53 -5.126412e-01  1.474766e-01 -2.255086e-01  2.933711e-01      BRANCH 1  2.065000e+01
   138    54 -4.760979e-01  1.474766e-01    INFEASIBLE             -      FATHOMED  2.076000e+01
   139    53 -4.760979e-01  1.474766e-01    INFEASIBLE             -      FATHOMED  2.079000e+01
   140    52 -4.578033e-01  1.474766e-01    INFEASIBLE             -      FATHOMED  2.086000e+01
   141    51 -4.578033e-01  1.474766e-01    INFEASIBLE             -      FATHOMED  2.092000e+01
   142    50 -4.494058e-01  1.474766e-01    INFEASIBLE             -      FATHOMED  2.104000e+01
   143    49 -4.494058e-01  1.474766e-01  1.474750e-01             -      FATHOMED  2.120000e+01
   144    48 -4.453147e-01  1.474766e-01    INFEASIBLE             -      FATHOMED  2.123000e+01
   145    47 -4.453147e-01  1.474766e-01    INFEASIBLE             -      FATHOMED  2.130000e+01
   146    46 -4.248040e-01  1.474766e-01 -1.183724e-01  1.474766e-01      BRANCH 1  2.139000e+01
   147    47 -4.248040e-01  1.474766e-01    INFEASIBLE             -      FATHOMED  2.142000e+01
   148    46 -3.899391e-01  1.474766e-01 -1.907089e-01  1.653422e-01      BRANCH 1  2.148000e+01
   149    47 -3.899391e-01  1.474766e-01 -1.276472e-01  1.680271e-01      BRANCH 1  2.154000e+01
   150    48 -3.807862e-01  1.474766e-01    INFEASIBLE             -      FATHOMED  2.165000e+01
   151    47 -3.807862e-01  1.474766e-01    INFEASIBLE             -      FATHOMED  2.172000e+01
   152    46 -3.664846e-01  1.474766e-01 -5.579792e-02  1.628619e-01      BRANCH 1  2.179000e+01
   153    47 -3.664846e-01  1.474766e-01 -1.273363e-01  2.751419e-01      BRANCH 1  2.185000e+01
   154    48 -3.616781e-01  1.474766e-01 -7.200322e-02  1.474766e-01      BRANCH 0  2.221000e+01
   155    49 -3.616781e-01  1.474766e-01 -1.401009e-01  1.630132e-01      BRANCH 0  2.227000e+01
   156    50 -3.590972e-01  1.474766e-01 -1.772802e-01  1.474766e-01      BRANCH 1  2.234000e+01
   157    51 -3.590972e-01  1.474766e-01 -1.302540e-01  1.608591e-01      BRANCH 1  2.277000e+01
   158    52 -3.538707e-01  1.474766e-01 -8.680395e-02  1.557875e-01      BRANCH 2  2.284000e+01
   159    53 -3.538707e-01  1.474766e-01 -1.075795e-01  1.474766e-01      BRANCH 0  2.291000e+01
   160    54 -3.352314e-01  1.474766e-01    INFEASIBLE             -      FATHOMED  2.306000e+01
   161    53 -3.352314e-01  1.474766e-01    INFEASIBLE             -      FATHOMED  2.314000e+01
   162    52 -3.086230e-01  1.474766e-01 -5.549734e-02  1.625701e-01      BRANCH 1  2.320000e+01
   163    53 -3.086230e-01  1.474766e-01 -2.501479e-02       FAILURE      BRANCH 1  2.357000e+01
   164    54 -2.478858e-01  1.474766e-01    INFEASIBLE             -      FATHOMED  2.364000e+01
   165    53 -2.478858e-01  1.474766e-01    INFEASIBLE             -      FATHOMED  2.371000e+01
   166    52 -2.470353e-01  1.474766e-01    INFEASIBLE             -      FATHOMED  2.382000e+01
   167    51 -2.470353e-01  1.474766e-01  1.325419e-01  1.646344e-01      BRANCH 2  2.401000e+01
   168    52 -2.376893e-01  1.474766e-01  1.052217e-01  1.474766e-01      BRANCH 2  2.435000e+01
   169    53 -2.376893e-01  1.474766e-01 -1.691854e-01  1.605613e-01      BRANCH 2  2.441000e+01
   170    54 -2.270281e-01  1.474766e-01    INFEASIBLE             -      FATHOMED  2.454000e+01
   171    53 -2.270281e-01  1.474766e-01    INFEASIBLE             -      FATHOMED  2.461000e+01
   172    52 -2.255086e-01  1.474766e-01    INFEASIBLE             -      FATHOMED  2.464000e+01
   173    51 -2.255086e-01  1.474766e-01    INFEASIBLE             -      FATHOMED  2.471000e+01
   174    50 -2.055195e-01  1.474766e-01    INFEASIBLE             -      FATHOMED  2.478000e+01
   175    49 -2.055195e-01  1.474766e-01    INFEASIBLE             -      FATHOMED  2.485000e+01
   176    48 -1.907089e-01  1.474766e-01  6.392549e-03  1.653422e-01      BRANCH 0  2.491000e+01
   177    49 -1.907089e-01  1.474766e-01    INFEASIBLE             -      FATHOMED  2.507000e+01
   178    48 -1.859055e-01  1.474766e-01 -3.905774e-02  1.838443e-01      BRANCH 1  2.514000e+01
   179    49 -1.859055e-01  1.474766e-01  1.830428e-02  2.077221e-01      BRANCH 1  2.520000e+01
   180    50 -1.840114e-01  1.474766e-01    INFEASIBLE             -      FATHOMED  2.522000e+01
   181    49 -1.840114e-01  1.474766e-01    INFEASIBLE             -      FATHOMED  2.525000e+01
   182    48 -1.827328e-01  1.474766e-01    INFEASIBLE             -      FATHOMED  2.532000e+01
   183    47 -1.827328e-01  1.474766e-01 -8.233731e-02  1.779456e-01      BRANCH 2  2.538000e+01
   184    48 -1.772802e-01  1.474766e-01  1.343808e-02  1.524912e-01      BRANCH 0  2.575000e+01
   185    49 -1.772802e-01  1.474766e-01 -4.555261e-02  1.474766e-01      BRANCH 0  2.633000e+01
   186    50 -1.691854e-01  1.474766e-01  2.662920e-02  1.605613e-01      BRANCH 1  2.644000e+01
   187    51 -1.691854e-01  1.474766e-01 -7.574602e-02  1.971869e-01      BRANCH 1  2.650000e+01
   188    52 -1.634368e-01  1.474766e-01    INFEASIBLE             -      FATHOMED  2.657000e+01
   189    51 -1.634368e-01  1.474766e-01    INFEASIBLE             -      FATHOMED  2.660000e+01
   190    50 -1.401009e-01  1.474766e-01  5.458237e-02  1.674400e-01      BRANCH 2  2.667000e+01
   191    51 -1.401009e-01  1.474766e-01    INFEASIBLE             -      FATHOMED  2.679000e+01
   192    50 -1.302540e-01  1.474766e-01  6.749283e-02  1.608860e-01      BRANCH 0  2.685000e+01
   193    51 -1.302540e-01  1.474766e-01    INFEASIBLE             -      FATHOMED  2.701000e+01
   194    50 -1.276472e-01  1.474766e-01    INFEASIBLE             -      FATHOMED  2.716000e+01
   195    49 -1.276472e-01  1.474766e-01    INFEASIBLE             -      FATHOMED  2.723000e+01
   196    48 -1.273363e-01  1.474766e-01    INFEASIBLE             -      FATHOMED  2.726000e+01
   197    47 -1.273363e-01  1.474766e-01    INFEASIBLE             -      FATHOMED  2.732000e+01
   198    46 -1.183724e-01  1.474766e-01  1.462349e-01  1.474766e-01      BRANCH 2  2.755000e+01
   199    47 -1.183724e-01  1.474766e-01    INFEASIBLE             -      FATHOMED  2.758000e+01
   200    46 -1.075795e-01  1.474766e-01  5.417020e-02  1.474766e-01      BRANCH 1  2.767000e+01
   201    47 -1.075795e-01  1.474766e-01    INFEASIBLE             -      FATHOMED  2.778000e+01
   202    46 -8.959207e-02  1.474766e-01  4.969752e-03  1.623919e-01      BRANCH 1  2.816000e+01
   203    47 -8.959207e-02  1.474766e-01    INFEASIBLE             -      FATHOMED  2.823000e+01
   204    46 -8.680395e-02  1.474766e-01  4.592931e-02  1.691382e-01      BRANCH 1  2.830000e+01
   205    47 -8.680395e-02  1.474766e-01  1.060960e-02  1.557875e-01      BRANCH 1  2.836000e+01
   206    48 -8.233731e-02  1.474766e-01  6.743900e-02  2.115199e-01      BRANCH 1  2.843000e+01
   207    49 -8.233731e-02  1.474766e-01 -5.921914e-02  1.779456e-01      BRANCH 1  2.850000e+01
   208    50 -7.574602e-02  1.474766e-01    INFEASIBLE             -      FATHOMED  2.857000e+01
   209    49 -7.574602e-02  1.474766e-01    INFEASIBLE             -      FATHOMED  2.864000e+01
   210    48 -7.336926e-02  1.474766e-01    INFEASIBLE             -      FATHOMED  2.872000e+01
   211    47 -7.336926e-02  1.474766e-01 -2.164831e-02  1.474766e-01      BRANCH 1  2.881000e+01
   212    48 -7.200322e-02  1.474766e-01    INFEASIBLE             -      FATHOMED  2.892000e+01
   213    47 -7.200322e-02  1.474766e-01 -2.023850e-03  1.474766e-01      BRANCH 2  2.918000e+01
   214    48 -5.921914e-02  1.474766e-01    INFEASIBLE             -      FATHOMED  2.930000e+01
   215    47 -5.921914e-02  1.474766e-01    INFEASIBLE             -      FATHOMED  2.941000e+01
   216    46 -5.579792e-02  1.474766e-01    INFEASIBLE             -      FATHOMED  2.949000e+01
   217    45 -5.579792e-02  1.474766e-01    INFEASIBLE             -      FATHOMED  2.952000e+01
   218    44 -5.549734e-02  1.474766e-01  4.821111e-03  1.625701e-01      BRANCH 0  2.958000e+01
   219    45 -5.549734e-02  1.474766e-01    INFEASIBLE             -      FATHOMED  2.965000e+01
   220    44 -4.555261e-02  1.474766e-01  7.064514e-02  1.474766e-01      BRANCH 2  2.972000e+01
   221    45 -4.555261e-02  1.474766e-01  1.461741e-01  1.556441e-01      BRANCH 2  2.992000e+01
   222    46 -3.905774e-02  1.474766e-01    INFEASIBLE             -      FATHOMED  2.999000e+01
   223    45 -3.905774e-02  1.474766e-01    INFEASIBLE             -      FATHOMED  3.006000e+01
   224    44 -2.501479e-02  1.474766e-01    INFEASIBLE             -      FATHOMED  3.013000e+01
   225    43 -2.501479e-02  1.474766e-01    INFEASIBLE             -      FATHOMED  3.015000e+01
   226    42 -2.164831e-02  1.474766e-01  1.461037e-01  1.556047e-01      BRANCH 2  3.035000e+01
   227    43 -2.164831e-02  1.474766e-01  2.901866e-02  1.474766e-01      BRANCH 2  3.043000e+01
   228    44 -2.847433e-03  1.474766e-01  7.814578e-02  1.517171e-01      BRANCH 1  3.086000e+01
   229    45 -2.847433e-03  1.474766e-01  8.685908e-03  1.474766e-01      BRANCH 1  3.093000e+01
   230    46 -2.023850e-03  1.474766e-01  6.411745e-02  1.474766e-01      BRANCH 1  3.124000e+01
   231    47 -2.023850e-03  1.474766e-01  9.639339e-02  1.596329e-01      BRANCH 1  3.131000e+01
   232    48  4.821111e-03  1.474766e-01    INFEASIBLE             -      FATHOMED  3.142000e+01
   233    47  4.821111e-03  1.474766e-01    INFEASIBLE             -      FATHOMED  3.154000e+01
   234    46  4.969752e-03  1.474766e-01  2.397200e-02  1.668104e-01      BRANCH 2  3.196000e+01
   235    47  4.969752e-03  1.474766e-01    INFEASIBLE             -      FATHOMED  3.204000e+01
   236    46  6.392549e-03  1.474766e-01  1.123546e-01  1.669608e-01      BRANCH 2  3.210000e+01
   237    47  6.392549e-03  1.474766e-01  8.696672e-02  1.653422e-01      BRANCH 2  3.217000e+01
   238    48  8.685908e-03  1.474766e-01  1.105225e-01  1.474766e-01      BRANCH 0  3.259000e+01
   239    49  8.685908e-03  1.474766e-01  5.248940e-02  1.518289e-01      BRANCH 0  3.265000e+01
   240    50  1.060960e-02  1.474766e-01    INFEASIBLE             -      FATHOMED  3.276000e+01
   241    49  1.060960e-02  1.474766e-01  1.464781e-01             -      FATHOMED  3.294000e+01
   242    48  1.343808e-02  1.474766e-01  1.040918e-01  1.524912e-01      BRANCH 2  3.337000e+01
   243    49  1.343808e-02  1.474766e-01  9.315707e-02  1.618267e-01      BRANCH 2  3.344000e+01
   244    50  1.830428e-02  1.474766e-01    INFEASIBLE             -      FATHOMED  3.350000e+01
   245    49  1.830428e-02  1.474766e-01    INFEASIBLE             -      FATHOMED  3.352000e+01
   246    48  2.020046e-02  1.474766e-01    INFEASIBLE             -      FATHOMED  3.355000e+01
   247    47  2.020046e-02  1.474766e-01    INFEASIBLE             -      FATHOMED  3.367000e+01
   248    46  2.397200e-02  1.474766e-01  5.023440e-02  1.668104e-01      BRANCH 0  3.412000e+01
   249    47  2.397200e-02  1.474766e-01    INFEASIBLE             -      FATHOMED  3.423000e+01
   250    46  2.662920e-02  1.474766e-01    INFEASIBLE             -      FATHOMED  3.431000e+01
   251    45  2.662920e-02  1.474766e-01  7.101195e-02  1.609423e-01      BRANCH 0  3.438000e+01
   252    46  2.901866e-02  1.474766e-01    INFEASIBLE             -      FATHOMED  3.454000e+01
   253    45  2.901866e-02  1.474766e-01  8.307414e-02  1.474766e-01      BRANCH 0  3.460000e+01
   254    46  4.592931e-02  1.474766e-01    INFEASIBLE             -      FATHOMED  3.468000e+01
   255    45  4.592931e-02  1.474766e-01    INFEASIBLE             -      FATHOMED  3.476000e+01
   256    44  5.023440e-02  1.474766e-01    INFEASIBLE             -      FATHOMED  3.487000e+01
   257    43  5.023440e-02  1.474766e-01    INFEASIBLE             -      FATHOMED  3.493000e+01
   258    42  5.248940e-02  1.474766e-01    INFEASIBLE             -      FATHOMED  3.505000e+01
   259    41  5.248940e-02  1.474766e-01  1.037164e-01  1.518289e-01      BRANCH 2  3.513000e+01
   260    42  5.417020e-02  1.474766e-01  1.128184e-01  1.474766e-01      BRANCH 2  3.520000e+01
   261    43  5.417020e-02  1.474766e-01  1.469263e-01             -      FATHOMED  3.538000e+01
   262    42  5.458237e-02  1.474766e-01    INFEASIBLE             -      FATHOMED  3.545000e+01
   263    41  5.458237e-02  1.474766e-01    INFEASIBLE             -      FATHOMED  3.549000e+01
   264    40  6.411745e-02  1.474766e-01  1.056592e-01  1.474766e-01      BRANCH 2  3.583000e+01
   265    41  6.411745e-02  1.474766e-01  1.101658e-01  1.512109e-01      BRANCH 0  3.589000e+01
   266    42  6.743900e-02  1.474766e-01    INFEASIBLE             -      FATHOMED  3.592000e+01
   267    41  6.743900e-02  1.474766e-01    INFEASIBLE             -      FATHOMED  3.595000e+01
   268    40  6.749283e-02  1.474766e-01    INFEASIBLE             -      FATHOMED  3.602000e+01
   269    39  6.749283e-02  1.474766e-01    INFEASIBLE             -      FATHOMED  3.609000e+01
   270    38  7.064514e-02  1.474766e-01  1.035463e-01  1.474766e-01      BRANCH 1  3.616000e+01
   271    39  7.064514e-02  1.474766e-01  1.131644e-01  1.506589e-01      BRANCH 1  3.656000e+01
   272    40  7.101195e-02  1.474766e-01    INFEASIBLE             -      FATHOMED  3.659000e+01
   273    39  7.101195e-02  1.474766e-01    INFEASIBLE             -      FATHOMED  3.670000e+01
   274    38  7.814578e-02  1.474766e-01  1.394892e-01  1.517171e-01      BRANCH 1  3.691000e+01
   275    39  7.814578e-02  1.474766e-01  9.719985e-02  1.543389e-01      BRANCH 2  3.697000e+01
   276    40  8.307414e-02  1.474766e-01  1.301140e-01  1.474766e-01      BRANCH 1  3.705000e+01
   277    41  8.307414e-02  1.474766e-01    INFEASIBLE             -      FATHOMED  3.716000e+01
   278    40  8.696672e-02  1.474766e-01    INFEASIBLE             -      FATHOMED  3.723000e+01
   279    39  8.696672e-02  1.474766e-01    INFEASIBLE             -      FATHOMED  3.726000e+01
   280    38  9.315707e-02  1.474766e-01    INFEASIBLE             -      FATHOMED  3.734000e+01
   281    37  9.315707e-02  1.474766e-01    INFEASIBLE             -      FATHOMED  3.740000e+01
   282    36  9.639339e-02  1.474766e-01    INFEASIBLE             -      FATHOMED  3.747000e+01
   283    35  9.639339e-02  1.474766e-01    INFEASIBLE             -      FATHOMED  3.749000e+01
   284    34  9.719985e-02  1.474766e-01    INFEASIBLE             -      FATHOMED  3.757000e+01
   285    33  9.719985e-02  1.474766e-01  1.106893e-01  1.543389e-01      BRANCH 0  3.763000e+01
   286    34  1.035463e-01  1.474766e-01  1.273915e-01  1.487185e-01      BRANCH 2  3.769000e+01
   287    35  1.035463e-01  1.474766e-01  1.245139e-01  1.474766e-01      BRANCH 2  3.775000e+01
   288    36  1.037164e-01  1.474766e-01  1.207866e-01  1.518289e-01      BRANCH 1  3.802000e+01
   289    37  1.037164e-01  1.474766e-01    INFEASIBLE             -      FATHOMED  3.809000e+01
   290    36  1.040918e-01  1.474766e-01    INFEASIBLE             -      FATHOMED  3.821000e+01
   291    35  1.040918e-01  1.474766e-01  1.136511e-01  1.525223e-01      BRANCH 1  3.828000e+01
   292    36  1.052217e-01  1.474766e-01  1.361600e-01  1.474766e-01      BRANCH 1  3.868000e+01
   293    37  1.052217e-01  1.474766e-01  1.141081e-01  1.505977e-01      BRANCH 1  3.875000e+01
   294    38  1.056592e-01  1.474766e-01  1.243170e-01  1.474766e-01      BRANCH 0  3.912000e+01
   295    39  1.056592e-01  1.474766e-01  1.245947e-01  1.504308e-01      BRANCH 0  3.919000e+01
   296    40  1.101658e-01  1.474766e-01    INFEASIBLE             -      FATHOMED  3.930000e+01
   297    39  1.101658e-01  1.474766e-01    INFEASIBLE             -      FATHOMED  3.933000e+01
   298    38  1.105225e-01  1.474766e-01  1.456269e-01  1.505947e-01      BRANCH 2  3.952000e+01
   299    39  1.105225e-01  1.474766e-01  1.172493e-01  1.474766e-01      BRANCH 1  3.961000e+01
   300    40  1.106893e-01  1.474766e-01    INFEASIBLE             -      FATHOMED  3.964000e+01
   301    39  1.106893e-01  1.474766e-01    INFEASIBLE             -      FATHOMED  3.975000e+01
   302    38  1.123546e-01  1.474766e-01    INFEASIBLE             -      FATHOMED  3.978000e+01
   303    37  1.123546e-01  1.474766e-01    INFEASIBLE             -      FATHOMED  3.985000e+01
   304    36  1.128184e-01  1.474766e-01  1.303969e-01  1.486687e-01      BRANCH 2  4.028000e+01
   305    37  1.128184e-01  1.474766e-01  1.371990e-01  1.474766e-01      BRANCH 1  4.081000e+01
   306    38  1.131644e-01  1.474766e-01  1.312989e-01  1.506589e-01      BRANCH 2  4.113000e+01
   307    39  1.131644e-01  1.474766e-01    INFEASIBLE             -      FATHOMED  4.116000e+01
   308    38  1.136511e-01  1.474766e-01    INFEASIBLE             -      FATHOMED  4.123000e+01
   309    37  1.136511e-01  1.474766e-01    INFEASIBLE             -      FATHOMED  4.139000e+01
   310    36  1.141081e-01  1.474766e-01    INFEASIBLE             -      FATHOMED  4.141000e+01
   311    35  1.141081e-01  1.474766e-01  1.249795e-01  1.506463e-01      BRANCH 2  4.148000e+01
   312    36  1.172493e-01  1.474766e-01  1.371072e-01  1.474766e-01      BRANCH 2  4.196000e+01
   313    37  1.172493e-01  1.474766e-01  1.293199e-01  1.485577e-01      BRANCH 2  4.203000e+01
   314    38  1.207866e-01  1.474766e-01  1.343231e-01  1.518289e-01      BRANCH 0  4.243000e+01
   315    39  1.207866e-01  1.474766e-01    INFEASIBLE             -      FATHOMED  4.245000e+01
   316    38  1.243170e-01  1.474766e-01    INFEASIBLE             -      FATHOMED  4.252000e+01
   317    37  1.243170e-01  1.474766e-01  1.325530e-01  1.474766e-01      BRANCH 1  4.259000e+01
   318    38  1.245139e-01  1.474766e-01  1.331550e-01  1.474766e-01      BRANCH 0  4.267000e+01
   319    39  1.245139e-01  1.474766e-01  1.407949e-01  1.482561e-01      BRANCH 1  4.295000e+01
   320    40  1.245947e-01  1.474766e-01    INFEASIBLE             -      FATHOMED  4.302000e+01
   321    39  1.245947e-01  1.474766e-01    INFEASIBLE             -      FATHOMED  4.308000e+01
   322    38  1.249795e-01  1.474766e-01    INFEASIBLE             -      FATHOMED  4.320000e+01
   323    37  1.249795e-01  1.474766e-01    INFEASIBLE             -      FATHOMED  4.327000e+01
   324    36  1.273915e-01  1.474766e-01  1.391567e-01  1.487185e-01      BRANCH 0  4.352000e+01
   325    37  1.273915e-01  1.474766e-01  1.341874e-01  1.487240e-01      BRANCH 0  4.359000e+01
   326    38  1.293199e-01  1.474766e-01  1.386110e-01  1.487088e-01      BRANCH 2  4.397000e+01
   327    39  1.293199e-01  1.474766e-01  1.391821e-01  1.485577e-01      BRANCH 0  4.403000e+01
   328    40  1.301140e-01  1.474766e-01    INFEASIBLE             -      FATHOMED  4.411000e+01
   329    39  1.301140e-01  1.474766e-01  1.347644e-01  1.474766e-01      BRANCH 2  4.449000e+01
   330    40  1.303969e-01  1.474766e-01    INFEASIBLE             -      FATHOMED  4.456000e+01
   331    39  1.303969e-01  1.474766e-01  1.376943e-01  1.486687e-01      BRANCH 1  4.463000e+01
   332    40  1.312989e-01  1.474766e-01  1.382629e-01  1.506589e-01      BRANCH 0  4.471000e+01
   333    41  1.312989e-01  1.474766e-01    INFEASIBLE             -      FATHOMED  4.478000e+01
   334    40  1.325419e-01  1.474766e-01    INFEASIBLE             -      FATHOMED  4.480000e+01
   335    39  1.325419e-01  1.474766e-01    INFEASIBLE             -      FATHOMED  4.483000e+01
   336    38  1.325530e-01  1.474766e-01  1.389802e-01  1.474766e-01      BRANCH 2  4.522000e+01
   337    39  1.325530e-01  1.474766e-01    INFEASIBLE             -      FATHOMED  4.537000e+01
   338    38  1.331550e-01  1.474766e-01  1.385122e-01  1.474766e-01      BRANCH 1  4.547000e+01
   339    39  1.331550e-01  1.474766e-01    INFEASIBLE             -      FATHOMED  4.554000e+01
   340    38  1.341874e-01  1.474766e-01    INFEASIBLE             -      FATHOMED  4.570000e+01
   341    37  1.341874e-01  1.474766e-01    INFEASIBLE             -      FATHOMED  4.581000e+01
   342    36  1.343231e-01  1.474766e-01    INFEASIBLE             -      FATHOMED  4.588000e+01
   343    35  1.343231e-01  1.474766e-01    INFEASIBLE             -      FATHOMED  4.595000e+01
   344    34  1.347644e-01  1.474766e-01    INFEASIBLE             -      FATHOMED  4.605000e+01
   345    33  1.347644e-01  1.474766e-01  1.390273e-01  1.474766e-01      BRANCH 0  4.618000e+01
   346    34  1.361600e-01  1.474766e-01    INFEASIBLE             -      FATHOMED  4.625000e+01
   347    33  1.361600e-01  1.474766e-01  1.385175e-01  1.474766e-01      BRANCH 2  4.668000e+01
   348    34  1.371072e-01  1.474766e-01    INFEASIBLE             -      FATHOMED  4.684000e+01
   349    33  1.371072e-01  1.474766e-01  1.387622e-01  1.474766e-01      BRANCH 1  4.722000e+01
   350    34  1.371990e-01  1.474766e-01  1.433649e-01  1.474766e-01      BRANCH 2  4.733000e+01
   351    35  1.371990e-01  1.474766e-01    INFEASIBLE             -      FATHOMED  4.748000e+01
   352    34  1.376943e-01  1.474766e-01    INFEASIBLE             -      FATHOMED  4.759000e+01
   353    33  1.376943e-01  1.474766e-01    INFEASIBLE             -      FATHOMED  4.767000e+01
   354    32  1.382629e-01  1.474766e-01    INFEASIBLE             -      FATHOMED  4.774000e+01
   355    31  1.382629e-01  1.474766e-01    INFEASIBLE             -      FATHOMED  4.777000e+01
   356    30  1.385122e-01  1.474766e-01  1.431805e-01  1.477862e-01      BRANCH 2  4.783000e+01
   357    31  1.385122e-01  1.474766e-01  1.431179e-01  1.474766e-01      BRANCH 2  4.791000e+01
   358    32  1.385175e-01  1.474766e-01  1.457798e-01  1.474766e-01      BRANCH 2  4.814000e+01
   359    33  1.385175e-01  1.474766e-01  1.414266e-01  1.479053e-01      BRANCH 2  4.820000e+01
   360    34  1.386110e-01  1.474766e-01    INFEASIBLE             -      FATHOMED  4.832000e+01
   361    33  1.386110e-01  1.474766e-01  1.422437e-01  1.487315e-01      BRANCH 1  4.838000e+01
   362    34  1.387622e-01  1.474766e-01  1.446307e-01  1.474766e-01      BRANCH 2  4.880000e+01
   363    35  1.387622e-01  1.474766e-01  1.418628e-01  1.477466e-01      BRANCH 2  4.885000e+01
   364    36  1.389802e-01  1.474766e-01  1.423867e-01  1.474766e-01      BRANCH 0  4.927000e+01
   365    37  1.389802e-01  1.474766e-01    INFEASIBLE             -      FATHOMED  4.941000e+01
   366    36  1.390273e-01  1.474766e-01  1.436954e-01  1.474766e-01      BRANCH 1  4.977000e+01
   367    37  1.390273e-01  1.474766e-01    INFEASIBLE             -      FATHOMED  4.983000e+01
   368    36  1.391567e-01  1.474766e-01    INFEASIBLE             -      FATHOMED  4.987000e+01
   369    35  1.391567e-01  1.474766e-01    INFEASIBLE             -      FATHOMED  4.994000e+01
   370    34  1.391821e-01  1.474766e-01  1.435284e-01  1.486151e-01      BRANCH 2  5.000000e+01
   371    35  1.391821e-01  1.474766e-01    INFEASIBLE             -      FATHOMED  5.008000e+01
   372    34  1.394892e-01  1.474766e-01    INFEASIBLE             -      FATHOMED  5.010000e+01
   373    33  1.394892e-01  1.474766e-01    INFEASIBLE             -      FATHOMED  5.018000e+01
   374    32  1.407949e-01  1.474766e-01    INFEASIBLE             -      FATHOMED  5.033000e+01
   375    31  1.407949e-01  1.474766e-01    INFEASIBLE             -      FATHOMED  5.041000e+01
   376    30  1.414266e-01  1.474766e-01  1.467415e-01             -      FATHOMED  5.057000e+01
   377    29  1.414266e-01  1.474766e-01    INFEASIBLE             -      FATHOMED  5.064000e+01
   378    28  1.418628e-01  1.474766e-01  1.444908e-01  1.477538e-01      BRANCH 0  5.070000e+01
   379    29  1.418628e-01  1.474766e-01  1.442814e-01  1.477466e-01      BRANCH 0  5.076000e+01
   380    30  1.422437e-01  1.474766e-01    INFEASIBLE             -      FATHOMED  5.083000e+01
   381    29  1.422437e-01  1.474766e-01    INFEASIBLE             -      FATHOMED  5.086000e+01
   382    28  1.423867e-01  1.474766e-01    INFEASIBLE             -      FATHOMED  5.093000e+01
   383    27  1.423867e-01  1.474766e-01  1.446006e-01  1.474766e-01      BRANCH 1  5.133000e+01
   384    28  1.431179e-01  1.474766e-01  1.445034e-01  1.474766e-01      BRANCH 1  5.180000e+01
   385    29  1.431179e-01  1.474766e-01  1.463612e-01  1.476697e-01      BRANCH 1  5.191000e+01
   386    30  1.431805e-01  1.474766e-01  1.457199e-01  1.477862e-01      BRANCH 0  5.197000e+01
   387    31  1.431805e-01  1.474766e-01  1.447326e-01  1.477874e-01      BRANCH 0  5.203000e+01
   388    32  1.433649e-01  1.474766e-01  1.457533e-01  1.476459e-01      BRANCH 2  5.214000e+01
   389    33  1.433649e-01  1.474766e-01  1.466085e-01             -      FATHOMED  5.227000e+01
   390    32  1.435284e-01  1.474766e-01    INFEASIBLE             -      FATHOMED  5.234000e+01
   391    31  1.435284e-01  1.474766e-01    INFEASIBLE             -      FATHOMED  5.240000e+01
   392    30  1.436954e-01  1.474766e-01    INFEASIBLE             -      FATHOMED  5.248000e+01
   393    29  1.436954e-01  1.474766e-01  1.448141e-01  1.474766e-01      BRANCH 2  5.256000e+01
   394    30  1.442814e-01  1.474766e-01    INFEASIBLE             -      FATHOMED  5.266000e+01
   395    29  1.442814e-01  1.474766e-01    INFEASIBLE             -      FATHOMED  5.280000e+01
   396    28  1.444908e-01  1.474766e-01    INFEASIBLE             -      FATHOMED  5.288000e+01
   397    27  1.444908e-01  1.474766e-01  1.459413e-01  1.477572e-01      BRANCH 1  5.295000e+01
   398    28  1.445034e-01  1.474766e-01  1.458040e-01  1.475539e-01      BRANCH 0  5.301000e+01
   399    29  1.445034e-01  1.474766e-01  1.464625e-01  1.474766e-01      BRANCH 2  5.334000e+01
   400    30  1.446006e-01  1.474766e-01  1.457233e-01  1.474766e-01      BRANCH 2  5.373000e+01
   401    31  1.446006e-01  1.474766e-01    INFEASIBLE             -      FATHOMED  5.384000e+01
   402    30  1.446307e-01  1.474766e-01  1.464174e-01  1.475772e-01      BRANCH 1  5.449000e+01
   403    31  1.446307e-01  1.474766e-01  1.453865e-01  1.474766e-01      BRANCH 1  5.456000e+01
   404    32  1.447326e-01  1.474766e-01    INFEASIBLE             -      FATHOMED  5.471000e+01
   405    31  1.447326e-01  1.474766e-01    INFEASIBLE             -      FATHOMED  5.482000e+01
   406    30  1.448141e-01  1.474766e-01    INFEASIBLE             -      FATHOMED  5.492000e+01
   407    29  1.448141e-01  1.474766e-01  1.456666e-01  1.474766e-01      BRANCH 0  5.499000e+01
   408    30  1.453865e-01  1.474766e-01  1.467887e-01             -      FATHOMED  5.506000e+01
   409    29  1.453865e-01  1.474766e-01  1.462342e-01  1.475441e-01      BRANCH 0  5.512000e+01
   410    30  1.456269e-01  1.474766e-01    INFEASIBLE             -      FATHOMED  5.515000e+01
   411    29  1.456269e-01  1.474766e-01    INFEASIBLE             -      FATHOMED  5.517000e+01
   412    28  1.456666e-01  1.474766e-01  1.466511e-01             -      FATHOMED  5.522000e+01
   413    27  1.456666e-01  1.474766e-01    INFEASIBLE             -      FATHOMED  5.532000e+01
   414    26  1.457199e-01  1.474766e-01    INFEASIBLE             -      FATHOMED  5.535000e+01
   415    25  1.457199e-01  1.474766e-01    INFEASIBLE             -      FATHOMED  5.542000e+01
   416    24  1.457233e-01  1.474766e-01  1.463566e-01  1.474766e-01      BRANCH 0  5.593000e+01
   417    25  1.457233e-01  1.474766e-01    INFEASIBLE             -      FATHOMED  5.603000e+01
   418    24  1.457533e-01  1.474766e-01    INFEASIBLE             -      FATHOMED  5.610000e+01
   419    23  1.457533e-01  1.474766e-01    INFEASIBLE             -      FATHOMED  5.625000e+01
   420    22  1.457798e-01  1.474766e-01  1.471884e-01             -      FATHOMED  5.633000e+01
   421    21  1.457798e-01  1.474766e-01  1.462420e-01  1.475364e-01      BRANCH 1  5.639000e+01
   422    22  1.458040e-01  1.474766e-01  1.466707e-01             -      FATHOMED  5.643000e+01
   423    21  1.458040e-01  1.474766e-01    INFEASIBLE             -      FATHOMED  5.654000e+01
   424    20  1.459413e-01  1.474766e-01    INFEASIBLE             -      FATHOMED  5.665000e+01
   425    19  1.459413e-01  1.474766e-01    INFEASIBLE             -      FATHOMED  5.671000e+01
   426    18  1.461037e-01  1.474766e-01    INFEASIBLE             -      FATHOMED  5.674000e+01
   427    17  1.461037e-01  1.474766e-01    INFEASIBLE             -      FATHOMED  5.677000e+01
   428    16  1.461741e-01  1.474766e-01    INFEASIBLE             -      FATHOMED  5.679000e+01
   429    15  1.461741e-01  1.474766e-01    INFEASIBLE             -      FATHOMED  5.681000e+01
   430    14  1.462342e-01  1.474766e-01    INFEASIBLE             -      FATHOMED  5.688000e+01
   431    13  1.462342e-01  1.474766e-01  1.469146e-01             -      FATHOMED  5.692000e+01
   432    12  1.462349e-01  1.474766e-01  1.474761e-01             -      FATHOMED  5.706000e+01
   433    11  1.462349e-01  1.474766e-01    INFEASIBLE             -      FATHOMED  5.709000e+01
   434    10  1.462420e-01  1.474766e-01    INFEASIBLE             -      FATHOMED  5.715000e+01
   435     9  1.462420e-01  1.474766e-01  1.467276e-01             -      FATHOMED  5.719000e+01
   436     8  1.463566e-01  1.474766e-01    INFEASIBLE             -      FATHOMED  5.725000e+01
   437     7  1.463566e-01  1.474766e-01  1.469021e-01             -      FATHOMED  5.728000e+01
   438     6  1.463612e-01  1.474766e-01    INFEASIBLE             -      FATHOMED  5.739000e+01
   439     5  1.463612e-01  1.474766e-01    INFEASIBLE             -      FATHOMED  5.745000e+01
   440     4  1.464174e-01  1.474766e-01    INFEASIBLE             -      FATHOMED  5.748000e+01
   441     3  1.464174e-01  1.474766e-01  1.466442e-01             -      FATHOMED  5.752000e+01
   442     2  1.464625e-01  1.474766e-01  1.468251e-01             -      FATHOMED  5.756000e+01
   443     1  1.464625e-01  1.474766e-01  1.470607e-01             -      FATHOMED  5.764000e+01

#  NORMAL TERMINATION: 57.640000 CPU SEC
#  INCUMBENT VALUE:  1.474766e-01
#  INCUMBENT POINT:  8.001457e+00 -1.943813e+00  6.042018e+00
#  INCUMBENT FOUND AT NODE: 336
#  TOTAL NUMBER OF NODES:   443
#  MAXIMUM NODES IN STACK:  54

ODE BOUNDER: TMMC   ORDER: 4  TM BOUNDER: LSB   RTOL=0.001  ATOL=0.001
 INDEX STACK        RELAX         INC           LBD           UBD         ACTION      CUMUL TIME

     1     1 -1.000000e+20  1.000000e+20 -1.072196e+02  1.474766e-01      BRANCH 1  5.100000e-01
     2     2 -1.072196e+02  1.474766e-01 -4.558485e+01  1.474766e-01      BRANCH 2  6.000000e-01
     3     3 -1.072196e+02  1.474766e-01 -9.271384e+01  1.474766e-01      BRANCH 2  7.000000e-01
     4     4 -9.271384e+01  1.474766e-01 -6.334110e+01  1.474766e-01      BRANCH 0  1.090000e+00
     5     5 -9.271384e+01  1.474766e-01 -7.353663e+01  1.474766e-01      BRANCH 0  1.730000e+00
     6     6 -7.353663e+01  1.474766e-01 -4.721586e+01  1.474766e-01      BRANCH 0  1.990000e+00
     7     7 -7.353663e+01  1.474766e-01 -6.302706e+00  1.474766e-01      BRANCH 1  2.490000e+00
     8     8 -6.334110e+01  1.474766e-01 -4.744364e+01  1.474766e-01      BRANCH 0  2.600000e+00
     9     9 -6.334110e+01  1.474766e-01 -2.972712e+01  1.474766e-01      BRANCH 1  2.690000e+00
    10    10 -4.744364e+01  1.474766e-01 -2.970025e+01  7.366085e-01      BRANCH 1  2.940000e+00
    11    11 -4.744364e+01  1.474766e-01 -2.415380e+01  1.474766e-01      BRANCH 1  3.360000e+00
    12    12 -4.721586e+01  1.474766e-01 -1.758248e+01  5.735171e-01      BRANCH 1  3.440000e+00
    13    13 -4.721586e+01  1.474766e-01 -2.928872e+01  1.474766e-01      BRANCH 1  3.670000e+00
    14    14 -4.558485e+01  1.474766e-01 -2.665995e+01  1.623919e-01      BRANCH 0  3.740000e+00
    15    15 -4.558485e+01  1.474766e-01 -1.530233e+00  1.474766e-01      BRANCH 0  4.190000e+00
    16    16 -2.972712e+01  1.474766e-01 -3.641182e+00  1.474766e-01      BRANCH 2  4.280000e+00
    17    17 -2.972712e+01  1.474766e-01 -1.374713e+01  6.042383e-01      BRANCH 2  4.540000e+00
    18    18 -2.970025e+01  1.474766e-01 -2.469370e+01  7.366085e-01      BRANCH 2  4.640000e+00
    19    19 -2.970025e+01  1.474766e-01 -2.972224e+00  7.424755e-01      BRANCH 2  4.770000e+00
    20    20 -2.928872e+01  1.474766e-01 -3.736708e+00  1.474766e-01      BRANCH 1  4.850000e+00
    21    21 -2.928872e+01  1.474766e-01 -1.305800e+01  4.662852e-01      BRANCH 1  4.920000e+00
    22    22 -2.665995e+01  1.474766e-01 -1.404883e+01  1.624034e-01      BRANCH 2  5.000000e+00
    23    23 -2.665995e+01  1.474766e-01 -7.278999e-01  1.623919e-01      BRANCH 2  5.090000e+00
    24    24 -2.469370e+01  1.474766e-01 -1.628776e+01  7.837260e-01      BRANCH 1  5.170000e+00
    25    25 -2.469370e+01  1.474766e-01 -1.099260e+01  7.366085e-01      BRANCH 1  5.400000e+00
    26    26 -2.415380e+01  1.474766e-01 -3.017306e+00  1.474766e-01      BRANCH 2  5.500000e+00
    27    27 -2.415380e+01  1.474766e-01 -2.093055e+01  2.410195e-01      BRANCH 2  5.590000e+00
    28    28 -2.093055e+01  1.474766e-01 -1.109796e+01  2.463619e-01      BRANCH 1  5.660000e+00
    29    29 -2.093055e+01  1.474766e-01 -1.570313e+01  2.410195e-01      BRANCH 1  5.960000e+00
    30    30 -1.758248e+01  1.474766e-01    INFEASIBLE             -      FATHOMED  6.110000e+00
    31    29 -1.758248e+01  1.474766e-01 -1.045333e+01  5.735171e-01      BRANCH 1  6.190000e+00
    32    30 -1.628776e+01  1.474766e-01 -1.820798e-01  8.771787e-01      BRANCH 2  6.420000e+00
    33    31 -1.628776e+01  1.474766e-01    INFEASIBLE             -      FATHOMED  6.520000e+00
    34    30 -1.570313e+01  1.474766e-01 -4.562359e+00  2.410195e-01      BRANCH 0  6.890000e+00
    35    31 -1.570313e+01  1.474766e-01 -6.537314e+00  7.178167e-01      BRANCH 0  6.970000e+00
    36    32 -1.404883e+01  1.474766e-01 -3.673395e+00  1.624034e-01      BRANCH 0  7.100000e+00
    37    33 -1.404883e+01  1.474766e-01 -4.479670e-01  1.474766e-01      BRANCH 2  7.330000e+00
    38    34 -1.374713e+01  1.474766e-01 -1.490692e-01  6.207411e-01      BRANCH 2  7.760000e+00
    39    35 -1.374713e+01  1.474766e-01    INFEASIBLE             -      FATHOMED  7.850000e+00
    40    34 -1.305800e+01  1.474766e-01 -2.785111e+00  4.662852e-01      BRANCH 2  7.940000e+00
    41    35 -1.305800e+01  1.474766e-01    INFEASIBLE             -      FATHOMED  8.040000e+00
    42    34 -1.109796e+01  1.474766e-01 -1.464091e+00  2.463619e-01      BRANCH 2  8.100000e+00
    43    35 -1.109796e+01  1.474766e-01 -8.521165e+00       FAILURE      BRANCH 2  9.350000e+00
    44    36 -1.099260e+01  1.474766e-01    INFEASIBLE             -      FATHOMED  9.550000e+00
    45    35 -1.099260e+01  1.474766e-01    INFEASIBLE             -      FATHOMED  9.650000e+00
    46    34 -1.045333e+01  1.474766e-01    INFEASIBLE             -      FATHOMED  9.860000e+00
    47    33 -1.045333e+01  1.474766e-01 -6.309523e+00  1.185584e+00      BRANCH 0  9.940000e+00
    48    34 -8.521165e+00  1.474766e-01 -4.880705e+00  5.251865e-01      BRANCH 0  1.002000e+01
    49    35 -8.521165e+00  1.474766e-01 -5.541063e+00  5.235398e-01      BRANCH 0  1.010000e+01
    50    36 -6.537314e+00  1.474766e-01    INFEASIBLE             -      FATHOMED  1.020000e+01
    51    35 -6.537314e+00  1.474766e-01    INFEASIBLE             -      FATHOMED  1.028000e+01
    52    34 -6.309523e+00  1.474766e-01    INFEASIBLE             -      FATHOMED  1.032000e+01
    53    33 -6.309523e+00  1.474766e-01    INFEASIBLE             -      FATHOMED  1.048000e+01
    54    32 -6.302706e+00  1.474766e-01 -1.074920e+00  1.474766e-01      BRANCH 2  1.086000e+01
    55    33 -6.302706e+00  1.474766e-01    INFEASIBLE             -      FATHOMED  1.095000e+01
    56    32 -5.541063e+00  1.474766e-01    INFEASIBLE             -      FATHOMED  1.110000e+01
    57    31 -5.541063e+00  1.474766e-01    INFEASIBLE             -      FATHOMED  1.126000e+01
    58    30 -4.880705e+00  1.474766e-01    INFEASIBLE             -      FATHOMED  1.140000e+01
    59    29 -4.880705e+00  1.474766e-01 -2.494191e+00  5.279606e-01      BRANCH 2  1.148000e+01
    60    30 -4.562359e+00  1.474766e-01 -1.322074e+00  2.614267e-01      BRANCH 2  1.156000e+01
    61    31 -4.562359e+00  1.474766e-01 -2.649832e+00  2.410195e-01      BRANCH 2  1.164000e+01
    62    32 -3.736708e+00  1.474766e-01 -1.257603e+00  1.474766e-01      BRANCH 0  1.198000e+01
    63    33 -3.736708e+00  1.474766e-01 -2.561796e+00  2.134022e-01      BRANCH 0  1.206000e+01
    64    34 -3.673395e+00  1.474766e-01    INFEASIBLE             -      FATHOMED  1.221000e+01
    65    33 -3.673395e+00  1.474766e-01 -5.611669e-01  1.624034e-01      BRANCH 2  1.229000e+01
    66    34 -3.641182e+00  1.474766e-01 -1.244695e+00  2.046416e-01      BRANCH 2  1.237000e+01
    67    35 -3.641182e+00  1.474766e-01 -2.386919e+00  1.474766e-01      BRANCH 1  1.272000e+01
    68    36 -3.017306e+00  1.474766e-01 -1.565034e+00  1.625701e-01      BRANCH 0  1.280000e+01
    69    37 -3.017306e+00  1.474766e-01 -1.466786e+00  1.474766e-01      BRANCH 2  1.317000e+01
    70    38 -2.972224e+00  1.474766e-01    INFEASIBLE             -      FATHOMED  1.332000e+01
    71    37 -2.972224e+00  1.474766e-01    INFEASIBLE             -      FATHOMED  1.352000e+01
    72    36 -2.785111e+00  1.474766e-01    INFEASIBLE             -      FATHOMED  1.368000e+01
    73    35 -2.785111e+00  1.474766e-01    INFEASIBLE             -      FATHOMED  1.372000e+01
    74    34 -2.649832e+00  1.474766e-01 -1.386149e+00  2.410195e-01      BRANCH 1  1.380000e+01
    75    35 -2.649832e+00  1.474766e-01    INFEASIBLE             -      FATHOMED  1.395000e+01
    76    34 -2.561796e+00  1.474766e-01 -4.577863e-01  2.801992e-01      BRANCH 2  1.402000e+01
    77    35 -2.561796e+00  1.474766e-01 -1.354739e+00  2.134022e-01      BRANCH 2  1.410000e+01
    78    36 -2.494191e+00  1.474766e-01    INFEASIBLE             -      FATHOMED  1.424000e+01
    79    35 -2.494191e+00  1.474766e-01    INFEASIBLE             -      FATHOMED  1.433000e+01
    80    34 -2.386919e+00  1.474766e-01 -4.313838e-01  1.474766e-01      BRANCH 2  1.441000e+01
    81    35 -2.386919e+00  1.474766e-01 -1.011664e+00  1.870687e-01      BRANCH 2  1.449000e+01
    82    36 -1.565034e+00  1.474766e-01 -1.125029e+00  2.426993e-01      BRANCH 2  1.456000e+01
    83    37 -1.565034e+00  1.474766e-01 -3.086126e-01  1.625701e-01      BRANCH 2  1.465000e+01
    84    38 -1.530233e+00  1.474766e-01 -2.375239e-01  1.474766e-01      BRANCH 2  1.480000e+01
    85    39 -1.530233e+00  1.474766e-01 -7.474370e-01  1.474766e-01      BRANCH 2  1.532000e+01
    86    40 -1.466786e+00  1.474766e-01 -6.393056e-01  1.769222e-01      BRANCH 0  1.540000e+01
    87    41 -1.466786e+00  1.474766e-01 -8.876520e-01  1.474766e-01      BRANCH 0  1.549000e+01
    88    42 -1.464091e+00  1.474766e-01 -9.040190e-01  2.933711e-01      BRANCH 0  1.556000e+01
    89    43 -1.464091e+00  1.474766e-01 -1.299847e+00  2.463619e-01      BRANCH 0  1.603000e+01
    90    44 -1.386149e+00  1.474766e-01 -2.268595e-01  2.410195e-01      BRANCH 2  1.611000e+01
    91    45 -1.386149e+00  1.474766e-01    INFEASIBLE             -      FATHOMED  1.621000e+01
    92    44 -1.354739e+00  1.474766e-01 -6.320038e-01  2.134022e-01      BRANCH 2  1.628000e+01
    93    45 -1.354739e+00  1.474766e-01    INFEASIBLE             -      FATHOMED  1.632000e+01
    94    44 -1.322074e+00  1.474766e-01 -4.452232e-01  2.618644e-01      BRANCH 1  1.639000e+01
    95    45 -1.322074e+00  1.474766e-01 -8.138325e-01  2.637891e-01      BRANCH 1  1.646000e+01
    96    46 -1.299847e+00  1.474766e-01    INFEASIBLE             -      FATHOMED  1.656000e+01
    97    45 -1.299847e+00  1.474766e-01 -7.038395e-01  2.463619e-01      BRANCH 1  1.701000e+01
    98    46 -1.257603e+00  1.474766e-01    INFEASIBLE             -      FATHOMED  1.721000e+01
    99    45 -1.257603e+00  1.474766e-01 -9.173126e-01  1.474766e-01      BRANCH 2  1.729000e+01
   100    46 -1.244695e+00  1.474766e-01 -4.736477e-01  1.628619e-01      BRANCH 2  1.738000e+01
   101    47 -1.244695e+00  1.474766e-01 -9.100219e-01  2.046416e-01      BRANCH 1  1.746000e+01
   102    48 -1.125029e+00  1.474766e-01 -7.806853e-01  2.426993e-01      BRANCH 1  1.780000e+01
   103    49 -1.125029e+00  1.474766e-01 -4.760289e-01  2.770349e-01      BRANCH 1  1.787000e+01
   104    50 -1.074920e+00  1.474766e-01 -4.489406e-01  1.474766e-01      BRANCH 2  1.832000e+01
   105    51 -1.074920e+00  1.474766e-01    INFEASIBLE             -      FATHOMED  1.836000e+01
   106    50 -1.011664e+00  1.474766e-01 -3.766257e-01  1.870687e-01      BRANCH 2  1.864000e+01
   107    51 -1.011664e+00  1.474766e-01    INFEASIBLE             -      FATHOMED  1.874000e+01
   108    50 -9.173126e-01  1.474766e-01 -3.616668e-01  1.474766e-01      BRANCH 1  1.882000e+01
   109    51 -9.173126e-01  1.474766e-01 -3.807780e-01  1.991639e-01      BRANCH 1  1.890000e+01
   110    52 -9.100219e-01  1.474766e-01    INFEASIBLE             -      FATHOMED  1.900000e+01
   111    51 -9.100219e-01  1.474766e-01 -3.556305e-01  2.051938e-01      BRANCH 2  1.908000e+01
   112    52 -9.040190e-01  1.474766e-01    INFEASIBLE             -      FATHOMED  1.918000e+01
   113    51 -9.040190e-01  1.474766e-01 -5.125813e-01  2.933711e-01      BRANCH 2  1.958000e+01
   114    52 -8.876520e-01  1.474766e-01  2.020021e-02  2.008477e-01      BRANCH 1  1.977000e+01
   115    53 -8.876520e-01  1.474766e-01 -6.644511e-01       FAILURE      BRANCH 1  2.070000e+01
   116    54 -8.138325e-01  1.474766e-01    INFEASIBLE             -      FATHOMED  2.084000e+01
   117    53 -8.138325e-01  1.474766e-01    INFEASIBLE             -      FATHOMED  2.094000e+01
   118    52 -7.806853e-01  1.474766e-01    INFEASIBLE             -      FATHOMED  2.114000e+01
   119    51 -7.806853e-01  1.474766e-01    INFEASIBLE             -      FATHOMED  2.123000e+01
   120    50 -7.474370e-01  1.474766e-01 -3.590896e-01  1.474766e-01      BRANCH 2  2.131000e+01
   121    51 -7.474370e-01  1.474766e-01 -1.634221e-01  1.844182e-01      BRANCH 1  2.139000e+01
   122    52 -7.278999e-01  1.474766e-01 -8.959075e-02  1.623919e-01      BRANCH 2  2.189000e+01
   123    53 -7.278999e-01  1.474766e-01 -7.336573e-02  1.474766e-01      BRANCH 2  2.198000e+01
   124    54 -7.038395e-01  1.474766e-01    INFEASIBLE             -      FATHOMED  2.212000e+01
   125    53 -7.038395e-01  1.474766e-01    INFEASIBLE             -      FATHOMED  2.222000e+01
   126    52 -6.644511e-01  1.474766e-01 -2.845446e-03  1.474766e-01      BRANCH 2  2.268000e+01
   127    53 -6.644511e-01  1.474766e-01 -3.899239e-01  1.653422e-01      BRANCH 2  2.308000e+01
   128    54 -6.393056e-01  1.474766e-01    INFEASIBLE             -      FATHOMED  2.324000e+01
   129    53 -6.393056e-01  1.474766e-01 -1.827249e-01  1.769222e-01      BRANCH 1  2.369000e+01
   130    54 -6.320038e-01  1.474766e-01 -2.478081e-01  2.134022e-01      BRANCH 0  2.376000e+01
   131    55 -6.320038e-01  1.474766e-01    INFEASIBLE             -      FATHOMED  2.386000e+01
   132    54 -5.611669e-01  1.474766e-01 -2.463229e-01  1.624034e-01      BRANCH 1  2.394000e+01
   133    55 -5.611669e-01  1.474766e-01 -1.851487e-01  1.838443e-01      BRANCH 2  2.401000e+01
   134    56 -5.125813e-01  1.474766e-01    INFEASIBLE             -      FATHOMED  2.412000e+01
   135    55 -5.125813e-01  1.474766e-01 -2.254374e-01  2.933711e-01      BRANCH 1  2.451000e+01
   136    56 -4.760289e-01  1.474766e-01    INFEASIBLE             -      FATHOMED  2.466000e+01
   137    55 -4.760289e-01  1.474766e-01    INFEASIBLE             -      FATHOMED  2.470000e+01
   138    54 -4.736477e-01  1.474766e-01 -1.301913e-01  1.628619e-01      BRANCH 1  2.478000e+01
   139    55 -4.736477e-01  1.474766e-01 -1.995554e-01  2.916695e-01      BRANCH 1  2.486000e+01
   140    56 -4.577863e-01  1.474766e-01    INFEASIBLE             -      FATHOMED  2.496000e+01
   141    55 -4.577863e-01  1.474766e-01    INFEASIBLE             -      FATHOMED  2.505000e+01
   142    54 -4.489406e-01  1.474766e-01 -1.304961e-01  1.474766e-01      BRANCH 1  2.554000e+01
   143    55 -4.489406e-01  1.474766e-01    INFEASIBLE             -      FATHOMED  2.557000e+01
   144    54 -4.479670e-01  1.474766e-01    INFEASIBLE             -      FATHOMED  2.573000e+01
   145    53 -4.479670e-01  1.474766e-01  1.474750e-01             -      FATHOMED  2.594000e+01
   146    52 -4.452232e-01  1.474766e-01    INFEASIBLE             -      FATHOMED  2.598000e+01
   147    51 -4.452232e-01  1.474766e-01    INFEASIBLE             -      FATHOMED  2.607000e+01
   148    50 -4.313838e-01  1.474766e-01 -1.436856e-01  1.557875e-01      BRANCH 2  2.615000e+01
   149    51 -4.313838e-01  1.474766e-01 -1.585293e-01  1.474766e-01      BRANCH 1  2.662000e+01
   150    52 -3.899239e-01  1.474766e-01 -1.906927e-01  1.653422e-01      BRANCH 1  2.670000e+01
   151    53 -3.899239e-01  1.474766e-01 -1.276305e-01  1.680270e-01      BRANCH 1  2.678000e+01
   152    54 -3.807780e-01  1.474766e-01    INFEASIBLE             -      FATHOMED  2.693000e+01
   153    53 -3.807780e-01  1.474766e-01    INFEASIBLE             -      FATHOMED  2.702000e+01
   154    52 -3.766257e-01  1.474766e-01    INFEASIBLE             -      FATHOMED  2.718000e+01
   155    51 -3.766257e-01  1.474766e-01    INFEASIBLE             -      FATHOMED  2.728000e+01
   156    50 -3.616668e-01  1.474766e-01 -7.199566e-02  1.474766e-01      BRANCH 0  2.765000e+01
   157    51 -3.616668e-01  1.474766e-01 -1.400916e-01  1.630132e-01      BRANCH 0  2.773000e+01
   158    52 -3.590896e-01  1.474766e-01 -1.772715e-01  1.474766e-01      BRANCH 1  2.781000e+01
   159    53 -3.590896e-01  1.474766e-01 -1.302423e-01  1.608591e-01      BRANCH 1  2.811000e+01
   160    54 -3.556305e-01  1.474766e-01    INFEASIBLE             -      FATHOMED  2.826000e+01
   161    53 -3.556305e-01  1.474766e-01    INFEASIBLE             -      FATHOMED  2.841000e+01
   162    52 -3.086126e-01  1.474766e-01 -5.548259e-02  1.625701e-01      BRANCH 1  2.849000e+01
   163    53 -3.086126e-01  1.474766e-01 -2.500270e-02       FAILURE      BRANCH 1  2.888000e+01
   164    54 -2.478081e-01  1.474766e-01    INFEASIBLE             -      FATHOMED  2.898000e+01
   165    53 -2.478081e-01  1.474766e-01    INFEASIBLE             -      FATHOMED  2.907000e+01
   166    52 -2.463229e-01  1.474766e-01    INFEASIBLE             -      FATHOMED  2.922000e+01
   167    51 -2.463229e-01  1.474766e-01  1.326346e-01  1.646460e-01      BRANCH 2  2.947000e+01
   168    52 -2.375239e-01  1.474766e-01  1.052223e-01  1.474766e-01      BRANCH 2  2.989000e+01
   169    53 -2.375239e-01  1.474766e-01 -1.691261e-01  1.605613e-01      BRANCH 2  2.996000e+01
   170    54 -2.268595e-01  1.474766e-01    INFEASIBLE             -      FATHOMED  3.011000e+01
   171    53 -2.268595e-01  1.474766e-01    INFEASIBLE             -      FATHOMED  3.020000e+01
   172    52 -2.254374e-01  1.474766e-01    INFEASIBLE             -      FATHOMED  3.024000e+01
   173    51 -2.254374e-01  1.474766e-01    INFEASIBLE             -      FATHOMED  3.032000e+01
   174    50 -1.995554e-01  1.474766e-01    INFEASIBLE             -      FATHOMED  3.036000e+01
   175    49 -1.995554e-01  1.474766e-01    INFEASIBLE             -      FATHOMED  3.045000e+01
   176    48 -1.906927e-01  1.474766e-01  6.397663e-03  1.653422e-01      BRANCH 0  3.053000e+01
   177    49 -1.906927e-01  1.474766e-01    INFEASIBLE             -      FATHOMED  3.074000e+01
   178    48 -1.851487e-01  1.474766e-01 -3.860604e-02  1.838443e-01      BRANCH 1  3.082000e+01
   179    49 -1.851487e-01  1.474766e-01  1.876429e-02  2.077221e-01      BRANCH 1  3.090000e+01
   180    50 -1.827249e-01  1.474766e-01    INFEASIBLE             -      FATHOMED  3.099000e+01
   181    49 -1.827249e-01  1.474766e-01 -8.233275e-02  1.779456e-01      BRANCH 2  3.107000e+01
   182    50 -1.820798e-01  1.474766e-01    INFEASIBLE             -      FATHOMED  3.110000e+01
   183    49 -1.820798e-01  1.474766e-01    INFEASIBLE             -      FATHOMED  3.114000e+01
   184    48 -1.772715e-01  1.474766e-01  1.344220e-02  1.524912e-01      BRANCH 0  3.146000e+01
   185    49 -1.772715e-01  1.474766e-01 -4.554774e-02  1.474766e-01      BRANCH 0  3.179000e+01
   186    50 -1.691261e-01  1.474766e-01  2.663865e-02  1.605613e-01      BRANCH 1  3.191000e+01
   187    51 -1.691261e-01  1.474766e-01 -7.567600e-02  1.971873e-01      BRANCH 1  3.198000e+01
   188    52 -1.634221e-01  1.474766e-01    INFEASIBLE             -      FATHOMED  3.208000e+01
   189    51 -1.634221e-01  1.474766e-01    INFEASIBLE             -      FATHOMED  3.212000e+01
   190    50 -1.585293e-01  1.474766e-01  7.692737e-02  1.474766e-01      BRANCH 2  3.225000e+01
   191    51 -1.585293e-01  1.474766e-01  1.421237e-01  1.525396e-01      BRANCH 2  3.252000e+01
   192    52 -1.490692e-01  1.474766e-01    INFEASIBLE             -      FATHOMED  3.256000e+01
   193    51 -1.490692e-01  1.474766e-01    INFEASIBLE             -      FATHOMED  3.260000e+01
   194    50 -1.436856e-01  1.474766e-01  5.298430e-03  1.691382e-01      BRANCH 1  3.268000e+01
   195    51 -1.436856e-01  1.474766e-01 -2.984510e-02  1.557875e-01      BRANCH 1  3.275000e+01
   196    52 -1.400916e-01  1.474766e-01  5.458639e-02  1.674410e-01      BRANCH 2  3.283000e+01
   197    53 -1.400916e-01  1.474766e-01    INFEASIBLE             -      FATHOMED  3.298000e+01
   198    52 -1.304961e-01  1.474766e-01  1.460871e-01  1.474766e-01      BRANCH 2  3.356000e+01
   199    53 -1.304961e-01  1.474766e-01    INFEASIBLE             -      FATHOMED  3.360000e+01
   200    52 -1.302423e-01  1.474766e-01  6.749639e-02  1.608860e-01      BRANCH 0  3.368000e+01
   201    53 -1.302423e-01  1.474766e-01    INFEASIBLE             -      FATHOMED  3.390000e+01
   202    52 -1.301913e-01  1.474766e-01    INFEASIBLE             -      FATHOMED  3.401000e+01
   203    51 -1.301913e-01  1.474766e-01    INFEASIBLE             -      FATHOMED  3.404000e+01
   204    50 -1.276305e-01  1.474766e-01    INFEASIBLE             -      FATHOMED  3.424000e+01
   205    49 -1.276305e-01  1.474766e-01    INFEASIBLE             -      FATHOMED  3.434000e+01
   206    48 -8.959075e-02  1.474766e-01  4.973739e-03  1.623919e-01      BRANCH 1  3.481000e+01
   207    49 -8.959075e-02  1.474766e-01    INFEASIBLE             -      FATHOMED  3.491000e+01
   208    48 -8.233275e-02  1.474766e-01  6.744057e-02  2.115193e-01      BRANCH 1  3.499000e+01
   209    49 -8.233275e-02  1.474766e-01 -5.921327e-02  1.779456e-01      BRANCH 1  3.507000e+01
   210    50 -7.567600e-02  1.474766e-01    INFEASIBLE             -      FATHOMED  3.516000e+01
   211    49 -7.567600e-02  1.474766e-01    INFEASIBLE             -      FATHOMED  3.525000e+01
   212    48 -7.336573e-02  1.474766e-01    INFEASIBLE             -      FATHOMED  3.535000e+01
   213    47 -7.336573e-02  1.474766e-01 -2.164430e-02  1.474766e-01      BRANCH 1  3.545000e+01
   214    48 -7.199566e-02  1.474766e-01    INFEASIBLE             -      FATHOMED  3.560000e+01
   215    47 -7.199566e-02  1.474766e-01 -2.023131e-03  1.474766e-01      BRANCH 2  3.592000e+01
   216    48 -5.921327e-02  1.474766e-01    INFEASIBLE             -      FATHOMED  3.607000e+01
   217    47 -5.921327e-02  1.474766e-01    INFEASIBLE             -      FATHOMED  3.622000e+01
   218    46 -5.548259e-02  1.474766e-01  4.823930e-03  1.625701e-01      BRANCH 0  3.629000e+01
   219    47 -5.548259e-02  1.474766e-01    INFEASIBLE             -      FATHOMED  3.639000e+01
   220    46 -4.554774e-02  1.474766e-01  7.064577e-02  1.474766e-01      BRANCH 2  3.647000e+01
   221    47 -4.554774e-02  1.474766e-01  1.461732e-01  1.556434e-01      BRANCH 2  3.673000e+01
   222    48 -3.860604e-02  1.474766e-01    INFEASIBLE             -      FATHOMED  3.683000e+01
   223    47 -3.860604e-02  1.474766e-01    INFEASIBLE             -      FATHOMED  3.693000e+01
   224    46 -2.984510e-02  1.474766e-01    INFEASIBLE             -      FATHOMED  3.708000e+01
   225    45 -2.984510e-02  1.474766e-01  1.432332e-01  1.585477e-01      BRANCH 1  3.732000e+01
   226    46 -2.500270e-02  1.474766e-01    INFEASIBLE             -      FATHOMED  3.741000e+01
   227    45 -2.500270e-02  1.474766e-01    INFEASIBLE             -      FATHOMED  3.745000e+01
   228    44 -2.164430e-02  1.474766e-01  1.461044e-01  1.556054e-01      BRANCH 2  3.770000e+01
   229    45 -2.164430e-02  1.474766e-01  2.902124e-02  1.474766e-01      BRANCH 2  3.778000e+01
   230    46 -2.845446e-03  1.474766e-01  7.814622e-02  1.517171e-01      BRANCH 1  3.825000e+01
   231    47 -2.845446e-03  1.474766e-01  8.688250e-03  1.474766e-01      BRANCH 1  3.833000e+01
   232    48 -2.023131e-03  1.474766e-01  6.411818e-02  1.474766e-01      BRANCH 1  3.842000e+01
   233    49 -2.023131e-03  1.474766e-01  9.639210e-02  1.596329e-01      BRANCH 1  3.850000e+01
   234    50  4.823930e-03  1.474766e-01    INFEASIBLE             -      FATHOMED  3.865000e+01
   235    49  4.823930e-03  1.474766e-01    INFEASIBLE             -      FATHOMED  3.880000e+01
   236    48  4.973739e-03  1.474766e-01  2.397364e-02  1.668104e-01      BRANCH 2  3.927000e+01
   237    49  4.973739e-03  1.474766e-01    INFEASIBLE             -      FATHOMED  3.937000e+01
   238    48  5.298430e-03  1.474766e-01    INFEASIBLE             -      FATHOMED  3.946000e+01
   239    47  5.298430e-03  1.474766e-01    INFEASIBLE             -      FATHOMED  3.962000e+01
   240    46  6.397663e-03  1.474766e-01  1.123562e-01  1.669609e-01      BRANCH 2  3.969000e+01
   241    47  6.397663e-03  1.474766e-01  8.696876e-02  1.653422e-01      BRANCH 2  3.977000e+01
   242    48  8.688250e-03  1.474766e-01  1.105226e-01  1.474766e-01      BRANCH 0  4.023000e+01
   243    49  8.688250e-03  1.474766e-01  5.249015e-02  1.518289e-01      BRANCH 0  4.031000e+01
   244    50  1.344220e-02  1.474766e-01  1.040926e-01  1.524912e-01      BRANCH 2  4.072000e+01
   245    51  1.344220e-02  1.474766e-01  9.315759e-02  1.618264e-01      BRANCH 2  4.080000e+01
   246    52  1.876429e-02  1.474766e-01    INFEASIBLE             -      FATHOMED  4.090000e+01
   247    51  1.876429e-02  1.474766e-01    INFEASIBLE             -      FATHOMED  4.094000e+01
   248    50  2.020021e-02  1.474766e-01    INFEASIBLE             -      FATHOMED  4.098000e+01
   249    49  2.020021e-02  1.474766e-01    INFEASIBLE             -      FATHOMED  4.113000e+01
   250    48  2.397364e-02  1.474766e-01  5.023542e-02  1.668104e-01      BRANCH 0  4.173000e+01
   251    49  2.397364e-02  1.474766e-01    INFEASIBLE             -      FATHOMED  4.189000e+01
   252    48  2.663865e-02  1.474766e-01    INFEASIBLE             -      FATHOMED  4.199000e+01
   253    47  2.663865e-02  1.474766e-01  7.102685e-02  1.609423e-01      BRANCH 0  4.208000e+01
   254    48  2.902124e-02  1.474766e-01    INFEASIBLE             -      FATHOMED  4.230000e+01
   255    47  2.902124e-02  1.474766e-01  8.307505e-02  1.474766e-01      BRANCH 0  4.238000e+01
   256    48  5.023542e-02  1.474766e-01    INFEASIBLE             -      FATHOMED  4.253000e+01
   257    47  5.023542e-02  1.474766e-01    INFEASIBLE             -      FATHOMED  4.262000e+01
   258    46  5.249015e-02  1.474766e-01    INFEASIBLE             -      FATHOMED  4.278000e+01
   259    45  5.249015e-02  1.474766e-01  1.037169e-01  1.518289e-01      BRANCH 2  4.287000e+01
   260    46  5.458639e-02  1.474766e-01    INFEASIBLE             -      FATHOMED  4.297000e+01
   261    45  5.458639e-02  1.474766e-01    INFEASIBLE             -      FATHOMED  4.300000e+01
   262    44  6.411818e-02  1.474766e-01  1.056603e-01  1.474766e-01      BRANCH 2  4.324000e+01
   263    45  6.411818e-02  1.474766e-01  1.101654e-01  1.512109e-01      BRANCH 0  4.332000e+01
   264    46  6.744057e-02  1.474766e-01    INFEASIBLE             -      FATHOMED  4.335000e+01
   265    45  6.744057e-02  1.474766e-01    INFEASIBLE             -      FATHOMED  4.339000e+01
   266    44  6.749639e-02  1.474766e-01    INFEASIBLE             -      FATHOMED  4.349000e+01
   267    43  6.749639e-02  1.474766e-01    INFEASIBLE             -      FATHOMED  4.359000e+01
   268    42  7.064577e-02  1.474766e-01  1.035468e-01  1.474766e-01      BRANCH 1  4.366000e+01
   269    43  7.064577e-02  1.474766e-01  1.131649e-01  1.506589e-01      BRANCH 1  4.404000e+01
   270    44  7.102685e-02  1.474766e-01    INFEASIBLE             -      FATHOMED  4.408000e+01
   271    43  7.102685e-02  1.474766e-01    INFEASIBLE             -      FATHOMED  4.423000e+01
   272    42  7.692737e-02  1.474766e-01  1.199130e-01  1.486687e-01      BRANCH 2  4.437000e+01
   273    43  7.692737e-02  1.474766e-01  1.354471e-01  1.474766e-01      BRANCH 1  4.459000e+01
   274    44  7.814622e-02  1.474766e-01  1.394893e-01  1.517171e-01      BRANCH 1  4.483000e+01
   275    45  7.814622e-02  1.474766e-01  9.720012e-02  1.543389e-01      BRANCH 2  4.491000e+01
   276    46  8.307505e-02  1.474766e-01  1.301142e-01  1.474766e-01      BRANCH 1  4.501000e+01
   277    47  8.307505e-02  1.474766e-01    INFEASIBLE             -      FATHOMED  4.515000e+01
   278    46  8.696876e-02  1.474766e-01    INFEASIBLE             -      FATHOMED  4.525000e+01
   279    45  8.696876e-02  1.474766e-01    INFEASIBLE             -      FATHOMED  4.529000e+01
   280    44  9.315759e-02  1.474766e-01    INFEASIBLE             -      FATHOMED  4.539000e+01
   281    43  9.315759e-02  1.474766e-01    INFEASIBLE             -      FATHOMED  4.547000e+01
   282    42  9.639210e-02  1.474766e-01    INFEASIBLE             -      FATHOMED  4.557000e+01
   283    41  9.639210e-02  1.474766e-01    INFEASIBLE             -      FATHOMED  4.561000e+01
   284    40  9.720012e-02  1.474766e-01    INFEASIBLE             -      FATHOMED  4.571000e+01
   285    39  9.720012e-02  1.474766e-01  1.106896e-01  1.543389e-01      BRANCH 0  4.578000e+01
   286    40  1.035468e-01  1.474766e-01  1.273917e-01  1.487185e-01      BRANCH 2  4.585000e+01
   287    41  1.035468e-01  1.474766e-01  1.245141e-01  1.474766e-01      BRANCH 2  4.594000e+01
   288    42  1.037169e-01  1.474766e-01  1.207871e-01  1.518289e-01      BRANCH 1  4.614000e+01
   289    43  1.037169e-01  1.474766e-01    INFEASIBLE             -      FATHOMED  4.623000e+01
   290    42  1.040926e-01  1.474766e-01    INFEASIBLE             -      FATHOMED  4.639000e+01
   291    41  1.040926e-01  1.474766e-01  1.136517e-01  1.525223e-01      BRANCH 1  4.647000e+01
   292    42  1.052223e-01  1.474766e-01  1.361598e-01  1.474766e-01      BRANCH 1  4.691000e+01
   293    43  1.052223e-01  1.474766e-01  1.141086e-01  1.505977e-01      BRANCH 1  4.698000e+01
   294    44  1.056603e-01  1.474766e-01  1.243181e-01  1.474766e-01      BRANCH 0  4.739000e+01
   295    45  1.056603e-01  1.474766e-01  1.245952e-01  1.504308e-01      BRANCH 0  4.746000e+01
   296    46  1.101654e-01  1.474766e-01    INFEASIBLE             -      FATHOMED  4.761000e+01
   297    45  1.101654e-01  1.474766e-01    INFEASIBLE             -      FATHOMED  4.765000e+01
   298    44  1.105226e-01  1.474766e-01  1.456267e-01  1.505947e-01      BRANCH 2  4.790000e+01
   299    45  1.105226e-01  1.474766e-01  1.172494e-01  1.474766e-01      BRANCH 1  4.800000e+01
   300    46  1.106896e-01  1.474766e-01    INFEASIBLE             -      FATHOMED  4.804000e+01
   301    45  1.106896e-01  1.474766e-01    INFEASIBLE             -      FATHOMED  4.818000e+01
   302    44  1.123562e-01  1.474766e-01    INFEASIBLE             -      FATHOMED  4.822000e+01
   303    43  1.123562e-01  1.474766e-01    INFEASIBLE             -      FATHOMED  4.832000e+01
   304    42  1.131649e-01  1.474766e-01  1.312992e-01  1.506589e-01      BRANCH 2  4.866000e+01
   305    43  1.131649e-01  1.474766e-01    INFEASIBLE             -      FATHOMED  4.870000e+01
   306    42  1.136517e-01  1.474766e-01    INFEASIBLE             -      FATHOMED  4.879000e+01
   307    41  1.136517e-01  1.474766e-01    INFEASIBLE             -      FATHOMED  4.900000e+01
   308    40  1.141086e-01  1.474766e-01    INFEASIBLE             -      FATHOMED  4.904000e+01
   309    39  1.141086e-01  1.474766e-01  1.249841e-01  1.506463e-01      BRANCH 2  4.912000e+01
   310    40  1.172494e-01  1.474766e-01  1.371072e-01  1.474766e-01      BRANCH 2  4.956000e+01
   311    41  1.172494e-01  1.474766e-01  1.293200e-01  1.485577e-01      BRANCH 2  4.964000e+01
   312    42  1.199130e-01  1.474766e-01    INFEASIBLE             -      FATHOMED  4.985000e+01
   313    41  1.199130e-01  1.474766e-01  1.379513e-01  1.486687e-01      BRANCH 1  4.998000e+01
   314    42  1.207871e-01  1.474766e-01  1.343234e-01  1.518289e-01      BRANCH 0  5.037000e+01
   315    43  1.207871e-01  1.474766e-01    INFEASIBLE             -      FATHOMED  5.041000e+01
   316    42  1.243181e-01  1.474766e-01    INFEASIBLE             -      FATHOMED  5.050000e+01
   317    41  1.243181e-01  1.474766e-01  1.325531e-01  1.474766e-01      BRANCH 1  5.057000e+01
   318    42  1.245141e-01  1.474766e-01  1.331551e-01  1.474766e-01      BRANCH 0  5.066000e+01
   319    43  1.245141e-01  1.474766e-01  1.407950e-01  1.482561e-01      BRANCH 1  5.094000e+01
   320    44  1.245952e-01  1.474766e-01    INFEASIBLE             -      FATHOMED  5.102000e+01
   321    43  1.245952e-01  1.474766e-01    INFEASIBLE             -      FATHOMED  5.111000e+01
   322    42  1.249841e-01  1.474766e-01    INFEASIBLE             -      FATHOMED  5.126000e+01
   323    41  1.249841e-01  1.474766e-01    INFEASIBLE             -      FATHOMED  5.136000e+01
   324    40  1.273917e-01  1.474766e-01  1.391568e-01  1.487185e-01      BRANCH 0  5.162000e+01
   325    41  1.273917e-01  1.474766e-01  1.341875e-01  1.487240e-01      BRANCH 0  5.169000e+01
   326    42  1.293200e-01  1.474766e-01  1.386110e-01  1.487088e-01      BRANCH 2  5.210000e+01
   327    43  1.293200e-01  1.474766e-01  1.391822e-01  1.485577e-01      BRANCH 0  5.218000e+01
   328    44  1.301142e-01  1.474766e-01    INFEASIBLE             -      FATHOMED  5.228000e+01
   329    43  1.301142e-01  1.474766e-01  1.347646e-01  1.474766e-01      BRANCH 2  5.271000e+01
   330    44  1.312992e-01  1.474766e-01  1.382630e-01  1.506589e-01      BRANCH 0  5.280000e+01
   331    45  1.312992e-01  1.474766e-01    INFEASIBLE             -      FATHOMED  5.289000e+01
   332    44  1.325531e-01  1.474766e-01  1.389805e-01  1.474766e-01      BRANCH 2  5.321000e+01
   333    45  1.325531e-01  1.474766e-01    INFEASIBLE             -      FATHOMED  5.341000e+01
   334    44  1.326346e-01  1.474766e-01    INFEASIBLE             -      FATHOMED  5.344000e+01
   335    43  1.326346e-01  1.474766e-01    INFEASIBLE             -      FATHOMED  5.348000e+01
   336    42  1.331551e-01  1.474766e-01  1.385123e-01  1.474766e-01      BRANCH 1  5.359000e+01
   337    43  1.331551e-01  1.474766e-01    INFEASIBLE             -      FATHOMED  5.369000e+01
   338    42  1.341875e-01  1.474766e-01    INFEASIBLE             -      FATHOMED  5.389000e+01
   339    41  1.341875e-01  1.474766e-01    INFEASIBLE             -      FATHOMED  5.403000e+01
   340    40  1.343234e-01  1.474766e-01    INFEASIBLE             -      FATHOMED  5.412000e+01
   341    39  1.343234e-01  1.474766e-01    INFEASIBLE             -      FATHOMED  5.421000e+01
   342    38  1.347646e-01  1.474766e-01    INFEASIBLE             -      FATHOMED  5.437000e+01
   343    37  1.347646e-01  1.474766e-01  1.390273e-01  1.474766e-01      BRANCH 0  5.449000e+01
   344    38  1.354471e-01  1.474766e-01  1.429044e-01  1.474766e-01      BRANCH 2  5.463000e+01
   345    39  1.354471e-01  1.474766e-01    INFEASIBLE             -      FATHOMED  5.478000e+01
   346    38  1.361598e-01  1.474766e-01    INFEASIBLE             -      FATHOMED  5.487000e+01
   347    37  1.361598e-01  1.474766e-01  1.385176e-01  1.474766e-01      BRANCH 2  5.519000e+01
   348    38  1.371072e-01  1.474766e-01    INFEASIBLE             -      FATHOMED  5.540000e+01
   349    37  1.371072e-01  1.474766e-01  1.387622e-01  1.474766e-01      BRANCH 1  5.620000e+01
   350    38  1.379513e-01  1.474766e-01    INFEASIBLE             -      FATHOMED  5.635000e+01
   351    37  1.379513e-01  1.474766e-01    INFEASIBLE             -      FATHOMED  5.645000e+01
   352    36  1.382630e-01  1.474766e-01    INFEASIBLE             -      FATHOMED  5.654000e+01
   353    35  1.382630e-01  1.474766e-01    INFEASIBLE             -      FATHOMED  5.658000e+01
   354    34  1.385123e-01  1.474766e-01  1.431805e-01  1.477862e-01      BRANCH 2  5.666000e+01
   355    35  1.385123e-01  1.474766e-01  1.431179e-01  1.474766e-01      BRANCH 2  5.674000e+01
   356    36  1.385176e-01  1.474766e-01  1.457783e-01  1.474766e-01      BRANCH 2  5.729000e+01
   357    37  1.385176e-01  1.474766e-01  1.414269e-01  1.479053e-01      BRANCH 2  5.737000e+01
   358    38  1.386110e-01  1.474766e-01    INFEASIBLE             -      FATHOMED  5.752000e+01
   359    37  1.386110e-01  1.474766e-01  1.422442e-01  1.487315e-01      BRANCH 1  5.759000e+01
   360    38  1.387622e-01  1.474766e-01  1.446307e-01  1.474766e-01      BRANCH 2  5.790000e+01
   361    39  1.387622e-01  1.474766e-01  1.418628e-01  1.477466e-01      BRANCH 2  5.798000e+01
   362    40  1.389805e-01  1.474766e-01  1.423884e-01  1.474766e-01      BRANCH 0  5.843000e+01
   363    41  1.389805e-01  1.474766e-01    INFEASIBLE             -      FATHOMED  5.862000e+01
   364    40  1.390273e-01  1.474766e-01  1.436954e-01  1.474766e-01      BRANCH 1  5.911000e+01
   365    41  1.390273e-01  1.474766e-01    INFEASIBLE             -      FATHOMED  5.921000e+01
   366    40  1.391568e-01  1.474766e-01    INFEASIBLE             -      FATHOMED  5.925000e+01
   367    39  1.391568e-01  1.474766e-01    INFEASIBLE             -      FATHOMED  5.934000e+01
   368    38  1.391822e-01  1.474766e-01  1.435284e-01  1.486151e-01      BRANCH 2  5.941000e+01
   369    39  1.391822e-01  1.474766e-01    INFEASIBLE             -      FATHOMED  5.950000e+01
   370    38  1.394893e-01  1.474766e-01    INFEASIBLE             -      FATHOMED  5.954000e+01
   371    37  1.394893e-01  1.474766e-01    INFEASIBLE             -      FATHOMED  5.964000e+01
   372    36  1.407950e-01  1.474766e-01    INFEASIBLE             -      FATHOMED  5.984000e+01
   373    35  1.407950e-01  1.474766e-01    INFEASIBLE             -      FATHOMED  5.993000e+01
   374    34  1.414269e-01  1.474766e-01  1.467422e-01             -      FATHOMED  6.013000e+01
   375    33  1.414269e-01  1.474766e-01    INFEASIBLE             -      FATHOMED  6.023000e+01
   376    32  1.418628e-01  1.474766e-01  1.444902e-01  1.477538e-01      BRANCH 0  6.031000e+01
   377    33  1.418628e-01  1.474766e-01  1.442811e-01  1.477466e-01      BRANCH 0  6.038000e+01
   378    34  1.421237e-01  1.474766e-01    INFEASIBLE             -      FATHOMED  6.042000e+01
   379    33  1.421237e-01  1.474766e-01    INFEASIBLE             -      FATHOMED  6.046000e+01
   380    32  1.422442e-01  1.474766e-01    INFEASIBLE             -      FATHOMED  6.055000e+01
   381    31  1.422442e-01  1.474766e-01    INFEASIBLE             -      FATHOMED  6.059000e+01
   382    30  1.423884e-01  1.474766e-01    INFEASIBLE             -      FATHOMED  6.068000e+01
   383    29  1.423884e-01  1.474766e-01  1.446004e-01  1.474766e-01      BRANCH 1  6.079000e+01
   384    30  1.429044e-01  1.474766e-01  1.454142e-01  1.476459e-01      BRANCH 2  6.094000e+01
   385    31  1.429044e-01  1.474766e-01  1.465587e-01             -      FATHOMED  6.110000e+01
   386    30  1.431179e-01  1.474766e-01  1.445031e-01  1.474766e-01      BRANCH 1  6.158000e+01
   387    31  1.431179e-01  1.474766e-01  1.463639e-01  1.476697e-01      BRANCH 1  6.172000e+01
   388    32  1.431805e-01  1.474766e-01  1.457200e-01  1.477862e-01      BRANCH 0  6.179000e+01
   389    33  1.431805e-01  1.474766e-01  1.447327e-01  1.477874e-01      BRANCH 0  6.186000e+01
   390    34  1.432332e-01  1.474766e-01    INFEASIBLE             -      FATHOMED  6.190000e+01
   391    33  1.432332e-01  1.474766e-01    INFEASIBLE             -      FATHOMED  6.194000e+01
   392    32  1.435284e-01  1.474766e-01    INFEASIBLE             -      FATHOMED  6.203000e+01
   393    31  1.435284e-01  1.474766e-01    INFEASIBLE             -      FATHOMED  6.212000e+01
   394    30  1.436954e-01  1.474766e-01    INFEASIBLE             -      FATHOMED  6.221000e+01
   395    29  1.436954e-01  1.474766e-01  1.448140e-01  1.474766e-01      BRANCH 2  6.230000e+01
   396    30  1.442811e-01  1.474766e-01    INFEASIBLE             -      FATHOMED  6.244000e+01
   397    29  1.442811e-01  1.474766e-01    INFEASIBLE             -      FATHOMED  6.262000e+01
   398    28  1.444902e-01  1.474766e-01    INFEASIBLE             -      FATHOMED  6.270000e+01
   399    27  1.444902e-01  1.474766e-01  1.459414e-01  1.477573e-01      BRANCH 1  6.278000e+01
   400    28  1.445031e-01  1.474766e-01  1.458026e-01  1.475539e-01      BRANCH 0  6.286000e+01
   401    29  1.445031e-01  1.474766e-01  1.464625e-01  1.474766e-01      BRANCH 2  6.329000e+01
   402    30  1.446004e-01  1.474766e-01  1.457234e-01  1.474766e-01      BRANCH 2  6.370000e+01
   403    31  1.446004e-01  1.474766e-01    INFEASIBLE             -      FATHOMED  6.384000e+01
   404    30  1.446307e-01  1.474766e-01  1.464183e-01  1.475772e-01      BRANCH 1  6.421000e+01
   405    31  1.446307e-01  1.474766e-01  1.453840e-01  1.474766e-01      BRANCH 1  6.429000e+01
   406    32  1.447327e-01  1.474766e-01    INFEASIBLE             -      FATHOMED  6.448000e+01
   407    31  1.447327e-01  1.474766e-01    INFEASIBLE             -      FATHOMED  6.461000e+01
   408    30  1.448140e-01  1.474766e-01    INFEASIBLE             -      FATHOMED  6.475000e+01
   409    29  1.448140e-01  1.474766e-01  1.456664e-01  1.474766e-01      BRANCH 0  6.484000e+01
   410    30  1.453840e-01  1.474766e-01  1.467887e-01             -      FATHOMED  6.494000e+01
   411    29  1.453840e-01  1.474766e-01  1.462355e-01  1.475441e-01      BRANCH 0  6.501000e+01
   412    30  1.454142e-01  1.474766e-01    INFEASIBLE             -      FATHOMED  6.510000e+01
   413    29  1.454142e-01  1.474766e-01  1.463667e-01  1.476459e-01      BRANCH 1  6.544000e+01
   414    30  1.456267e-01  1.474766e-01    INFEASIBLE             -      FATHOMED  6.548000e+01
   415    29  1.456267e-01  1.474766e-01    INFEASIBLE             -      FATHOMED  6.552000e+01
   416    28  1.456664e-01  1.474766e-01  1.466511e-01             -      FATHOMED  6.557000e+01
   417    27  1.456664e-01  1.474766e-01    INFEASIBLE             -      FATHOMED  6.570000e+01
   418    26  1.457200e-01  1.474766e-01    INFEASIBLE             -      FATHOMED  6.574000e+01
   419    25  1.457200e-01  1.474766e-01    INFEASIBLE             -      FATHOMED  6.583000e+01
   420    24  1.457234e-01  1.474766e-01  1.463573e-01  1.474766e-01      BRANCH 0  6.637000e+01
   421    25  1.457234e-01  1.474766e-01    INFEASIBLE             -      FATHOMED  6.650000e+01
   422    24  1.457783e-01  1.474766e-01  1.471883e-01             -      FATHOMED  6.659000e+01
   423    23  1.457783e-01  1.474766e-01  1.462419e-01  1.475364e-01      BRANCH 1  6.666000e+01
   424    24  1.458026e-01  1.474766e-01  1.466707e-01             -      FATHOMED  6.671000e+01
   425    23  1.458026e-01  1.474766e-01    INFEASIBLE             -      FATHOMED  6.685000e+01
   426    22  1.459414e-01  1.474766e-01    INFEASIBLE             -      FATHOMED  6.699000e+01
   427    21  1.459414e-01  1.474766e-01    INFEASIBLE             -      FATHOMED  6.708000e+01
   428    20  1.460871e-01  1.474766e-01  1.474764e-01             -      FATHOMED  6.725000e+01
   429    19  1.460871e-01  1.474766e-01    INFEASIBLE             -      FATHOMED  6.729000e+01
   430    18  1.461044e-01  1.474766e-01    INFEASIBLE             -      FATHOMED  6.732000e+01
   431    17  1.461044e-01  1.474766e-01    INFEASIBLE             -      FATHOMED  6.735000e+01
   432    16  1.461732e-01  1.474766e-01    INFEASIBLE             -      FATHOMED  6.739000e+01
   433    15  1.461732e-01  1.474766e-01    INFEASIBLE             -      FATHOMED  6.742000e+01
   434    14  1.462355e-01  1.474766e-01    INFEASIBLE             -      FATHOMED  6.752000e+01
   435    13  1.462355e-01  1.474766e-01  1.469146e-01             -      FATHOMED  6.757000e+01
   436    12  1.462419e-01  1.474766e-01    INFEASIBLE             -      FATHOMED  6.765000e+01
   437    11  1.462419e-01  1.474766e-01  1.467275e-01             -      FATHOMED  6.771000e+01
   438    10  1.463573e-01  1.474766e-01    INFEASIBLE             -      FATHOMED  6.779000e+01
   439     9  1.463573e-01  1.474766e-01  1.469023e-01             -      FATHOMED  6.785000e+01
   440     8  1.463639e-01  1.474766e-01    INFEASIBLE             -      FATHOMED  6.797000e+01
   441     7  1.463639e-01  1.474766e-01    INFEASIBLE             -      FATHOMED  6.806000e+01
   442     6  1.463667e-01  1.474766e-01    INFEASIBLE             -      FATHOMED  6.815000e+01
   443     5  1.463667e-01  1.474766e-01    INFEASIBLE             -      FATHOMED  6.823000e+01
   444     4  1.464183e-01  1.474766e-01    INFEASIBLE             -      FATHOMED  6.827000e+01
   445     3  1.464183e-01  1.474766e-01  1.466442e-01             -      FATHOMED  6.832000e+01
   446     2  1.464625e-01  1.474766e-01  1.468250e-01             -      FATHOMED  6.837000e+01
   447     1  1.464625e-01  1.474766e-01  1.470606e-01             -      FATHOMED  6.847000e+01

#  NORMAL TERMINATION: 68.470000 CPU SEC
#  INCUMBENT VALUE:  1.474766e-01
#  INCUMBENT POINT:  8.001453e+00 -1.943811e+00  6.042024e+00
#  INCUMBENT FOUND AT NODE: 5
#  TOTAL NUMBER OF NODES:   447
#  MAXIMUM NODES IN STACK:  56

