   0.00000e+00   0.00000e+00  -7.92025e-02   4.99650e-01  -4.85723e-17   2.02813e-03
   2.00401e-03   2.00400e-03  -7.92025e-02   4.99650e-01  -2.86033e-05   4.77513e-03
   4.00802e-03   4.00795e-03  -7.92025e-02   4.99650e-01  -5.72067e-05   7.52213e-03
   6.01202e-03   6.01181e-03  -7.92025e-02   4.99650e-01  -8.58100e-05   1.02691e-02
   8.01603e-03   8.01552e-03  -7.92025e-02   4.99650e-01  -1.14413e-04   1.30161e-02
   1.00200e-02   1.00190e-02  -7.92025e-02   4.99650e-01  -1.43017e-04   1.57631e-02
   1.20240e-02   1.20223e-02  -7.92025e-02   4.99650e-01  -1.71620e-04   1.85101e-02
   1.40281e-02   1.40253e-02  -7.92025e-02   4.99650e-01  -1.94875e-04   2.12571e-02
   1.60321e-02   1.60279e-02  -7.92025e-02   4.99650e-01  -2.13591e-04   2.40041e-02
   1.80361e-02   1.80302e-02  -7.92025e-02   4.99650e-01  -2.32307e-04   2.67511e-02
   2.00401e-02   2.00320e-02  -7.92025e-02   4.99650e-01  -2.51023e-04   2.94981e-02
   2.20441e-02   2.20334e-02  -7.92025e-02   4.99650e-01  -2.69740e-04   3.22451e-02
   2.40481e-02   2.40342e-02  -7.92025e-02   4.99650e-01  -2.88456e-04   3.49921e-02
   2.60521e-02   2.60344e-02  -7.92025e-02   4.99650e-01  -3.07172e-04   3.77391e-02
   2.80561e-02   2.80340e-02  -7.92025e-02   4.99650e-01  -2.36099e-04   4.04861e-02
   3.00601e-02   3.00330e-02  -7.92025e-02   4.99650e-01  -5.31473e-05   4.32331e-02
   3.20641e-02   3.20312e-02  -7.92025e-02   4.99650e-01   1.29804e-04   4.59801e-02
   3.40681e-02   3.40286e-02  -7.92025e-02   4.99650e-01   3.12756e-04   4.87271e-02
   3.60721e-02   3.60252e-02  -7.92025e-02   4.99650e-01   4.95707e-04   5.14741e-02
   3.80762e-02   3.80210e-02  -7.92025e-02   4.99650e-01   6.78658e-04   5.42211e-02
   4.00802e-02   4.00158e-02  -7.92025e-02   4.99650e-01   8.64187e-04   5.69681e-02
   4.20842e-02   4.20097e-02  -7.92025e-02   4.99650e-01   1.05684e-03   5.97151e-02
   4.40882e-02   4.40026e-02  -7.92025e-02   4.99650e-01   1.24950e-03   6.24621e-02
   4.60922e-02   4.59944e-02  -7.92025e-02   4.99650e-01   1.44215e-03   6.52091e-02
   4.80962e-02   4.79851e-02  -7.92025e-02   4.99650e-01   1.63481e-03   6.79561e-02
   5.01002e-02   4.99746e-02  -7.92025e-02   4.99650e-01   1.82746e-03   7.07031e-02
   5.21042e-02   5.19629e-02  -7.92025e-02   4.99650e-01   2.02012e-03   7.34501e-02
   5.41082e-02   5.39500e-02  -7.92025e-02   4.99650e-01   2.21277e-03   7.61971e-02
   5.61122e-02   5.59358e-02  -7.92025e-02   4.99650e-01   2.40543e-03   7.89441e-02
   5.81162e-02   5.79203e-02  -7.92025e-02   4.99650e-01   2.59808e-03   8.16911e-02
   6.01202e-02   5.99033e-02  -7.92025e-02   4.99650e-01   2.79074e-03   8.44381e-02
   6.21242e-02   6.18849e-02  -7.92025e-02   4.99650e-01   2.98339e-03   8.71851e-02
   6.41283e-02   6.38651e-02  -7.92025e-02   4.99650e-01   3.17605e-03   8.95360e-02
   6.61323e-02   6.58437e-02  -7.92025e-02   4.99650e-01   3.36870e-03   9.17954e-02
   6.81363e-02   6.78207e-02  -7.92025e-02   4.99650e-01   3.56570e-03   9.40549e-02
   7.01403e-02   6.97961e-02  -7.92025e-02   4.99650e-01   3.76786e-03   9.63144e-02
   7.21443e-02   7.17698e-02  -7.92025e-02   4.99650e-01   3.97002e-03   9.85738e-02
   7.41483e-02   7.37418e-02  -7.92025e-02   4.99650e-01   4.17218e-03   1.00833e-01
   7.61523e-02   7.57120e-02  -7.92025e-02   4.99650e-01   4.37435e-03   1.03093e-01
   7.81563e-02   7.76804e-02  -7.92025e-02   4.99650e-01   4.57651e-03   1.05352e-01
   8.01603e-02   7.96469e-02  -7.92025e-02   4.99650e-01   4.77867e-03   1.07612e-01
   8.21643e-02   8.16115e-02  -7.92025e-02   4.99650e-01   4.98083e-03   1.09871e-01
   8.41683e-02   8.35742e-02  -7.92025e-02   4.99650e-01   5.18299e-03   1.12131e-01
   8.61723e-02   8.55348e-02  -7.92025e-02   4.99650e-01   5.38515e-03   1.14390e-01
   8.81764e-02   8.74934e-02  -7.92025e-02   4.99650e-01   5.58731e-03   1.16650e-01
   9.01804e-02   8.94499e-02  -7.92025e-02   4.99650e-01   5.90755e-03   1.18909e-01
   9.21844e-02   9.14043e-02  -7.92025e-02   4.99650e-01   6.29340e-03   1.21168e-01
   9.41884e-02   9.33565e-02  -7.92025e-02   4.99650e-01   6.67925e-03   1.23428e-01
   9.61924e-02   9.53064e-02  -7.92025e-02   4.99650e-01   7.06539e-03   1.25687e-01
   9.81964e-02   9.72541e-02  -7.92025e-02   4.99650e-01   7.46053e-03   1.27947e-01
   1.00200e-01   9.91994e-02  -7.92025e-02   4.99650e-01   7.85566e-03   1.30206e-01
   1.02204e-01   1.01142e-01  -7.92025e-02   4.99650e-01   8.25080e-03   1.32466e-01
   1.04208e-01   1.03083e-01  -7.92025e-02   4.99650e-01   8.64594e-03   1.34725e-01
   1.06212e-01   1.05021e-01  -7.92025e-02   4.99650e-01   9.04107e-03   1.36985e-01
   1.08216e-01   1.06957e-01  -7.92025e-02   4.99650e-01   9.43621e-03   1.39244e-01
   1.10220e-01   1.08890e-01  -7.92025e-02   4.99650e-01   9.83135e-03   1.41504e-01
   1.12224e-01   1.10820e-01  -7.92025e-02   4.99650e-01   1.02265e-02   1.43763e-01
   1.14228e-01   1.12748e-01  -7.92025e-02   4.99650e-01   1.06216e-02   1.46023e-01
   1.16232e-01   1.14673e-01  -7.92025e-02   4.99650e-01   1.10168e-02   1.48282e-01
   1.18236e-01   1.16595e-01  -7.92025e-02   4.99650e-01   1.14119e-02   1.50542e-01
   1.20240e-01   1.18515e-01  -7.92025e-02   4.99650e-01   1.18070e-02   1.52801e-01
   1.22244e-01   1.20431e-01  -7.92025e-02   4.99650e-01   1.22022e-02   1.55060e-01
   1.24248e-01   1.22345e-01  -7.92025e-02   4.99650e-01   1.25973e-02   1.57320e-01
   1.26253e-01   1.24256e-01  -7.92025e-02   4.99650e-01   1.29924e-02   1.59579e-01
   1.28257e-01   1.26164e-01  -7.92025e-02   4.99650e-01   1.33955e-02   1.61839e-01
   1.30261e-01   1.28069e-01  -7.92025e-02   4.99650e-01   1.37997e-02   1.64098e-01
   1.32265e-01   1.29971e-01  -7.92025e-02   4.99650e-01   1.42039e-02   1.66358e-01
   1.34269e-01   1.31870e-01  -7.92025e-02   4.99650e-01   1.46081e-02   1.68617e-01
   1.36273e-01   1.33765e-01  -7.92025e-02   4.99650e-01   1.50123e-02   1.70877e-01
   1.38277e-01   1.35658e-01  -7.92025e-02   4.99650e-01   1.54165e-02   1.73136e-01
   1.40281e-01   1.37547e-01  -7.92025e-02   4.99650e-01   1.58207e-02   1.75396e-01
   1.42285e-01   1.39433e-01  -7.92025e-02   4.99650e-01   1.62249e-02   1.77655e-01
   1.44289e-01   1.41316e-01  -7.92025e-02   4.99650e-01   1.66291e-02   1.79915e-01
   1.46293e-01   1.43195e-01  -7.92025e-02   4.99650e-01   1.70333e-02   1.82174e-01
   1.48297e-01   1.45071e-01  -7.92025e-02   4.99650e-01   1.74375e-02   1.84433e-01
   1.50301e-01   1.46943e-01  -7.92025e-02   4.99650e-01   1.78417e-02   1.86693e-01
   1.52305e-01   1.48812e-01  -7.92025e-02   4.99650e-01   1.82459e-02   1.88952e-01
   1.54309e-01   1.50678e-01  -7.92025e-02   4.99650e-01   1.86501e-02   1.91212e-01
   1.56313e-01   1.52540e-01  -7.92025e-02   4.99650e-01   1.90543e-02   1.93464e-01
   1.58317e-01   1.54398e-01  -7.92025e-02   4.99650e-01   1.94585e-02   1.95479e-01
   1.60321e-01   1.56252e-01  -7.92025e-02   4.99650e-01   1.98699e-02   1.97495e-01
   1.62325e-01   1.58103e-01  -7.92025e-02   4.99650e-01   2.02829e-02   1.99511e-01
   1.64329e-01   1.59951e-01  -7.92025e-02   4.99650e-01   2.06959e-02   2.01526e-01
   1.66333e-01   1.61794e-01  -7.92025e-02   4.99650e-01   2.11089e-02   2.03542e-01
   1.68337e-01   1.63633e-01  -7.92025e-02   4.99650e-01   2.15946e-02   2.05558e-01
   1.70341e-01   1.65469e-01  -7.92025e-02   4.99650e-01   2.21701e-02   2.07574e-01
   1.72345e-01   1.67301e-01  -7.92025e-02   4.99650e-01   2.27457e-02   2.09589e-01
   1.74349e-01   1.69129e-01  -7.92025e-02   4.99650e-01   2.33213e-02   2.11605e-01
   1.76353e-01   1.70952e-01  -7.92025e-02   4.99650e-01   2.38968e-02   2.13621e-01
   1.78357e-01   1.72772e-01  -7.92025e-02   4.99650e-01   2.44724e-02   2.15636e-01
   1.80361e-01   1.74588e-01  -7.92025e-02   4.99650e-01   2.50480e-02   2.17652e-01
   1.82365e-01   1.76400e-01  -7.92025e-02   4.99650e-01   2.56235e-02   2.19668e-01
   1.84369e-01   1.78207e-01  -7.92025e-02   4.99650e-01   2.61991e-02   2.21683e-01
   1.86373e-01   1.80010e-01  -7.92025e-02   4.99650e-01   2.67747e-02   2.23699e-01
   1.88377e-01   1.81809e-01  -7.92025e-02   4.99650e-01   2.73502e-02   2.25715e-01
   1.90381e-01   1.83604e-01  -7.92025e-02   4.99650e-01   2.79258e-02   2.27731e-01
   1.92385e-01   1.85394e-01  -7.92025e-02   4.99650e-01   2.85014e-02   2.29746e-01
   1.94389e-01   1.87180e-01  -7.92025e-02   4.99650e-01   2.90829e-02   2.31762e-01
   1.96393e-01   1.88962e-01  -7.92025e-02   4.99650e-01   2.96669e-02   2.33778e-01
   1.98397e-01   1.90739e-01  -7.92025e-02   4.99650e-01   3.02510e-02   2.35793e-01
   2.00401e-01   1.92512e-01  -7.92025e-02   4.99650e-01   3.08350e-02   2.37809e-01
   2.02405e-01   1.94280e-01  -7.92025e-02   4.99650e-01   3.14191e-02   2.39825e-01
   2.04409e-01   1.96044e-01  -7.92025e-02   4.99650e-01   3.20032e-02   2.41840e-01
   2.06413e-01   1.97803e-01  -7.92025e-02   4.99650e-01   3.25872e-02   2.43856e-01
   2.08417e-01   1.99558e-01  -7.92025e-02   4.99650e-01   3.31713e-02   2.45872e-01
   2.10421e-01   2.01307e-01  -7.92025e-02   4.99650e-01   3.37553e-02   2.47888e-01
   2.12425e-01   2.03052e-01  -7.92025e-02   4.99650e-01   3.43394e-02   2.49903e-01
   2.14429e-01   2.04793e-01  -7.92025e-02   4.99650e-01   3.49235e-02   2.51919e-01
   2.16433e-01   2.06528e-01  -7.92025e-02   4.99650e-01   3.55075e-02   2.53935e-01
   2.18437e-01   2.08259e-01  -7.92025e-02   4.99650e-01   3.60916e-02   2.55950e-01
   2.20441e-01   2.09985e-01  -7.92025e-02   4.99650e-01   3.66756e-02   2.57760e-01
   2.22445e-01   2.11706e-01  -7.92025e-02   4.99650e-01   3.72636e-02   2.59532e-01
   2.24449e-01   2.13422e-01  -7.92025e-02   4.99650e-01   3.78518e-02   2.61304e-01
   2.26453e-01   2.15133e-01  -7.92025e-02   4.99650e-01   3.84400e-02   2.63076e-01
   2.28457e-01   2.16839e-01  -7.92025e-02   4.99650e-01   3.90282e-02   2.64848e-01
   2.30461e-01   2.18540e-01  -7.92025e-02   4.99650e-01   3.96164e-02   2.66620e-01
   2.32465e-01   2.20236e-01  -7.92025e-02   4.99650e-01   4.02045e-02   2.68392e-01
   2.34469e-01   2.21927e-01  -7.92025e-02   4.99650e-01   4.07927e-02   2.70164e-01
   2.36473e-01   2.23612e-01  -7.92025e-02   4.99650e-01   4.13809e-02   2.71936e-01
   2.38477e-01   2.25293e-01  -7.92025e-02   4.99650e-01   4.19691e-02   2.73708e-01
   2.40481e-01   2.26968e-01  -7.92025e-02   4.99650e-01   4.25583e-02   2.75480e-01
   2.42485e-01   2.28638e-01  -7.92025e-02   4.99650e-01   4.31505e-02   2.77252e-01
   2.44489e-01   2.30303e-01  -7.92025e-02   4.99650e-01   4.37427e-02   2.79023e-01
   2.46493e-01   2.31962e-01  -7.92025e-02   4.99650e-01   4.43349e-02   2.80795e-01
   2.48497e-01   2.33616e-01  -7.92025e-02   4.99650e-01   4.49271e-02   2.82567e-01
   2.50501e-01   2.35265e-01  -7.92025e-02   4.99650e-01   4.55193e-02   2.84339e-01
   2.52505e-01   2.36908e-01  -7.92025e-02   4.99650e-01   4.61115e-02   2.86111e-01
   2.54509e-01   2.38546e-01  -7.92025e-02   4.99650e-01   4.67037e-02   2.87883e-01
   2.56513e-01   2.40178e-01  -7.92025e-02   4.99650e-01   4.72959e-02   2.89655e-01
   2.58517e-01   2.41805e-01  -7.92025e-02   4.99650e-01   4.78881e-02   2.91427e-01
   2.60521e-01   2.43426e-01  -7.92025e-02   4.99650e-01   4.84803e-02   2.93199e-01
   2.62525e-01   2.45041e-01  -7.92025e-02   4.99650e-01   4.90725e-02   2.94971e-01
   2.64529e-01   2.46651e-01  -7.92025e-02   4.99650e-01   4.96647e-02   2.96743e-01
   2.66533e-01   2.48255e-01  -7.92025e-02   4.99650e-01   5.02569e-02   2.98515e-01
   2.68537e-01   2.49854e-01  -7.92025e-02   4.99650e-01   5.08491e-02   3.00287e-01
   2.70541e-01   2.51447e-01  -7.92025e-02   4.99650e-01   5.14413e-02   3.02059e-01
   2.72545e-01   2.53034e-01  -7.92025e-02   4.99650e-01   5.20335e-02   3.03830e-01
   2.74549e-01   2.54615e-01  -7.92025e-02   4.99650e-01   5.26257e-02   3.05602e-01
   2.76553e-01   2.56190e-01  -7.92025e-02   4.99650e-01   5.32179e-02   3.07374e-01
   2.78557e-01   2.57760e-01  -7.92025e-02   4.99650e-01   5.38101e-02   3.09146e-01
   2.80561e-01   2.59324e-01  -7.92025e-02   4.99650e-01   5.44023e-02   3.10918e-01
   2.82565e-01   2.60881e-01  -7.92025e-02   4.99650e-01   5.49944e-02   3.12690e-01
   2.84569e-01   2.62433e-01  -7.92025e-02   4.99650e-01   5.55866e-02   3.14462e-01
   2.86573e-01   2.63979e-01  -7.92025e-02   4.99650e-01   5.61788e-02   3.16234e-01
   2.88577e-01   2.65519e-01  -7.92025e-02   4.99650e-01   5.67710e-02   3.18006e-01
   2.90581e-01   2.67053e-01  -7.92025e-02   4.99650e-01   5.74531e-02   3.19778e-01
   2.92585e-01   2.68580e-01  -7.92025e-02   4.99650e-01   5.81640e-02   3.21550e-01
   2.94589e-01   2.70102e-01  -7.92025e-02   4.99650e-01   5.88748e-02   3.23322e-01
   2.96593e-01   2.71617e-01  -7.92025e-02   4.99650e-01   5.95856e-02   3.25094e-01
   2.98597e-01   2.73127e-01  -7.92025e-02   4.99650e-01   6.02964e-02   3.26866e-01
   3.00601e-01   2.74630e-01  -7.92025e-02   4.99650e-01   6.10073e-02   3.28637e-01
   3.02605e-01   2.76127e-01  -7.92025e-02   4.99650e-01   6.17181e-02   3.30409e-01
   3.04609e-01   2.77617e-01  -7.92025e-02   4.99650e-01   6.24289e-02   3.32181e-01
   3.06613e-01   2.79101e-01  -7.92025e-02   4.99650e-01   6.31398e-02   3.33953e-01
   3.08617e-01   2.80580e-01  -7.92025e-02   4.99650e-01   6.38506e-02   3.35725e-01
   3.10621e-01   2.82051e-01  -7.92025e-02   4.99650e-01   6.45614e-02   3.37497e-01
   3.12625e-01   2.83517e-01  -7.92025e-02   4.99650e-01   6.52722e-02   3.39239e-01
   3.14629e-01   2.84976e-01  -7.92025e-02   4.99650e-01   6.59831e-02   3.40523e-01
   3.16633e-01   2.86428e-01  -7.92025e-02   4.99650e-01   6.66939e-02   3.41807e-01
   3.18637e-01   2.87874e-01  -7.92025e-02   4.99650e-01   6.74047e-02   3.43092e-01
   3.20641e-01   2.89314e-01  -7.92025e-02   4.99650e-01   6.81156e-02   3.44376e-01
   3.22645e-01   2.90747e-01  -7.92025e-02   4.99650e-01   6.88264e-02   3.45661e-01
   3.24649e-01   2.92174e-01  -7.92025e-02   4.99650e-01   6.95372e-02   3.46945e-01
   3.26653e-01   2.93594e-01  -7.92025e-02   4.99650e-01   7.02480e-02   3.48229e-01
   3.28657e-01   2.95007e-01  -7.92025e-02   4.99650e-01   7.09589e-02   3.49514e-01
   3.30661e-01   2.96414e-01  -7.92025e-02   4.99650e-01   7.16697e-02   3.50798e-01
   3.32665e-01   2.97814e-01  -7.92025e-02   4.99650e-01   7.23805e-02   3.52082e-01
   3.34669e-01   2.99208e-01  -7.92025e-02   4.99650e-01   7.30914e-02   3.53367e-01
   3.36673e-01   3.00595e-01  -7.92025e-02   4.99650e-01   7.38022e-02   3.54651e-01
   3.38677e-01   3.01975e-01  -7.92025e-02   4.99650e-01   7.45130e-02   3.55936e-01
   3.40681e-01   3.03349e-01  -7.92025e-02   4.99650e-01   7.52238e-02   3.57220e-01
   3.42685e-01   3.04716e-01  -7.92025e-02   4.99650e-01   7.59347e-02   3.58504e-01
   3.44689e-01   3.06076e-01  -7.92025e-02   4.99650e-01   7.66455e-02   3.59789e-01
   3.46693e-01   3.07429e-01  -7.92025e-02   4.99650e-01   7.73563e-02   3.61073e-01
   3.48697e-01   3.08776e-01  -7.92025e-02   4.99650e-01   7.80672e-02   3.62358e-01
   3.50701e-01   3.10115e-01  -7.92025e-02   4.99650e-01   7.87780e-02   3.63642e-01
   3.52705e-01   3.11448e-01  -7.92025e-02   4.99650e-01   7.94888e-02   3.64926e-01
   3.54709e-01   3.12774e-01  -7.92025e-02   4.99650e-01   8.01996e-02   3.66211e-01
   3.56713e-01   3.14093e-01  -7.92025e-02   4.99650e-01   8.09105e-02   3.67495e-01
   3.58717e-01   3.15405e-01  -7.92025e-02   4.99650e-01   8.16213e-02   3.68780e-01
   3.60721e-01   3.16710e-01  -7.92025e-02   4.99650e-01   8.23321e-02   3.70064e-01
   3.62725e-01   3.18008e-01  -7.92025e-02   4.99650e-01   8.30430e-02   3.71348e-01
   3.64729e-01   3.19299e-01  -7.92025e-02   4.99650e-01   8.37538e-02   3.72633e-01
   3.66733e-01   3.20583e-01  -7.92025e-02   4.99650e-01   8.44646e-02   3.73917e-01
   3.68737e-01   3.21860e-01  -7.92025e-02   4.99650e-01   8.51754e-02   3.75202e-01
   3.70741e-01   3.23130e-01  -7.92025e-02   4.99650e-01   8.58863e-02   3.76486e-01
   3.72745e-01   3.24393e-01  -7.92025e-02   4.99650e-01   8.65971e-02   3.77770e-01
   3.74749e-01   3.25649e-01  -7.92025e-02   4.99650e-01   8.73079e-02   3.79055e-01
   3.76754e-01   3.26898e-01  -7.92025e-02   4.99650e-01   8.80188e-02   3.80339e-01
   3.78758e-01   3.28140e-01  -7.92025e-02   4.99650e-01   8.87296e-02   3.81624e-01
   3.80762e-01   3.29374e-01  -7.92025e-02   4.99650e-01   8.94404e-02   3.82908e-01
   3.82766e-01   3.30601e-01  -7.92025e-02   4.99650e-01   9.01512e-02   3.84192e-01
   3.84770e-01   3.31821e-01  -7.92025e-02   4.99650e-01   9.08621e-02   3.85477e-01
   3.86774e-01   3.33034e-01  -7.92025e-02   4.99650e-01   9.15729e-02   3.86761e-01
   3.88778e-01   3.34240e-01  -7.92025e-02   4.99650e-01   9.22837e-02   3.88045e-01
   3.90782e-01   3.35438e-01  -7.92025e-02   4.99650e-01   9.29946e-02   3.89330e-01
   3.92786e-01   3.36630e-01  -7.92025e-02   4.99650e-01   9.37054e-02   3.90614e-01
   3.94790e-01   3.37814e-01  -7.92025e-02   4.99650e-01   9.44162e-02   3.91899e-01
   3.96794e-01   3.38990e-01  -7.92025e-02   4.99650e-01   9.51270e-02   3.93183e-01
   3.98798e-01   3.40159e-01  -7.92025e-02   4.99650e-01   9.58379e-02   3.94467e-01
   4.00802e-01   3.41321e-01  -7.92025e-02   4.99650e-01   9.65487e-02   3.95752e-01
   4.02806e-01   3.42476e-01  -7.92025e-02   4.99650e-01   9.72595e-02   3.97036e-01
   4.04810e-01   3.43623e-01  -7.92025e-02   4.99650e-01   9.79704e-02   3.98321e-01
   4.06814e-01   3.44763e-01  -7.92025e-02   4.99650e-01   9.86812e-02   3.99605e-01
   4.08818e-01   3.45896e-01  -7.92025e-02   4.99650e-01   9.93920e-02   4.00889e-01
   4.10822e-01   3.47021e-01  -7.92025e-02   4.99650e-01   1.00103e-01   4.02174e-01
   4.12826e-01   3.48138e-01  -7.92025e-02   4.99650e-01   1.00814e-01   4.03458e-01
   4.14830e-01   3.49249e-01  -7.92025e-02   4.99650e-01   1.01525e-01   4.04743e-01
   4.16834e-01   3.50352e-01  -7.92025e-02   4.99650e-01   1.02235e-01   4.06027e-01
   4.18838e-01   3.51447e-01  -7.92025e-02   4.99650e-01   1.02946e-01   4.07311e-01
   4.20842e-01   3.52535e-01  -7.92025e-02   4.99650e-01   1.03657e-01   4.08596e-01
   4.22846e-01   3.53615e-01  -7.92025e-02   4.99650e-01   1.04368e-01   4.09880e-01
   4.24850e-01   3.54688e-01  -7.92025e-02   4.99650e-01   1.05079e-01   4.11165e-01
   4.26854e-01   3.55753e-01  -7.92025e-02   4.99650e-01   1.05789e-01   4.12449e-01
   4.28858e-01   3.56811e-01  -7.92025e-02   4.99650e-01   1.06500e-01   4.13733e-01
   4.30862e-01   3.57861e-01  -7.92025e-02   4.99650e-01   1.07211e-01   4.15018e-01
   4.32866e-01   3.58904e-01  -7.92025e-02   4.99650e-01   1.07922e-01   4.16302e-01
   4.34870e-01   3.59939e-01  -7.92025e-02   4.99650e-01   1.08633e-01   4.17587e-01
   4.36874e-01   3.60967e-01  -7.92025e-02   4.99650e-01   1.09344e-01   4.18871e-01
   4.38878e-01   3.61987e-01  -7.92025e-02   4.99650e-01   1.10054e-01   4.19820e-01
   4.40882e-01   3.62999e-01  -7.92025e-02   4.99650e-01   1.10765e-01   4.20617e-01
   4.42886e-01   3.64004e-01  -7.92025e-02   4.99650e-01   1.11476e-01   4.21414e-01
   4.44890e-01   3.65001e-01  -7.92025e-02   4.99650e-01   1.12187e-01   4.22211e-01
   4.46894e-01   3.65990e-01  -7.92025e-02   4.99650e-01   1.12898e-01   4.23008e-01
   4.48898e-01   3.66972e-01  -7.92025e-02   4.99650e-01   1.13609e-01   4.23804e-01
   4.50902e-01   3.67946e-01  -7.92025e-02   4.99650e-01   1.14319e-01   4.24601e-01
   4.52906e-01   3.68913e-01  -7.92025e-02   4.99650e-01   1.15030e-01   4.25398e-01
   4.54910e-01   3.69872e-01  -7.92025e-02   4.99650e-01   1.15741e-01   4.26195e-01
   4.56914e-01   3.70823e-01  -7.92025e-02   4.99650e-01   1.16452e-01   4.26992e-01
   4.58918e-01   3.71766e-01  -7.92025e-02   4.99650e-01   1.17163e-01   4.27789e-01
   4.60922e-01   3.72702e-01  -7.92025e-02   4.99650e-01   1.17874e-01   4.28586e-01
   4.62926e-01   3.73630e-01  -7.92025e-02   4.99650e-01   1.18584e-01   4.29382e-01
   4.64930e-01   3.74551e-01  -7.92025e-02   4.99650e-01   1.19295e-01   4.30179e-01
   4.66934e-01   3.75463e-01  -7.92025e-02   4.99650e-01   1.20006e-01   4.30976e-01
   4.68938e-01   3.76368e-01  -7.92025e-02   4.99650e-01   1.20717e-01   4.31773e-01
   4.70942e-01   3.77265e-01  -7.92025e-02   4.99650e-01   1.21428e-01   4.32570e-01
   4.72946e-01   3.78155e-01  -7.92025e-02   4.99650e-01   1.22139e-01   4.33367e-01
   4.74950e-01   3.79036e-01  -7.92025e-02   4.99650e-01   1.22849e-01   4.34164e-01
   4.76954e-01   3.79910e-01  -7.92025e-02   4.99650e-01   1.23560e-01   4.34960e-01
   4.78958e-01   3.80776e-01  -7.92025e-02   4.99650e-01   1.24271e-01   4.35757e-01
   4.80962e-01   3.81635e-01  -7.92025e-02   4.99650e-01   1.24982e-01   4.36554e-01
   4.82966e-01   3.82485e-01  -7.92025e-02   4.99650e-01   1.25693e-01   4.37351e-01
   4.84970e-01   3.83328e-01  -7.92025e-02   4.99650e-01   1.26404e-01   4.38148e-01
   4.86974e-01   3.84163e-01  -7.92025e-02   4.99650e-01   1.27114e-01   4.38945e-01
   4.88978e-01   3.84990e-01  -7.92025e-02   4.99650e-01   1.27825e-01   4.39742e-01
   4.90982e-01   3.85810e-01  -7.92025e-02   4.99650e-01   1.28536e-01   4.40538e-01
   4.92986e-01   3.86621e-01  -7.92025e-02   4.99650e-01   1.29247e-01   4.41335e-01
   4.94990e-01   3.87425e-01  -7.92025e-02   4.99650e-01   1.29958e-01   4.42132e-01
   4.96994e-01   3.88221e-01  -7.92025e-02   4.99650e-01   1.30668e-01   4.42929e-01
   4.98998e-01   3.89009e-01  -7.92025e-02   4.99650e-01   1.31379e-01   4.43726e-01
   5.01002e-01   3.89790e-01  -7.92025e-02   4.99650e-01   1.32090e-01   4.44523e-01
   5.03006e-01   3.90562e-01  -7.92025e-02   4.99650e-01   1.32801e-01   4.45320e-01
   5.05010e-01   3.91327e-01  -7.92025e-02   4.99650e-01   1.33512e-01   4.46116e-01
   5.07014e-01   3.92084e-01  -7.92025e-02   4.99650e-01   1.34223e-01   4.46913e-01
   5.09018e-01   3.92833e-01  -7.92025e-02   4.99650e-01   1.34933e-01   4.47710e-01
   5.11022e-01   3.93574e-01  -7.92025e-02   4.99650e-01   1.35644e-01   4.48507e-01
   5.13026e-01   3.94307e-01  -7.92025e-02   4.99650e-01   1.36355e-01   4.49304e-01
   5.15030e-01   3.95033e-01  -7.92025e-02   4.99650e-01   1.37066e-01   4.50101e-01
   5.17034e-01   3.95751e-01  -7.92025e-02   4.99650e-01   1.37777e-01   4.50898e-01
   5.19038e-01   3.96461e-01  -7.92025e-02   4.99650e-01   1.38488e-01   4.51694e-01
   5.21042e-01   3.97163e-01  -7.92025e-02   4.99650e-01   1.39198e-01   4.52491e-01
   5.23046e-01   3.97857e-01  -7.92025e-02   4.99650e-01   1.39909e-01   4.53288e-01
   5.25050e-01   3.98543e-01  -7.92025e-02   4.99650e-01   1.40620e-01   4.54085e-01
   5.27054e-01   3.99222e-01  -7.92025e-02   4.99650e-01   1.41331e-01   4.54882e-01
   5.29058e-01   3.99893e-01  -7.92025e-02   4.99650e-01   1.42042e-01   4.55679e-01
   5.31062e-01   4.00555e-01  -7.92025e-02   4.99650e-01   1.42753e-01   4.56476e-01
   5.33066e-01   4.01210e-01  -7.92025e-02   4.99650e-01   1.43463e-01   4.57272e-01
   5.35070e-01   4.01858e-01  -7.92025e-02   4.99650e-01   1.44174e-01   4.58069e-01
   5.37074e-01   4.02497e-01  -7.92025e-02   4.99650e-01   1.44885e-01   4.58866e-01
   5.39078e-01   4.03128e-01  -7.92025e-02   4.99650e-01   1.45596e-01   4.59663e-01
   5.41082e-01   4.03752e-01  -7.92025e-02   4.99650e-01   1.46307e-01   4.60460e-01
   5.43086e-01   4.04368e-01  -7.92025e-02   4.99650e-01   1.47018e-01   4.61257e-01
   5.45090e-01   4.04976e-01  -7.92025e-02   4.99650e-01   1.47728e-01   4.62054e-01
   5.47094e-01   4.05576e-01  -7.92025e-02   4.99650e-01   1.48439e-01   4.62850e-01
   5.49098e-01   4.06169e-01  -7.92025e-02   4.99650e-01   1.49150e-01   4.63647e-01
   5.51102e-01   4.06753e-01  -7.92025e-02   4.99650e-01   1.49861e-01   4.64444e-01
   5.53106e-01   4.07330e-01  -7.92025e-02   4.99650e-01   1.50572e-01   4.65241e-01
   5.55110e-01   4.07899e-01  -7.92025e-02   4.99650e-01   1.51283e-01   4.66038e-01
   5.57114e-01   4.08460e-01  -7.92025e-02   4.99650e-01   1.51993e-01   4.66835e-01
   5.59118e-01   4.09013e-01  -7.92025e-02   4.99650e-01   1.52704e-01   4.67632e-01
   5.61122e-01   4.09559e-01  -7.92025e-02   4.99650e-01   1.53415e-01   4.68428e-01
   5.63126e-01   4.10097e-01  -7.92025e-02   4.99650e-01   1.54126e-01   4.69073e-01
   5.65130e-01   4.10627e-01  -7.92025e-02   4.99650e-01   1.54837e-01   4.69382e-01
   5.67134e-01   4.11149e-01  -7.92025e-02   4.99650e-01   1.55547e-01   4.69692e-01
   5.69138e-01   4.11663e-01  -7.92025e-02   4.99650e-01   1.56258e-01   4.70001e-01
   5.71142e-01   4.12170e-01  -7.92025e-02   4.99650e-01   1.56969e-01   4.70310e-01
   5.73146e-01   4.12668e-01  -7.92025e-02   4.99650e-01   1.57680e-01   4.70620e-01
   5.75150e-01   4.13159e-01  -7.92025e-02   4.99650e-01   1.58391e-01   4.70929e-01
   5.77154e-01   4.13643e-01  -7.92025e-02   4.99650e-01   1.59102e-01   4.71238e-01
   5.79158e-01   4.14118e-01  -7.92025e-02   4.99650e-01   1.59812e-01   4.71548e-01
   5.81162e-01   4.14586e-01  -7.92025e-02   4.99650e-01   1.60523e-01   4.71857e-01
   5.83166e-01   4.15046e-01  -7.92025e-02   4.99650e-01   1.61234e-01   4.72166e-01
   5.85170e-01   4.15498e-01  -7.92025e-02   4.99650e-01   1.61945e-01   4.72475e-01
   5.87174e-01   4.15943e-01  -7.92025e-02   4.99650e-01   1.62656e-01   4.72785e-01
   5.89178e-01   4.16380e-01  -7.92025e-02   4.99650e-01   1.63367e-01   4.73094e-01
   5.91182e-01   4.16809e-01  -7.92025e-02   4.99650e-01   1.64077e-01   4.73403e-01
   5.93186e-01   4.17230e-01  -7.92025e-02   4.99650e-01   1.64788e-01   4.73713e-01
   5.95190e-01   4.17644e-01  -7.92025e-02   4.99650e-01   1.65499e-01   4.74022e-01
   5.97194e-01   4.18050e-01  -7.92025e-02   4.99650e-01   1.66210e-01   4.74331e-01
   5.99198e-01   4.18449e-01  -7.92025e-02   4.99650e-01   1.66921e-01   4.74641e-01
   6.01202e-01   4.18839e-01  -7.92025e-02   4.99650e-01   1.67632e-01   4.74950e-01
   6.03206e-01   4.19222e-01  -7.92025e-02   4.99650e-01   1.68342e-01   4.75259e-01
   6.05210e-01   4.19598e-01  -7.92025e-02   4.99650e-01   1.69053e-01   4.75569e-01
   6.07214e-01   4.19966e-01  -7.92025e-02   4.99650e-01   1.69764e-01   4.75878e-01
   6.09218e-01   4.20326e-01  -7.92025e-02   4.99650e-01   1.70475e-01   4.76187e-01
   6.11222e-01   4.20678e-01  -7.92025e-02   4.99650e-01   1.71186e-01   4.76497e-01
   6.13226e-01   4.21023e-01  -7.92025e-02   4.99650e-01   1.71897e-01   4.76806e-01
   6.15230e-01   4.21360e-01  -7.92025e-02   4.99650e-01   1.72607e-01   4.77115e-01
   6.17234e-01   4.21690e-01  -7.92025e-02   4.99650e-01   1.73318e-01   4.77425e-01
   6.19238e-01   4.22012e-01  -7.92025e-02   4.99650e-01   1.74029e-01   4.77734e-01
   6.21242e-01   4.22327e-01  -7.92025e-02   4.99650e-01   1.74740e-01   4.78043e-01
   6.23246e-01   4.22634e-01  -7.92025e-02   4.99650e-01   1.75451e-01   4.78353e-01
   6.25251e-01   4.22933e-01  -7.92025e-02   4.99650e-01   1.76162e-01   4.78662e-01
   6.27255e-01   4.23225e-01  -7.92025e-02   4.99650e-01   1.76872e-01   4.78971e-01
   6.29259e-01   4.23509e-01  -7.92025e-02   4.99650e-01   1.77583e-01   4.79281e-01
   6.31263e-01   4.23786e-01  -7.92025e-02   4.99650e-01   1.78294e-01   4.79590e-01
   6.33267e-01   4.24056e-01  -7.92025e-02   4.99650e-01   1.79005e-01   4.79899e-01
   6.35271e-01   4.24318e-01  -7.92025e-02   4.99650e-01   1.79716e-01   4.80209e-01
   6.37275e-01   4.24572e-01  -7.92025e-02   4.99650e-01   1.80426e-01   4.80518e-01
   6.39279e-01   4.24819e-01  -7.92025e-02   4.99650e-01   1.81137e-01   4.80827e-01
   6.41283e-01   4.25059e-01  -7.92025e-02   4.99650e-01   1.81848e-01   4.81137e-01
   6.43287e-01   4.25291e-01  -7.92025e-02   4.99650e-01   1.82559e-01   4.81446e-01
   6.45291e-01   4.25515e-01  -7.92025e-02   4.99650e-01   1.83270e-01   4.81755e-01
   6.47295e-01   4.25733e-01  -7.92025e-02   4.99650e-01   1.83981e-01   4.82064e-01
   6.49299e-01   4.25942e-01  -7.92025e-02   4.99650e-01   1.84691e-01   4.82374e-01
   6.51303e-01   4.26145e-01  -7.92025e-02   4.99650e-01   1.85402e-01   4.82683e-01
   6.53307e-01   4.26340e-01  -7.92025e-02   4.99650e-01   1.86113e-01   4.82992e-01
   6.55311e-01   4.26528e-01  -7.92025e-02   4.99650e-01   1.86824e-01   4.83302e-01
   6.57315e-01   4.26708e-01  -7.92025e-02   4.99650e-01   1.87535e-01   4.83611e-01
   6.59319e-01   4.26881e-01  -7.92025e-02   4.99650e-01   1.88273e-01   4.83920e-01
   6.61323e-01   4.27047e-01  -7.92025e-02   4.99650e-01   1.89034e-01   4.84230e-01
   6.63327e-01   4.27206e-01  -7.92025e-02   4.99650e-01   1.89795e-01   4.84383e-01
   6.65331e-01   4.27357e-01  -7.92025e-02   4.99650e-01   1.90556e-01   4.84402e-01
   6.67335e-01   4.27501e-01  -7.92025e-02   4.99650e-01   1.91317e-01   4.84421e-01
   6.69339e-01   4.27638e-01  -7.92025e-02   4.99650e-01   1.92078e-01   4.84440e-01
   6.71343e-01   4.27767e-01  -7.92025e-02   4.99650e-01   1.92839e-01   4.84458e-01
   6.73347e-01   4.27889e-01  -7.92025e-02   4.99650e-01   1.93600e-01   4.84477e-01
   6.75351e-01   4.28004e-01  -7.92025e-02   4.99650e-01   1.94360e-01   4.84496e-01
   6.77355e-01   4.28112e-01  -7.92025e-02   4.99650e-01   1.95121e-01   4.84515e-01
   6.79359e-01   4.28213e-01  -7.92025e-02   4.99650e-01   1.95882e-01   4.84533e-01
   6.81363e-01   4.28307e-01  -7.92025e-02   4.99650e-01   1.96643e-01   4.84552e-01
   6.83367e-01   4.28393e-01  -7.92025e-02   4.99650e-01   1.97404e-01   4.84571e-01
   6.85371e-01   4.28473e-01  -7.92025e-02   4.99650e-01   1.98165e-01   4.84589e-01
   6.87375e-01   4.28545e-01  -7.92025e-02   4.99650e-01   1.98926e-01   4.84608e-01
   6.89379e-01   4.28610e-01  -7.92025e-02   4.99650e-01   1.99687e-01   4.84627e-01
   6.91383e-01   4.28668e-01  -7.92025e-02   4.99650e-01   2.00447e-01   4.84646e-01
   6.93387e-01   4.28719e-01  -7.92025e-02   4.99650e-01   2.01208e-01   4.84664e-01
   6.95391e-01   4.28764e-01  -7.92025e-02   4.99650e-01   2.01969e-01   4.84683e-01
   6.97395e-01   4.28801e-01  -7.92025e-02   4.99650e-01   2.02730e-01   4.84702e-01
   6.99399e-01   4.28831e-01  -7.92025e-02   4.99650e-01   2.03491e-01   4.84720e-01
   7.01403e-01   4.28854e-01  -7.92025e-02   4.99650e-01   2.04252e-01   4.84739e-01
   7.03407e-01   4.28870e-01  -7.92025e-02   4.99650e-01   2.05013e-01   4.84758e-01
   7.05411e-01   4.28879e-01  -7.92025e-02   4.99650e-01   2.05774e-01   4.84777e-01
   7.07415e-01   4.28882e-01  -7.92025e-02   4.99650e-01   2.06534e-01   4.84795e-01
   7.09419e-01   4.28877e-01  -7.92025e-02   4.99650e-01   2.07295e-01   4.84814e-01
   7.11423e-01   4.28866e-01  -7.92025e-02   4.99650e-01   2.08056e-01   4.84833e-01
   7.13427e-01   4.28848e-01  -7.92025e-02   4.99650e-01   2.08817e-01   4.84852e-01
   7.15431e-01   4.28823e-01  -7.92025e-02   4.99650e-01   2.09578e-01   4.84870e-01
   7.17435e-01   4.28791e-01  -7.92025e-02   4.99650e-01   2.10339e-01   4.84889e-01
   7.19439e-01   4.28752e-01  -7.92025e-02   4.99650e-01   2.11100e-01   4.84908e-01
   7.21443e-01   4.28707e-01  -7.92025e-02   4.99650e-01   2.11861e-01   4.84926e-01
   7.23447e-01   4.28655e-01  -7.92025e-02   4.99650e-01   2.12622e-01   4.84945e-01
   7.25451e-01   4.28596e-01  -7.92025e-02   4.99650e-01   2.13382e-01   4.84895e-01
   7.27455e-01   4.28530e-01  -7.92025e-02   4.99650e-01   2.14143e-01   4.84717e-01
   7.29459e-01   4.28458e-01  -7.92025e-02   4.99650e-01   2.14904e-01   4.84539e-01
   7.31463e-01   4.28379e-01  -7.92025e-02   4.99650e-01   2.15665e-01   4.84361e-01
   7.33467e-01   4.28294e-01  -7.92025e-02   4.99650e-01   2.16426e-01   4.84182e-01
   7.35471e-01   4.28201e-01  -7.92025e-02   4.99650e-01   2.17187e-01   4.84004e-01
   7.37475e-01   4.28103e-01  -7.92025e-02   4.99650e-01   2.17948e-01   4.83826e-01
   7.39479e-01   4.27997e-01  -7.92025e-02   4.99650e-01   2.18709e-01   4.83648e-01
   7.41483e-01   4.27885e-01  -7.92025e-02   4.99650e-01   2.19469e-01   4.83470e-01
   7.43487e-01   4.27767e-01  -7.92025e-02   4.99650e-01   2.20230e-01   4.83291e-01
   7.45491e-01   4.27642e-01  -7.92025e-02   4.99650e-01   2.20991e-01   4.83113e-01
   7.47495e-01   4.27510e-01  -7.92025e-02   4.99650e-01   2.21752e-01   4.82935e-01
   7.49499e-01   4.27373e-01  -7.92025e-02   4.99650e-01   2.22516e-01   4.82757e-01
   7.51503e-01   4.27228e-01  -7.92025e-02   4.99650e-01   2.23345e-01   4.82579e-01
   7.53507e-01   4.27078e-01  -7.92025e-02   4.99650e-01   2.24175e-01   4.82400e-01
   7.55511e-01   4.26920e-01  -7.92025e-02   4.99650e-01   2.25004e-01   4.82222e-01
   7.57515e-01   4.26757e-01  -7.92025e-02   4.99650e-01   2.25833e-01   4.82044e-01
   7.59519e-01   4.26587e-01  -7.92025e-02   4.99650e-01   2.26663e-01   4.81866e-01
   7.61523e-01   4.26411e-01  -7.92025e-02   4.99650e-01   2.27492e-01   4.81685e-01
   7.63527e-01   4.26228e-01  -7.92025e-02   4.99650e-01   2.28322e-01   4.81502e-01
   7.65531e-01   4.26039e-01  -7.92025e-02   4.99650e-01   2.29151e-01   4.81320e-01
   7.67535e-01   4.25844e-01  -7.92025e-02   4.99650e-01   2.29981e-01   4.81138e-01
   7.69539e-01   4.25643e-01  -7.92025e-02   4.99650e-01   2.30810e-01   4.80956e-01
   7.71543e-01   4.25436e-01  -7.92025e-02   4.99650e-01   2.31640e-01   4.80773e-01
   7.73547e-01   4.25222e-01  -7.92025e-02   4.99650e-01   2.32469e-01   4.80591e-01
   7.75551e-01   4.25002e-01  -7.92025e-02   4.99650e-01   2.33299e-01   4.80409e-01
   7.77555e-01   4.24776e-01  -7.92025e-02   4.99650e-01   2.34128e-01   4.80227e-01
   7.79559e-01   4.24544e-01  -7.92025e-02   4.99650e-01   2.34958e-01   4.80044e-01
   7.81563e-01   4.24306e-01  -7.92025e-02   4.99650e-01   2.35787e-01   4.79858e-01
   7.83567e-01   4.24062e-01  -7.92025e-02   4.99650e-01   2.36616e-01   4.79672e-01
   7.85571e-01   4.23812e-01  -7.92025e-02   4.99650e-01   2.37446e-01   4.79485e-01
   7.87575e-01   4.23555e-01  -7.92025e-02   4.99650e-01   2.38275e-01   4.79299e-01
   7.89579e-01   4.23293e-01  -7.92025e-02   4.99650e-01   2.39105e-01   4.79113e-01
   7.91583e-01   4.23025e-01  -7.92025e-02   4.99650e-01   2.39934e-01   4.78926e-01
   7.93587e-01   4.22751e-01  -7.92025e-02   4.99650e-01   2.40764e-01   4.78740e-01
   7.95591e-01   4.22471e-01  -7.92025e-02   4.99650e-01   2.41593e-01   4.78554e-01
   7.97595e-01   4.22185e-01  -7.92025e-02   4.99650e-01   2.42423e-01   4.78367e-01
   7.99599e-01   4.21893e-01  -7.92025e-02   4.99650e-01   2.43252e-01   4.78181e-01
   8.01603e-01   4.21595e-01  -7.92025e-02   4.99650e-01   2.44082e-01   4.77994e-01
   8.03607e-01   4.21292e-01  -7.92025e-02   4.99650e-01   2.44911e-01   4.77808e-01
   8.05611e-01   4.20983e-01  -7.92025e-02   4.99650e-01   2.45741e-01   4.77622e-01
   8.07615e-01   4.20668e-01  -7.92025e-02   4.99650e-01   2.46570e-01   4.77433e-01
   8.09619e-01   4.20347e-01  -7.92025e-02   4.99650e-01   2.47399e-01   4.77238e-01
   8.11623e-01   4.20021e-01  -7.92025e-02   4.99650e-01   2.48229e-01   4.77043e-01
   8.13627e-01   4.19689e-01  -7.92025e-02   4.99650e-01   2.49058e-01   4.76574e-01
   8.15631e-01   4.19351e-01  -7.92025e-02   4.99650e-01   2.49888e-01   4.75892e-01
   8.17635e-01   4.19008e-01  -7.92025e-02   4.99650e-01   2.50717e-01   4.75209e-01
   8.19639e-01   4.18659e-01  -7.92025e-02   4.99650e-01   2.51547e-01   4.74527e-01
   8.21643e-01   4.18304e-01  -7.92025e-02   4.99650e-01   2.52376e-01   4.73845e-01
   8.23647e-01   4.17944e-01  -7.92025e-02   4.99650e-01   2.53206e-01   4.73162e-01
   8.25651e-01   4.17578e-01  -7.92025e-02   4.99650e-01   2.54035e-01   4.72480e-01
   8.27655e-01   4.17207e-01  -7.92025e-02   4.99650e-01   2.54865e-01   4.71797e-01
   8.29659e-01   4.16831e-01  -7.92025e-02   4.99650e-01   2.55694e-01   4.71115e-01
   8.31663e-01   4.16449e-01  -7.92025e-02   4.99650e-01   2.56524e-01   4.70433e-01
   8.33667e-01   4.16062e-01  -7.92025e-02   4.99650e-01   2.57443e-01   4.69750e-01
   8.35671e-01   4.15669e-01  -7.92025e-02   4.99650e-01   2.58435e-01   4.69068e-01
   8.37675e-01   4.15271e-01  -7.92025e-02   4.99650e-01   2.59427e-01   4.68386e-01
   8.39679e-01   4.14867e-01  -7.92025e-02   4.99650e-01   2.60419e-01   4.67703e-01
   8.41683e-01   4.14459e-01  -7.92025e-02   4.99650e-01   2.61411e-01   4.67019e-01
   8.43687e-01   4.14045e-01  -7.92025e-02   4.99650e-01   2.62403e-01   4.66328e-01
   8.45691e-01   4.13625e-01  -7.92025e-02   4.99650e-01   2.63395e-01   4.65637e-01
   8.47695e-01   4.13201e-01  -7.92025e-02   4.99650e-01   2.64387e-01   4.64946e-01
   8.49699e-01   4.12771e-01  -7.92025e-02   4.99650e-01   2.65379e-01   4.64255e-01
   8.51703e-01   4.12336e-01  -7.92025e-02   4.99650e-01   2.66371e-01   4.63563e-01
   8.53707e-01   4.11897e-01  -7.92025e-02   4.99650e-01   2.67363e-01   4.62872e-01
   8.55711e-01   4.11452e-01  -7.92025e-02   4.99650e-01   2.68355e-01   4.62181e-01
   8.57715e-01   4.11001e-01  -7.92025e-02   4.99650e-01   2.69347e-01   4.61490e-01
   8.59719e-01   4.10546e-01  -7.92025e-02   4.99650e-01   2.70339e-01   4.60799e-01
   8.61723e-01   4.10086e-01  -7.92025e-02   4.99650e-01   2.71331e-01   4.60108e-01
   8.63727e-01   4.09621e-01  -7.92025e-02   4.99650e-01   2.72323e-01   4.59416e-01
   8.65731e-01   4.09151e-01  -7.92025e-02   4.99650e-01   2.73315e-01   4.58725e-01
   8.67735e-01   4.08676e-01  -7.92025e-02   4.99650e-01   2.74307e-01   4.58034e-01
   8.69739e-01   4.08196e-01  -7.92025e-02   4.99650e-01   2.75300e-01   4.57343e-01
   8.71743e-01   4.07711e-01  -7.92025e-02   4.99650e-01   2.76292e-01   4.56652e-01
   8.73747e-01   4.07221e-01  -7.92025e-02   4.99650e-01   2.77284e-01   4.55959e-01
   8.75752e-01   4.06727e-01  -7.92025e-02   4.99650e-01   2.78276e-01   4.55259e-01
   8.77756e-01   4.06228e-01  -7.92025e-02   4.99650e-01   2.79268e-01   4.54559e-01
   8.79760e-01   4.05723e-01  -7.92025e-02   4.99650e-01   2.80260e-01   4.53859e-01
   8.81764e-01   4.05215e-01  -7.92025e-02   4.99650e-01   2.81252e-01   4.53158e-01
   8.83768e-01   4.04701e-01  -7.92025e-02   4.99650e-01   2.82244e-01   4.52458e-01
   8.85772e-01   4.04183e-01  -7.92025e-02   4.99650e-01   2.83236e-01   4.51758e-01
   8.87776e-01   4.03660e-01  -7.92025e-02   4.99650e-01   2.84228e-01   4.51058e-01
   8.89780e-01   4.03133e-01  -7.92025e-02   4.99650e-01   2.85220e-01   4.50357e-01
   8.91784e-01   4.02601e-01  -7.92025e-02   4.99650e-01   2.86212e-01   4.49657e-01
   8.93788e-01   4.02064e-01  -7.92025e-02   4.99650e-01   2.87204e-01   4.48957e-01
   8.95792e-01   4.01523e-01  -7.92025e-02   4.99650e-01   2.88196e-01   4.48257e-01
   8.97796e-01   4.00978e-01  -7.92025e-02   4.99650e-01   2.89188e-01   4.47557e-01
   8.99800e-01   4.00428e-01  -7.92025e-02   4.99650e-01   2.90180e-01   4.46856e-01
   9.01804e-01   3.99873e-01  -7.92025e-02   4.99650e-01   2.91172e-01   4.46156e-01
   9.03808e-01   3.99314e-01  -7.92025e-02   4.99650e-01   2.92164e-01   4.45456e-01
   9.05812e-01   3.98751e-01  -7.92025e-02   4.99650e-01   2.93156e-01   4.44747e-01
   9.07816e-01   3.98183e-01  -7.92025e-02   4.99650e-01   2.94148e-01   4.44037e-01
   9.09820e-01   3.97611e-01  -7.92025e-02   4.99650e-01   2.95140e-01   4.43328e-01
   9.11824e-01   3.97035e-01  -7.92025e-02   4.99650e-01   2.96198e-01   4.42618e-01
   9.13828e-01   3.96454e-01  -7.92025e-02   4.99650e-01   2.97374e-01   4.41908e-01
   9.15832e-01   3.95870e-01  -7.92025e-02   4.99650e-01   2.98549e-01   4.41199e-01
   9.17836e-01   3.95281e-01  -7.92025e-02   4.99650e-01   2.99725e-01   4.40489e-01
   9.19840e-01   3.94688e-01  -7.92025e-02   4.99650e-01   3.00901e-01   4.39780e-01
   9.21844e-01   3.94090e-01  -7.92025e-02   4.99650e-01   3.02076e-01   4.39070e-01
   9.23848e-01   3.93489e-01  -7.92025e-02   4.99650e-01   3.03252e-01   4.38361e-01
   9.25852e-01   3.92883e-01  -7.92025e-02   4.99650e-01   3.04428e-01   4.37651e-01
   9.27856e-01   3.92274e-01  -7.92025e-02   4.99650e-01   3.05604e-01   4.36942e-01
   9.29860e-01   3.91660e-01  -7.92025e-02   4.99650e-01   3.06779e-01   4.36232e-01
   9.31864e-01   3.91043e-01  -7.92025e-02   4.99650e-01   3.07955e-01   4.35523e-01
   9.33868e-01   3.90421e-01  -7.92025e-02   4.99650e-01   3.09131e-01   4.34808e-01
   9.35872e-01   3.89796e-01  -7.92025e-02   4.99650e-01   3.10306e-01   4.34089e-01
   9.37876e-01   3.89166e-01  -7.92025e-02   4.99650e-01   3.11482e-01   4.33279e-01
   9.39880e-01   3.88533e-01  -7.92025e-02   4.99650e-01   3.12658e-01   4.32072e-01
   9.41884e-01   3.87896e-01  -7.92025e-02   4.99650e-01   3.13834e-01   4.30865e-01
   9.43888e-01   3.87255e-01  -7.92025e-02   4.99650e-01   3.15009e-01   4.29659e-01
   9.45892e-01   3.86610e-01  -7.92025e-02   4.99650e-01   3.16185e-01   4.28452e-01
   9.47896e-01   3.85962e-01  -7.92025e-02   4.99650e-01   3.17361e-01   4.27246e-01
   9.49900e-01   3.85309e-01  -7.92025e-02   4.99650e-01   3.18536e-01   4.26039e-01
   9.51904e-01   3.84654e-01  -7.92025e-02   4.99650e-01   3.19712e-01   4.24833e-01
   9.53908e-01   3.83994e-01  -7.92025e-02   4.99650e-01   3.20888e-01   4.23626e-01
   9.55912e-01   3.83331e-01  -7.92025e-02   4.99650e-01   3.22064e-01   4.22419e-01
   9.57916e-01   3.82664e-01  -7.92025e-02   4.99650e-01   3.23239e-01   4.21213e-01
   9.59920e-01   3.81994e-01  -7.92025e-02   4.99650e-01   3.24415e-01   4.20006e-01
   9.61924e-01   3.81320e-01  -7.92025e-02   4.99650e-01   3.25591e-01   4.18793e-01
   9.63928e-01   3.80642e-01  -7.92025e-02   4.99650e-01   3.26767e-01   4.17576e-01
   9.65932e-01   3.79961e-01  -7.92025e-02   4.99650e-01   3.27942e-01   4.16360e-01
   9.67936e-01   3.79277e-01  -7.92025e-02   4.99650e-01   3.29118e-01   4.15144e-01
   9.69940e-01   3.78589e-01  -7.92025e-02   4.99650e-01   3.30294e-01   4.13928e-01
   9.71944e-01   3.77898e-01  -7.92025e-02   4.99650e-01   3.31469e-01   4.12711e-01
   9.73948e-01   3.77203e-01  -7.92025e-02   4.99650e-01   3.32757e-01   4.11495e-01
   9.75952e-01   3.76505e-01  -7.92025e-02   4.99650e-01   3.34134e-01   4.10279e-01
   9.77956e-01   3.75804e-01  -7.92025e-02   4.99650e-01   3.35512e-01   4.09063e-01
   9.79960e-01   3.75099e-01  -7.92025e-02   4.99650e-01   3.36889e-01   4.07846e-01
   9.81964e-01   3.74391e-01  -7.92025e-02   4.99650e-01   3.38267e-01   4.06630e-01
   9.83968e-01   3.73680e-01  -7.92025e-02   4.99650e-01   3.39644e-01   4.05414e-01
   9.85972e-01   3.72966e-01  -7.92025e-02   4.99650e-01   3.41021e-01   4.04197e-01
   9.87976e-01   3.72249e-01  -7.92025e-02   4.99650e-01   3.42399e-01   4.02977e-01
   9.89980e-01   3.71528e-01  -7.92025e-02   4.99650e-01   3.43776e-01   4.01750e-01
   9.91984e-01   3.70804e-01  -7.92025e-02   4.99650e-01   3.45154e-01   4.00524e-01
   9.93988e-01   3.70078e-01  -7.92025e-02   4.99650e-01   3.46531e-01   3.99298e-01
   9.95992e-01   3.69348e-01  -7.92025e-02   4.99650e-01   3.47908e-01   3.98072e-01
   9.97996e-01   3.68615e-01  -7.92025e-02   4.99650e-01   3.49286e-01   3.96846e-01
   1.00000e+00   3.67879e-01  -7.92025e-02   4.99650e-01   3.50663e-01   3.95620e-01
