  -1.00000e+00  -3.67879e-01   5.15111e-01  -1.51319e+00   2.31099e+00  -6.23002e-01  -3.19184e-01  -4.58889e+00   4.99214e+00  -3.69870e+00   2.36197e+00  -1.51961e+00   4.94631e+00
  -9.93988e-01  -3.70078e-01   4.90669e-01  -1.53763e+00   2.28654e+00  -6.30417e-01  -3.34302e-01  -4.58889e+00   4.99214e+00  -3.68167e+00   2.37129e+00  -1.91619e+00   5.09601e+00
  -9.87976e-01  -3.72249e-01   4.66648e-01  -1.56165e+00   2.26252e+00  -6.65925e-01  -3.27808e-01  -4.58889e+00   4.99214e+00  -3.69316e+00   2.40181e+00  -1.90542e+00   5.05546e+00
  -9.81964e-01  -3.74391e-01   4.43046e-01  -1.58525e+00   2.23892e+00  -7.00950e-01  -3.21137e-01  -4.58889e+00   4.99214e+00  -3.70459e+00   2.43208e+00  -1.89470e+00   5.01520e+00
  -9.75952e-01  -3.76505e-01   4.19860e-01  -1.60844e+00   2.21573e+00  -7.35496e-01  -3.14292e-01  -4.58889e+00   4.99214e+00  -3.71594e+00   2.46211e+00  -1.88404e+00   4.97523e+00
  -9.69940e-01  -3.78589e-01   3.97085e-01  -1.63122e+00   2.19296e+00  -7.69565e-01  -3.07276e-01  -4.58889e+00   4.99214e+00  -3.72724e+00   2.49190e+00  -1.87344e+00   4.93554e+00
  -9.63928e-01  -3.80642e-01   3.74718e-01  -1.65358e+00   2.17059e+00  -8.03163e-01  -3.00088e-01  -4.58889e+00   4.99214e+00  -3.73847e+00   2.52146e+00  -1.86290e+00   4.89614e+00
  -9.57916e-01  -3.82664e-01   3.52757e-01  -1.67554e+00   2.14863e+00  -8.36293e-01  -2.92732e-01  -4.58889e+00   4.99214e+00  -3.74964e+00   2.55078e+00  -1.85241e+00   4.85702e+00
  -9.51904e-01  -3.84654e-01   3.31196e-01  -1.69710e+00   2.12707e+00  -8.68959e-01  -2.85209e-01  -4.58889e+00   4.99214e+00  -3.76074e+00   2.57986e+00  -1.84199e+00   4.81818e+00
  -9.45892e-01  -3.86610e-01   3.10034e-01  -1.71827e+00   2.10591e+00  -9.01164e-01  -2.77520e-01  -4.58889e+00   4.99214e+00  -3.77179e+00   2.60871e+00  -1.83162e+00   4.77962e+00
  -9.39880e-01  -3.88533e-01   2.89266e-01  -1.73903e+00   2.08514e+00  -9.32913e-01  -2.69668e-01  -4.58889e+00   4.99214e+00  -3.78277e+00   2.63733e+00  -1.82131e+00   4.74135e+00
  -9.33868e-01  -3.90421e-01   2.68890e-01  -1.75941e+00   2.06476e+00  -9.62011e-01  -2.61653e-01  -4.58889e+00   4.99214e+00  -3.79149e+00   2.66572e+00  -1.35838e+00   4.70335e+00
  -9.27856e-01  -3.92274e-01   2.48901e-01  -1.77940e+00   2.04478e+00  -9.90143e-01  -2.53479e-01  -4.58889e+00   4.99214e+00  -3.79963e+00   2.69388e+00  -1.35047e+00   4.66564e+00
  -9.21844e-01  -3.94090e-01   2.29297e-01  -1.79900e+00   2.02517e+00  -1.01784e+00  -2.45146e-01  -4.58889e+00   4.99214e+00  -3.80773e+00   2.72182e+00  -1.34262e+00   4.62820e+00
  -9.15832e-01  -3.95870e-01   2.10074e-01  -1.81823e+00   2.00595e+00  -1.04511e+00  -2.36656e-01  -4.58889e+00   4.99214e+00  -3.81578e+00   2.74953e+00  -1.33482e+00   4.59103e+00
  -9.09820e-01  -3.97611e-01   1.91229e-01  -1.83707e+00   1.98710e+00  -1.07196e+00  -2.28011e-01  -4.58889e+00   4.99214e+00  -3.82378e+00   2.77702e+00  -1.32707e+00   4.55414e+00
  -9.03808e-01  -3.99314e-01   1.72758e-01  -1.85554e+00   1.96863e+00  -1.09839e+00  -2.19212e-01  -4.58889e+00   4.99214e+00  -3.83173e+00   2.80429e+00  -1.31937e+00   4.51753e+00
  -8.97796e-01  -4.00978e-01   1.54658e-01  -1.87364e+00   1.95053e+00  -1.12438e+00  -2.10266e-01  -4.58889e+00   4.99214e+00  -3.83963e+00   2.83134e+00  -1.30291e+00   4.47889e+00
  -8.91784e-01  -4.02601e-01   1.36927e-01  -1.89137e+00   1.93280e+00  -1.14992e+00  -2.01180e-01  -4.58889e+00   4.99214e+00  -3.84743e+00   2.85816e+00  -1.29438e+00   4.44258e+00
  -8.85772e-01  -4.04183e-01   1.19559e-01  -1.90874e+00   1.91543e+00  -1.17504e+00  -1.91947e-01  -4.58889e+00   4.99214e+00  -3.85519e+00   2.88476e+00  -1.28591e+00   4.40653e+00
  -8.79760e-01  -4.05723e-01   1.02553e-01  -1.92575e+00   1.89843e+00  -1.19975e+00  -1.82568e-01  -4.58889e+00   4.99214e+00  -3.86290e+00   2.91114e+00  -1.27751e+00   4.37077e+00
  -8.73747e-01  -4.07221e-01   8.59055e-02  -1.94240e+00   1.88178e+00  -1.22406e+00  -1.73924e-01  -4.58889e+00   4.99214e+00  -3.87055e+00   2.93643e+00  -1.26917e+00   4.17406e+00
  -8.67735e-01  -4.08676e-01   6.96123e-02  -1.95869e+00   1.86549e+00  -1.24796e+00  -1.65225e-01  -4.58889e+00   4.99214e+00  -3.87816e+00   2.96143e+00  -1.26090e+00   4.14025e+00
  -8.61723e-01  -4.10086e-01   5.36706e-02  -1.97463e+00   1.84955e+00  -1.27145e+00  -1.56376e-01  -4.58889e+00   4.99214e+00  -3.88571e+00   2.98622e+00  -1.25268e+00   4.10670e+00
  -8.55711e-01  -4.11452e-01   3.80771e-02  -1.99022e+00   1.83395e+00  -1.29455e+00  -1.47380e-01  -4.58889e+00   4.99214e+00  -3.89322e+00   3.01081e+00  -1.24453e+00   4.07341e+00
  -8.49699e-01  -4.12771e-01   2.28287e-02  -2.00547e+00   1.81870e+00  -1.31726e+00  -1.38238e-01  -4.58889e+00   4.99214e+00  -3.90068e+00   3.03520e+00  -1.23644e+00   4.04038e+00
  -8.43687e-01  -4.14045e-01   7.92221e-03  -2.02038e+00   1.80380e+00  -1.33958e+00  -1.28953e-01  -4.58889e+00   4.99214e+00  -3.90809e+00   3.05939e+00  -1.22842e+00   4.00761e+00
  -8.37675e-01  -4.15271e-01  -6.64567e-03  -2.03495e+00   1.78923e+00  -1.36150e+00  -1.19525e-01  -4.58889e+00   4.99214e+00  -3.91545e+00   3.08338e+00  -1.22045e+00   3.97510e+00
  -8.31663e-01  -4.16449e-01  -2.08781e-02  -2.04918e+00   1.77500e+00  -1.38052e+00  -1.09956e-01  -4.58889e+00   4.99214e+00  -3.92023e+00   3.10719e+00  -6.54439e-01   3.94284e+00
  -8.25651e-01  -4.17578e-01  -3.47782e-02  -2.06308e+00   1.76110e+00  -1.39831e+00  -1.00248e-01  -4.58889e+00   4.99214e+00  -3.92412e+00   3.13079e+00  -6.26268e-01   3.91083e+00
  -8.19639e-01  -4.18659e-01  -4.83491e-02  -2.07665e+00   1.74753e+00  -1.41564e+00  -9.04022e-02  -4.58889e+00   4.99214e+00  -3.92788e+00   3.15421e+00  -6.25793e-01   3.87908e+00
  -8.13627e-01  -4.19689e-01  -6.15941e-02  -2.08989e+00   1.73428e+00  -1.43265e+00  -8.04208e-02  -4.58889e+00   4.99214e+00  -3.93164e+00   3.17744e+00  -6.25318e-01   3.84759e+00
  -8.07615e-01  -4.20668e-01  -7.45162e-02  -2.10282e+00   1.72136e+00  -1.44830e+00  -7.03052e-02  -4.58889e+00   4.99214e+00  -3.93438e+00   3.20047e+00  -1.65133e-01   3.81634e+00
  -8.01603e-01  -4.21595e-01  -8.71185e-02  -2.11542e+00   1.70876e+00  -1.46190e+00  -6.00569e-02  -4.58889e+00   4.99214e+00  -3.93537e+00   3.22333e+00  -1.65133e-01   3.78534e+00
  -7.95591e-01  -4.22471e-01  -9.94042e-02  -2.12771e+00   1.69647e+00  -1.47518e+00  -4.96776e-02  -4.58889e+00   4.99214e+00  -3.93636e+00   3.24599e+00  -1.65133e-01   3.75460e+00
  -7.89579e-01  -4.23293e-01  -1.11376e-01  -2.13968e+00   1.68450e+00  -1.48814e+00  -3.91688e-02  -4.58889e+00   4.99214e+00  -3.93736e+00   3.26847e+00  -1.65133e-01   3.72410e+00
  -7.83567e-01  -4.24062e-01  -1.23038e-01  -2.15134e+00   1.67284e+00  -1.50080e+00  -2.85321e-02  -4.58889e+00   4.99214e+00  -3.93835e+00   3.29077e+00  -1.65133e-01   3.69385e+00
  -7.77555e-01  -4.24776e-01  -1.34392e-01  -2.16269e+00   1.66148e+00  -1.51314e+00  -1.77692e-02  -4.58889e+00   4.99214e+00  -3.93934e+00   3.31289e+00  -1.65133e-01   3.66385e+00
  -7.71543e-01  -4.25436e-01  -1.45442e-01  -2.17374e+00   1.65043e+00  -1.52519e+00  -6.88158e-03  -4.58889e+00   4.99214e+00  -3.94033e+00   3.33482e+00  -1.65133e-01   3.63409e+00
  -7.65531e-01  -4.26039e-01  -1.56191e-01  -2.18449e+00   1.63968e+00  -1.53693e+00   4.12915e-03  -4.58889e+00   4.99214e+00  -3.94133e+00   3.35658e+00  -1.65133e-01   3.60458e+00
  -7.59519e-01  -4.26587e-01  -1.66641e-01  -2.19494e+00   1.62923e+00  -1.54837e+00   1.52614e-02  -4.58889e+00   4.99214e+00  -3.94232e+00   3.37817e+00  -1.65133e-01   3.57531e+00
  -7.53507e-01  -4.27078e-01  -1.76797e-01  -2.20510e+00   1.61908e+00  -1.55952e+00   2.65137e-02  -4.58889e+00   4.99214e+00  -3.94331e+00   3.39957e+00  -1.65133e-01   3.54628e+00
  -7.47495e-01  -4.27510e-01  -1.86660e-01  -2.21496e+00   1.60922e+00  -1.57037e+00   3.78843e-02  -4.58889e+00   4.99214e+00  -3.94430e+00   3.42081e+00  -1.65133e-01   3.51749e+00
  -7.41483e-01  -4.27885e-01  -1.96233e-01  -2.22453e+00   1.59964e+00  -1.58094e+00   4.81662e-02  -4.58889e+00   4.99214e+00  -3.94530e+00   3.44066e+00  -1.65133e-01   3.24943e+00
  -7.35471e-01  -4.28201e-01  -2.05521e-01  -2.23382e+00   1.59035e+00  -1.59122e+00   5.83383e-02  -4.58889e+00   4.99214e+00  -3.94629e+00   3.46012e+00  -1.65133e-01   3.22419e+00
  -7.29459e-01  -4.28458e-01  -2.14525e-01  -2.24283e+00   1.58135e+00  -1.60122e+00   6.86426e-02  -4.58889e+00   4.99214e+00  -3.94728e+00   3.47943e+00  -1.65133e-01   3.19917e+00
  -7.23447e-01  -4.28655e-01  -2.23249e-01  -2.25155e+00   1.57263e+00  -1.61094e+00   7.90774e-02  -4.58889e+00   4.99214e+00  -3.94828e+00   3.49859e+00  -1.65133e-01   3.17435e+00
  -7.17435e-01  -4.28791e-01  -2.31696e-01  -2.26000e+00   1.56418e+00  -1.62038e+00   8.96409e-02  -4.58889e+00   4.99214e+00  -3.94927e+00   3.51760e+00  -1.65133e-01   3.14974e+00
  -7.11423e-01  -4.28866e-01  -2.39868e-01  -2.26817e+00   1.55601e+00  -1.62954e+00   1.00332e-01  -4.58889e+00   4.99214e+00  -3.95026e+00   3.53646e+00  -1.65133e-01   3.12534e+00
  -7.05411e-01  -4.28879e-01  -2.47769e-01  -2.27607e+00   1.54811e+00  -1.63843e+00   1.10916e-01  -4.58889e+00   4.99214e+00  -3.95125e+00   3.55495e+00  -1.65133e-01   3.01270e+00
  -6.99399e-01  -4.28831e-01  -2.55401e-01  -2.28370e+00   1.54047e+00  -1.64706e+00   1.21325e-01  -4.58889e+00   4.99214e+00  -3.95225e+00   3.57299e+00  -1.65133e-01   2.98918e+00
  -6.93387e-01  -4.28719e-01  -2.62768e-01  -2.29107e+00   1.53311e+00  -1.65542e+00   1.31860e-01  -4.58889e+00   4.99214e+00  -3.95324e+00   3.59089e+00  -1.65133e-01   2.96587e+00
  -6.87375e-01  -4.28545e-01  -2.69871e-01  -2.29817e+00   1.52600e+00  -1.66351e+00   1.42517e-01  -4.58889e+00   4.99214e+00  -3.95423e+00   3.60865e+00  -1.65133e-01   2.94276e+00
  -6.81363e-01  -4.28307e-01  -2.76715e-01  -2.30502e+00   1.51916e+00  -1.67135e+00   1.53297e-01  -4.58889e+00   4.99214e+00  -3.95523e+00   3.62628e+00  -1.65133e-01   2.91985e+00
  -6.75351e-01  -4.28004e-01  -2.83302e-01  -2.31160e+00   1.51257e+00  -1.67893e+00   1.64196e-01  -4.58889e+00   4.99214e+00  -3.95622e+00   3.64376e+00  -1.65133e-01   2.89714e+00
  -6.69339e-01  -4.27638e-01  -2.89635e-01  -2.31794e+00   1.50624e+00  -1.68626e+00   1.75213e-01  -4.58889e+00   4.99214e+00  -3.95721e+00   3.66111e+00  -1.65133e-01   2.87462e+00
  -6.63327e-01  -4.27206e-01  -2.95716e-01  -2.32402e+00   1.50016e+00  -1.69333e+00   1.86347e-01  -4.58889e+00   4.99214e+00  -3.95820e+00   3.67833e+00  -1.65133e-01   2.85230e+00
  -6.57315e-01  -4.26708e-01  -3.01549e-01  -2.32985e+00   1.49433e+00  -1.70016e+00   1.97595e-01  -4.58889e+00   4.99214e+00  -3.95920e+00   3.69541e+00  -1.65133e-01   2.83018e+00
  -6.51303e-01  -4.26145e-01  -3.07136e-01  -2.33544e+00   1.48874e+00  -1.70674e+00   2.08957e-01  -4.58889e+00   4.99214e+00  -3.96019e+00   3.71236e+00  -1.65133e-01   2.80825e+00
  -6.45291e-01  -4.25515e-01  -3.12480e-01  -2.34078e+00   1.48340e+00  -1.71307e+00   2.20431e-01  -4.58889e+00   4.99214e+00  -3.96118e+00   3.72917e+00  -1.65133e-01   2.78651e+00
  -6.39279e-01  -4.24819e-01  -3.17584e-01  -2.34588e+00   1.47829e+00  -1.71917e+00   2.32015e-01  -4.58889e+00   4.99214e+00  -3.96217e+00   3.74586e+00  -1.65133e-01   2.76497e+00
  -6.33267e-01  -4.24056e-01  -3.22451e-01  -2.35075e+00   1.47342e+00  -1.72503e+00   2.43707e-01  -4.58889e+00   4.99214e+00  -3.96317e+00   3.76242e+00  -1.65133e-01   2.74361e+00
  -6.27255e-01  -4.23225e-01  -3.27083e-01  -2.35538e+00   1.46879e+00  -1.73065e+00   2.55506e-01  -4.58889e+00   4.99214e+00  -3.96416e+00   3.77885e+00  -1.65133e-01   2.72245e+00
  -6.21242e-01  -4.22327e-01  -3.31483e-01  -2.35978e+00   1.46439e+00  -1.73605e+00   2.67410e-01  -4.58889e+00   4.99214e+00  -3.96515e+00   3.79516e+00  -1.65133e-01   2.70148e+00
  -6.15230e-01  -4.21360e-01  -3.35654e-01  -2.36396e+00   1.46022e+00  -1.74121e+00   2.79417e-01  -4.58889e+00   4.99214e+00  -3.96615e+00   3.81134e+00  -1.65133e-01   2.68070e+00
  -6.09218e-01  -4.20326e-01  -3.39599e-01  -2.36790e+00   1.45628e+00  -1.74615e+00   2.91527e-01  -4.58889e+00   4.99214e+00  -3.96714e+00   3.82739e+00  -1.65133e-01   2.66011e+00
  -6.03206e-01  -4.19222e-01  -3.43320e-01  -2.37162e+00   1.45255e+00  -1.75086e+00   3.03737e-01  -4.58889e+00   4.99214e+00  -3.96813e+00   3.84332e+00  -1.65133e-01   2.63970e+00
  -5.97194e-01  -4.18050e-01  -3.46821e-01  -2.37512e+00   1.44905e+00  -1.75536e+00   3.16046e-01  -4.58889e+00   4.99214e+00  -3.96912e+00   3.85913e+00  -1.65133e-01   2.61948e+00
  -5.91182e-01  -4.16809e-01  -3.50103e-01  -2.37840e+00   1.44577e+00  -1.75963e+00   3.28452e-01  -4.58889e+00   4.99214e+00  -3.97012e+00   3.87482e+00  -1.65133e-01   2.59945e+00
  -5.85170e-01  -4.15498e-01  -3.53169e-01  -2.38147e+00   1.44271e+00  -1.76369e+00   3.40953e-01  -4.58889e+00   4.99214e+00  -3.97111e+00   3.89039e+00  -1.65133e-01   2.57960e+00
  -5.79158e-01  -4.14118e-01  -3.56023e-01  -2.38432e+00   1.43985e+00  -1.76754e+00   3.53549e-01  -4.58889e+00   4.99214e+00  -3.97210e+00   3.90584e+00  -1.65133e-01   2.55993e+00
  -5.73146e-01  -4.12668e-01  -3.58666e-01  -2.38697e+00   1.43721e+00  -1.77117e+00   3.66237e-01  -4.58889e+00   4.99214e+00  -3.97310e+00   3.92117e+00  -1.65133e-01   2.54044e+00
  -5.67134e-01  -4.11149e-01  -3.61102e-01  -2.38940e+00   1.43477e+00  -1.77460e+00   3.79016e-01  -4.58889e+00   4.99214e+00  -3.97409e+00   3.93638e+00  -1.65133e-01   2.52114e+00
  -5.61122e-01  -4.09559e-01  -3.63333e-01  -2.39163e+00   1.43254e+00  -1.77782e+00   3.91885e-01  -4.58889e+00   4.99214e+00  -3.97508e+00   3.95148e+00  -1.65133e-01   2.50202e+00
  -5.55110e-01  -4.07899e-01  -3.65362e-01  -2.39366e+00   1.43051e+00  -1.78085e+00   4.04842e-01  -4.58889e+00   4.99214e+00  -3.97607e+00   3.96647e+00  -1.65133e-01   2.48308e+00
  -5.49098e-01  -4.06169e-01  -3.67191e-01  -2.39549e+00   1.42868e+00  -1.78367e+00   4.17885e-01  -4.58889e+00   4.99214e+00  -3.97707e+00   3.98134e+00  -1.65133e-01   2.46432e+00
  -5.43086e-01  -4.04368e-01  -3.68823e-01  -2.39712e+00   1.42705e+00  -1.78629e+00   4.31012e-01  -4.58889e+00   4.99214e+00  -3.97806e+00   3.99610e+00  -1.65133e-01   2.44573e+00
  -5.37074e-01  -4.02497e-01  -3.70260e-01  -2.39856e+00   1.42562e+00  -1.78872e+00   4.44223e-01  -4.58889e+00   4.99214e+00  -3.97905e+00   4.01075e+00  -1.65133e-01   2.42732e+00
  -5.31062e-01  -4.00555e-01  -3.71505e-01  -2.39981e+00   1.42437e+00  -1.79096e+00   4.57516e-01  -4.58889e+00   4.99214e+00  -3.98004e+00   4.02529e+00  -1.65133e-01   2.40909e+00
  -5.25050e-01  -3.98543e-01  -3.72561e-01  -2.40086e+00   1.42331e+00  -1.79301e+00   4.70890e-01  -4.58889e+00   4.99214e+00  -3.98104e+00   4.03971e+00  -1.65133e-01   2.39104e+00
  -5.19038e-01  -3.96461e-01  -3.73430e-01  -2.40173e+00   1.42245e+00  -1.79487e+00   4.84342e-01  -4.58889e+00   4.99214e+00  -3.98203e+00   4.05404e+00  -1.65133e-01   2.37316e+00
  -5.13026e-01  -3.94307e-01  -3.74114e-01  -2.40242e+00   1.42176e+00  -1.79655e+00   4.97871e-01  -4.58889e+00   4.99214e+00  -3.98302e+00   4.06825e+00  -1.65133e-01   2.35545e+00
  -5.07014e-01  -3.92084e-01  -3.74617e-01  -2.40292e+00   1.42126e+00  -1.79804e+00   5.11477e-01  -4.58889e+00   4.99214e+00  -3.98402e+00   4.08236e+00  -1.65133e-01   2.33791e+00
  -5.01002e-01  -3.89790e-01  -3.74941e-01  -2.40324e+00   1.42093e+00  -1.79936e+00   5.25157e-01  -4.58889e+00   4.99214e+00  -3.98501e+00   4.09636e+00  -1.65133e-01   2.32055e+00
  -4.94990e-01  -3.87425e-01  -3.75087e-01  -2.40339e+00   1.42079e+00  -1.80050e+00   5.38909e-01  -4.58889e+00   4.99214e+00  -3.98600e+00   4.11026e+00  -1.65133e-01   2.30335e+00
  -4.88978e-01  -3.84990e-01  -3.75060e-01  -2.40336e+00   1.42082e+00  -1.80146e+00   5.52733e-01  -4.58889e+00   4.99214e+00  -3.98699e+00   4.12406e+00  -1.65133e-01   2.28633e+00
  -4.82966e-01  -3.82485e-01  -3.74860e-01  -2.40316e+00   1.42101e+00  -1.80226e+00   5.66628e-01  -4.58889e+00   4.99214e+00  -3.98799e+00   4.13775e+00  -1.65133e-01   2.26948e+00
  -4.76954e-01  -3.79910e-01  -3.74492e-01  -2.40279e+00   1.42138e+00  -1.80288e+00   5.80590e-01  -4.58889e+00   4.99214e+00  -3.98898e+00   4.15135e+00  -1.65133e-01   2.25279e+00
  -4.70942e-01  -3.77265e-01  -3.73956e-01  -2.40226e+00   1.42192e+00  -1.80334e+00   5.93910e-01  -4.58889e+00   4.99214e+00  -3.98997e+00   4.16413e+00  -1.65133e-01   1.29788e+00
  -4.64930e-01  -3.74551e-01  -3.73256e-01  -2.40156e+00   1.42262e+00  -1.80363e+00   6.02399e-01  -4.58889e+00   4.99214e+00  -3.99097e+00   4.17192e+00  -1.65133e-01   1.29338e+00
  -4.58918e-01  -3.71766e-01  -3.72393e-01  -2.40069e+00   1.42348e+00  -1.80376e+00   6.11024e-01  -4.58889e+00   4.99214e+00  -3.99196e+00   4.17968e+00  -1.65133e-01   1.28890e+00
  -4.52906e-01  -3.68913e-01  -3.71371e-01  -2.39967e+00   1.42450e+00  -1.80373e+00   6.19782e-01  -4.58889e+00   4.99214e+00  -3.99295e+00   4.18742e+00  -1.65133e-01   1.28445e+00
  -4.46894e-01  -3.65990e-01  -3.70192e-01  -2.39849e+00   1.42568e+00  -1.80355e+00   6.28670e-01  -4.58889e+00   4.99214e+00  -3.99394e+00   4.19513e+00  -1.65133e-01   1.28001e+00
  -4.40882e-01  -3.62999e-01  -3.68858e-01  -2.39716e+00   1.42702e+00  -1.80320e+00   6.37686e-01  -4.58889e+00   4.99214e+00  -3.99494e+00   4.20281e+00  -1.65133e-01   1.27559e+00
  -4.34870e-01  -3.59939e-01  -3.67371e-01  -2.39567e+00   1.42850e+00  -1.80271e+00   6.46828e-01  -4.58889e+00   4.99214e+00  -3.99593e+00   4.21046e+00  -1.65133e-01   1.27118e+00
  -4.28858e-01  -3.56811e-01  -3.65734e-01  -2.39404e+00   1.43014e+00  -1.80207e+00   6.56094e-01  -4.58889e+00   4.99214e+00  -3.99692e+00   4.21809e+00  -1.65133e-01   1.26680e+00
  -4.22846e-01  -3.53615e-01  -3.63950e-01  -2.39225e+00   1.43193e+00  -1.80128e+00   6.64033e-01  -4.58889e+00   4.99214e+00  -3.99791e+00   4.22425e+00  -1.65133e-01   9.18995e-01
  -4.16834e-01  -3.50352e-01  -3.62020e-01  -2.39032e+00   1.43386e+00  -1.80034e+00   6.71484e-01  -4.58889e+00   4.99214e+00  -3.99891e+00   4.22977e+00  -1.65133e-01   9.17587e-01
  -4.10822e-01  -3.47021e-01  -3.59947e-01  -2.38825e+00   1.43593e+00  -1.79926e+00   6.79069e-01  -4.58889e+00   4.99214e+00  -3.99990e+00   4.23528e+00  -1.65133e-01   9.16188e-01
  -4.04810e-01  -3.43623e-01  -3.57733e-01  -2.38603e+00   1.43814e+00  -1.79804e+00   6.86787e-01  -4.58889e+00   4.99214e+00  -4.00089e+00   4.24078e+00  -1.65133e-01   9.14798e-01
  -3.98798e-01  -3.40159e-01  -3.55380e-01  -2.38368e+00   1.44049e+00  -1.79668e+00   6.94635e-01  -4.58889e+00   4.99214e+00  -4.00189e+00   4.24628e+00  -1.65133e-01   9.13417e-01
  -3.92786e-01  -3.36630e-01  -3.52892e-01  -2.38119e+00   1.44298e+00  -1.79518e+00   7.02611e-01  -4.58889e+00   4.99214e+00  -4.00288e+00   4.25177e+00  -1.65133e-01   9.12046e-01
  -3.86774e-01  -3.33034e-01  -3.50269e-01  -2.37857e+00   1.44561e+00  -1.79355e+00   7.10713e-01  -4.58889e+00   4.99214e+00  -4.00387e+00   4.25725e+00  -1.65133e-01   9.10683e-01
  -3.80762e-01  -3.29374e-01  -3.47515e-01  -2.37582e+00   1.44836e+00  -1.79179e+00   7.18938e-01  -4.58889e+00   4.99214e+00  -4.00486e+00   4.26272e+00  -1.65133e-01   9.09330e-01
  -3.74749e-01  -3.25649e-01  -3.44631e-01  -2.37293e+00   1.45124e+00  -1.78990e+00   7.27285e-01  -4.58889e+00   4.99214e+00  -4.00586e+00   4.26818e+00  -1.65133e-01   9.07987e-01
  -3.68737e-01  -3.21860e-01  -3.41620e-01  -2.36992e+00   1.45425e+00  -1.78788e+00   7.35751e-01  -4.58889e+00   4.99214e+00  -4.00685e+00   4.27363e+00  -1.65133e-01   9.06652e-01
  -3.62725e-01  -3.18008e-01  -3.38484e-01  -2.36679e+00   1.45739e+00  -1.78574e+00   7.44333e-01  -4.58889e+00   4.99214e+00  -4.00784e+00   4.27908e+00  -1.65133e-01   9.05327e-01
  -3.56713e-01  -3.14093e-01  -3.35226e-01  -2.36353e+00   1.46065e+00  -1.78347e+00   7.53031e-01  -4.58889e+00   4.99214e+00  -4.00884e+00   4.28452e+00  -1.65133e-01   9.04010e-01
  -3.50701e-01  -3.10115e-01  -3.31847e-01  -2.36015e+00   1.46403e+00  -1.78109e+00   7.61841e-01  -4.58889e+00   4.99214e+00  -4.00983e+00   4.28995e+00  -1.65133e-01   9.02703e-01
  -3.44689e-01  -3.06076e-01  -3.28349e-01  -2.35665e+00   1.46753e+00  -1.77858e+00   7.70761e-01  -4.58889e+00   4.99214e+00  -4.01082e+00   4.29537e+00  -1.65133e-01   9.01406e-01
  -3.38677e-01  -3.01975e-01  -3.24736e-01  -2.35304e+00   1.47114e+00  -1.77596e+00   7.79790e-01  -4.58889e+00   4.99214e+00  -4.01181e+00   4.30079e+00  -1.65133e-01   9.00117e-01
  -3.32665e-01  -2.97814e-01  -3.21008e-01  -2.34931e+00   1.47487e+00  -1.77323e+00   7.88926e-01  -4.58889e+00   4.99214e+00  -4.01281e+00   4.30620e+00  -1.65133e-01   8.98838e-01
  -3.26653e-01  -2.93594e-01  -3.17169e-01  -2.34547e+00   1.47871e+00  -1.77038e+00   7.98165e-01  -4.58889e+00   4.99214e+00  -4.01380e+00   4.31160e+00  -1.65133e-01   8.97567e-01
  -3.20641e-01  -2.89314e-01  -3.13220e-01  -2.34152e+00   1.48266e+00  -1.76742e+00   8.04126e-01  -4.58889e+00   4.99214e+00  -4.01479e+00   4.31361e+00  -1.65133e-01   2.92389e-01
  -3.14629e-01  -2.84976e-01  -3.09163e-01  -2.33746e+00   1.48671e+00  -1.76436e+00   8.09940e-01  -4.58889e+00   4.99214e+00  -4.01578e+00   4.31537e+00  -1.65133e-01   2.92389e-01
  -3.08617e-01  -2.80580e-01  -3.05001e-01  -2.33330e+00   1.49087e+00  -1.76119e+00   8.15860e-01  -4.58889e+00   4.99214e+00  -4.01678e+00   4.31712e+00  -1.65133e-01   2.92389e-01
  -3.02605e-01  -2.76127e-01  -3.00735e-01  -2.32904e+00   1.49514e+00  -1.75792e+00   8.21883e-01  -4.58889e+00   4.99214e+00  -4.01777e+00   4.31888e+00  -1.65133e-01   2.92389e-01
  -2.96593e-01  -2.71617e-01  -2.96369e-01  -2.32467e+00   1.49951e+00  -1.75454e+00   8.28008e-01  -4.58889e+00   4.99214e+00  -4.01876e+00   4.32064e+00  -1.65133e-01   2.92389e-01
  -2.90581e-01  -2.67053e-01  -2.91903e-01  -2.32020e+00   1.50397e+00  -1.75107e+00   8.34232e-01  -4.58889e+00   4.99214e+00  -4.01976e+00   4.32240e+00  -1.65133e-01   2.92389e-01
  -2.84569e-01  -2.62433e-01  -2.87340e-01  -2.31564e+00   1.50854e+00  -1.74750e+00   8.40552e-01  -4.58889e+00   4.99214e+00  -4.02075e+00   4.32416e+00  -1.65133e-01   2.92389e-01
  -2.78557e-01  -2.57760e-01  -2.82682e-01  -2.31098e+00   1.51319e+00  -1.74383e+00   8.46968e-01  -4.58889e+00   4.99214e+00  -4.02174e+00   4.32591e+00  -1.65133e-01   2.92389e-01
  -2.72545e-01  -2.53034e-01  -2.77931e-01  -2.30623e+00   1.51794e+00  -1.74008e+00   8.53477e-01  -4.58889e+00   4.99214e+00  -4.02273e+00   4.32767e+00  -1.65133e-01   2.92389e-01
  -2.66533e-01  -2.48255e-01  -2.73089e-01  -2.30139e+00   1.52279e+00  -1.73623e+00   8.60077e-01  -4.58889e+00   4.99214e+00  -4.02373e+00   4.32943e+00  -1.65133e-01   2.92389e-01
  -2.60521e-01  -2.43426e-01  -2.68158e-01  -2.29646e+00   1.52772e+00  -1.73229e+00   8.66765e-01  -4.58889e+00   4.99214e+00  -4.02472e+00   4.33119e+00  -1.65133e-01   2.92389e-01
  -2.54509e-01  -2.38546e-01  -2.63141e-01  -2.29144e+00   1.53273e+00  -1.72826e+00   8.73541e-01  -4.58889e+00   4.99214e+00  -4.02571e+00   4.33295e+00  -1.65133e-01   2.92389e-01
  -2.48497e-01  -2.33616e-01  -2.58038e-01  -2.28634e+00   1.53784e+00  -1.72415e+00   8.80402e-01  -4.58889e+00   4.99214e+00  -4.02671e+00   4.33470e+00  -1.65133e-01   2.92389e-01
  -2.42485e-01  -2.28638e-01  -2.52852e-01  -2.28115e+00   1.54302e+00  -1.71996e+00   8.87345e-01  -4.58889e+00   4.99214e+00  -4.02770e+00   4.33646e+00  -1.65133e-01   2.92389e-01
  -2.36473e-01  -2.23612e-01  -2.47586e-01  -2.27589e+00   1.54829e+00  -1.71569e+00   8.94370e-01  -4.58889e+00   4.99214e+00  -4.02869e+00   4.33822e+00  -1.65133e-01   2.92389e-01
  -2.30461e-01  -2.18540e-01  -2.42240e-01  -2.27054e+00   1.55363e+00  -1.71133e+00   9.01473e-01  -4.58889e+00   4.99214e+00  -4.02968e+00   4.33998e+00  -1.65133e-01   2.92389e-01
  -2.24449e-01  -2.13422e-01  -2.36817e-01  -2.26512e+00   1.55906e+00  -1.70690e+00   9.08653e-01  -4.58889e+00   4.99214e+00  -4.03068e+00   4.34173e+00  -1.65133e-01   2.92389e-01
  -2.18437e-01  -2.08259e-01  -2.31320e-01  -2.25962e+00   1.56456e+00  -1.70240e+00   9.15909e-01  -4.58889e+00   4.99214e+00  -4.03167e+00   4.34349e+00  -1.65133e-01   2.92389e-01
  -2.12425e-01  -2.03052e-01  -2.25749e-01  -2.25405e+00   1.57013e+00  -1.69782e+00   9.23238e-01  -4.58889e+00   4.99214e+00  -4.03266e+00   4.34525e+00  -1.65133e-01   2.92389e-01
  -2.06413e-01  -1.97803e-01  -2.20106e-01  -2.24841e+00   1.57577e+00  -1.69317e+00   9.30638e-01  -4.58889e+00   4.99214e+00  -4.03365e+00   4.34701e+00  -1.65133e-01   2.92389e-01
  -2.00401e-01  -1.92512e-01  -2.14395e-01  -2.24270e+00   1.58148e+00  -1.68845e+00   9.38108e-01  -4.58889e+00   4.99214e+00  -4.03465e+00   4.34877e+00  -1.65133e-01   2.92389e-01
  -1.94389e-01  -1.87180e-01  -2.08615e-01  -2.23692e+00   1.58726e+00  -1.68367e+00   9.45645e-01  -4.58889e+00   4.99214e+00  -4.03564e+00   4.35052e+00  -1.65133e-01   2.92389e-01
  -1.88377e-01  -1.81809e-01  -2.02771e-01  -2.23107e+00   1.59310e+00  -1.67881e+00   9.53247e-01  -4.58889e+00   4.99214e+00  -4.03663e+00   4.35228e+00  -1.65133e-01   2.92389e-01
  -1.82365e-01  -1.76400e-01  -1.96862e-01  -2.22516e+00   1.59901e+00  -1.67390e+00   9.60914e-01  -4.58889e+00   4.99214e+00  -4.03763e+00   4.35404e+00  -1.65133e-01   2.92389e-01
  -1.76353e-01  -1.70952e-01  -1.90891e-01  -2.21919e+00   1.60498e+00  -1.66892e+00   9.68642e-01  -4.58889e+00   4.99214e+00  -4.03862e+00   4.35580e+00  -1.65133e-01   2.92389e-01
  -1.70341e-01  -1.65469e-01  -1.84861e-01  -2.21316e+00   1.61101e+00  -1.66388e+00   9.76431e-01  -4.58889e+00   4.99214e+00  -4.03961e+00   4.35756e+00  -1.65133e-01   2.92389e-01
  -1.64329e-01  -1.59951e-01  -1.78772e-01  -2.20707e+00   1.61710e+00  -1.65879e+00   9.84277e-01  -4.58889e+00   4.99214e+00  -4.04060e+00   4.35931e+00  -1.65133e-01   2.92389e-01
  -1.58317e-01  -1.54398e-01  -1.72627e-01  -2.20093e+00   1.62325e+00  -1.65363e+00   9.92181e-01  -4.58889e+00   4.99214e+00  -4.04160e+00   4.36107e+00  -1.65133e-01   2.92389e-01
  -1.52305e-01  -1.48812e-01  -1.66427e-01  -2.19473e+00   1.62945e+00  -1.64843e+00   1.00014e+00  -4.58889e+00   4.99214e+00  -4.04259e+00   4.36283e+00  -1.65133e-01   2.92389e-01
  -1.46293e-01  -1.43195e-01  -1.60174e-01  -2.18847e+00   1.63570e+00  -1.64317e+00   1.00815e+00  -4.58889e+00   4.99214e+00  -4.04358e+00   4.36459e+00  -1.65133e-01   2.92389e-01
  -1.40281e-01  -1.37547e-01  -1.53870e-01  -2.18217e+00   1.64201e+00  -1.63786e+00   1.01621e+00  -4.58889e+00   4.99214e+00  -4.04458e+00   4.36634e+00  -1.65133e-01   2.92389e-01
  -1.34269e-01  -1.31870e-01  -1.47517e-01  -2.17582e+00   1.64836e+00  -1.63250e+00   1.02432e+00  -4.58889e+00   4.99214e+00  -4.04557e+00   4.36810e+00  -1.65133e-01   2.92389e-01
  -1.28257e-01  -1.26164e-01  -1.41116e-01  -2.16942e+00   1.65476e+00  -1.62709e+00   1.03248e+00  -4.58889e+00   4.99214e+00  -4.04656e+00   4.36986e+00  -1.65133e-01   2.92389e-01
  -1.22244e-01  -1.20431e-01  -1.34669e-01  -2.16297e+00   1.66121e+00  -1.62163e+00   1.04068e+00  -4.58889e+00   4.99214e+00  -4.04755e+00   4.37162e+00  -1.65133e-01   2.92389e-01
  -1.16232e-01  -1.14673e-01  -1.28179e-01  -2.15648e+00   1.66770e+00  -1.61614e+00   1.04893e+00  -4.58889e+00   4.99214e+00  -4.04855e+00   4.37338e+00  -1.65133e-01   2.92389e-01
  -1.10220e-01  -1.08890e-01  -1.21646e-01  -2.14995e+00   1.67423e+00  -1.61060e+00   1.05722e+00  -4.58889e+00   4.99214e+00  -4.04954e+00   4.37513e+00  -1.65133e-01   2.92389e-01
  -1.04208e-01  -1.03083e-01  -1.15072e-01  -2.14337e+00   1.68080e+00  -1.60501e+00   1.06556e+00  -4.58889e+00   4.99214e+00  -4.05053e+00   4.37689e+00  -1.65133e-01   2.92389e-01
  -9.81964e-02  -9.72541e-02  -1.08459e-01  -2.13676e+00   1.68742e+00  -1.59939e+00   1.07393e+00  -4.58889e+00   4.99214e+00  -4.05152e+00   4.37865e+00  -1.65133e-01   2.92389e-01
  -9.21844e-02  -9.14043e-02  -1.01809e-01  -2.13011e+00   1.69407e+00  -1.59374e+00   1.08233e+00  -4.58889e+00   4.99214e+00  -4.05252e+00   4.38041e+00  -1.65133e-01   2.92389e-01
  -8.61723e-02  -8.55348e-02  -9.51235e-02  -2.12342e+00   1.70075e+00  -1.58804e+00   1.09078e+00  -4.58889e+00   4.99214e+00  -4.05351e+00   4.38217e+00  -1.65133e-01   2.92389e-01
  -8.01603e-02  -7.96469e-02  -8.84039e-02  -2.11670e+00   1.70747e+00  -1.58232e+00   1.09926e+00  -4.58889e+00   4.99214e+00  -4.05450e+00   4.38392e+00  -1.65133e-01   2.92389e-01
  -7.41483e-02  -7.37418e-02  -8.16519e-02  -2.10995e+00   1.71422e+00  -1.57656e+00   1.10777e+00  -4.58889e+00   4.99214e+00  -4.05550e+00   4.38568e+00  -1.65133e-01   2.92389e-01
  -6.81363e-02  -6.78207e-02  -7.48692e-02  -2.10317e+00   1.72101e+00  -1.57077e+00   1.11631e+00  -4.58889e+00   4.99214e+00  -4.05649e+00   4.38744e+00  -1.65133e-01   2.92389e-01
  -6.21242e-02  -6.18849e-02  -6.80574e-02  -2.09636e+00   1.72782e+00  -1.56495e+00   1.12488e+00  -4.58889e+00   4.99214e+00  -4.05748e+00   4.38920e+00  -1.65133e-01   2.92389e-01
  -5.61122e-02  -5.59358e-02  -6.12181e-02  -2.08952e+00   1.73466e+00  -1.55910e+00   1.13347e+00  -4.58889e+00   4.99214e+00  -4.05847e+00   4.39095e+00  -1.65133e-01   2.92389e-01
  -5.01002e-02  -4.99746e-02  -5.43530e-02  -2.08265e+00   1.74152e+00  -1.55323e+00   1.14210e+00  -4.58889e+00   4.99214e+00  -4.05947e+00   4.39271e+00  -1.65133e-01   2.92389e-01
  -4.40882e-02  -4.40026e-02  -4.74635e-02  -2.07576e+00   1.74841e+00  -1.54733e+00   1.15074e+00  -4.58889e+00   4.99214e+00  -4.06046e+00   4.39447e+00  -1.65133e-01   2.92389e-01
  -3.80762e-02  -3.80210e-02  -4.05513e-02  -2.06885e+00   1.75532e+00  -1.54141e+00   1.15941e+00  -4.58889e+00   4.99214e+00  -4.06145e+00   4.39623e+00  -1.65133e-01   2.92389e-01
  -3.20641e-02  -3.20312e-02  -3.36178e-02  -2.06192e+00   1.76226e+00  -1.53547e+00   1.16810e+00  -4.58889e+00   4.99214e+00  -4.06245e+00   4.39799e+00  -1.65133e-01   2.92389e-01
  -2.60521e-02  -2.60344e-02  -2.66648e-02  -2.05497e+00   1.76921e+00  -1.52951e+00   1.17682e+00  -4.58889e+00   4.99214e+00  -4.06344e+00   4.39974e+00  -1.65133e-01   2.92389e-01
  -2.00401e-02  -2.00320e-02  -1.96936e-02  -2.04799e+00   1.77618e+00  -1.52354e+00   1.18554e+00  -4.58889e+00   4.99214e+00  -4.06443e+00   4.40150e+00  -1.65133e-01   2.92389e-01
  -1.40281e-02  -1.40253e-02  -1.27059e-02  -2.04101e+00   1.78317e+00  -1.51754e+00   1.19429e+00  -4.58889e+00   4.99214e+00  -4.06542e+00   4.40326e+00  -1.65133e-01   2.92389e-01
  -8.01603e-03  -8.01552e-03  -5.70302e-03  -2.03400e+00   1.79017e+00  -1.51153e+00   1.20305e+00  -4.58889e+00   4.99214e+00  -4.06642e+00   4.40502e+00  -1.65133e-01   2.92389e-01
  -2.00401e-03  -2.00400e-03   1.31341e-03  -2.02699e+00   1.79719e+00  -1.50551e+00   1.21182e+00  -4.58889e+00   4.99214e+00  -4.06741e+00   4.40677e+00  -1.65133e-01   2.92389e-01
   4.00802e-03   4.00795e-03   8.34195e-03  -2.01996e+00   1.80422e+00  -1.49947e+00   1.22061e+00  -4.58889e+00   4.99214e+00  -4.06840e+00   4.40853e+00  -1.65133e-01   2.92389e-01
   1.00200e-02   1.00190e-02   1.53811e-02  -2.01292e+00   1.81126e+00  -1.49342e+00   1.22941e+00  -4.58889e+00   4.99214e+00  -4.06940e+00   4.41029e+00  -1.65133e-01   2.92389e-01
   1.60321e-02   1.60279e-02   2.24295e-02  -2.00587e+00   1.81830e+00  -1.48737e+00   1.23821e+00  -4.58889e+00   4.99214e+00  -4.07039e+00   4.41205e+00  -1.65133e-01   2.92389e-01
   2.20441e-02   2.20334e-02   2.94855e-02  -1.99882e+00   1.82536e+00  -1.48131e+00   1.24703e+00  -4.58889e+00   4.99214e+00  -4.07138e+00   4.41381e+00  -1.65133e-01   2.92389e-01
   2.80561e-02   2.80340e-02   3.65479e-02  -1.99175e+00   1.83242e+00  -1.47524e+00   1.25585e+00  -4.58889e+00   4.99214e+00  -4.07237e+00   4.41556e+00  -1.65133e-01   2.92389e-01
   3.40681e-02   3.40286e-02   4.36151e-02  -1.98469e+00   1.83949e+00  -1.46916e+00   1.26467e+00  -4.58889e+00   4.99214e+00  -4.07337e+00   4.41732e+00  -1.65133e-01   2.92389e-01
   4.00802e-02   4.00158e-02   5.06858e-02  -1.97762e+00   1.84656e+00  -1.46308e+00   1.27350e+00  -4.58889e+00   4.99214e+00  -4.07436e+00   4.41908e+00  -1.65133e-01   2.92389e-01
   4.60922e-02   4.59944e-02   5.77585e-02  -1.97054e+00   1.85363e+00  -1.45700e+00   1.28233e+00  -4.58889e+00   4.99214e+00  -4.07535e+00   4.42084e+00  -1.65133e-01   2.92389e-01
   5.21042e-02   5.19629e-02   6.48320e-02  -1.96347e+00   1.86071e+00  -1.45092e+00   1.29116e+00  -4.58889e+00   4.99214e+00  -4.07634e+00   4.42260e+00  -1.65133e-01   2.92389e-01
   5.81162e-02   5.79203e-02   7.19047e-02  -1.95640e+00   1.86778e+00  -1.44484e+00   1.29999e+00  -4.58889e+00   4.99214e+00  -4.07734e+00   4.42435e+00  -1.65133e-01   2.92389e-01
   6.41283e-02   6.38651e-02   7.89754e-02  -1.94933e+00   1.87485e+00  -1.43877e+00   1.30882e+00  -4.58889e+00   4.99214e+00  -4.07833e+00   4.42611e+00  -1.65133e-01   2.92389e-01
   7.01403e-02   6.97961e-02   8.60426e-02  -1.94226e+00   1.88192e+00  -1.43269e+00   1.31765e+00  -4.58889e+00   4.99214e+00  -4.07932e+00   4.42787e+00  -1.65133e-01   2.92389e-01
   7.61523e-02   7.57120e-02   9.31052e-02  -1.93520e+00   1.88898e+00  -1.42662e+00   1.32647e+00  -4.58889e+00   4.99214e+00  -4.08032e+00   4.42963e+00  -1.65133e-01   2.92389e-01
   8.21643e-02   8.16115e-02   1.00162e-01  -1.92814e+00   1.89604e+00  -1.42056e+00   1.33528e+00  -4.58889e+00   4.99214e+00  -4.08131e+00   4.43138e+00  -1.65133e-01   2.92389e-01
   8.81764e-02   8.74934e-02   1.07211e-01  -1.92109e+00   1.90309e+00  -1.41450e+00   1.34409e+00  -4.58889e+00   4.99214e+00  -4.08230e+00   4.43314e+00  -1.65133e-01   2.92389e-01
   9.41884e-02   9.33565e-02   1.14251e-01  -1.91405e+00   1.91013e+00  -1.40845e+00   1.35289e+00  -4.58889e+00   4.99214e+00  -4.08329e+00   4.43490e+00  -1.65133e-01   2.92389e-01
   1.00200e-01   9.91994e-02   1.21281e-01  -1.90702e+00   1.91716e+00  -1.40242e+00   1.36168e+00  -4.58889e+00   4.99214e+00  -4.08429e+00   4.43666e+00  -1.65133e-01   2.92389e-01
   1.06212e-01   1.05021e-01   1.28301e-01  -1.90000e+00   1.92418e+00  -1.39639e+00   1.37045e+00  -4.58889e+00   4.99214e+00  -4.08528e+00   4.43842e+00  -1.65133e-01   2.92389e-01
   1.12224e-01   1.10820e-01   1.35307e-01  -1.89299e+00   1.93118e+00  -1.39038e+00   1.37922e+00  -4.58889e+00   4.99214e+00  -4.08627e+00   4.44017e+00  -1.65133e-01   2.92389e-01
   1.18236e-01   1.16595e-01   1.42300e-01  -1.88600e+00   1.93818e+00  -1.38438e+00   1.38797e+00  -4.58889e+00   4.99214e+00  -4.08727e+00   4.44193e+00  -1.65133e-01   2.92389e-01
   1.24248e-01   1.22345e-01   1.49278e-01  -1.87902e+00   1.94515e+00  -1.37839e+00   1.39670e+00  -4.58889e+00   4.99214e+00  -4.08826e+00   4.44369e+00  -1.65133e-01   2.92389e-01
   1.30261e-01   1.28069e-01   1.56240e-01  -1.87206e+00   1.95211e+00  -1.37242e+00   1.40542e+00  -4.58889e+00   4.99214e+00  -4.08925e+00   4.44545e+00  -1.65133e-01   2.92389e-01
   1.36273e-01   1.33765e-01   1.63184e-01  -1.86512e+00   1.95906e+00  -1.36647e+00   1.41413e+00  -4.58889e+00   4.99214e+00  -4.09024e+00   4.44721e+00  -1.65133e-01   2.92389e-01
   1.42285e-01   1.39433e-01   1.70110e-01  -1.85819e+00   1.96598e+00  -1.36054e+00   1.42281e+00  -4.58889e+00   4.99214e+00  -4.09124e+00   4.44896e+00  -1.65133e-01   2.92389e-01
   1.48297e-01   1.45071e-01   1.77015e-01  -1.85129e+00   1.97289e+00  -1.35462e+00   1.43147e+00  -4.58889e+00   4.99214e+00  -4.09223e+00   4.45072e+00  -1.65133e-01   2.92389e-01
   1.54309e-01   1.50678e-01   1.83900e-01  -1.84440e+00   1.97978e+00  -1.34873e+00   1.44012e+00  -4.58889e+00   4.99214e+00  -4.09322e+00   4.45248e+00  -1.65133e-01   2.92389e-01
   1.60321e-01   1.56252e-01   1.90763e-01  -1.83754e+00   1.98664e+00  -1.34286e+00   1.44874e+00  -4.58889e+00   4.99214e+00  -4.09421e+00   4.45424e+00  -1.65133e-01   2.92389e-01
   1.66333e-01   1.61794e-01   1.97602e-01  -1.83070e+00   1.99348e+00  -1.33702e+00   1.45733e+00  -4.58889e+00   4.99214e+00  -4.09521e+00   4.45599e+00  -1.65133e-01   2.92389e-01
   1.72345e-01   1.67301e-01   2.04417e-01  -1.82388e+00   2.00029e+00  -1.33119e+00   1.46591e+00  -4.58889e+00   4.99214e+00  -4.09620e+00   4.45775e+00  -1.65133e-01   2.92389e-01
   1.78357e-01   1.72772e-01   2.11206e-01  -1.81710e+00   2.00708e+00  -1.32540e+00   1.47445e+00  -4.58889e+00   4.99214e+00  -4.09719e+00   4.45951e+00  -1.65133e-01   2.92389e-01
   1.84369e-01   1.78207e-01   2.17968e-01  -1.81033e+00   2.01384e+00  -1.31963e+00   1.48297e+00  -4.58889e+00   4.99214e+00  -4.09819e+00   4.46127e+00  -1.65133e-01   2.92389e-01
   1.90381e-01   1.83604e-01   2.24703e-01  -1.80360e+00   2.02058e+00  -1.31389e+00   1.49147e+00  -4.58889e+00   4.99214e+00  -4.09918e+00   4.46303e+00  -1.65133e-01   2.92389e-01
   1.96393e-01   1.88962e-01   2.31409e-01  -1.79689e+00   2.02728e+00  -1.30817e+00   1.49993e+00  -4.58889e+00   4.99214e+00  -4.10017e+00   4.46478e+00  -1.65133e-01   2.92389e-01
   2.02405e-01   1.94280e-01   2.38084e-01  -1.79022e+00   2.03396e+00  -1.30249e+00   1.50836e+00  -4.58889e+00   4.99214e+00  -4.10116e+00   4.46654e+00  -1.65133e-01   2.92389e-01
   2.08417e-01   1.99558e-01   2.44729e-01  -1.78357e+00   2.04060e+00  -1.29684e+00   1.51676e+00  -4.58889e+00   4.99214e+00  -4.10216e+00   4.46830e+00  -1.65133e-01   2.92389e-01
   2.14429e-01   2.04793e-01   2.51341e-01  -1.77696e+00   2.04722e+00  -1.29122e+00   1.52514e+00  -4.58889e+00   4.99214e+00  -4.10315e+00   4.47006e+00  -1.65133e-01   2.92389e-01
   2.20441e-01   2.09985e-01   2.57921e-01  -1.77038e+00   2.05380e+00  -1.28563e+00   1.53347e+00  -4.58889e+00   4.99214e+00  -4.10414e+00   4.47182e+00  -1.65133e-01   2.92389e-01
   2.26453e-01   2.15133e-01   2.64466e-01  -1.76383e+00   2.06034e+00  -1.28008e+00   1.54178e+00  -4.58889e+00   4.99214e+00  -4.10514e+00   4.47357e+00  -1.65133e-01   2.92389e-01
   2.32465e-01   2.20236e-01   2.70976e-01  -1.75732e+00   2.06685e+00  -1.27456e+00   1.55004e+00  -4.58889e+00   4.99214e+00  -4.10613e+00   4.47533e+00  -1.65133e-01   2.92389e-01
   2.38477e-01   2.25293e-01   2.77450e-01  -1.75085e+00   2.07332e+00  -1.26908e+00   1.55827e+00  -4.58889e+00   4.99214e+00  -4.10712e+00   4.47709e+00  -1.65133e-01   2.92389e-01
   2.44489e-01   2.30303e-01   2.83886e-01  -1.74441e+00   2.07976e+00  -1.26364e+00   1.56647e+00  -4.58889e+00   4.99214e+00  -4.10811e+00   4.47885e+00  -1.65133e-01   2.92389e-01
   2.50501e-01   2.35265e-01   2.90284e-01  -1.73802e+00   2.08616e+00  -1.25823e+00   1.57463e+00  -4.58889e+00   4.99214e+00  -4.10911e+00   4.48060e+00  -1.65133e-01   2.92389e-01
   2.56513e-01   2.40178e-01   2.96644e-01  -1.73166e+00   2.09252e+00  -1.25287e+00   1.58274e+00  -4.58889e+00   4.99214e+00  -4.11010e+00   4.48236e+00  -1.65133e-01   2.92389e-01
   2.62525e-01   2.45041e-01   3.02963e-01  -1.72534e+00   2.09884e+00  -1.24754e+00   1.59082e+00  -4.58889e+00   4.99214e+00  -4.11109e+00   4.48412e+00  -1.65133e-01   2.92389e-01
   2.68537e-01   2.49854e-01   3.09241e-01  -1.71906e+00   2.10512e+00  -1.24225e+00   1.59886e+00  -4.58889e+00   4.99214e+00  -4.11208e+00   4.48588e+00  -1.65133e-01   2.92389e-01
   2.74549e-01   2.54615e-01   3.15476e-01  -1.71282e+00   2.11135e+00  -1.23701e+00   1.60685e+00  -4.58889e+00   4.99214e+00  -4.11308e+00   4.48764e+00  -1.65133e-01   2.92389e-01
   2.80561e-01   2.59324e-01   3.21669e-01  -1.70663e+00   2.11754e+00  -1.23181e+00   1.61480e+00  -4.58889e+00   4.99214e+00  -4.11407e+00   4.48939e+00  -1.65133e-01   2.92389e-01
   2.86573e-01   2.63979e-01   3.27819e-01  -1.70048e+00   2.12369e+00  -1.22666e+00   1.62271e+00  -4.58889e+00   4.99214e+00  -4.11506e+00   4.49115e+00  -1.65133e-01   2.92389e-01
   2.92585e-01   2.68580e-01   3.33923e-01  -1.69438e+00   2.12980e+00  -1.22154e+00   1.63057e+00  -4.58889e+00   4.99214e+00  -4.11606e+00   4.49291e+00  -1.65133e-01   2.92389e-01
   2.98597e-01   2.73127e-01   3.39982e-01  -1.68832e+00   2.13586e+00  -1.21648e+00   1.63839e+00  -4.58889e+00   4.99214e+00  -4.11705e+00   4.49467e+00  -1.65133e-01   2.92389e-01
   3.04609e-01   2.77617e-01   3.45994e-01  -1.68231e+00   2.14187e+00  -1.21146e+00   1.64616e+00  -4.58889e+00   4.99214e+00  -4.11804e+00   4.49643e+00  -1.65133e-01   2.92389e-01
   3.10621e-01   2.82051e-01   3.51959e-01  -1.67634e+00   2.14783e+00  -1.20649e+00   1.65388e+00  -4.58889e+00   4.99214e+00  -4.11903e+00   4.49818e+00  -1.65133e-01   2.92389e-01
   3.16633e-01   2.86428e-01   3.57876e-01  -1.67042e+00   2.15375e+00  -1.20156e+00   1.66155e+00  -4.58889e+00   4.99214e+00  -4.12003e+00   4.49994e+00  -1.65133e-01   2.92389e-01
   3.22645e-01   2.90747e-01   3.63744e-01  -1.66456e+00   2.15962e+00  -1.19669e+00   1.66918e+00  -4.58889e+00   4.99214e+00  -4.12102e+00   4.50170e+00  -1.65133e-01   2.92389e-01
   3.28657e-01   2.95007e-01   3.69562e-01  -1.65874e+00   2.16544e+00  -1.19186e+00   1.67675e+00  -4.58889e+00   4.99214e+00  -4.12201e+00   4.50346e+00  -1.65133e-01   2.92389e-01
   3.34669e-01   2.99208e-01   3.75329e-01  -1.65297e+00   2.17120e+00  -1.18709e+00   1.68428e+00  -4.58889e+00   4.99214e+00  -4.12301e+00   4.50521e+00  -1.65133e-01   2.92389e-01
   3.40681e-01   3.03349e-01   3.81045e-01  -1.64726e+00   2.17692e+00  -1.18236e+00   1.69175e+00  -4.58889e+00   4.99214e+00  -4.12400e+00   4.50697e+00  -1.65133e-01   2.92389e-01
   3.46693e-01   3.07429e-01   3.86708e-01  -1.64159e+00   2.18258e+00  -1.17769e+00   1.69917e+00  -4.58889e+00   4.99214e+00  -4.12499e+00   4.50873e+00  -1.65133e-01   2.92389e-01
   3.52705e-01   3.11448e-01   3.92318e-01  -1.63598e+00   2.18819e+00  -1.17308e+00   1.70654e+00  -4.58889e+00   4.99214e+00  -4.12598e+00   4.51049e+00  -1.65133e-01   2.92389e-01
   3.58717e-01   3.15405e-01   3.97875e-01  -1.63043e+00   2.19375e+00  -1.16851e+00   1.71386e+00  -4.58889e+00   4.99214e+00  -4.12698e+00   4.51225e+00  -1.65133e-01   2.92389e-01
   3.64729e-01   3.19299e-01   4.03377e-01  -1.62492e+00   2.19925e+00  -1.16400e+00   1.72112e+00  -4.58889e+00   4.99214e+00  -4.12797e+00   4.51400e+00  -1.65133e-01   2.92389e-01
   3.70741e-01   3.23130e-01   4.08824e-01  -1.61948e+00   2.20470e+00  -1.15955e+00   1.72832e+00  -4.58889e+00   4.99214e+00  -4.12896e+00   4.51576e+00  -1.65133e-01   2.92389e-01
   3.76754e-01   3.26898e-01   4.14215e-01  -1.61409e+00   2.21009e+00  -1.15515e+00   1.73547e+00  -4.58889e+00   4.99214e+00  -4.12995e+00   4.51752e+00  -1.65133e-01   2.92389e-01
   3.82766e-01   3.30601e-01   4.19549e-01  -1.60875e+00   2.21542e+00  -1.15081e+00   1.74256e+00  -4.58889e+00   4.99214e+00  -4.13095e+00   4.51928e+00  -1.65133e-01   2.92389e-01
   3.88778e-01   3.34240e-01   4.24826e-01  -1.60348e+00   2.22070e+00  -1.14653e+00   1.74960e+00  -4.58889e+00   4.99214e+00  -4.13194e+00   4.52104e+00  -1.65133e-01   2.92389e-01
   3.94790e-01   3.37814e-01   4.30044e-01  -1.59826e+00   2.22592e+00  -1.14230e+00   1.75657e+00  -4.58889e+00   4.99214e+00  -4.13293e+00   4.52279e+00  -1.65133e-01   2.92389e-01
   4.00802e-01   3.41321e-01   4.35204e-01  -1.59310e+00   2.23108e+00  -1.13813e+00   1.76349e+00  -4.58889e+00   4.99214e+00  -4.13393e+00   4.52455e+00  -1.65133e-01   2.92389e-01
   4.06814e-01   3.44763e-01   4.40304e-01  -1.58800e+00   2.23618e+00  -1.13403e+00   1.77035e+00  -4.58889e+00   4.99214e+00  -4.13492e+00   4.52631e+00  -1.65133e-01   2.92389e-01
   4.12826e-01   3.48138e-01   4.45344e-01  -1.58296e+00   2.24122e+00  -1.12998e+00   1.77715e+00  -4.58889e+00   4.99214e+00  -4.13591e+00   4.52807e+00  -1.65133e-01   2.92389e-01
   4.18838e-01   3.51447e-01   4.50324e-01  -1.57798e+00   2.24620e+00  -1.12599e+00   1.78388e+00  -4.58889e+00   4.99214e+00  -4.13690e+00   4.52982e+00  -1.65133e-01   2.92389e-01
   4.24850e-01   3.54688e-01   4.55242e-01  -1.57306e+00   2.25112e+00  -1.12207e+00   1.79056e+00  -4.58889e+00   4.99214e+00  -4.13790e+00   4.53158e+00  -1.65133e-01   2.92389e-01
   4.30862e-01   3.57861e-01   4.60098e-01  -1.56820e+00   2.25597e+00  -1.11820e+00   1.79717e+00  -4.58889e+00   4.99214e+00  -4.13889e+00   4.53334e+00  -1.65133e-01   2.92389e-01
   4.36874e-01   3.60967e-01   4.64891e-01  -1.56341e+00   2.26077e+00  -1.11440e+00   1.80373e+00  -4.58889e+00   4.99214e+00  -4.13988e+00   4.53510e+00  -1.65133e-01   2.92389e-01
   4.42886e-01   3.64004e-01   4.69622e-01  -1.55868e+00   2.26550e+00  -1.11066e+00   1.81021e+00  -4.58889e+00   4.99214e+00  -4.14088e+00   4.53686e+00  -1.65133e-01   2.92389e-01
   4.48898e-01   3.66972e-01   4.74288e-01  -1.55401e+00   2.27016e+00  -1.10699e+00   1.81664e+00  -4.58889e+00   4.99214e+00  -4.14187e+00   4.53861e+00  -1.65133e-01   2.92389e-01
   4.54910e-01   3.69872e-01   4.78890e-01  -1.54941e+00   2.27477e+00  -1.10338e+00   1.82300e+00  -4.58889e+00   4.99214e+00  -4.14286e+00   4.54037e+00  -1.65133e-01   2.92389e-01
   4.60922e-01   3.72702e-01   4.83428e-01  -1.54487e+00   2.27930e+00  -1.09984e+00   1.82929e+00  -4.58889e+00   4.99214e+00  -4.14385e+00   4.54213e+00  -1.65133e-01   2.92389e-01
   4.66934e-01   3.75463e-01   4.87899e-01  -1.54040e+00   2.28377e+00  -1.09636e+00   1.83552e+00  -4.58889e+00   4.99214e+00  -4.14485e+00   4.54389e+00  -1.65133e-01   2.92389e-01
   4.72946e-01   3.78155e-01   4.92305e-01  -1.53600e+00   2.28818e+00  -1.09294e+00   1.84169e+00  -4.58889e+00   4.99214e+00  -4.14584e+00   4.54564e+00  -1.65133e-01   2.92389e-01
   4.78958e-01   3.80776e-01   4.96645e-01  -1.53166e+00   2.29252e+00  -1.08960e+00   1.84778e+00  -4.58889e+00   4.99214e+00  -4.14683e+00   4.54740e+00  -1.65133e-01   2.92389e-01
   4.84970e-01   3.83328e-01   5.00917e-01  -1.52738e+00   2.29679e+00  -1.08632e+00   1.85381e+00  -4.58889e+00   4.99214e+00  -4.14782e+00   4.54916e+00  -1.65133e-01   2.92389e-01
   4.90982e-01   3.85810e-01   5.05122e-01  -1.52318e+00   2.30100e+00  -1.08311e+00   1.85978e+00  -4.58889e+00   4.99214e+00  -4.14882e+00   4.55092e+00  -1.65133e-01   2.92389e-01
   4.96994e-01   3.88221e-01   5.09259e-01  -1.51904e+00   2.30513e+00  -1.07996e+00   1.86567e+00  -4.58889e+00   4.99214e+00  -4.14981e+00   4.55268e+00  -1.65133e-01   2.92389e-01
   5.03006e-01   3.90562e-01   5.13327e-01  -1.51497e+00   2.30920e+00  -1.07689e+00   1.87150e+00  -4.58889e+00   4.99214e+00  -4.15080e+00   4.55443e+00  -1.65133e-01   2.92389e-01
   5.09018e-01   3.92833e-01   5.17327e-01  -1.51097e+00   2.31320e+00  -1.07388e+00   1.87726e+00  -4.58889e+00   4.99214e+00  -4.15180e+00   4.55619e+00  -1.65133e-01   2.92389e-01
   5.15030e-01   3.95033e-01   5.21257e-01  -1.50704e+00   2.31713e+00  -1.07094e+00   1.88294e+00  -4.58889e+00   4.99214e+00  -4.15279e+00   4.55795e+00  -1.65133e-01   2.92389e-01
   5.21042e-01   3.97163e-01   5.25118e-01  -1.50318e+00   2.32099e+00  -1.06807e+00   1.88856e+00  -4.58889e+00   4.99214e+00  -4.15378e+00   4.55971e+00  -1.65133e-01   2.92389e-01
   5.27054e-01   3.99222e-01   5.28908e-01  -1.49939e+00   2.32478e+00  -1.06528e+00   1.89411e+00  -4.58889e+00   4.99214e+00  -4.15477e+00   4.56147e+00  -1.65133e-01   2.92389e-01
   5.33066e-01   4.01210e-01   5.32628e-01  -1.49567e+00   2.32850e+00  -1.06255e+00   1.89959e+00  -4.58889e+00   4.99214e+00  -4.15577e+00   4.56322e+00  -1.65133e-01   2.92389e-01
   5.39078e-01   4.03128e-01   5.36277e-01  -1.49202e+00   2.33215e+00  -1.05989e+00   1.90499e+00  -4.58889e+00   4.99214e+00  -4.15676e+00   4.56498e+00  -1.65133e-01   2.92389e-01
   5.45090e-01   4.04976e-01   5.39854e-01  -1.48845e+00   2.33573e+00  -1.05731e+00   1.91033e+00  -4.58889e+00   4.99214e+00  -4.15775e+00   4.56674e+00  -1.65133e-01   2.92389e-01
   5.51102e-01   4.06753e-01   5.43360e-01  -1.48494e+00   2.33923e+00  -1.05480e+00   1.91559e+00  -4.58889e+00   4.99214e+00  -4.15875e+00   4.56850e+00  -1.65133e-01   2.92389e-01
   5.57114e-01   4.08460e-01   5.46793e-01  -1.48151e+00   2.34267e+00  -1.05236e+00   1.92078e+00  -4.58889e+00   4.99214e+00  -4.15974e+00   4.57025e+00  -1.65133e-01   2.92389e-01
   5.63126e-01   4.10097e-01   5.50154e-01  -1.47815e+00   2.34603e+00  -1.04999e+00   1.92590e+00  -4.58889e+00   4.99214e+00  -4.16073e+00   4.57201e+00  -1.65133e-01   2.92389e-01
   5.69138e-01   4.11663e-01   5.53443e-01  -1.47486e+00   2.34932e+00  -1.04769e+00   1.93095e+00  -4.58889e+00   4.99214e+00  -4.16172e+00   4.57377e+00  -1.65133e-01   2.92389e-01
   5.75150e-01   4.13159e-01   5.56658e-01  -1.47164e+00   2.35253e+00  -1.04547e+00   1.93592e+00  -4.58889e+00   4.99214e+00  -4.16272e+00   4.57553e+00  -1.65133e-01   2.92389e-01
   5.81162e-01   4.14586e-01   5.59799e-01  -1.46850e+00   2.35567e+00  -1.04332e+00   1.94082e+00  -4.58889e+00   4.99214e+00  -4.16371e+00   4.57729e+00  -1.65133e-01   2.92389e-01
   5.87174e-01   4.15943e-01   5.62867e-01  -1.46543e+00   2.35874e+00  -1.04125e+00   1.94565e+00  -4.58889e+00   4.99214e+00  -4.16470e+00   4.57904e+00  -1.65133e-01   2.92389e-01
   5.93186e-01   4.17230e-01   5.65861e-01  -1.46244e+00   2.36174e+00  -1.03924e+00   1.95040e+00  -4.58889e+00   4.99214e+00  -4.16569e+00   4.58080e+00  -1.65133e-01   2.92389e-01
   5.99198e-01   4.18449e-01   5.68781e-01  -1.45952e+00   2.36466e+00  -1.03732e+00   1.95508e+00  -4.58889e+00   4.99214e+00  -4.16669e+00   4.58256e+00  -1.65133e-01   2.92389e-01
   6.05210e-01   4.19598e-01   5.71626e-01  -1.45667e+00   2.36750e+00  -1.03546e+00   1.95968e+00  -4.58889e+00   4.99214e+00  -4.16768e+00   4.58432e+00  -1.65133e-01   2.92389e-01
   6.11222e-01   4.20678e-01   5.74397e-01  -1.45390e+00   2.37027e+00  -1.03369e+00   1.96421e+00  -4.58889e+00   4.99214e+00  -4.16867e+00   4.58608e+00  -1.65133e-01   2.92389e-01
   6.17234e-01   4.21690e-01   5.77092e-01  -1.45121e+00   2.37297e+00  -1.03198e+00   1.96866e+00  -4.58889e+00   4.99214e+00  -4.16967e+00   4.58783e+00  -1.65133e-01   2.92389e-01
   6.23246e-01   4.22634e-01   5.79712e-01  -1.44859e+00   2.37559e+00  -1.03036e+00   1.97304e+00  -4.58889e+00   4.99214e+00  -4.17066e+00   4.58959e+00  -1.65133e-01   2.92389e-01
   6.29259e-01   4.23509e-01   5.82257e-01  -1.44604e+00   2.37813e+00  -1.02881e+00   1.97734e+00  -4.58889e+00   4.99214e+00  -4.17165e+00   4.59135e+00  -1.65133e-01   2.92389e-01
   6.35271e-01   4.24318e-01   5.84726e-01  -1.44358e+00   2.38060e+00  -1.02733e+00   1.98157e+00  -4.58889e+00   4.99214e+00  -4.17264e+00   4.59311e+00  -1.65133e-01   2.92389e-01
   6.41283e-01   4.25059e-01   5.87119e-01  -1.44118e+00   2.38299e+00  -1.02593e+00   1.98572e+00  -4.58889e+00   4.99214e+00  -4.17364e+00   4.59486e+00  -1.65133e-01   2.92389e-01
   6.47295e-01   4.25733e-01   5.89436e-01  -1.43887e+00   2.38531e+00  -1.02460e+00   1.98979e+00  -4.58889e+00   4.99214e+00  -4.17463e+00   4.59662e+00  -1.65133e-01   2.92389e-01
   6.53307e-01   4.26340e-01   5.91677e-01  -1.43662e+00   2.38755e+00  -1.02336e+00   1.99379e+00  -4.58889e+00   4.99214e+00  -4.17562e+00   4.59838e+00  -1.65133e-01   2.92389e-01
   6.59319e-01   4.26881e-01   5.93841e-01  -1.43446e+00   2.38972e+00  -1.02219e+00   1.99772e+00  -4.58889e+00   4.99214e+00  -4.17662e+00   4.60014e+00  -1.65133e-01   2.92389e-01
   6.65331e-01   4.27357e-01   5.95929e-01  -1.43237e+00   2.39180e+00  -1.02109e+00   2.00156e+00  -4.58889e+00   4.99214e+00  -4.17761e+00   4.60190e+00  -1.65133e-01   2.92389e-01
   6.71343e-01   4.27767e-01   5.97940e-01  -1.43036e+00   2.39382e+00  -1.02007e+00   2.00533e+00  -4.58889e+00   4.99214e+00  -4.17860e+00   4.60365e+00  -1.65133e-01   2.92389e-01
   6.77355e-01   4.28112e-01   5.99875e-01  -1.42843e+00   2.39575e+00  -1.01913e+00   2.00902e+00  -4.58889e+00   4.99214e+00  -4.17959e+00   4.60541e+00  -1.65133e-01   2.92389e-01
   6.83367e-01   4.28393e-01   6.01733e-01  -1.42657e+00   2.39761e+00  -1.01826e+00   2.01264e+00  -4.58889e+00   4.99214e+00  -4.18059e+00   4.60717e+00  -1.65133e-01   2.92389e-01
   6.89379e-01   4.28610e-01   6.03514e-01  -1.42479e+00   2.39939e+00  -1.01748e+00   2.01618e+00  -4.58889e+00   4.99214e+00  -4.18158e+00   4.60893e+00  -1.65133e-01   2.92389e-01
   6.95391e-01   4.28764e-01   6.05218e-01  -1.42308e+00   2.40109e+00  -1.01677e+00   2.01964e+00  -4.58889e+00   4.99214e+00  -4.18257e+00   4.61069e+00  -1.65133e-01   2.92389e-01
   7.01403e-01   4.28854e-01   6.06844e-01  -1.42146e+00   2.40272e+00  -1.01613e+00   2.02302e+00  -4.58889e+00   4.99214e+00  -4.18356e+00   4.61244e+00  -1.65133e-01   2.92389e-01
   7.07415e-01   4.28882e-01   6.08394e-01  -1.41991e+00   2.40427e+00  -1.01557e+00   2.02633e+00  -4.58889e+00   4.99214e+00  -4.18456e+00   4.61420e+00  -1.65133e-01   2.92389e-01
   7.13427e-01   4.28848e-01   6.09867e-01  -1.41843e+00   2.40574e+00  -1.01509e+00   2.02956e+00  -4.58889e+00   4.99214e+00  -4.18555e+00   4.61596e+00  -1.65133e-01   2.92389e-01
   7.19439e-01   4.28752e-01   6.11262e-01  -1.41704e+00   2.40714e+00  -1.01469e+00   2.03272e+00  -4.58889e+00   4.99214e+00  -4.18654e+00   4.61772e+00  -1.65133e-01   2.92389e-01
   7.25451e-01   4.28596e-01   6.12580e-01  -1.41572e+00   2.40845e+00  -1.01437e+00   2.03579e+00  -4.58889e+00   4.99214e+00  -4.18754e+00   4.61947e+00  -1.65133e-01   2.92389e-01
   7.31463e-01   4.28379e-01   6.13821e-01  -1.41448e+00   2.40970e+00  -1.01412e+00   2.03879e+00  -4.58889e+00   4.99214e+00  -4.18853e+00   4.62123e+00  -1.65133e-01   2.92389e-01
   7.37475e-01   4.28103e-01   6.14985e-01  -1.41332e+00   2.41086e+00  -1.01395e+00   2.04171e+00  -4.58889e+00   4.99214e+00  -4.18952e+00   4.62299e+00  -1.65133e-01   2.92389e-01
   7.43487e-01   4.27767e-01   6.16071e-01  -1.41223e+00   2.41195e+00  -1.01385e+00   2.04456e+00  -4.58889e+00   4.99214e+00  -4.19051e+00   4.62475e+00  -1.65133e-01   2.92389e-01
   7.49499e-01   4.27373e-01   6.17080e-01  -1.41122e+00   2.41296e+00  -1.01384e+00   2.04732e+00  -4.58889e+00   4.99214e+00  -4.19151e+00   4.62651e+00  -1.65133e-01   2.92389e-01
   7.55511e-01   4.26920e-01   6.18012e-01  -1.41029e+00   2.41389e+00  -1.01390e+00   2.05001e+00  -4.58889e+00   4.99214e+00  -4.19250e+00   4.62826e+00  -1.65133e-01   2.92389e-01
   7.61523e-01   4.26411e-01   6.18868e-01  -1.40943e+00   2.41474e+00  -1.01404e+00   2.05263e+00  -4.58889e+00   4.99214e+00  -4.19349e+00   4.63002e+00  -1.65133e-01   2.92389e-01
   7.67535e-01   4.25844e-01   6.19646e-01  -1.40866e+00   2.41552e+00  -1.01425e+00   2.05516e+00  -4.58889e+00   4.99214e+00  -4.19449e+00   4.63178e+00  -1.65133e-01   2.92389e-01
   7.73547e-01   4.25222e-01   6.20347e-01  -1.40795e+00   2.41622e+00  -1.01454e+00   2.05762e+00  -4.58889e+00   4.99214e+00  -4.19548e+00   4.63354e+00  -1.65133e-01   2.92389e-01
   7.79559e-01   4.24544e-01   6.20971e-01  -1.40733e+00   2.41685e+00  -1.01491e+00   2.06000e+00  -4.58889e+00   4.99214e+00  -4.19647e+00   4.63530e+00  -1.65133e-01   2.92389e-01
   7.85571e-01   4.23812e-01   6.21519e-01  -1.40678e+00   2.41739e+00  -1.01536e+00   2.06231e+00  -4.58889e+00   4.99214e+00  -4.19746e+00   4.63705e+00  -1.65133e-01   2.92389e-01
   7.91583e-01   4.23025e-01   6.21990e-01  -1.40631e+00   2.41787e+00  -1.01588e+00   2.06454e+00  -4.58889e+00   4.99214e+00  -4.19846e+00   4.63881e+00  -1.65133e-01   2.92389e-01
   7.97595e-01   4.22185e-01   6.22385e-01  -1.40592e+00   2.41826e+00  -1.01648e+00   2.06669e+00  -4.58889e+00   4.99214e+00  -4.19945e+00   4.64057e+00  -1.65133e-01   2.92389e-01
   8.03607e-01   4.21292e-01   6.22703e-01  -1.40560e+00   2.41858e+00  -1.01715e+00   2.06877e+00  -4.58889e+00   4.99214e+00  -4.20044e+00   4.64233e+00  -1.65133e-01   2.92389e-01
   8.09619e-01   4.20347e-01   6.22945e-01  -1.40536e+00   2.41882e+00  -1.01790e+00   2.07077e+00  -4.58889e+00   4.99214e+00  -4.20144e+00   4.64408e+00  -1.65133e-01   2.92389e-01
   8.15631e-01   4.19351e-01   6.23111e-01  -1.40519e+00   2.41899e+00  -1.01873e+00   2.07269e+00  -4.58889e+00   4.99214e+00  -4.20243e+00   4.64584e+00  -1.65133e-01   2.92389e-01
   8.21643e-01   4.18304e-01   6.23201e-01  -1.40510e+00   2.41908e+00  -1.01963e+00   2.07454e+00  -4.58889e+00   4.99214e+00  -4.20342e+00   4.64760e+00  -1.65133e-01   2.92389e-01
   8.27655e-01   4.17207e-01   6.23216e-01  -1.40508e+00   2.41909e+00  -1.02061e+00   2.07631e+00  -4.58889e+00   4.99214e+00  -4.20441e+00   4.64936e+00  -1.65133e-01   2.92389e-01
   8.33667e-01   4.16062e-01   6.23155e-01  -1.40515e+00   2.41903e+00  -1.02166e+00   2.07801e+00  -4.58889e+00   4.99214e+00  -4.20541e+00   4.65112e+00  -1.65133e-01   2.92389e-01
   8.39679e-01   4.14867e-01   6.23019e-01  -1.40528e+00   2.41889e+00  -1.02279e+00   2.07963e+00  -4.58889e+00   4.99214e+00  -4.20640e+00   4.65287e+00  -1.65133e-01   2.92389e-01
   8.45691e-01   4.13625e-01   6.22808e-01  -1.40549e+00   2.41868e+00  -1.02399e+00   2.08118e+00  -4.58889e+00   4.99214e+00  -4.20739e+00   4.65463e+00  -1.65133e-01   2.92389e-01
   8.51703e-01   4.12336e-01   6.22522e-01  -1.40578e+00   2.41840e+00  -1.02527e+00   2.08265e+00  -4.58889e+00   4.99214e+00  -4.20838e+00   4.65639e+00  -1.65133e-01   2.92389e-01
   8.57715e-01   4.11001e-01   6.22162e-01  -1.40614e+00   2.41804e+00  -1.02663e+00   2.08405e+00  -4.58889e+00   4.99214e+00  -4.20938e+00   4.65815e+00  -1.65133e-01   2.92389e-01
   8.63727e-01   4.09621e-01   6.21727e-01  -1.40657e+00   2.41760e+00  -1.02805e+00   2.08537e+00  -4.58889e+00   4.99214e+00  -4.21037e+00   4.65991e+00  -1.65133e-01   2.92389e-01
   8.69739e-01   4.08196e-01   6.21219e-01  -1.40708e+00   2.41709e+00  -1.02955e+00   2.08662e+00  -4.58889e+00   4.99214e+00  -4.21136e+00   4.66166e+00  -1.65133e-01   2.92389e-01
   8.75752e-01   4.06727e-01   6.20637e-01  -1.40766e+00   2.41651e+00  -1.03113e+00   2.08779e+00  -4.58889e+00   4.99214e+00  -4.21236e+00   4.66342e+00  -1.65133e-01   2.92389e-01
   8.81764e-01   4.05215e-01   6.19981e-01  -1.40832e+00   2.41586e+00  -1.03278e+00   2.08890e+00  -4.58889e+00   4.99214e+00  -4.21335e+00   4.66518e+00  -1.65133e-01   2.92389e-01
   8.87776e-01   4.03660e-01   6.19252e-01  -1.40905e+00   2.41513e+00  -1.03450e+00   2.08993e+00  -4.58889e+00   4.99214e+00  -4.21434e+00   4.66694e+00  -1.65133e-01   2.92389e-01
   8.93788e-01   4.02064e-01   6.18451e-01  -1.40985e+00   2.41433e+00  -1.03629e+00   2.09088e+00  -4.58889e+00   4.99214e+00  -4.21533e+00   4.66869e+00  -1.65133e-01   2.92389e-01
   8.99800e-01   4.00428e-01   6.17577e-01  -1.41072e+00   2.41345e+00  -1.03816e+00   2.09177e+00  -4.58889e+00   4.99214e+00  -4.21633e+00   4.67045e+00  -1.65133e-01   2.92389e-01
   9.05812e-01   3.98751e-01   6.16631e-01  -1.41167e+00   2.41251e+00  -1.04010e+00   2.09258e+00  -4.58889e+00   4.99214e+00  -4.21732e+00   4.67221e+00  -1.65133e-01   2.92389e-01
   9.11824e-01   3.97035e-01   6.15614e-01  -1.41269e+00   2.41149e+00  -1.04211e+00   2.09332e+00  -4.58889e+00   4.99214e+00  -4.21831e+00   4.67397e+00  -1.65133e-01   2.92389e-01
   9.17836e-01   3.95281e-01   6.14525e-01  -1.41378e+00   2.41040e+00  -1.04419e+00   2.09399e+00  -4.58889e+00   4.99214e+00  -4.21931e+00   4.67573e+00  -1.65133e-01   2.92389e-01
   9.23848e-01   3.93489e-01   6.13365e-01  -1.41494e+00   2.40924e+00  -1.04634e+00   2.09459e+00  -4.58889e+00   4.99214e+00  -4.22030e+00   4.67748e+00  -1.65133e-01   2.92389e-01
   9.29860e-01   3.91660e-01   6.12135e-01  -1.41617e+00   2.40801e+00  -1.04857e+00   2.09511e+00  -4.58889e+00   4.99214e+00  -4.22129e+00   4.67924e+00  -1.65133e-01   2.92389e-01
   9.35872e-01   3.89796e-01   6.10834e-01  -1.41747e+00   2.40671e+00  -1.05086e+00   2.09557e+00  -4.58889e+00   4.99214e+00  -4.22228e+00   4.68100e+00  -1.65133e-01   2.92389e-01
   9.41884e-01   3.87896e-01   6.09464e-01  -1.41884e+00   2.40534e+00  -1.05322e+00   2.09596e+00  -4.58889e+00   4.99214e+00  -4.22328e+00   4.68276e+00  -1.65133e-01   2.92389e-01
   9.47896e-01   3.85962e-01   6.08025e-01  -1.42028e+00   2.40390e+00  -1.05566e+00   2.09628e+00  -4.58889e+00   4.99214e+00  -4.22427e+00   4.68452e+00  -1.65133e-01   2.92389e-01
   9.53908e-01   3.83994e-01   6.06516e-01  -1.42178e+00   2.40239e+00  -1.05816e+00   2.09653e+00  -4.58889e+00   4.99214e+00  -4.22526e+00   4.68627e+00  -1.65133e-01   2.92389e-01
   9.59920e-01   3.81994e-01   6.04940e-01  -1.42336e+00   2.40081e+00  -1.06073e+00   2.09671e+00  -4.58889e+00   4.99214e+00  -4.22625e+00   4.68803e+00  -1.65133e-01   2.92389e-01
   9.65932e-01   3.79961e-01   6.03295e-01  -1.42501e+00   2.39917e+00  -1.06336e+00   2.09682e+00  -4.58889e+00   4.99214e+00  -4.22725e+00   4.68979e+00  -1.65133e-01   2.92389e-01
   9.71944e-01   3.77898e-01   6.01583e-01  -1.42672e+00   2.39746e+00  -1.06607e+00   2.09687e+00  -4.58889e+00   4.99214e+00  -4.22824e+00   4.69155e+00  -1.65133e-01   2.92389e-01
   9.77956e-01   3.75804e-01   5.99804e-01  -1.42850e+00   2.39568e+00  -1.06884e+00   2.09685e+00  -4.58889e+00   4.99214e+00  -4.22923e+00   4.69330e+00  -1.65133e-01   2.92389e-01
   9.83968e-01   3.73680e-01   5.97959e-01  -1.43034e+00   2.39383e+00  -1.07168e+00   2.09676e+00  -4.58889e+00   4.99214e+00  -4.23023e+00   4.69506e+00  -1.65133e-01   2.92389e-01
   9.89980e-01   3.71528e-01   5.96048e-01  -1.43225e+00   2.39192e+00  -1.07458e+00   2.09660e+00  -4.58889e+00   4.99214e+00  -4.23122e+00   4.69682e+00  -1.65133e-01   2.92389e-01
   9.95992e-01   3.69348e-01   5.94071e-01  -1.43423e+00   2.38995e+00  -1.07755e+00   2.09639e+00  -4.58889e+00   4.99214e+00  -4.23221e+00   4.69858e+00  -1.65133e-01   2.92389e-01
   1.00200e+00   3.67141e-01   5.92030e-01  -1.43627e+00   2.38791e+00  -1.08058e+00   2.09610e+00  -4.58889e+00   4.99214e+00  -4.23320e+00   4.70034e+00  -1.65133e-01   2.92389e-01
   1.00802e+00   3.64907e-01   5.89925e-01  -1.43838e+00   2.38580e+00  -1.08368e+00   2.09575e+00  -4.58889e+00   4.99214e+00  -4.23420e+00   4.70209e+00  -1.65133e-01   2.92389e-01
   1.01403e+00   3.62648e-01   5.87755e-01  -1.44055e+00   2.38363e+00  -1.08685e+00   2.09534e+00  -4.58889e+00   4.99214e+00  -4.23519e+00   4.70385e+00  -1.65133e-01   2.92389e-01
   1.02004e+00   3.60364e-01   5.85523e-01  -1.44278e+00   2.38140e+00  -1.09007e+00   2.09487e+00  -4.58889e+00   4.99214e+00  -4.23618e+00   4.70561e+00  -1.65133e-01   2.92389e-01
   1.02605e+00   3.58057e-01   5.83228e-01  -1.44507e+00   2.37910e+00  -1.09336e+00   2.09433e+00  -4.58889e+00   4.99214e+00  -4.23718e+00   4.70737e+00  -1.65133e-01   2.92389e-01
   1.03206e+00   3.55726e-01   5.80871e-01  -1.44743e+00   2.37675e+00  -1.09671e+00   2.09373e+00  -4.58889e+00   4.99214e+00  -4.23817e+00   4.70912e+00  -1.65133e-01   2.92389e-01
   1.03808e+00   3.53372e-01   5.78453e-01  -1.44985e+00   2.37433e+00  -1.10012e+00   2.09307e+00  -4.58889e+00   4.99214e+00  -4.23916e+00   4.71088e+00  -1.65133e-01   2.92389e-01
   1.04409e+00   3.50998e-01   5.75974e-01  -1.45233e+00   2.37185e+00  -1.10359e+00   2.09235e+00  -4.58889e+00   4.99214e+00  -4.24015e+00   4.71264e+00  -1.65133e-01   2.92389e-01
   1.05010e+00   3.48602e-01   5.73436e-01  -1.45487e+00   2.36931e+00  -1.10712e+00   2.09157e+00  -4.58889e+00   4.99214e+00  -4.24115e+00   4.71440e+00  -1.65133e-01   2.92389e-01
   1.05611e+00   3.46186e-01   5.70838e-01  -1.45746e+00   2.36671e+00  -1.11071e+00   2.09073e+00  -4.58889e+00   4.99214e+00  -4.24214e+00   4.71616e+00  -1.65133e-01   2.92389e-01
   1.06212e+00   3.43751e-01   5.68181e-01  -1.46012e+00   2.36406e+00  -1.11436e+00   2.08983e+00  -4.58889e+00   4.99214e+00  -4.24313e+00   4.71791e+00  -1.65133e-01   2.92389e-01
   1.06814e+00   3.41298e-01   5.65466e-01  -1.46283e+00   2.36134e+00  -1.11807e+00   2.08887e+00  -4.58889e+00   4.99214e+00  -4.24412e+00   4.71967e+00  -1.65133e-01   2.92389e-01
   1.07415e+00   3.38827e-01   5.62694e-01  -1.46561e+00   2.35857e+00  -1.12183e+00   2.08786e+00  -4.58889e+00   4.99214e+00  -4.24512e+00   4.72143e+00  -1.65133e-01   2.92389e-01
   1.08016e+00   3.36339e-01   5.59865e-01  -1.46844e+00   2.35574e+00  -1.12566e+00   2.08679e+00  -4.58889e+00   4.99214e+00  -4.24611e+00   4.72319e+00  -1.65133e-01   2.92389e-01
   1.08617e+00   3.33834e-01   5.56981e-01  -1.47132e+00   2.35286e+00  -1.12953e+00   2.08566e+00  -4.58889e+00   4.99214e+00  -4.24710e+00   4.72495e+00  -1.65133e-01   2.92389e-01
   1.09218e+00   3.31315e-01   5.54041e-01  -1.47426e+00   2.34992e+00  -1.13347e+00   2.08448e+00  -4.58889e+00   4.99214e+00  -4.24810e+00   4.72670e+00  -1.65133e-01   2.92389e-01
   1.09820e+00   3.28780e-01   5.51046e-01  -1.47725e+00   2.34692e+00  -1.13745e+00   2.08324e+00  -4.58889e+00   4.99214e+00  -4.24909e+00   4.72846e+00  -1.65133e-01   2.92389e-01
   1.10421e+00   3.26232e-01   5.47999e-01  -1.48030e+00   2.34387e+00  -1.14149e+00   2.08195e+00  -4.58889e+00   4.99214e+00  -4.25008e+00   4.73022e+00  -1.65133e-01   2.92389e-01
   1.11022e+00   3.23670e-01   5.44898e-01  -1.48340e+00   2.34077e+00  -1.14559e+00   2.08061e+00  -4.58889e+00   4.99214e+00  -4.25107e+00   4.73198e+00  -1.65133e-01   2.92389e-01
   1.11623e+00   3.21096e-01   5.41745e-01  -1.48656e+00   2.33762e+00  -1.14973e+00   2.07922e+00  -4.58889e+00   4.99214e+00  -4.25207e+00   4.73373e+00  -1.65133e-01   2.92389e-01
   1.12224e+00   3.18510e-01   5.38540e-01  -1.48976e+00   2.33442e+00  -1.15393e+00   2.07777e+00  -4.58889e+00   4.99214e+00  -4.25306e+00   4.73549e+00  -1.65133e-01   2.92389e-01
   1.12826e+00   3.15913e-01   5.35285e-01  -1.49302e+00   2.33116e+00  -1.15818e+00   2.07627e+00  -4.58889e+00   4.99214e+00  -4.25405e+00   4.73725e+00  -1.65133e-01   2.92389e-01
   1.13427e+00   3.13305e-01   5.31981e-01  -1.49632e+00   2.32786e+00  -1.16248e+00   2.07473e+00  -4.58889e+00   4.99214e+00  -4.25505e+00   4.73901e+00  -1.65133e-01   2.92389e-01
   1.14028e+00   3.10688e-01   5.28627e-01  -1.49967e+00   2.32450e+00  -1.16682e+00   2.07313e+00  -4.58889e+00   4.99214e+00  -4.25604e+00   4.74077e+00  -1.65133e-01   2.92389e-01
   1.14629e+00   3.08062e-01   5.25226e-01  -1.50308e+00   2.32110e+00  -1.17122e+00   2.07149e+00  -4.58889e+00   4.99214e+00  -4.25703e+00   4.74252e+00  -1.65133e-01   2.92389e-01
   1.15230e+00   3.05428e-01   5.21777e-01  -1.50652e+00   2.31765e+00  -1.17566e+00   2.06980e+00  -4.58889e+00   4.99214e+00  -4.25802e+00   4.74428e+00  -1.65133e-01   2.92389e-01
   1.15832e+00   3.02786e-01   5.18282e-01  -1.51002e+00   2.31416e+00  -1.18015e+00   2.06806e+00  -4.58889e+00   4.99214e+00  -4.25902e+00   4.74604e+00  -1.65133e-01   2.92389e-01
   1.16433e+00   3.00137e-01   5.14741e-01  -1.51356e+00   2.31062e+00  -1.18468e+00   2.06627e+00  -4.58889e+00   4.99214e+00  -4.26001e+00   4.74780e+00  -1.65133e-01   2.92389e-01
   1.17034e+00   2.97482e-01   5.11156e-01  -1.51715e+00   2.30703e+00  -1.18926e+00   2.06445e+00  -4.58889e+00   4.99214e+00  -4.26100e+00   4.74956e+00  -1.65133e-01   2.92389e-01
   1.17635e+00   2.94821e-01   5.07526e-01  -1.52077e+00   2.30340e+00  -1.19388e+00   2.06258e+00  -4.58889e+00   4.99214e+00  -4.26199e+00   4.75131e+00  -1.65133e-01   2.92389e-01
   1.18236e+00   2.92155e-01   5.03855e-01  -1.52445e+00   2.29973e+00  -1.19854e+00   2.06066e+00  -4.58889e+00   4.99214e+00  -4.26299e+00   4.75307e+00  -1.65133e-01   2.92389e-01
   1.18838e+00   2.89485e-01   5.00141e-01  -1.52816e+00   2.29602e+00  -1.20325e+00   2.05871e+00  -4.58889e+00   4.99214e+00  -4.26398e+00   4.75483e+00  -1.65133e-01   2.92389e-01
   1.19439e+00   2.86812e-01   4.96386e-01  -1.53191e+00   2.29226e+00  -1.20800e+00   2.05671e+00  -4.58889e+00   4.99214e+00  -4.26497e+00   4.75659e+00  -1.65133e-01   2.92389e-01
   1.20040e+00   2.84135e-01   4.92592e-01  -1.53571e+00   2.28847e+00  -1.21278e+00   2.05467e+00  -4.58889e+00   4.99214e+00  -4.26597e+00   4.75834e+00  -1.65133e-01   2.92389e-01
   1.20641e+00   2.81456e-01   4.88758e-01  -1.53954e+00   2.28463e+00  -1.21761e+00   2.05260e+00  -4.58889e+00   4.99214e+00  -4.26696e+00   4.76010e+00  -1.65133e-01   2.92389e-01
   1.21242e+00   2.78775e-01   4.84886e-01  -1.54341e+00   2.28076e+00  -1.22248e+00   2.05048e+00  -4.58889e+00   4.99214e+00  -4.26795e+00   4.76186e+00  -1.65133e-01   2.92389e-01
   1.21844e+00   2.76092e-01   4.80978e-01  -1.54732e+00   2.27685e+00  -1.22738e+00   2.04833e+00  -4.58889e+00   4.99214e+00  -4.26894e+00   4.76362e+00  -1.65133e-01   2.92389e-01
   1.22445e+00   2.73410e-01   4.77033e-01  -1.55127e+00   2.27291e+00  -1.23231e+00   2.04615e+00  -4.58889e+00   4.99214e+00  -4.26994e+00   4.76538e+00  -1.65133e-01   2.92389e-01
   1.23046e+00   2.70727e-01   4.73053e-01  -1.55525e+00   2.26893e+00  -1.23729e+00   2.04392e+00  -4.58889e+00   4.99214e+00  -4.27093e+00   4.76713e+00  -1.65133e-01   2.92389e-01
   1.23647e+00   2.68044e-01   4.69039e-01  -1.55926e+00   2.26491e+00  -1.24229e+00   2.04167e+00  -4.58889e+00   4.99214e+00  -4.27192e+00   4.76889e+00  -1.65133e-01   2.92389e-01
   1.24248e+00   2.65363e-01   4.64992e-01  -1.56331e+00   2.26087e+00  -1.24733e+00   2.03938e+00  -4.58889e+00   4.99214e+00  -4.27292e+00   4.77065e+00  -1.65133e-01   2.92389e-01
   1.24850e+00   2.62684e-01   4.60913e-01  -1.56739e+00   2.25679e+00  -1.25241e+00   2.03706e+00  -4.58889e+00   4.99214e+00  -4.27391e+00   4.77241e+00  -1.65133e-01   2.92389e-01
   1.25451e+00   2.60007e-01   4.56803e-01  -1.57150e+00   2.25268e+00  -1.25751e+00   2.03471e+00  -4.58889e+00   4.99214e+00  -4.27490e+00   4.77417e+00  -1.65133e-01   2.92389e-01
   1.26052e+00   2.57332e-01   4.52664e-01  -1.57564e+00   2.24854e+00  -1.26264e+00   2.03232e+00  -4.58889e+00   4.99214e+00  -4.27589e+00   4.77592e+00  -1.65133e-01   2.92389e-01
   1.26653e+00   2.54661e-01   4.48495e-01  -1.57981e+00   2.24437e+00  -1.26780e+00   2.02991e+00  -4.58889e+00   4.99214e+00  -4.27689e+00   4.77768e+00  -1.65133e-01   2.92389e-01
   1.27255e+00   2.51993e-01   4.44299e-01  -1.58400e+00   2.24017e+00  -1.27299e+00   2.02747e+00  -4.58889e+00   4.99214e+00  -4.27788e+00   4.77944e+00  -1.65133e-01   2.92389e-01
   1.27856e+00   2.49330e-01   4.40077e-01  -1.58822e+00   2.23595e+00  -1.27821e+00   2.02501e+00  -4.58889e+00   4.99214e+00  -4.27887e+00   4.78120e+00  -1.65133e-01   2.92389e-01
   1.28457e+00   2.46672e-01   4.35829e-01  -1.59247e+00   2.23170e+00  -1.28345e+00   2.02252e+00  -4.58889e+00   4.99214e+00  -4.27986e+00   4.78295e+00  -1.65133e-01   2.92389e-01
   1.29058e+00   2.44020e-01   4.31556e-01  -1.59674e+00   2.22743e+00  -1.28871e+00   2.02001e+00  -4.58889e+00   4.99214e+00  -4.28086e+00   4.78471e+00  -1.65133e-01   2.92389e-01
   1.29659e+00   2.41373e-01   4.27261e-01  -1.60104e+00   2.22314e+00  -1.29400e+00   2.01747e+00  -4.58889e+00   4.99214e+00  -4.28185e+00   4.78647e+00  -1.65133e-01   2.92389e-01
   1.30261e+00   2.38732e-01   4.22943e-01  -1.60536e+00   2.21882e+00  -1.29931e+00   2.01491e+00  -4.58889e+00   4.99214e+00  -4.28284e+00   4.78823e+00  -1.65133e-01   2.92389e-01
   1.30862e+00   2.36098e-01   4.18605e-01  -1.60970e+00   2.21448e+00  -1.30464e+00   2.01233e+00  -4.58889e+00   4.99214e+00  -4.28384e+00   4.78999e+00  -1.65133e-01   2.92389e-01
   1.31463e+00   2.33471e-01   4.14247e-01  -1.61405e+00   2.21012e+00  -1.30999e+00   2.00973e+00  -4.58889e+00   4.99214e+00  -4.28483e+00   4.79174e+00  -1.65133e-01   2.92389e-01
   1.32064e+00   2.30853e-01   4.09870e-01  -1.61843e+00   2.20575e+00  -1.31536e+00   2.00711e+00  -4.58889e+00   4.99214e+00  -4.28582e+00   4.79350e+00  -1.65133e-01   2.92389e-01
   1.32665e+00   2.28242e-01   4.05477e-01  -1.62282e+00   2.20135e+00  -1.32075e+00   2.00447e+00  -4.58889e+00   4.99214e+00  -4.28681e+00   4.79526e+00  -1.65133e-01   2.92389e-01
   1.33267e+00   2.25640e-01   4.01067e-01  -1.62723e+00   2.19694e+00  -1.32615e+00   2.00182e+00  -4.58889e+00   4.99214e+00  -4.28781e+00   4.79702e+00  -1.65133e-01   2.92389e-01
   1.33868e+00   2.23047e-01   3.96642e-01  -1.63166e+00   2.19252e+00  -1.33157e+00   1.99915e+00  -4.58889e+00   4.99214e+00  -4.28880e+00   4.79878e+00  -1.65133e-01   2.92389e-01
   1.34469e+00   2.20463e-01   3.92204e-01  -1.63610e+00   2.18808e+00  -1.33700e+00   1.99647e+00  -4.58889e+00   4.99214e+00  -4.28979e+00   4.80053e+00  -1.65133e-01   2.92389e-01
   1.35070e+00   2.17889e-01   3.87754e-01  -1.64055e+00   2.18363e+00  -1.34244e+00   1.99378e+00  -4.58889e+00   4.99214e+00  -4.29079e+00   4.80229e+00  -1.65133e-01   2.92389e-01
   1.35671e+00   2.15325e-01   3.83292e-01  -1.64501e+00   2.17917e+00  -1.34790e+00   1.99108e+00  -4.58889e+00   4.99214e+00  -4.29178e+00   4.80405e+00  -1.65133e-01   2.92389e-01
   1.36273e+00   2.12772e-01   3.78821e-01  -1.64948e+00   2.17470e+00  -1.35336e+00   1.98836e+00  -4.58889e+00   4.99214e+00  -4.29277e+00   4.80581e+00  -1.65133e-01   2.92389e-01
   1.36874e+00   2.10230e-01   3.74341e-01  -1.65396e+00   2.17022e+00  -1.35883e+00   1.98564e+00  -4.58889e+00   4.99214e+00  -4.29376e+00   4.80756e+00  -1.65133e-01   2.92389e-01
   1.37475e+00   2.07699e-01   3.69854e-01  -1.65845e+00   2.16573e+00  -1.36431e+00   1.98291e+00  -4.58889e+00   4.99214e+00  -4.29476e+00   4.80932e+00  -1.65133e-01   2.92389e-01
   1.38076e+00   2.05180e-01   3.65361e-01  -1.66294e+00   2.16124e+00  -1.36980e+00   1.98018e+00  -4.58889e+00   4.99214e+00  -4.29575e+00   4.81108e+00  -1.65133e-01   2.92389e-01
   1.38677e+00   2.02673e-01   3.60863e-01  -1.66744e+00   2.15674e+00  -1.37529e+00   1.97744e+00  -4.58889e+00   4.99214e+00  -4.29674e+00   4.81284e+00  -1.65133e-01   2.92389e-01
   1.39279e+00   2.00178e-01   3.56363e-01  -1.67194e+00   2.15224e+00  -1.38078e+00   1.97470e+00  -4.58889e+00   4.99214e+00  -4.29773e+00   4.81460e+00  -1.65133e-01   2.92389e-01
   1.39880e+00   1.97697e-01   3.51860e-01  -1.67644e+00   2.14774e+00  -1.38628e+00   1.96924e+00  -4.58889e+00   4.99214e+00  -4.29873e+00   4.81365e+00  -1.65133e-01  -1.02066e+00
   1.40481e+00   1.95228e-01   3.47357e-01  -1.68094e+00   2.14323e+00  -1.39177e+00   1.95859e+00  -4.58889e+00   4.99214e+00  -4.29972e+00   4.80750e+00  -1.65133e-01  -1.02399e+00
   1.41082e+00   1.92772e-01   3.42855e-01  -1.68545e+00   2.13873e+00  -1.39727e+00   1.94793e+00  -4.58889e+00   4.99214e+00  -4.30071e+00   4.80133e+00  -1.65133e-01  -1.02733e+00
   1.41683e+00   1.90331e-01   3.38355e-01  -1.68995e+00   2.13423e+00  -1.40276e+00   1.93724e+00  -4.58889e+00   4.99214e+00  -4.30171e+00   4.79515e+00  -1.65133e-01  -1.03069e+00
   1.42285e+00   1.87903e-01   3.33859e-01  -1.69444e+00   2.12973e+00  -1.40825e+00   1.92654e+00  -4.58889e+00   4.99214e+00  -4.30270e+00   4.78894e+00  -1.65133e-01  -1.03406e+00
   1.42886e+00   1.85489e-01   3.29368e-01  -1.69893e+00   2.12524e+00  -1.41373e+00   1.91474e+00  -4.58889e+00   4.99214e+00  -4.30369e+00   4.78164e+00  -1.65133e-01  -1.63346e+00
   1.43487e+00   1.83090e-01   3.24883e-01  -1.70342e+00   2.12076e+00  -1.41921e+00   1.90041e+00  -4.58889e+00   4.99214e+00  -4.30468e+00   4.77179e+00  -1.65133e-01  -1.64195e+00
   1.44088e+00   1.80706e-01   3.20407e-01  -1.70789e+00   2.11628e+00  -1.42468e+00   1.88604e+00  -4.58889e+00   4.99214e+00  -4.30568e+00   4.76190e+00  -1.65133e-01  -1.65048e+00
   1.44689e+00   1.78337e-01   3.15939e-01  -1.71236e+00   2.11181e+00  -1.43014e+00   1.87162e+00  -4.58889e+00   4.99214e+00  -4.30667e+00   4.75195e+00  -1.65133e-01  -1.65904e+00
   1.45291e+00   1.75983e-01   3.11483e-01  -1.71682e+00   2.10736e+00  -1.43559e+00   1.85717e+00  -4.58889e+00   4.99214e+00  -4.30766e+00   4.74195e+00  -1.65133e-01  -1.66763e+00
   1.45892e+00   1.73644e-01   3.07039e-01  -1.72126e+00   2.10291e+00  -1.44103e+00   1.84267e+00  -4.58889e+00   4.99214e+00  -4.30866e+00   4.73190e+00  -1.65133e-01  -1.67625e+00
   1.46493e+00   1.71322e-01   3.02609e-01  -1.72569e+00   2.09848e+00  -1.44645e+00   1.82814e+00  -4.58889e+00   4.99214e+00  -4.30965e+00   4.72179e+00  -1.65133e-01  -1.68490e+00
   1.47094e+00   1.69015e-01   2.98194e-01  -1.73011e+00   2.09407e+00  -1.45186e+00   1.81357e+00  -4.58889e+00   4.99214e+00  -4.31064e+00   4.71164e+00  -1.65133e-01  -1.69358e+00
   1.47695e+00   1.66725e-01   2.93795e-01  -1.73451e+00   2.08967e+00  -1.45228e+00   1.79896e+00  -4.58889e+00   4.99214e+00  -4.30667e+00   4.70143e+00   7.85270e-01  -1.70230e+00
   1.48297e+00   1.64451e-01   2.89416e-01  -1.73889e+00   2.08529e+00  -1.45190e+00   1.78432e+00  -4.58889e+00   4.99214e+00  -4.30191e+00   4.69117e+00   7.97425e-01  -1.71104e+00
   1.48898e+00   1.62193e-01   2.85056e-01  -1.74325e+00   2.08093e+00  -1.45143e+00   1.76965e+00  -4.58889e+00   4.99214e+00  -4.29708e+00   4.68085e+00   8.09729e-01  -1.71982e+00
   1.49499e+00   1.59953e-01   2.80717e-01  -1.74758e+00   2.07659e+00  -1.45087e+00   1.75494e+00  -4.58889e+00   4.99214e+00  -4.29217e+00   4.67049e+00   8.22184e-01  -1.72863e+00
   1.50100e+00   1.57729e-01   2.76401e-01  -1.75190e+00   2.07228e+00  -1.45020e+00   1.74021e+00  -4.58889e+00   4.99214e+00  -4.28719e+00   4.66007e+00   8.34790e-01  -1.73748e+00
   1.50701e+00   1.55523e-01   2.72110e-01  -1.75619e+00   2.06799e+00  -1.44943e+00   1.72544e+00  -4.58889e+00   4.99214e+00  -4.28213e+00   4.64960e+00   8.47549e-01  -1.74635e+00
   1.51303e+00   1.53334e-01   2.67846e-01  -1.76046e+00   2.06372e+00  -1.44857e+00   1.71065e+00  -4.58889e+00   4.99214e+00  -4.27700e+00   4.63907e+00   8.60461e-01  -1.75526e+00
   1.51904e+00   1.51163e-01   2.63608e-01  -1.76469e+00   2.05948e+00  -1.44759e+00   1.69584e+00  -4.58889e+00   4.99214e+00  -4.27179e+00   4.62849e+00   8.73527e-01  -1.76419e+00
   1.52505e+00   1.49009e-01   2.59401e-01  -1.76890e+00   2.05528e+00  -1.44651e+00   1.68100e+00  -4.58889e+00   4.99214e+00  -4.26650e+00   4.61786e+00   8.86748e-01  -1.77316e+00
   1.53106e+00   1.46873e-01   2.55224e-01  -1.77308e+00   2.05110e+00  -1.44531e+00   1.66613e+00  -4.58889e+00   4.99214e+00  -4.26113e+00   4.60717e+00   9.00125e-01  -1.78216e+00
   1.53707e+00   1.44754e-01   2.51079e-01  -1.77722e+00   2.04695e+00  -1.44400e+00   1.65125e+00  -4.58889e+00   4.99214e+00  -4.25567e+00   4.59643e+00   9.13659e-01  -1.79119e+00
   1.54309e+00   1.42654e-01   2.46969e-01  -1.78133e+00   2.04284e+00  -1.44258e+00   1.63634e+00  -4.58889e+00   4.99214e+00  -4.25014e+00   4.58563e+00   9.27351e-01  -1.80026e+00
   1.54910e+00   1.40572e-01   2.42895e-01  -1.78541e+00   2.03877e+00  -1.44104e+00   1.62141e+00  -4.58889e+00   4.99214e+00  -4.24452e+00   4.57478e+00   9.41202e-01  -1.80935e+00
   1.55511e+00   1.38509e-01   2.38858e-01  -1.78944e+00   2.03473e+00  -1.43937e+00   1.60647e+00  -4.58889e+00   4.99214e+00  -4.23882e+00   4.56388e+00   9.55212e-01  -1.81848e+00
   1.56112e+00   1.36464e-01   2.34861e-01  -1.79344e+00   2.03074e+00  -1.43759e+00   1.59152e+00  -4.58889e+00   4.99214e+00  -4.23304e+00   4.55292e+00   9.69383e-01  -1.82764e+00
   1.56713e+00   1.34437e-01   2.30905e-01  -1.79740e+00   2.02678e+00  -1.43567e+00   1.57654e+00  -4.58889e+00   4.99214e+00  -4.22717e+00   4.54190e+00   9.83715e-01  -1.83683e+00
   1.57315e+00   1.32429e-01   2.26991e-01  -1.80131e+00   2.02287e+00  -1.43363e+00   1.56156e+00  -4.58889e+00   4.99214e+00  -4.22121e+00   4.53083e+00   9.98210e-01  -1.84605e+00
   1.57916e+00   1.30439e-01   2.23121e-01  -1.80518e+00   2.01900e+00  -1.43145e+00   1.54656e+00  -4.58889e+00   4.99214e+00  -4.21516e+00   4.51971e+00   1.01287e+00  -1.85531e+00
   1.58517e+00   1.28468e-01   2.19298e-01  -1.80900e+00   2.01517e+00  -1.42914e+00   1.53156e+00  -4.58889e+00   4.99214e+00  -4.20903e+00   4.50852e+00   1.02769e+00  -1.86459e+00
   1.59118e+00   1.26516e-01   2.15522e-01  -1.81278e+00   2.01140e+00  -1.42669e+00   1.51633e+00  -4.58889e+00   4.99214e+00  -4.20281e+00   4.49707e+00   1.04268e+00  -2.75032e+00
   1.59719e+00   1.24583e-01   2.11796e-01  -1.81650e+00   2.00767e+00  -1.42411e+00   1.49601e+00  -4.58889e+00   4.99214e+00  -4.19649e+00   4.48048e+00   1.05783e+00  -2.77006e+00
   1.60321e+00   1.22669e-01   2.08121e-01  -1.82018e+00   2.00400e+00  -1.42138e+00   1.47562e+00  -4.58889e+00   4.99214e+00  -4.19009e+00   4.46376e+00   1.07315e+00  -2.78993e+00
   1.60922e+00   1.20774e-01   2.04500e-01  -1.82380e+00   2.00037e+00  -1.41850e+00   1.45517e+00  -4.58889e+00   4.99214e+00  -4.18359e+00   4.44693e+00   1.08864e+00  -2.80993e+00
   1.61523e+00   1.18898e-01   2.00933e-01  -1.82737e+00   1.99681e+00  -1.41547e+00   1.43465e+00  -4.58889e+00   4.99214e+00  -4.17700e+00   4.42998e+00   1.10430e+00  -2.83007e+00
   1.62124e+00   1.17041e-01   1.97423e-01  -1.83088e+00   1.99330e+00  -1.41230e+00   1.41406e+00  -4.58889e+00   4.99214e+00  -4.17031e+00   4.41290e+00   1.12012e+00  -2.85034e+00
   1.62725e+00   1.15203e-01   1.93972e-01  -1.83433e+00   1.98985e+00  -1.40897e+00   1.39341e+00  -4.58889e+00   4.99214e+00  -4.16353e+00   4.39570e+00   1.13612e+00  -2.87074e+00
   1.63327e+00   1.13384e-01   1.90581e-01  -1.83772e+00   1.98646e+00  -1.40548e+00   1.37270e+00  -4.58889e+00   4.99214e+00  -4.15665e+00   4.37838e+00   1.15229e+00  -2.89129e+00
   1.63928e+00   1.11584e-01   1.87252e-01  -1.84105e+00   1.98313e+00  -1.40183e+00   1.35193e+00  -4.58889e+00   4.99214e+00  -4.14967e+00   4.36094e+00   1.16863e+00  -2.91196e+00
   1.64529e+00   1.09803e-01   1.83987e-01  -1.84431e+00   1.97986e+00  -1.39802e+00   1.33109e+00  -4.58889e+00   4.99214e+00  -4.14260e+00   4.34337e+00   1.18515e+00  -2.93277e+00
   1.65130e+00   1.08042e-01   1.80788e-01  -1.84751e+00   1.97666e+00  -1.39404e+00   1.31020e+00  -4.58889e+00   4.99214e+00  -4.13542e+00   4.32568e+00   1.20184e+00  -2.95372e+00
   1.65731e+00   1.06300e-01   1.77657e-01  -1.85064e+00   1.97353e+00  -1.38990e+00   1.28925e+00  -4.58889e+00   4.99214e+00  -4.12814e+00   4.30785e+00   1.21870e+00  -2.97481e+00
   1.66333e+00   1.04577e-01   1.74596e-01  -1.85371e+00   1.97047e+00  -1.38558e+00   1.26824e+00  -4.58889e+00   4.99214e+00  -4.12077e+00   4.28991e+00   1.23574e+00  -2.99604e+00
   1.66934e+00   1.02873e-01   1.71606e-01  -1.85670e+00   1.96748e+00  -1.37836e+00   1.24717e+00  -4.58889e+00   4.99214e+00  -4.11055e+00   4.27183e+00   2.13337e+00  -3.01740e+00
   1.67535e+00   1.01188e-01   1.68689e-01  -1.85961e+00   1.96456e+00  -1.36840e+00   1.22605e+00  -4.58889e+00   4.99214e+00  -4.09767e+00   4.25362e+00   2.15145e+00  -3.03891e+00
   1.68136e+00   9.95221e-02   1.65848e-01  -1.86245e+00   1.96172e+00  -1.35825e+00   1.20487e+00  -4.58889e+00   4.99214e+00  -4.08468e+00   4.23529e+00   2.16972e+00  -3.06055e+00
   1.68737e+00   9.78754e-02   1.63085e-01  -1.86522e+00   1.95896e+00  -1.34791e+00   1.18364e+00  -4.58889e+00   4.99214e+00  -4.07158e+00   4.21682e+00   2.18816e+00  -3.08233e+00
   1.69339e+00   9.62479e-02   1.60400e-01  -1.86790e+00   1.95628e+00  -1.33738e+00   1.16236e+00  -4.58889e+00   4.99214e+00  -4.05837e+00   4.19823e+00   2.20678e+00  -3.10426e+00
   1.69940e+00   9.46394e-02   1.57797e-01  -1.87050e+00   1.95367e+00  -1.32666e+00   1.14103e+00  -4.58889e+00   4.99214e+00  -4.04505e+00   4.17950e+00   2.22558e+00  -3.12632e+00
   1.70541e+00   9.30498e-02   1.55277e-01  -1.87302e+00   1.95115e+00  -1.31575e+00   1.11965e+00  -4.58889e+00   4.99214e+00  -4.03161e+00   4.16064e+00   2.24457e+00  -3.14853e+00
   1.71142e+00   9.14793e-02   1.52843e-01  -1.87546e+00   1.94872e+00  -1.30463e+00   1.09822e+00  -4.58889e+00   4.99214e+00  -4.01806e+00   4.14164e+00   2.26374e+00  -3.17088e+00
   1.71743e+00   8.99276e-02   1.50495e-01  -1.87781e+00   1.94637e+00  -1.29331e+00   1.07674e+00  -4.58889e+00   4.99214e+00  -4.00439e+00   4.12251e+00   2.28309e+00  -3.19338e+00
   1.72345e+00   8.83947e-02   1.48237e-01  -1.88006e+00   1.94411e+00  -1.28178e+00   1.05522e+00  -4.58889e+00   4.99214e+00  -3.99061e+00   4.10324e+00   2.30263e+00  -3.21601e+00
   1.72946e+00   8.68807e-02   1.46070e-01  -1.88223e+00   1.94195e+00  -1.27005e+00   1.03364e+00  -4.58889e+00   4.99214e+00  -3.97671e+00   4.08384e+00   2.32236e+00  -3.23879e+00
   1.73547e+00   8.53854e-02   1.43997e-01  -1.88430e+00   1.93987e+00  -1.25810e+00   1.01203e+00  -4.58889e+00   4.99214e+00  -3.96268e+00   4.06430e+00   2.34227e+00  -3.26172e+00
   1.74148e+00   8.39087e-02   1.42018e-01  -1.88628e+00   1.93789e+00  -1.24593e+00   9.90374e-01  -4.58889e+00   4.99214e+00  -3.94854e+00   4.04462e+00   2.36237e+00  -3.28479e+00
   1.74749e+00   8.24506e-02   1.40138e-01  -1.88816e+00   1.93601e+00  -1.23355e+00   9.68675e-01  -4.58889e+00   4.99214e+00  -3.93428e+00   4.02480e+00   2.38266e+00  -3.30801e+00
   1.75351e+00   8.10111e-02   1.38356e-01  -1.88994e+00   1.93423e+00  -1.22095e+00   9.46935e-01  -4.58889e+00   4.99214e+00  -3.91989e+00   4.00484e+00   2.40314e+00  -3.33137e+00
   1.75952e+00   7.95900e-02   1.36676e-01  -1.89162e+00   1.93255e+00  -1.20812e+00   9.25157e-01  -4.58889e+00   4.99214e+00  -3.90538e+00   3.98474e+00   2.42381e+00  -3.35488e+00
   1.76553e+00   7.81873e-02   1.35100e-01  -1.89320e+00   1.93098e+00  -1.19506e+00   9.03340e-01  -4.58889e+00   4.99214e+00  -3.89075e+00   3.96450e+00   2.44468e+00  -3.37854e+00
   1.77154e+00   7.68028e-02   1.33630e-01  -1.89467e+00   1.92950e+00  -1.18177e+00   8.81486e-01  -4.58889e+00   4.99214e+00  -3.87599e+00   3.94412e+00   2.46573e+00  -3.40235e+00
   1.77756e+00   7.54366e-02   1.32267e-01  -1.89603e+00   1.92814e+00  -1.16824e+00   8.59596e-01  -4.58889e+00   4.99214e+00  -3.86110e+00   3.92359e+00   2.48698e+00  -3.42630e+00
   1.78357e+00   7.40884e-02   1.31014e-01  -1.89729e+00   1.92689e+00  -1.15448e+00   8.37672e-01  -4.58889e+00   4.99214e+00  -3.84608e+00   3.90292e+00   2.50842e+00  -3.45041e+00
   1.78958e+00   7.27582e-02   1.29874e-01  -1.89843e+00   1.92575e+00  -1.14047e+00   8.15715e-01  -4.58889e+00   4.99214e+00  -3.83094e+00   3.88210e+00   2.53006e+00  -3.47466e+00
   1.79559e+00   7.14460e-02   1.28848e-01  -1.89945e+00   1.92472e+00  -1.12622e+00   7.93726e-01  -4.58889e+00   4.99214e+00  -3.81566e+00   3.86114e+00   2.55189e+00  -3.49907e+00
   1.80160e+00   7.01516e-02   1.27938e-01  -1.90036e+00   1.92381e+00  -1.11173e+00   7.71706e-01  -4.58889e+00   4.99214e+00  -3.80025e+00   3.84003e+00   2.57392e+00  -3.52362e+00
   1.80762e+00   6.88748e-02   1.27147e-01  -1.90115e+00   1.92302e+00  -1.09698e+00   7.49657e-01  -4.58889e+00   4.99214e+00  -3.78471e+00   3.81877e+00   2.59615e+00  -3.54833e+00
   1.81363e+00   6.76157e-02   1.26477e-01  -1.90182e+00   1.92235e+00  -1.08197e+00   7.27580e-01  -4.58889e+00   4.99214e+00  -3.76904e+00   3.79737e+00   2.61858e+00  -3.57319e+00
   1.81964e+00   6.63741e-02   1.25930e-01  -1.90237e+00   1.92181e+00  -1.06671e+00   7.05475e-01  -4.58889e+00   4.99214e+00  -3.75323e+00   3.77581e+00   2.64121e+00  -3.59820e+00
   1.82565e+00   6.51498e-02   1.25508e-01  -1.90279e+00   1.92138e+00  -1.05118e+00   6.83346e-01  -4.58889e+00   4.99214e+00  -3.73728e+00   3.75410e+00   2.66404e+00  -3.62336e+00
   1.83166e+00   6.39428e-02   1.25214e-01  -1.90309e+00   1.92109e+00  -1.03539e+00   6.61192e-01  -4.58889e+00   4.99214e+00  -3.72119e+00   3.73224e+00   2.68707e+00  -3.64868e+00
   1.83768e+00   6.27530e-02   1.25050e-01  -1.90325e+00   1.92092e+00  -1.01933e+00   6.39015e-01  -4.58889e+00   4.99214e+00  -3.70497e+00   3.71023e+00   2.71031e+00  -3.67415e+00
   1.84369e+00   6.15802e-02   1.25017e-01  -1.90328e+00   1.92089e+00  -1.00300e+00   6.16816e-01  -4.58889e+00   4.99214e+00  -3.68860e+00   3.68806e+00   2.73374e+00  -3.69978e+00
   1.84970e+00   6.04243e-02   1.25119e-01  -1.90318e+00   1.92099e+00  -9.86389e-01   5.94597e-01  -4.58889e+00   4.99214e+00  -3.67210e+00   3.66574e+00   2.75738e+00  -3.72556e+00
   1.85571e+00   5.92851e-02   1.25357e-01  -1.90294e+00   1.92123e+00  -9.69501e-01   5.72360e-01  -4.58889e+00   4.99214e+00  -3.65545e+00   3.64327e+00   2.78123e+00  -3.75150e+00
   1.86172e+00   5.81627e-02   1.25734e-01  -1.90257e+00   1.92161e+00  -9.52331e-01   5.50104e-01  -4.58889e+00   4.99214e+00  -3.63865e+00   3.62063e+00   2.80529e+00  -3.77759e+00
   1.86774e+00   5.70567e-02   1.26253e-01  -1.90205e+00   1.92213e+00  -9.34875e-01   5.27833e-01  -4.58889e+00   4.99214e+00  -3.62172e+00   3.59784e+00   2.82955e+00  -3.80384e+00
   1.87375e+00   5.59672e-02   1.26914e-01  -1.90139e+00   1.92279e+00  -9.17128e-01   5.05546e-01  -4.58889e+00   4.99214e+00  -3.60463e+00   3.57490e+00   2.85401e+00  -3.83025e+00
   1.87976e+00   5.48940e-02   1.27722e-01  -1.90058e+00   1.92360e+00  -8.99088e-01   4.83247e-01  -4.58889e+00   4.99214e+00  -3.58740e+00   3.55179e+00   2.87869e+00  -3.85681e+00
   1.88577e+00   5.38368e-02   1.28678e-01  -1.89962e+00   1.92455e+00  -8.80751e-01   4.60935e-01  -4.58889e+00   4.99214e+00  -3.57002e+00   3.52852e+00   2.90358e+00  -3.88354e+00
   1.89178e+00   5.27957e-02   1.29784e-01  -1.89852e+00   1.92566e+00  -8.62113e-01   4.38612e-01  -4.58889e+00   4.99214e+00  -3.55249e+00   3.50509e+00   2.92868e+00  -3.91042e+00
   1.89780e+00   5.17705e-02   1.31043e-01  -1.89726e+00   1.92692e+00  -8.43171e-01   4.16281e-01  -4.58889e+00   4.99214e+00  -3.53480e+00   3.48150e+00   2.95399e+00  -3.93747e+00
   1.90381e+00   5.07610e-02   1.32457e-01  -1.89584e+00   1.92833e+00  -8.23920e-01   3.93941e-01  -4.58889e+00   4.99214e+00  -3.51697e+00   3.45775e+00   2.97951e+00  -3.96467e+00
   1.90982e+00   4.97670e-02   1.34029e-01  -1.89427e+00   1.92990e+00  -8.04358e-01   3.71595e-01  -4.58889e+00   4.99214e+00  -3.49898e+00   3.43383e+00   3.00525e+00  -3.99204e+00
   1.91583e+00   4.87886e-02   1.35761e-01  -1.89254e+00   1.93164e+00  -7.84481e-01   3.49244e-01  -4.58889e+00   4.99214e+00  -3.48083e+00   3.40975e+00   3.03120e+00  -4.01956e+00
   1.92184e+00   4.78254e-02   1.37655e-01  -1.89065e+00   1.93353e+00  -7.64284e-01   3.26890e-01  -4.58889e+00   4.99214e+00  -3.46253e+00   3.38550e+00   3.05737e+00  -4.04725e+00
   1.92786e+00   4.68774e-02   1.39715e-01  -1.88859e+00   1.93559e+00  -7.43765e-01   3.04533e-01  -4.58889e+00   4.99214e+00  -3.44407e+00   3.36108e+00   3.08375e+00  -4.07510e+00
   1.93387e+00   4.59444e-02   1.41941e-01  -1.88636e+00   1.93782e+00  -7.22919e-01   2.82176e-01  -4.58889e+00   4.99214e+00  -3.42545e+00   3.33650e+00   3.11035e+00  -4.10311e+00
   1.93988e+00   4.50263e-02   1.44337e-01  -1.88396e+00   1.94021e+00  -7.01743e-01   2.59819e-01  -4.58889e+00   4.99214e+00  -3.40667e+00   3.31175e+00   3.13717e+00  -4.13129e+00
   1.94589e+00   4.41230e-02   1.46906e-01  -1.88140e+00   1.94278e+00  -6.80232e-01   2.37465e-01  -4.58889e+00   4.99214e+00  -3.38773e+00   3.28682e+00   3.16421e+00  -4.15963e+00
   1.95190e+00   4.32342e-02   1.49649e-01  -1.87865e+00   1.94552e+00  -6.58384e-01   2.15115e-01  -4.58889e+00   4.99214e+00  -3.36862e+00   3.26173e+00   3.19147e+00  -4.18814e+00
   1.95792e+00   4.23599e-02   1.52569e-01  -1.87573e+00   1.94844e+00  -6.36194e-01   1.92770e-01  -4.58889e+00   4.99214e+00  -3.34935e+00   3.23646e+00   3.21895e+00  -4.21681e+00
   1.96393e+00   4.14998e-02   1.55669e-01  -1.87263e+00   1.95154e+00  -6.13658e-01   1.70432e-01  -4.58889e+00   4.99214e+00  -3.32992e+00   3.21103e+00   3.24665e+00  -4.24565e+00
   1.96994e+00   4.06539e-02   1.58951e-01  -1.86935e+00   1.95483e+00  -5.90773e-01   1.48102e-01  -4.58889e+00   4.99214e+00  -3.31031e+00   3.18541e+00   3.27457e+00  -4.27465e+00
   1.97595e+00   3.98220e-02   1.62418e-01  -1.86588e+00   1.95829e+00  -5.67535e-01   1.25782e-01  -4.58889e+00   4.99214e+00  -3.29054e+00   3.15963e+00   3.30272e+00  -4.30382e+00
   1.98196e+00   3.90039e-02   1.66072e-01  -1.86223e+00   1.96195e+00  -5.43940e-01   1.03474e-01  -4.58889e+00   4.99214e+00  -3.27060e+00   3.13366e+00   3.33109e+00  -4.33316e+00
   1.98798e+00   3.81996e-02   1.69916e-01  -1.85838e+00   1.96579e+00  -5.19984e-01   8.11778e-02  -4.58889e+00   4.99214e+00  -3.25049e+00   3.10753e+00   3.35969e+00  -4.36266e+00
   1.99399e+00   3.74087e-02   1.73953e-01  -1.85435e+00   1.96983e+00  -4.95662e-01   5.88965e-02  -4.58889e+00   4.99214e+00  -3.23020e+00   3.08121e+00   3.38851e+00  -4.39234e+00
   2.00000e+00   3.66313e-02   1.78184e-01  -1.85012e+00   1.97406e+00  -4.70972e-01   3.66313e-02  -4.58889e+00   4.99214e+00  -3.20975e+00   3.05471e+00   3.57147e+00  -5.08978e+00
