  -1.00000e+00  -1.34759e-02  -4.01711e+01   8.03421e+01  -3.51497e+01  -0.00000e+00
  -9.93988e-01  -1.54606e-02  -4.01711e+01   8.03421e+01  -3.52403e+01   1.61006e-01
  -9.87976e-01  -1.77064e-02  -4.01711e+01   8.03421e+01  -3.53308e+01   3.22013e-01
  -9.81964e-01  -2.02430e-02  -4.01711e+01   8.03421e+01  -3.54214e+01   4.83019e-01
  -9.75952e-01  -2.31026e-02  -4.01711e+01   8.03421e+01  -3.55120e+01   6.44025e-01
  -9.69940e-01  -2.63207e-02  -4.01711e+01   8.03421e+01  -3.56025e+01   8.05032e-01
  -9.63928e-01  -2.99354e-02  -4.01711e+01   8.03421e+01  -3.56931e+01   9.66038e-01
  -9.57916e-01  -3.39883e-02  -4.01711e+01   8.03421e+01  -3.57837e+01   1.12704e+00
  -9.51904e-01  -3.85244e-02  -4.01711e+01   8.03421e+01  -3.58742e+01   1.28805e+00
  -9.45892e-01  -4.35921e-02  -4.01711e+01   8.03421e+01  -3.59648e+01   1.44906e+00
  -9.39880e-01  -4.92435e-02  -4.01711e+01   8.03421e+01  -3.60554e+01   1.61006e+00
  -9.33868e-01  -5.55346e-02  -4.01711e+01   8.03421e+01  -3.61459e+01   1.77107e+00
  -9.27856e-01  -6.25255e-02  -4.01711e+01   8.03421e+01  -3.62365e+01   1.93208e+00
  -9.21844e-01  -7.02803e-02  -4.01711e+01   8.03421e+01  -3.63270e+01   2.09308e+00
  -9.15832e-01  -7.88673e-02  -4.01711e+01   8.03421e+01  -3.64176e+01   2.25409e+00
  -9.09820e-01  -8.83591e-02  -4.01711e+01   8.03421e+01  -3.65082e+01   2.41509e+00
  -9.03808e-01  -9.88329e-02  -4.01711e+01   8.03421e+01  -3.65987e+01   2.57610e+00
  -8.97796e-01  -1.10370e-01  -4.01711e+01   8.03421e+01  -3.66893e+01   2.73711e+00
  -8.91784e-01  -1.23057e-01  -4.01711e+01   8.03421e+01  -3.67799e+01   2.89811e+00
  -8.85772e-01  -1.36983e-01  -4.01711e+01   8.03421e+01  -3.68704e+01   3.05912e+00
  -8.79760e-01  -1.52245e-01  -4.01711e+01   8.03421e+01  -3.69610e+01   3.22013e+00
  -8.73747e-01  -1.68940e-01  -4.01711e+01   8.03421e+01  -3.70516e+01   3.38113e+00
  -8.67735e-01  -1.87174e-01  -4.01711e+01   8.03421e+01  -3.71421e+01   3.54214e+00
  -8.61723e-01  -2.07054e-01  -4.01711e+01   8.03421e+01  -3.72327e+01   3.70315e+00
  -8.55711e-01  -2.28692e-01  -4.01711e+01   8.03421e+01  -3.73233e+01   3.86415e+00
  -8.49699e-01  -2.52205e-01  -4.01711e+01   8.03421e+01  -3.74138e+01   4.02516e+00
  -8.43687e-01  -2.77711e-01  -4.01711e+01   8.03421e+01  -3.75044e+01   4.18616e+00
  -8.37675e-01  -3.05333e-01  -4.01711e+01   8.03421e+01  -3.75950e+01   4.34717e+00
  -8.31663e-01  -3.35199e-01  -4.01711e+01   8.03421e+01  -3.76855e+01   4.50818e+00
  -8.25651e-01  -3.67435e-01  -4.01711e+01   8.03421e+01  -3.77761e+01   4.66918e+00
  -8.19639e-01  -4.02175e-01  -4.01711e+01   8.03421e+01  -3.77560e+01   4.83019e+00
  -8.13627e-01  -4.39549e-01  -4.01711e+01   8.03421e+01  -3.76755e+01   4.99120e+00
  -8.07615e-01  -4.79693e-01  -4.01711e+01   8.03421e+01  -3.75950e+01   5.15220e+00
  -8.01603e-01  -5.22741e-01  -4.01711e+01   8.03421e+01  -3.75145e+01   5.31321e+00
  -7.95591e-01  -5.68829e-01  -4.01711e+01   8.03421e+01  -3.74340e+01   5.47421e+00
  -7.89579e-01  -6.18091e-01  -4.01711e+01   8.03421e+01  -3.73535e+01   5.63522e+00
  -7.83567e-01  -6.70661e-01  -4.01711e+01   8.03421e+01  -3.72730e+01   5.79623e+00
  -7.77555e-01  -7.26671e-01  -4.01711e+01   8.03421e+01  -3.71925e+01   5.95723e+00
  -7.71543e-01  -7.86249e-01  -4.01711e+01   8.03421e+01  -3.71120e+01   6.11824e+00
  -7.65531e-01  -8.49524e-01  -4.01711e+01   8.03421e+01  -3.70315e+01   6.27925e+00
  -7.59519e-01  -9.16615e-01  -4.01711e+01   8.03421e+01  -3.69509e+01   6.44025e+00
  -7.53507e-01  -9.87641e-01  -4.01711e+01   8.03421e+01  -3.68704e+01   6.60126e+00
  -7.47495e-01  -1.06271e+00  -4.01711e+01   8.03421e+01  -3.67899e+01   6.76226e+00
  -7.41483e-01  -1.14193e+00  -4.01711e+01   8.03421e+01  -3.67094e+01   6.92327e+00
  -7.35471e-01  -1.22540e+00  -4.01711e+01   8.03421e+01  -3.66289e+01   7.08428e+00
  -7.29459e-01  -1.31321e+00  -4.01711e+01   8.03421e+01  -3.65484e+01   7.24528e+00
  -7.23447e-01  -1.40543e+00  -4.01711e+01   8.03421e+01  -3.64679e+01   7.40629e+00
  -7.17435e-01  -1.50214e+00  -4.01711e+01   8.03421e+01  -3.63874e+01   7.56730e+00
  -7.11423e-01  -1.60339e+00  -4.01711e+01   8.03421e+01  -3.63069e+01   7.72830e+00
  -7.05411e-01  -1.70924e+00  -4.01711e+01   8.03421e+01  -3.62264e+01   7.88931e+00
  -6.99399e-01  -1.81971e+00  -4.01711e+01   8.03421e+01  -3.61459e+01   8.05032e+00
  -6.93387e-01  -1.93483e+00  -4.01711e+01   8.03421e+01  -3.60654e+01   8.21132e+00
  -6.87375e-01  -2.05460e+00  -4.01711e+01   8.03421e+01  -3.59849e+01   8.37233e+00
  -6.81363e-01  -2.17902e+00  -4.01711e+01   8.03421e+01  -3.59044e+01   8.53333e+00
  -6.75351e-01  -2.30807e+00  -4.01711e+01   8.03421e+01  -3.58239e+01   8.69434e+00
  -6.69339e-01  -2.44170e+00  -4.01711e+01   8.03421e+01  -3.57434e+01   8.85535e+00
  -6.63327e-01  -2.57987e+00  -4.01711e+01   8.03421e+01  -3.56629e+01   9.01635e+00
  -6.57315e-01  -2.72249e+00  -4.01711e+01   8.03421e+01  -3.55824e+01   9.17736e+00
  -6.51303e-01  -2.86948e+00  -4.01711e+01   8.03421e+01  -3.55019e+01   9.33837e+00
  -6.45291e-01  -3.02074e+00  -4.01711e+01   8.03421e+01  -3.54214e+01   9.49937e+00
  -6.39279e-01  -3.17613e+00  -4.01711e+01   8.03421e+01  -3.53409e+01   9.66038e+00
  -6.33267e-01  -3.33552e+00  -4.01711e+01   8.03421e+01  -3.52604e+01   9.82138e+00
  -6.27255e-01  -3.49875e+00  -4.01711e+01   8.03421e+01  -3.51799e+01   9.98239e+00
  -6.21242e-01  -3.66564e+00  -4.01711e+01   8.03421e+01  -3.50994e+01   1.01434e+01
  -6.15230e-01  -3.83600e+00  -4.01711e+01   8.03421e+01  -3.50189e+01   1.03044e+01
  -6.09218e-01  -4.00960e+00  -4.01711e+01   8.03421e+01  -3.49384e+01   1.04654e+01
  -6.03206e-01  -4.18623e+00  -4.01711e+01   8.03421e+01  -3.48579e+01   1.06264e+01
  -5.97194e-01  -4.36563e+00  -4.01711e+01   8.03421e+01  -3.47774e+01   1.07874e+01
  -5.91182e-01  -4.54754e+00  -4.01711e+01   8.03421e+01  -3.46969e+01   1.09484e+01
  -5.85170e-01  -4.73169e+00  -4.01711e+01   8.03421e+01  -3.46164e+01   1.11094e+01
  -5.79158e-01  -4.91778e+00  -4.01711e+01   8.03421e+01  -3.45359e+01   1.12704e+01
  -5.73146e-01  -5.10551e+00  -4.01711e+01   8.03421e+01  -3.44553e+01   1.14314e+01
  -5.67134e-01  -5.29455e+00  -4.01711e+01   8.03421e+01  -3.43748e+01   1.15925e+01
  -5.61122e-01  -5.48457e+00  -4.01711e+01   8.03421e+01  -3.42943e+01   1.17535e+01
  -5.55110e-01  -5.67524e+00  -4.01711e+01   8.03421e+01  -3.42138e+01   1.19145e+01
  -5.49098e-01  -5.86619e+00  -4.01711e+01   8.03421e+01  -3.41333e+01   1.20755e+01
  -5.43086e-01  -6.05707e+00  -4.01711e+01   8.03421e+01  -3.40528e+01   1.22365e+01
  -5.37074e-01  -6.24750e+00  -4.01711e+01   8.03421e+01  -3.39723e+01   1.23975e+01
  -5.31062e-01  -6.43711e+00  -4.01711e+01   8.03421e+01  -3.38918e+01   1.25585e+01
  -5.25050e-01  -6.62552e+00  -4.01711e+01   8.03421e+01  -3.38113e+01   1.27195e+01
  -5.19038e-01  -6.81234e+00  -4.01711e+01   8.03421e+01  -3.37308e+01   1.28805e+01
  -5.13026e-01  -6.99719e+00  -4.01711e+01   8.03421e+01  -3.36503e+01   1.30415e+01
  -5.07014e-01  -7.17967e+00  -4.01711e+01   8.03421e+01  -3.35698e+01   1.32025e+01
  -5.01002e-01  -7.35940e+00  -4.01711e+01   8.03421e+01  -3.34893e+01   1.33635e+01
  -4.94990e-01  -7.53598e+00  -4.01711e+01   8.03421e+01  -3.34088e+01   1.35245e+01
  -4.88978e-01  -7.70905e+00  -4.01711e+01   8.03421e+01  -3.33283e+01   1.36855e+01
  -4.82966e-01  -7.87820e+00  -4.01711e+01   8.03421e+01  -3.32478e+01   1.38465e+01
  -4.76954e-01  -8.04309e+00  -4.01711e+01   8.03421e+01  -3.31673e+01   1.40075e+01
  -4.70942e-01  -8.20332e+00  -4.01711e+01   8.03421e+01  -3.30868e+01   1.41686e+01
  -4.64930e-01  -8.35855e+00  -4.01711e+01   8.03421e+01  -3.30063e+01   1.43296e+01
  -4.58918e-01  -8.50843e+00  -4.01711e+01   8.03421e+01  -3.29258e+01   1.44906e+01
  -4.52906e-01  -8.65262e+00  -4.01711e+01   8.03421e+01  -3.28453e+01   1.46516e+01
  -4.46894e-01  -8.79079e+00  -4.01711e+01   8.03421e+01  -3.27648e+01   1.48126e+01
  -4.40882e-01  -8.92264e+00  -4.01711e+01   8.03421e+01  -3.26843e+01   1.49736e+01
  -4.34870e-01  -9.04785e+00  -4.01711e+01   8.03421e+01  -3.26038e+01   1.51346e+01
  -4.28858e-01  -9.16614e+00  -4.01711e+01   8.03421e+01  -3.25233e+01   1.52956e+01
  -4.22846e-01  -9.27726e+00  -4.01711e+01   8.03421e+01  -3.24428e+01   1.54566e+01
  -4.16834e-01  -9.38093e+00  -4.01711e+01   8.03421e+01  -3.23623e+01   1.56176e+01
  -4.10822e-01  -9.47694e+00  -4.01711e+01   8.03421e+01  -3.22818e+01   1.57786e+01
  -4.04810e-01  -9.56506e+00  -4.01711e+01   8.03421e+01  -3.22013e+01   1.59396e+01
  -3.98798e-01  -9.64509e+00  -4.01711e+01   8.03421e+01  -3.21208e+01   1.61006e+01
  -3.92786e-01  -9.71686e+00  -4.01711e+01   8.03421e+01  -3.20403e+01   1.62616e+01
  -3.86774e-01  -9.78020e+00  -4.01711e+01   8.03421e+01  -3.19598e+01   1.64226e+01
  -3.80762e-01  -9.83497e+00  -4.01711e+01   8.03421e+01  -3.18792e+01   1.65836e+01
  -3.74749e-01  -9.88106e+00  -4.01711e+01   8.03421e+01  -3.17987e+01   1.67447e+01
  -3.68737e-01  -9.91835e+00  -4.01711e+01   8.03421e+01  -3.17182e+01   1.69057e+01
  -3.62725e-01  -9.94678e+00  -4.01711e+01   8.03421e+01  -3.16377e+01   1.70667e+01
  -3.56713e-01  -9.96627e+00  -4.01711e+01   8.03421e+01  -3.15572e+01   1.72277e+01
  -3.50701e-01  -9.97678e+00  -4.01711e+01   8.03421e+01  -3.14767e+01   1.73887e+01
  -3.44689e-01  -9.97830e+00  -4.01711e+01   8.03421e+01  -3.13962e+01   1.75497e+01
  -3.38677e-01  -9.97082e+00  -4.01711e+01   8.03421e+01  -3.13157e+01   1.77107e+01
  -3.32665e-01  -9.95436e+00  -4.01711e+01   8.03421e+01  -3.12352e+01   1.78717e+01
  -3.26653e-01  -9.92894e+00  -4.01711e+01   8.03421e+01  -3.11547e+01   1.80327e+01
  -3.20641e-01  -9.89463e+00  -4.01711e+01   8.03421e+01  -3.10742e+01   1.81937e+01
  -3.14629e-01  -9.85148e+00  -4.01711e+01   8.03421e+01  -3.09937e+01   1.83547e+01
  -3.08617e-01  -9.79959e+00  -4.01711e+01   8.03421e+01  -3.09132e+01   1.85157e+01
  -3.02605e-01  -9.73906e+00  -4.01711e+01   8.03421e+01  -3.08327e+01   1.86767e+01
  -2.96593e-01  -9.67000e+00  -4.01711e+01   8.03421e+01  -3.07522e+01   1.88377e+01
  -2.90581e-01  -9.59256e+00  -4.01711e+01   8.03421e+01  -3.06717e+01   1.89987e+01
  -2.84569e-01  -9.50686e+00  -4.01711e+01   8.03421e+01  -3.05912e+01   1.91598e+01
  -2.78557e-01  -9.41308e+00  -4.01711e+01   8.03421e+01  -3.05107e+01   1.93208e+01
  -2.72545e-01  -9.31138e+00  -4.01711e+01   8.03421e+01  -3.04302e+01   1.94818e+01
  -2.66533e-01  -9.20194e+00  -4.01711e+01   8.03421e+01  -3.03497e+01   1.96428e+01
  -2.60521e-01  -9.08496e+00  -4.01711e+01   8.03421e+01  -3.02692e+01   1.98038e+01
  -2.54509e-01  -8.96064e+00  -4.01711e+01   8.03421e+01  -3.01887e+01   1.99648e+01
  -2.48497e-01  -8.82919e+00  -4.01711e+01   8.03421e+01  -3.01082e+01   2.01258e+01
  -2.42485e-01  -8.69083e+00  -4.01711e+01   8.03421e+01  -3.00277e+01   2.02868e+01
  -2.36473e-01  -8.54579e+00  -4.01711e+01   8.03421e+01  -2.99472e+01   2.04478e+01
  -2.30461e-01  -8.39428e+00  -4.01711e+01   8.03421e+01  -2.98667e+01   2.06088e+01
  -2.24449e-01  -8.23656e+00  -4.01711e+01   8.03421e+01  -2.97862e+01   2.07698e+01
  -2.18437e-01  -8.07286e+00  -4.01711e+01   8.03421e+01  -2.97057e+01   2.09308e+01
  -2.12425e-01  -7.90342e+00  -4.01711e+01   8.03421e+01  -2.96252e+01   2.10918e+01
  -2.06413e-01  -7.72850e+00  -4.01711e+01   8.03421e+01  -2.95447e+01   2.12528e+01
  -2.00401e-01  -7.54833e+00  -4.01711e+01   8.03421e+01  -2.94642e+01   2.14138e+01
  -1.94389e-01  -7.36316e+00  -4.01711e+01   8.03421e+01  -2.93837e+01   2.15748e+01
  -1.88377e-01  -7.17325e+00  -4.01711e+01   8.03421e+01  -2.93031e+01   2.17359e+01
  -1.82365e-01  -6.97883e+00  -4.01711e+01   8.03421e+01  -2.92226e+01   2.18969e+01
  -1.76353e-01  -6.78016e+00  -4.01711e+01   8.03421e+01  -2.91421e+01   2.20579e+01
  -1.70341e-01  -6.57748e+00  -4.01711e+01   8.03421e+01  -2.90616e+01   2.22189e+01
  -1.64329e-01  -6.37102e+00  -4.01711e+01   8.03421e+01  -2.89811e+01   2.23799e+01
  -1.58317e-01  -6.16103e+00  -4.01711e+01   8.03421e+01  -2.89006e+01   2.25409e+01
  -1.52305e-01  -5.94774e+00  -4.01711e+01   8.03421e+01  -2.88201e+01   2.27019e+01
  -1.46293e-01  -5.73136e+00  -4.01711e+01   8.03421e+01  -2.87396e+01   2.28629e+01
  -1.40281e-01  -5.51214e+00  -4.01711e+01   8.03421e+01  -2.86591e+01   2.30239e+01
  -1.34269e-01  -5.29027e+00  -4.01711e+01   8.03421e+01  -2.85786e+01   2.31849e+01
  -1.28257e-01  -5.06597e+00  -4.01711e+01   8.03421e+01  -2.84981e+01   2.33459e+01
  -1.22244e-01  -4.83945e+00  -4.01711e+01   8.03421e+01  -2.84176e+01   2.35069e+01
  -1.16232e-01  -4.61089e+00  -4.01711e+01   8.03421e+01  -2.83371e+01   2.36679e+01
  -1.10220e-01  -4.38050e+00  -4.01711e+01   8.03421e+01  -2.82566e+01   2.38289e+01
  -1.04208e-01  -4.14844e+00  -4.01711e+01   8.03421e+01  -2.81761e+01   2.39899e+01
  -9.81964e-02  -3.91489e+00  -4.01711e+01   8.03421e+01  -2.80956e+01   2.41509e+01
  -9.21844e-02  -3.68001e+00  -4.01711e+01   8.03421e+01  -2.80151e+01   2.43120e+01
  -8.61723e-02  -3.44396e+00  -4.01711e+01   8.03421e+01  -2.79346e+01   2.44730e+01
  -8.01603e-02  -3.20688e+00  -4.01711e+01   8.03421e+01  -2.78541e+01   2.46340e+01
  -7.41483e-02  -2.96892e+00  -4.01711e+01   8.03421e+01  -2.77736e+01   2.47950e+01
  -6.81363e-02  -2.73019e+00  -4.01711e+01   8.03421e+01  -2.76931e+01   2.49560e+01
  -6.21242e-02  -2.49082e+00  -4.01711e+01   8.03421e+01  -2.76126e+01   2.51170e+01
  -5.61122e-02  -2.25090e+00  -4.01711e+01   8.03421e+01  -2.75321e+01   2.52780e+01
  -5.01002e-02  -2.01056e+00  -4.01711e+01   8.03421e+01  -2.74516e+01   2.54390e+01
  -4.40882e-02  -1.76986e+00  -4.01711e+01   8.03421e+01  -2.73711e+01   2.56000e+01
  -3.80762e-02  -1.52888e+00  -4.01711e+01   8.03421e+01  -2.72906e+01   2.57610e+01
  -3.20641e-02  -1.28771e+00  -4.01711e+01   8.03421e+01  -2.72101e+01   2.59220e+01
  -2.60521e-02  -1.04639e+00  -4.01711e+01   8.03421e+01  -2.71296e+01   2.60830e+01
  -2.00401e-02  -8.04980e-01  -4.01711e+01   8.03421e+01  -2.70491e+01   2.62440e+01
  -1.40281e-02  -5.63510e-01  -4.01711e+01   8.03421e+01  -2.69686e+01   2.64050e+01
  -8.01603e-03  -3.22011e-01  -4.01711e+01   8.03421e+01  -2.68881e+01   2.65660e+01
  -2.00401e-03  -8.05031e-02  -4.01711e+01   8.03421e+01  -2.68076e+01   2.67270e+01
   4.00802e-03   1.61006e-01  -4.01711e+01   8.03421e+01  -2.67270e+01   2.68881e+01
   1.00200e-02   4.02513e-01  -4.01711e+01   8.03421e+01  -2.66465e+01   2.70491e+01
   1.60321e-02   6.44004e-01  -4.01711e+01   8.03421e+01  -2.65660e+01   2.72101e+01
   2.20441e-02   8.85459e-01  -4.01711e+01   8.03421e+01  -2.64855e+01   2.73711e+01
   2.80561e-02   1.12685e+00  -4.01711e+01   8.03421e+01  -2.64050e+01   2.75321e+01
   3.40681e-02   1.36812e+00  -4.01711e+01   8.03421e+01  -2.63245e+01   2.76931e+01
   4.00802e-02   1.60923e+00  -4.01711e+01   8.03421e+01  -2.62440e+01   2.78541e+01
   4.60922e-02   1.85012e+00  -4.01711e+01   8.03421e+01  -2.61635e+01   2.80151e+01
   5.21042e-02   2.09071e+00  -4.01711e+01   8.03421e+01  -2.60830e+01   2.81761e+01
   5.81162e-02   2.33093e+00  -4.01711e+01   8.03421e+01  -2.60025e+01   2.83371e+01
   6.41283e-02   2.57067e+00  -4.01711e+01   8.03421e+01  -2.59220e+01   2.84981e+01
   7.01403e-02   2.80984e+00  -4.01711e+01   8.03421e+01  -2.58415e+01   2.86591e+01
   7.61523e-02   3.04833e+00  -4.01711e+01   8.03421e+01  -2.57610e+01   2.88201e+01
   8.21643e-02   3.28602e+00  -4.01711e+01   8.03421e+01  -2.56805e+01   2.89811e+01
   8.81764e-02   3.52276e+00  -4.01711e+01   8.03421e+01  -2.56000e+01   2.91421e+01
   9.41884e-02   3.75844e+00  -4.01711e+01   8.03421e+01  -2.55195e+01   2.93031e+01
   1.00200e-01   3.99289e+00  -4.01711e+01   8.03421e+01  -2.54390e+01   2.94642e+01
   1.06212e-01   4.22596e+00  -4.01711e+01   8.03421e+01  -2.53585e+01   2.96252e+01
   1.12224e-01   4.45749e+00  -4.01711e+01   8.03421e+01  -2.52780e+01   2.97862e+01
   1.18236e-01   4.68729e+00  -4.01711e+01   8.03421e+01  -2.51975e+01   2.99472e+01
   1.24248e-01   4.91519e+00  -4.01711e+01   8.03421e+01  -2.51170e+01   3.01082e+01
   1.30261e-01   5.14099e+00  -4.01711e+01   8.03421e+01  -2.50365e+01   3.02692e+01
   1.36273e-01   5.36450e+00  -4.01711e+01   8.03421e+01  -2.49560e+01   3.04302e+01
   1.42285e-01   5.58552e+00  -4.01711e+01   8.03421e+01  -2.48755e+01   3.05912e+01
   1.48297e-01   5.80382e+00  -4.01711e+01   8.03421e+01  -2.47950e+01   3.07522e+01
   1.54309e-01   6.01919e+00  -4.01711e+01   8.03421e+01  -2.47145e+01   3.09132e+01
   1.60321e-01   6.23141e+00  -4.01711e+01   8.03421e+01  -2.46340e+01   3.10742e+01
   1.66333e-01   6.44025e+00  -4.01711e+01   8.03421e+01  -2.45535e+01   3.12352e+01
   1.72345e-01   6.64547e+00  -4.01711e+01   8.03421e+01  -2.44730e+01   3.13962e+01
   1.78357e-01   6.84684e+00  -4.01711e+01   8.03421e+01  -2.43925e+01   3.15572e+01
   1.84369e-01   7.04412e+00  -4.01711e+01   8.03421e+01  -2.43120e+01   3.17182e+01
   1.90381e-01   7.23706e+00  -4.01711e+01   8.03421e+01  -2.42314e+01   3.18792e+01
   1.96393e-01   7.42542e+00  -4.01711e+01   8.03421e+01  -2.41509e+01   3.20403e+01
   2.02405e-01   7.60895e+00  -4.01711e+01   8.03421e+01  -2.40704e+01   3.22013e+01
   2.08417e-01   7.78740e+00  -4.01711e+01   8.03421e+01  -2.39899e+01   3.23623e+01
   2.14429e-01   7.96052e+00  -4.01711e+01   8.03421e+01  -2.39094e+01   3.25233e+01
   2.20441e-01   8.12808e+00  -4.01711e+01   8.03421e+01  -2.38289e+01   3.26843e+01
   2.26453e-01   8.28981e+00  -4.01711e+01   8.03421e+01  -2.37484e+01   3.28453e+01
   2.32465e-01   8.44549e+00  -4.01711e+01   8.03421e+01  -2.36679e+01   3.30063e+01
   2.38477e-01   8.59486e+00  -4.01711e+01   8.03421e+01  -2.35874e+01   3.31673e+01
   2.44489e-01   8.73771e+00  -4.01711e+01   8.03421e+01  -2.35069e+01   3.33283e+01
   2.50501e-01   8.87379e+00  -4.01711e+01   8.03421e+01  -2.34264e+01   3.34893e+01
   2.56513e-01   9.00289e+00  -4.01711e+01   8.03421e+01  -2.33459e+01   3.36503e+01
   2.62525e-01   9.12478e+00  -4.01711e+01   8.03421e+01  -2.32654e+01   3.38113e+01
   2.68537e-01   9.23927e+00  -4.01711e+01   8.03421e+01  -2.31849e+01   3.39723e+01
   2.74549e-01   9.34615e+00  -4.01711e+01   8.03421e+01  -2.31044e+01   3.41333e+01
   2.80561e-01   9.44523e+00  -4.01711e+01   8.03421e+01  -2.30239e+01   3.42943e+01
   2.86573e-01   9.53633e+00  -4.01711e+01   8.03421e+01  -2.29434e+01   3.44553e+01
   2.92585e-01   9.61930e+00  -4.01711e+01   8.03421e+01  -2.28629e+01   3.46164e+01
   2.98597e-01   9.69396e+00  -4.01711e+01   8.03421e+01  -2.27824e+01   3.47774e+01
   3.04609e-01   9.76019e+00  -4.01711e+01   8.03421e+01  -2.27019e+01   3.49384e+01
   3.10621e-01   9.81785e+00  -4.01711e+01   8.03421e+01  -2.26214e+01   3.50994e+01
   3.16633e-01   9.86684e+00  -4.01711e+01   8.03421e+01  -2.25409e+01   3.52604e+01
   3.22645e-01   9.90705e+00  -4.01711e+01   8.03421e+01  -2.24604e+01   3.54214e+01
   3.28657e-01   9.93840e+00  -4.01711e+01   8.03421e+01  -2.23799e+01   3.55824e+01
   3.34669e-01   9.96084e+00  -4.01711e+01   8.03421e+01  -2.22994e+01   3.57434e+01
   3.40681e-01   9.97432e+00  -4.01711e+01   8.03421e+01  -2.22189e+01   3.59044e+01
   3.46693e-01   9.97880e+00  -4.01711e+01   8.03421e+01  -2.21384e+01   3.60654e+01
   3.52705e-01   9.97428e+00  -4.01711e+01   8.03421e+01  -2.20579e+01   3.62264e+01
   3.58717e-01   9.96077e+00  -4.01711e+01   8.03421e+01  -2.19774e+01   3.63874e+01
   3.64729e-01   9.93829e+00  -4.01711e+01   8.03421e+01  -2.18969e+01   3.65484e+01
   3.70741e-01   9.90690e+00  -4.01711e+01   8.03421e+01  -2.18164e+01   3.67094e+01
   3.76754e-01   9.86667e+00  -4.01711e+01   8.03421e+01  -2.17359e+01   3.68704e+01
   3.82766e-01   9.81768e+00  -4.01711e+01   8.03421e+01  -2.16553e+01   3.70315e+01
   3.88778e-01   9.76003e+00  -4.01711e+01   8.03421e+01  -2.15748e+01   3.71925e+01
   3.94790e-01   9.69387e+00  -4.01711e+01   8.03421e+01  -2.14943e+01   3.73535e+01
   4.00802e-01   9.61933e+00  -4.01711e+01   8.03421e+01  -2.14138e+01   3.75145e+01
   4.06814e-01   9.53658e+00  -4.01711e+01   8.03421e+01  -2.13333e+01   3.76755e+01
   4.12826e-01   9.44580e+00  -4.01711e+01   8.03421e+01  -2.12528e+01   3.78365e+01
   4.18838e-01   9.34722e+00  -4.01711e+01   8.03421e+01  -2.11723e+01   3.79975e+01
   4.24850e-01   9.24103e+00  -4.01711e+01   8.03421e+01  -2.10918e+01   3.81585e+01
   4.30862e-01   9.12750e+00  -4.01711e+01   8.03421e+01  -2.10113e+01   3.83195e+01
   4.36874e-01   9.00686e+00  -4.01711e+01   8.03421e+01  -2.09308e+01   3.84805e+01
   4.42886e-01   8.87941e+00  -4.01711e+01   8.03421e+01  -2.08503e+01   3.86415e+01
   4.48898e-01   8.74543e+00  -4.01711e+01   8.03421e+01  -2.07698e+01   3.88025e+01
   4.54910e-01   8.60521e+00  -4.01711e+01   8.03421e+01  -2.06893e+01   3.89635e+01
   4.60922e-01   8.45909e+00  -4.01711e+01   8.03421e+01  -2.06088e+01   3.91245e+01
   4.66934e-01   8.30739e+00  -4.01711e+01   8.03421e+01  -2.05283e+01   3.92855e+01
   4.72946e-01   8.15045e+00  -4.01711e+01   8.03421e+01  -2.04478e+01   3.94465e+01
   4.78958e-01   7.98862e+00  -4.01711e+01   8.03421e+01  -2.03673e+01   3.96076e+01
   4.84970e-01   7.82228e+00  -4.01711e+01   8.03421e+01  -2.02868e+01   3.97686e+01
   4.90982e-01   7.65177e+00  -4.01711e+01   8.03421e+01  -2.02063e+01   3.99296e+01
   4.96994e-01   7.47749e+00  -4.01711e+01   8.03421e+01  -2.01258e+01   4.00906e+01
   5.03006e-01   7.29982e+00  -4.01711e+01   8.03421e+01  -2.00453e+01   4.02516e+01
   5.09018e-01   7.11913e+00  -4.01711e+01   8.03421e+01  -1.99648e+01   4.04126e+01
   5.15030e-01   6.93582e+00  -4.01711e+01   8.03421e+01  -1.98843e+01   4.05736e+01
   5.21042e-01   6.75027e+00  -4.01711e+01   8.03421e+01  -1.98038e+01   4.07346e+01
   5.27054e-01   6.56288e+00  -4.01711e+01   8.03421e+01  -1.97233e+01   4.08956e+01
   5.33066e-01   6.37402e+00  -4.01711e+01   8.03421e+01  -1.96428e+01   4.10566e+01
   5.39078e-01   6.18410e+00  -4.01711e+01   8.03421e+01  -1.95623e+01   4.12176e+01
   5.45090e-01   5.99347e+00  -4.01711e+01   8.03421e+01  -1.94818e+01   4.13786e+01
   5.51102e-01   5.80253e+00  -4.01711e+01   8.03421e+01  -1.94013e+01   4.15396e+01
   5.57114e-01   5.61163e+00  -4.01711e+01   8.03421e+01  -1.93208e+01   4.17006e+01
   5.63126e-01   5.42114e+00  -4.01711e+01   8.03421e+01  -1.92403e+01   4.18616e+01
   5.69138e-01   5.23141e+00  -4.01711e+01   8.03421e+01  -1.91598e+01   4.20226e+01
   5.75150e-01   5.04277e+00  -4.01711e+01   8.03421e+01  -1.90792e+01   4.21837e+01
   5.81162e-01   4.85555e+00  -4.01711e+01   8.03421e+01  -1.89987e+01   4.23447e+01
   5.87174e-01   4.67008e+00  -4.01711e+01   8.03421e+01  -1.89182e+01   4.25057e+01
   5.93186e-01   4.48664e+00  -4.01711e+01   8.03421e+01  -1.88377e+01   4.26667e+01
   5.99198e-01   4.30553e+00  -4.01711e+01   8.03421e+01  -1.87572e+01   4.28277e+01
   6.05210e-01   4.12703e+00  -4.01711e+01   8.03421e+01  -1.86767e+01   4.29887e+01
   6.11222e-01   3.95138e+00  -4.01711e+01   8.03421e+01  -1.85962e+01   4.31497e+01
   6.17234e-01   3.77884e+00  -4.01711e+01   8.03421e+01  -1.85157e+01   4.33107e+01
   6.23246e-01   3.60962e+00  -4.01711e+01   8.03421e+01  -1.84352e+01   4.34717e+01
   6.29259e-01   3.44393e+00  -4.01711e+01   8.03421e+01  -1.83547e+01   4.36327e+01
   6.35271e-01   3.28196e+00  -4.01711e+01   8.03421e+01  -1.82742e+01   4.37937e+01
   6.41283e-01   3.12388e+00  -4.01711e+01   8.03421e+01  -1.81937e+01   4.39547e+01
   6.47295e-01   2.96985e+00  -4.01711e+01   8.03421e+01  -1.81132e+01   4.41157e+01
   6.53307e-01   2.82000e+00  -4.01711e+01   8.03421e+01  -1.80327e+01   4.42767e+01
   6.59319e-01   2.67446e+00  -4.01711e+01   8.03421e+01  -1.79522e+01   4.44377e+01
   6.65331e-01   2.53331e+00  -4.01711e+01   8.03421e+01  -1.78717e+01   4.45987e+01
   6.71343e-01   2.39665e+00  -4.01711e+01   8.03421e+01  -1.77912e+01   4.47598e+01
   6.77355e-01   2.26454e+00  -4.01711e+01   8.03421e+01  -1.77107e+01   4.49208e+01
   6.83367e-01   2.13704e+00  -4.01711e+01   8.03421e+01  -1.76302e+01   4.50818e+01
   6.89379e-01   2.01416e+00  -4.01711e+01   8.03421e+01  -1.75497e+01   4.52428e+01
   6.95391e-01   1.89594e+00  -4.01711e+01   8.03421e+01  -1.74692e+01   4.54038e+01
   7.01403e-01   1.78237e+00  -4.01711e+01   8.03421e+01  -1.73887e+01   4.55648e+01
   7.07415e-01   1.67344e+00  -4.01711e+01   8.03421e+01  -1.73082e+01   4.57258e+01
   7.13427e-01   1.56913e+00  -4.01711e+01   8.03421e+01  -1.72277e+01   4.58868e+01
   7.19439e-01   1.46940e+00  -4.01711e+01   8.03421e+01  -1.71472e+01   4.60478e+01
   7.25451e-01   1.37420e+00  -4.01711e+01   8.03421e+01  -1.70667e+01   4.62088e+01
   7.31463e-01   1.28345e+00  -4.01711e+01   8.03421e+01  -1.69862e+01   4.63698e+01
   7.37475e-01   1.19710e+00  -4.01711e+01   8.03421e+01  -1.69057e+01   4.65308e+01
   7.43487e-01   1.11506e+00  -4.01711e+01   8.03421e+01  -1.68252e+01   4.66918e+01
   7.49499e-01   1.03723e+00  -4.01711e+01   8.03421e+01  -1.67447e+01   4.68528e+01
   7.55511e-01   9.63521e-01  -4.01711e+01   8.03421e+01  -1.66642e+01   4.70138e+01
   7.61523e-01   8.93820e-01  -4.01711e+01   8.03421e+01  -1.65836e+01   4.71748e+01
   7.67535e-01   8.28014e-01  -4.01711e+01   8.03421e+01  -1.65031e+01   4.73359e+01
   7.73547e-01   7.65985e-01  -4.01711e+01   8.03421e+01  -1.64226e+01   4.74969e+01
   7.79559e-01   7.07610e-01  -4.01711e+01   8.03421e+01  -1.63421e+01   4.76579e+01
   7.85571e-01   6.52762e-01  -4.01711e+01   8.03421e+01  -1.62616e+01   4.78189e+01
   7.91583e-01   6.01309e-01  -4.01711e+01   8.03421e+01  -1.61811e+01   4.79799e+01
   7.97595e-01   5.53120e-01  -4.01711e+01   8.03421e+01  -1.61006e+01   4.81409e+01
   8.03607e-01   5.08061e-01  -4.01711e+01   8.03421e+01  -1.60201e+01   4.83019e+01
   8.09619e-01   4.65996e-01  -4.01711e+01   8.03421e+01  -1.59396e+01   4.84629e+01
   8.15631e-01   4.26790e-01  -4.01711e+01   8.03421e+01  -1.58591e+01   4.86239e+01
   8.21643e-01   3.90309e-01  -4.01711e+01   8.03421e+01  -1.57786e+01   4.87849e+01
   8.27655e-01   3.56418e-01  -4.01711e+01   8.03421e+01  -1.56981e+01   4.89459e+01
   8.33667e-01   3.24986e-01  -4.01711e+01   8.03421e+01  -1.56176e+01   4.91069e+01
   8.39679e-01   2.95883e-01  -4.01711e+01   8.03421e+01  -1.55371e+01   4.92679e+01
   8.45691e-01   2.68979e-01  -4.01711e+01   8.03421e+01  -1.54566e+01   4.94289e+01
   8.51703e-01   2.44152e-01  -4.01711e+01   8.03421e+01  -1.53761e+01   4.95899e+01
   8.57715e-01   2.21277e-01  -4.01711e+01   8.03421e+01  -1.52956e+01   4.97509e+01
   8.63727e-01   2.00238e-01  -4.01711e+01   8.03421e+01  -1.52151e+01   4.99120e+01
   8.69739e-01   1.80919e-01  -4.01711e+01   8.03421e+01  -1.51346e+01   5.00730e+01
   8.75752e-01   1.63209e-01  -4.01711e+01   8.03421e+01  -1.50541e+01   5.02340e+01
   8.81764e-01   1.47003e-01  -4.01711e+01   8.03421e+01  -1.49736e+01   5.03950e+01
   8.87776e-01   1.32197e-01  -4.01711e+01   8.03421e+01  -1.48931e+01   5.05560e+01
   8.93788e-01   1.18695e-01  -4.01711e+01   8.03421e+01  -1.48126e+01   5.07170e+01
   8.99800e-01   1.06401e-01  -4.01711e+01   8.03421e+01  -1.47321e+01   5.08780e+01
   9.05812e-01   9.52276e-02  -4.01711e+01   8.03421e+01  -1.46516e+01   5.10390e+01
   9.11824e-01   8.50900e-02  -4.01711e+01   8.03421e+01  -1.45711e+01   5.12000e+01
   9.17836e-01   7.59081e-02  -4.01711e+01   8.03421e+01  -1.44906e+01   5.13610e+01
   9.23848e-01   6.76064e-02  -4.01711e+01   8.03421e+01  -1.44101e+01   5.15220e+01
   9.29860e-01   6.01136e-02  -4.01711e+01   8.03421e+01  -1.43296e+01   5.16830e+01
   9.35872e-01   5.33629e-02  -4.01711e+01   8.03421e+01  -1.42491e+01   5.18440e+01
   9.41884e-01   4.72914e-02  -4.01711e+01   8.03421e+01  -1.41686e+01   5.20050e+01
   9.47896e-01   4.18406e-02  -4.01711e+01   8.03421e+01  -1.40881e+01   5.21660e+01
   9.53908e-01   3.69558e-02  -4.01711e+01   8.03421e+01  -1.40075e+01   5.23271e+01
   9.59920e-01   3.25860e-02  -4.01711e+01   8.03421e+01  -1.39270e+01   5.24881e+01
   9.65932e-01   2.86839e-02  -4.01711e+01   8.03421e+01  -1.38465e+01   5.26491e+01
   9.71944e-01   2.52059e-02  -4.01711e+01   8.03421e+01  -1.37660e+01   5.28101e+01
   9.77956e-01   2.21114e-02  -4.01711e+01   8.03421e+01  -1.36855e+01   5.29711e+01
   9.83968e-01   1.93632e-02  -4.01711e+01   8.03421e+01  -1.36050e+01   5.31321e+01
   9.89980e-01   1.69270e-02  -4.01711e+01   8.03421e+01  -1.35245e+01   5.32931e+01
   9.95992e-01   1.47714e-02  -4.01711e+01   8.03421e+01  -1.34440e+01   5.34541e+01
   1.00200e+00   1.28676e-02  -4.01711e+01   8.03421e+01  -1.33635e+01   5.36151e+01
   1.00802e+00   1.11893e-02  -4.01711e+01   8.03421e+01  -1.32830e+01   5.37761e+01
   1.01403e+00   9.71251e-03  -4.01711e+01   8.03421e+01  -1.32025e+01   5.39371e+01
   1.02004e+00   8.41554e-03  -4.01711e+01   8.03421e+01  -1.31220e+01   5.40981e+01
   1.02605e+00   7.27861e-03  -4.01711e+01   8.03421e+01  -1.30415e+01   5.42591e+01
   1.03206e+00   6.28387e-03  -4.01711e+01   8.03421e+01  -1.29610e+01   5.44201e+01
   1.03808e+00   5.41519e-03  -4.01711e+01   8.03421e+01  -1.28805e+01   5.45811e+01
   1.04409e+00   4.65804e-03  -4.01711e+01   8.03421e+01  -1.28000e+01   5.47421e+01
   1.05010e+00   3.99937e-03  -4.01711e+01   8.03421e+01  -1.27195e+01   5.49032e+01
   1.05611e+00   3.42748e-03  -4.01711e+01   8.03421e+01  -1.26390e+01   5.50642e+01
   1.06212e+00   2.93189e-03  -4.01711e+01   8.03421e+01  -1.25585e+01   5.52252e+01
   1.06814e+00   2.50326e-03  -4.01711e+01   8.03421e+01  -1.24780e+01   5.53862e+01
   1.07415e+00   2.13328e-03  -4.01711e+01   8.03421e+01  -1.23975e+01   5.55472e+01
   1.08016e+00   1.81453e-03  -4.01711e+01   8.03421e+01  -1.23170e+01   5.57082e+01
   1.08617e+00   1.54048e-03  -4.01711e+01   8.03421e+01  -1.22365e+01   5.58692e+01
   1.09218e+00   1.30531e-03  -4.01711e+01   8.03421e+01  -1.21560e+01   5.60302e+01
   1.09820e+00   1.10391e-03  -4.01711e+01   8.03421e+01  -1.20755e+01   5.61912e+01
   1.10421e+00   9.31789e-04  -4.01711e+01   8.03421e+01  -1.19950e+01   5.63522e+01
   1.11022e+00   7.84972e-04  -4.01711e+01   8.03421e+01  -1.19145e+01   5.65132e+01
   1.11623e+00   6.59997e-04  -4.01711e+01   8.03421e+01  -1.18340e+01   5.66742e+01
   1.12224e+00   5.53830e-04  -4.01711e+01   8.03421e+01  -1.17535e+01   5.68352e+01
   1.12826e+00   4.63823e-04  -4.01711e+01   8.03421e+01  -1.16730e+01   5.69962e+01
   1.13427e+00   3.87673e-04  -4.01711e+01   8.03421e+01  -1.15925e+01   5.71572e+01
   1.14028e+00   3.23380e-04  -4.01711e+01   8.03421e+01  -1.15120e+01   5.73182e+01
   1.14629e+00   2.69208e-04  -4.01711e+01   8.03421e+01  -1.14314e+01   5.74793e+01
   1.15230e+00   2.23660e-04  -4.01711e+01   8.03421e+01  -1.13509e+01   5.76403e+01
   1.15832e+00   1.85442e-04  -4.01711e+01   8.03421e+01  -1.12704e+01   5.78013e+01
   1.16433e+00   1.53442e-04  -4.01711e+01   8.03421e+01  -1.11899e+01   5.79623e+01
   1.17034e+00   1.26704e-04  -4.01711e+01   8.03421e+01  -1.11094e+01   5.81233e+01
   1.17635e+00   1.04410e-04  -4.01711e+01   8.03421e+01  -1.10289e+01   5.82843e+01
   1.18236e+00   8.58616e-05  -4.01711e+01   8.03421e+01  -1.09484e+01   5.84453e+01
   1.18838e+00   7.04615e-05  -4.01711e+01   8.03421e+01  -1.08679e+01   5.86063e+01
   1.19439e+00   5.77031e-05  -4.01711e+01   8.03421e+01  -1.07874e+01   5.87673e+01
   1.20040e+00   4.71558e-05  -4.01711e+01   8.03421e+01  -1.07069e+01   5.89283e+01
   1.20641e+00   3.84553e-05  -4.01711e+01   8.03421e+01  -1.06264e+01   5.90893e+01
   1.21242e+00   3.12937e-05  -4.01711e+01   8.03421e+01  -1.05459e+01   5.92503e+01
   1.21844e+00   2.54117e-05  -4.01711e+01   8.03421e+01  -1.04654e+01   5.94113e+01
   1.22445e+00   2.05912e-05  -4.01711e+01   8.03421e+01  -1.03849e+01   5.95723e+01
   1.23046e+00   1.66493e-05  -4.01711e+01   8.03421e+01  -1.03044e+01   5.97333e+01
   1.23647e+00   1.34330e-05  -4.01711e+01   8.03421e+01  -1.02239e+01   5.98943e+01
   1.24248e+00   1.08146e-05  -4.01711e+01   8.03421e+01  -1.01434e+01   6.00554e+01
   1.24850e+00   8.68757e-06  -4.01711e+01   8.03421e+01  -1.00629e+01   6.02164e+01
   1.25451e+00   6.96365e-06  -4.01711e+01   8.03421e+01  -9.98239e+00   6.03774e+01
   1.26052e+00   5.56955e-06  -4.01711e+01   8.03421e+01  -9.90189e+00   6.02877e+01
   1.26653e+00   4.44471e-06  -4.01711e+01   8.03421e+01  -9.82138e+00   6.00179e+01
   1.27255e+00   3.53918e-06  -4.01711e+01   8.03421e+01  -9.74088e+00   5.97481e+01
   1.27856e+00   2.81186e-06  -4.01711e+01   8.03421e+01  -9.66038e+00   5.94784e+01
   1.28457e+00   2.22901e-06  -4.01711e+01   8.03421e+01  -9.57988e+00   5.92086e+01
   1.29058e+00   1.76300e-06  -4.01711e+01   8.03421e+01  -9.49937e+00   5.89388e+01
   1.29659e+00   1.39127e-06  -4.01711e+01   8.03421e+01  -9.41887e+00   5.86690e+01
   1.30261e+00   1.09543e-06  -4.01711e+01   8.03421e+01  -9.33837e+00   5.83992e+01
   1.30862e+00   8.60529e-07  -4.01711e+01   8.03421e+01  -9.25786e+00   5.81295e+01
   1.31463e+00   6.74453e-07  -4.01711e+01   8.03421e+01  -9.17736e+00   5.78261e+01
   1.32064e+00   5.27399e-07  -4.01711e+01   8.03421e+01  -9.09686e+00   5.74710e+01
   1.32665e+00   4.11455e-07  -4.01711e+01   8.03421e+01  -9.01635e+00   5.71160e+01
   1.33267e+00   3.20255e-07  -4.01711e+01   8.03421e+01  -8.93585e+00   5.67610e+01
   1.33868e+00   2.48690e-07  -4.01711e+01   8.03421e+01  -8.85535e+00   5.64060e+01
   1.34469e+00   1.92664e-07  -4.01711e+01   8.03421e+01  -8.77484e+00   5.60510e+01
   1.35070e+00   1.48910e-07  -4.01711e+01   8.03421e+01  -8.69434e+00   5.56959e+01
   1.35671e+00   1.14821e-07  -4.01711e+01   8.03421e+01  -8.61384e+00   5.53409e+01
   1.36273e+00   8.83252e-08  -4.01711e+01   8.03421e+01  -8.53333e+00   5.49859e+01
   1.36874e+00   6.77820e-08  -4.01711e+01   8.03421e+01  -8.45283e+00   5.46309e+01
   1.37475e+00   5.18925e-08  -4.01711e+01   8.03421e+01  -8.37233e+00   5.42759e+01
   1.38076e+00   3.96324e-08  -4.01711e+01   8.03421e+01  -8.29182e+00   5.39209e+01
   1.38677e+00   3.01959e-08  -4.01711e+01   8.03421e+01  -8.21132e+00   5.35658e+01
   1.39279e+00   2.29505e-08  -4.01711e+01   8.03421e+01  -8.13082e+00   5.32108e+01
   1.39880e+00   1.74012e-08  -4.01711e+01   8.03421e+01  -8.05032e+00   5.28558e+01
   1.40481e+00   1.31615e-08  -4.01711e+01   8.03421e+01  -7.96981e+00   5.25008e+01
   1.41082e+00   9.93030e-09  -4.01711e+01   8.03421e+01  -7.88931e+00   5.21458e+01
   1.41683e+00   7.47394e-09  -4.01711e+01   8.03421e+01  -7.80881e+00   5.17907e+01
   1.42285e+00   5.61128e-09  -4.01711e+01   8.03421e+01  -7.72830e+00   5.14357e+01
   1.42886e+00   4.20237e-09  -4.01711e+01   8.03421e+01  -7.64780e+00   5.10807e+01
   1.43487e+00   3.13937e-09  -4.01711e+01   8.03421e+01  -7.56730e+00   5.07257e+01
   1.44088e+00   2.33938e-09  -4.01711e+01   8.03421e+01  -7.48679e+00   5.03707e+01
   1.44689e+00   1.73887e-09  -4.01711e+01   8.03421e+01  -7.40629e+00   5.00156e+01
   1.45291e+00   1.28925e-09  -4.01711e+01   8.03421e+01  -7.32579e+00   4.96606e+01
   1.45892e+00   9.53459e-10  -4.01711e+01   8.03421e+01  -7.24528e+00   4.93056e+01
   1.46493e+00   7.03334e-10  -4.01711e+01   8.03421e+01  -7.16478e+00   4.89506e+01
   1.47094e+00   5.17499e-10  -4.01711e+01   8.03421e+01  -7.08428e+00   4.85956e+01
   1.47695e+00   3.79789e-10  -4.01711e+01   8.03421e+01  -7.00377e+00   4.82405e+01
   1.48297e+00   2.78007e-10  -4.01711e+01   8.03421e+01  -6.92327e+00   4.78855e+01
   1.48898e+00   2.02976e-10  -4.01711e+01   8.03421e+01  -6.84277e+00   4.74520e+01
   1.49499e+00   1.47810e-10  -4.01711e+01   8.03421e+01  -6.76226e+00   4.70088e+01
   1.50100e+00   1.07357e-10  -4.01711e+01   8.03421e+01  -6.68176e+00   4.65656e+01
   1.50701e+00   7.77709e-11  -4.01711e+01   8.03421e+01  -6.60126e+00   4.61224e+01
   1.51303e+00   5.61905e-11  -4.01711e+01   8.03421e+01  -6.52076e+00   4.56792e+01
   1.51904e+00   4.04913e-11  -4.01711e+01   8.03421e+01  -6.44025e+00   4.52361e+01
   1.52505e+00   2.91010e-11  -4.01711e+01   8.03421e+01  -6.35975e+00   4.47929e+01
   1.53106e+00   2.08593e-11  -4.01711e+01   8.03421e+01  -6.27925e+00   4.43497e+01
   1.53707e+00   1.49118e-11  -4.01711e+01   8.03421e+01  -6.19874e+00   4.39065e+01
   1.54309e+00   1.06316e-11  -4.01711e+01   8.03421e+01  -6.11824e+00   4.34633e+01
   1.54910e+00   7.55953e-12  -4.01711e+01   8.03421e+01  -6.03774e+00   4.30201e+01
   1.55511e+00   5.36066e-12  -4.01711e+01   8.03421e+01  -5.95723e+00   4.25769e+01
   1.56112e+00   3.79108e-12  -4.01711e+01   8.03421e+01  -5.87673e+00   4.21337e+01
   1.56713e+00   2.67378e-12  -4.01711e+01   8.03421e+01  -5.79623e+00   4.16905e+01
   1.57315e+00   1.88062e-12  -4.01711e+01   8.03421e+01  -5.71572e+00   4.12474e+01
   1.57916e+00   1.31912e-12  -4.01711e+01   8.03421e+01  -5.63522e+00   4.08042e+01
   1.58517e+00   9.22725e-13  -4.01711e+01   8.03421e+01  -5.55472e+00   4.03610e+01
   1.59118e+00   6.43664e-13  -4.01711e+01   8.03421e+01  -5.47421e+00   3.99178e+01
   1.59719e+00   4.47755e-13  -4.01711e+01   8.03421e+01  -5.39371e+00   3.94746e+01
   1.60321e+00   3.10608e-13  -4.01711e+01   8.03421e+01  -5.31321e+00   3.90314e+01
   1.60922e+00   2.14868e-13  -4.01711e+01   8.03421e+01  -5.23271e+00   3.85882e+01
   1.61523e+00   1.48221e-13  -4.01711e+01   8.03421e+01  -5.15220e+00   3.81450e+01
   1.62124e+00   1.01959e-13  -4.01711e+01   8.03421e+01  -5.07170e+00   3.77018e+01
   1.62725e+00   6.99384e-14  -4.01711e+01   8.03421e+01  -4.99120e+00   3.72586e+01
   1.63327e+00   4.78380e-14  -4.01711e+01   8.03421e+01  -4.91069e+00   3.68155e+01
   1.63928e+00   3.26282e-14  -4.01711e+01   8.03421e+01  -4.83019e+00   3.63723e+01
   1.64529e+00   2.21908e-14  -4.01711e+01   8.03421e+01  -4.74969e+00   3.58811e+01
   1.65130e+00   1.50490e-14  -4.01711e+01   8.03421e+01  -4.66918e+00   3.53467e+01
   1.65731e+00   1.01763e-14  -4.01711e+01   8.03421e+01  -4.58868e+00   3.48123e+01
   1.66333e+00   6.86151e-15  -4.01711e+01   8.03421e+01  -4.50818e+00   3.42779e+01
   1.66934e+00   4.61307e-15  -4.01711e+01   8.03421e+01  -4.42767e+00   3.37435e+01
   1.67535e+00   3.09241e-15  -4.01711e+01   8.03421e+01  -4.34717e+00   3.32091e+01
   1.68136e+00   2.06698e-15  -4.01711e+01   8.03421e+01  -4.26667e+00   3.26747e+01
   1.68737e+00   1.37754e-15  -4.01711e+01   8.03421e+01  -4.18616e+00   3.21403e+01
   1.69339e+00   9.15363e-16  -4.01711e+01   8.03421e+01  -4.10566e+00   3.16059e+01
   1.69940e+00   6.06460e-16  -4.01711e+01   8.03421e+01  -4.02516e+00   3.10715e+01
   1.70541e+00   4.00612e-16  -4.01711e+01   8.03421e+01  -3.94465e+00   3.05371e+01
   1.71142e+00   2.63850e-16  -4.01711e+01   8.03421e+01  -3.86415e+00   3.00027e+01
   1.71743e+00   1.73258e-16  -4.01711e+01   8.03421e+01  -3.78365e+00   2.94683e+01
   1.72345e+00   1.13431e-16  -4.01711e+01   8.03421e+01  -3.70315e+00   2.89339e+01
   1.72946e+00   7.40400e-17  -4.01711e+01   8.03421e+01  -3.62264e+00   2.83995e+01
   1.73547e+00   4.81828e-17  -4.01711e+01   8.03421e+01  -3.54214e+00   2.78651e+01
   1.74148e+00   3.12612e-17  -4.01711e+01   8.03421e+01  -3.46164e+00   2.73308e+01
   1.74749e+00   2.02209e-17  -4.01711e+01   8.03421e+01  -3.38113e+00   2.67964e+01
   1.75351e+00   1.30399e-17  -4.01711e+01   8.03421e+01  -3.30063e+00   2.62620e+01
   1.75952e+00   8.38343e-18  -4.01711e+01   8.03421e+01  -3.22013e+00   2.57276e+01
   1.76553e+00   5.37327e-18  -4.01711e+01   8.03421e+01  -3.13962e+00   2.51932e+01
   1.77154e+00   3.43336e-18  -4.01711e+01   8.03421e+01  -3.05912e+00   2.46588e+01
   1.77756e+00   2.18706e-18  -4.01711e+01   8.03421e+01  -2.97862e+00   2.41244e+01
   1.78357e+00   1.38886e-18  -4.01711e+01   8.03421e+01  -2.89811e+00   2.35900e+01
   1.78958e+00   8.79239e-19  -4.01711e+01   8.03421e+01  -2.81761e+00   2.30556e+01
   1.79559e+00   5.54884e-19  -4.01711e+01   8.03421e+01  -2.73711e+00   2.24495e+01
   1.80160e+00   3.49092e-19  -4.01711e+01   8.03421e+01  -2.65660e+00   2.18212e+01
   1.80762e+00   2.18935e-19  -4.01711e+01   8.03421e+01  -2.57610e+00   2.11930e+01
   1.81363e+00   1.36875e-19  -4.01711e+01   8.03421e+01  -2.49560e+00   2.05647e+01
   1.81964e+00   8.53021e-20  -4.01711e+01   8.03421e+01  -2.41509e+00   1.99364e+01
   1.82565e+00   5.29933e-20  -4.01711e+01   8.03421e+01  -2.33459e+00   1.93082e+01
   1.83166e+00   3.28172e-20  -4.01711e+01   8.03421e+01  -2.25409e+00   1.86799e+01
   1.83768e+00   2.02581e-20  -4.01711e+01   8.03421e+01  -2.17359e+00   1.80516e+01
   1.84369e+00   1.24654e-20  -4.01711e+01   8.03421e+01  -2.09308e+00   1.74234e+01
   1.84970e+00   7.64571e-21  -4.01711e+01   8.03421e+01  -2.01258e+00   1.67951e+01
   1.85571e+00   4.67447e-21  -4.01711e+01   8.03421e+01  -1.93208e+00   1.61669e+01
   1.86172e+00   2.84869e-21  -4.01711e+01   8.03421e+01  -1.85157e+00   1.55386e+01
   1.86774e+00   1.73041e-21  -4.01711e+01   8.03421e+01  -1.77107e+00   1.49103e+01
   1.87375e+00   1.04771e-21  -4.01711e+01   8.03421e+01  -1.69057e+00   1.42821e+01
   1.87976e+00   6.32293e-22  -4.01711e+01   8.03421e+01  -1.61006e+00   1.36538e+01
   1.88577e+00   3.80342e-22  -4.01711e+01   8.03421e+01  -1.52956e+00   1.30256e+01
   1.89178e+00   2.28037e-22  -4.01711e+01   8.03421e+01  -1.44906e+00   1.23973e+01
   1.89780e+00   1.36272e-22  -4.01711e+01   8.03421e+01  -1.36855e+00   1.17690e+01
   1.90381e+00   8.11656e-23  -4.01711e+01   8.03421e+01  -1.28805e+00   1.11408e+01
   1.90982e+00   4.81837e-23  -4.01711e+01   8.03421e+01  -1.20755e+00   1.05125e+01
   1.91583e+00   2.85091e-23  -4.01711e+01   8.03421e+01  -1.12704e+00   9.88425e+00
   1.92184e+00   1.68121e-23  -4.01711e+01   8.03421e+01  -1.04654e+00   9.25599e+00
   1.92786e+00   9.88109e-24  -4.01711e+01   8.03421e+01  -9.66038e-01   8.62773e+00
   1.93387e+00   5.78805e-24  -4.01711e+01   8.03421e+01  -8.85535e-01   7.96981e+00
   1.93988e+00   3.37908e-24  -4.01711e+01   8.03421e+01  -8.05032e-01   7.24528e+00
   1.94589e+00   1.96607e-24  -4.01711e+01   8.03421e+01  -7.24528e-01   6.52076e+00
   1.95190e+00   1.14006e-24  -4.01711e+01   8.03421e+01  -6.44025e-01   5.79623e+00
   1.95792e+00   6.58846e-25  -4.01711e+01   8.03421e+01  -5.63522e-01   5.07170e+00
   1.96393e+00   3.79455e-25  -4.01711e+01   8.03421e+01  -4.83019e-01   4.34717e+00
   1.96994e+00   2.17797e-25  -4.01711e+01   8.03421e+01  -4.02516e-01   3.62264e+00
   1.97595e+00   1.24582e-25  -4.01711e+01   8.03421e+01  -3.22013e-01   2.89811e+00
   1.98196e+00   7.10176e-26  -4.01711e+01   8.03421e+01  -2.41509e-01   2.17359e+00
   1.98798e+00   4.03441e-26  -4.01711e+01   8.03421e+01  -1.61006e-01   1.44906e+00
   1.99399e+00   2.28398e-26  -4.01711e+01   8.03421e+01  -8.05032e-02   7.24528e-01
   2.00000e+00   1.28854e-26  -4.01711e+01   8.03421e+01   0.00000e+00  -0.00000e+00
  -1.00000e+00  -1.34759e-02  -4.01711e+01   8.03421e+01  -3.51497e+01  -0.00000e+00
  -9.93988e-01  -1.54606e-02  -4.01711e+01   8.03421e+01  -3.52403e+01   1.61006e-01
  -9.87976e-01  -1.77064e-02  -4.01711e+01   8.03421e+01  -3.53308e+01   3.22013e-01
  -9.81964e-01  -2.02430e-02  -4.01711e+01   8.03421e+01  -3.54214e+01   4.83019e-01
  -9.75952e-01  -2.31026e-02  -4.01711e+01   8.03421e+01  -3.55120e+01   6.44025e-01
  -9.69940e-01  -2.63207e-02  -4.01711e+01   8.03421e+01  -3.56025e+01   8.05032e-01
  -9.63928e-01  -2.99354e-02  -4.01711e+01   8.03421e+01  -3.56931e+01   9.66038e-01
  -9.57916e-01  -3.39883e-02  -4.01711e+01   8.03421e+01  -3.57837e+01   1.12704e+00
  -9.51904e-01  -3.85244e-02  -4.01711e+01   8.03421e+01  -3.58742e+01   1.28805e+00
  -9.45892e-01  -4.35921e-02  -4.01711e+01   8.03421e+01  -3.59648e+01   1.44906e+00
  -9.39880e-01  -4.92435e-02  -4.01711e+01   8.03421e+01  -3.60554e+01   1.61006e+00
  -9.33868e-01  -5.55346e-02  -4.01711e+01   8.03421e+01  -3.61459e+01   1.77107e+00
  -9.27856e-01  -6.25255e-02  -4.01711e+01   8.03421e+01  -3.62365e+01   1.93208e+00
  -9.21844e-01  -7.02803e-02  -4.01711e+01   8.03421e+01  -3.63270e+01   2.09308e+00
  -9.15832e-01  -7.88673e-02  -4.01711e+01   8.03421e+01  -3.64176e+01   2.25409e+00
  -9.09820e-01  -8.83591e-02  -4.01711e+01   8.03421e+01  -3.65082e+01   2.41509e+00
  -9.03808e-01  -9.88329e-02  -4.01711e+01   8.03421e+01  -3.65987e+01   2.57610e+00
  -8.97796e-01  -1.10370e-01  -4.01711e+01   8.03421e+01  -3.66893e+01   2.73711e+00
  -8.91784e-01  -1.23057e-01  -4.01711e+01   8.03421e+01  -3.67799e+01   2.89811e+00
  -8.85772e-01  -1.36983e-01  -4.01711e+01   8.03421e+01  -3.68704e+01   3.05912e+00
  -8.79760e-01  -1.52245e-01  -4.01711e+01   8.03421e+01  -3.69610e+01   3.22013e+00
  -8.73747e-01  -1.68940e-01  -4.01711e+01   8.03421e+01  -3.70516e+01   3.38113e+00
  -8.67735e-01  -1.87174e-01  -4.01711e+01   8.03421e+01  -3.71421e+01   3.54214e+00
  -8.61723e-01  -2.07054e-01  -4.01711e+01   8.03421e+01  -3.72327e+01   3.70315e+00
  -8.55711e-01  -2.28692e-01  -4.01711e+01   8.03421e+01  -3.73233e+01   3.86415e+00
  -8.49699e-01  -2.52205e-01  -4.01711e+01   8.03421e+01  -3.74138e+01   4.02516e+00
  -8.43687e-01  -2.77711e-01  -4.01711e+01   8.03421e+01  -3.75044e+01   4.18616e+00
  -8.37675e-01  -3.05333e-01  -4.01711e+01   8.03421e+01  -3.75950e+01   4.34717e+00
  -8.31663e-01  -3.35199e-01  -4.01711e+01   8.03421e+01  -3.76855e+01   4.50818e+00
  -8.25651e-01  -3.67435e-01  -4.01711e+01   8.03421e+01  -3.77761e+01   4.66918e+00
  -8.19639e-01  -4.02175e-01  -4.01711e+01   8.03421e+01  -3.77560e+01   4.83019e+00
  -8.13627e-01  -4.39549e-01  -4.01711e+01   8.03421e+01  -3.76755e+01   4.99120e+00
  -8.07615e-01  -4.79693e-01  -4.01711e+01   8.03421e+01  -3.75950e+01   5.15220e+00
  -8.01603e-01  -5.22741e-01  -4.01711e+01   8.03421e+01  -3.75145e+01   5.31321e+00
  -7.95591e-01  -5.68829e-01  -4.01711e+01   8.03421e+01  -3.74340e+01   5.47421e+00
  -7.89579e-01  -6.18091e-01  -4.01711e+01   8.03421e+01  -3.73535e+01   5.63522e+00
  -7.83567e-01  -6.70661e-01  -4.01711e+01   8.03421e+01  -3.72730e+01   5.79623e+00
  -7.77555e-01  -7.26671e-01  -4.01711e+01   8.03421e+01  -3.71925e+01   5.95723e+00
  -7.71543e-01  -7.86249e-01  -4.01711e+01   8.03421e+01  -3.71120e+01   6.11824e+00
  -7.65531e-01  -8.49524e-01  -4.01711e+01   8.03421e+01  -3.70315e+01   6.27925e+00
  -7.59519e-01  -9.16615e-01  -4.01711e+01   8.03421e+01  -3.69509e+01   6.44025e+00
  -7.53507e-01  -9.87641e-01  -4.01711e+01   8.03421e+01  -3.68704e+01   6.60126e+00
  -7.47495e-01  -1.06271e+00  -4.01711e+01   8.03421e+01  -3.67899e+01   6.76226e+00
  -7.41483e-01  -1.14193e+00  -4.01711e+01   8.03421e+01  -3.67094e+01   6.92327e+00
  -7.35471e-01  -1.22540e+00  -4.01711e+01   8.03421e+01  -3.66289e+01   7.08428e+00
  -7.29459e-01  -1.31321e+00  -4.01711e+01   8.03421e+01  -3.65484e+01   7.24528e+00
  -7.23447e-01  -1.40543e+00  -4.01711e+01   8.03421e+01  -3.64679e+01   7.40629e+00
  -7.17435e-01  -1.50214e+00  -4.01711e+01   8.03421e+01  -3.63874e+01   7.56730e+00
  -7.11423e-01  -1.60339e+00  -4.01711e+01   8.03421e+01  -3.63069e+01   7.72830e+00
  -7.05411e-01  -1.70924e+00  -4.01711e+01   8.03421e+01  -3.62264e+01   7.88931e+00
  -6.99399e-01  -1.81971e+00  -4.01711e+01   8.03421e+01  -3.61459e+01   8.05032e+00
  -6.93387e-01  -1.93483e+00  -4.01711e+01   8.03421e+01  -3.60654e+01   8.21132e+00
  -6.87375e-01  -2.05460e+00  -4.01711e+01   8.03421e+01  -3.59849e+01   8.37233e+00
  -6.81363e-01  -2.17902e+00  -4.01711e+01   8.03421e+01  -3.59044e+01   8.53333e+00
  -6.75351e-01  -2.30807e+00  -4.01711e+01   8.03421e+01  -3.58239e+01   8.69434e+00
  -6.69339e-01  -2.44170e+00  -4.01711e+01   8.03421e+01  -3.57434e+01   8.85535e+00
  -6.63327e-01  -2.57987e+00  -4.01711e+01   8.03421e+01  -3.56629e+01   9.01635e+00
  -6.57315e-01  -2.72249e+00  -4.01711e+01   8.03421e+01  -3.55824e+01   9.17736e+00
  -6.51303e-01  -2.86948e+00  -4.01711e+01   8.03421e+01  -3.55019e+01   9.33837e+00
  -6.45291e-01  -3.02074e+00  -4.01711e+01   8.03421e+01  -3.54214e+01   9.49937e+00
  -6.39279e-01  -3.17613e+00  -4.01711e+01   8.03421e+01  -3.53409e+01   9.66038e+00
  -6.33267e-01  -3.33552e+00  -4.01711e+01   8.03421e+01  -3.52604e+01   9.82138e+00
  -6.27255e-01  -3.49875e+00  -4.01711e+01   8.03421e+01  -3.51799e+01   9.98239e+00
  -6.21242e-01  -3.66564e+00  -4.01711e+01   8.03421e+01  -3.50994e+01   1.01434e+01
  -6.15230e-01  -3.83600e+00  -4.01711e+01   8.03421e+01  -3.50189e+01   1.03044e+01
  -6.09218e-01  -4.00960e+00  -4.01711e+01   8.03421e+01  -3.49384e+01   1.04654e+01
  -6.03206e-01  -4.18623e+00  -4.01711e+01   8.03421e+01  -3.48579e+01   1.06264e+01
  -5.97194e-01  -4.36563e+00  -4.01711e+01   8.03421e+01  -3.47774e+01   1.07874e+01
  -5.91182e-01  -4.54754e+00  -4.01711e+01   8.03421e+01  -3.46969e+01   1.09484e+01
  -5.85170e-01  -4.73169e+00  -4.01711e+01   8.03421e+01  -3.46164e+01   1.11094e+01
  -5.79158e-01  -4.91778e+00  -4.01711e+01   8.03421e+01  -3.45359e+01   1.12704e+01
  -5.73146e-01  -5.10551e+00  -4.01711e+01   8.03421e+01  -3.44553e+01   1.14314e+01
  -5.67134e-01  -5.29455e+00  -4.01711e+01   8.03421e+01  -3.43748e+01   1.15925e+01
  -5.61122e-01  -5.48457e+00  -4.01711e+01   8.03421e+01  -3.42943e+01   1.17535e+01
  -5.55110e-01  -5.67524e+00  -4.01711e+01   8.03421e+01  -3.42138e+01   1.19145e+01
  -5.49098e-01  -5.86619e+00  -4.01711e+01   8.03421e+01  -3.41333e+01   1.20755e+01
  -5.43086e-01  -6.05707e+00  -4.01711e+01   8.03421e+01  -3.40528e+01   1.22365e+01
  -5.37074e-01  -6.24750e+00  -4.01711e+01   8.03421e+01  -3.39723e+01   1.23975e+01
  -5.31062e-01  -6.43711e+00  -4.01711e+01   8.03421e+01  -3.38918e+01   1.25585e+01
  -5.25050e-01  -6.62552e+00  -4.01711e+01   8.03421e+01  -3.38113e+01   1.27195e+01
  -5.19038e-01  -6.81234e+00  -4.01711e+01   8.03421e+01  -3.37308e+01   1.28805e+01
  -5.13026e-01  -6.99719e+00  -4.01711e+01   8.03421e+01  -3.36503e+01   1.30415e+01
  -5.07014e-01  -7.17967e+00  -4.01711e+01   8.03421e+01  -3.35698e+01   1.32025e+01
  -5.01002e-01  -7.35940e+00  -4.01711e+01   8.03421e+01  -3.34893e+01   1.33635e+01
  -4.94990e-01  -7.53598e+00  -4.01711e+01   8.03421e+01  -3.34088e+01   1.35245e+01
  -4.88978e-01  -7.70905e+00  -4.01711e+01   8.03421e+01  -3.33283e+01   1.36855e+01
  -4.82966e-01  -7.87820e+00  -4.01711e+01   8.03421e+01  -3.32478e+01   1.38465e+01
  -4.76954e-01  -8.04309e+00  -4.01711e+01   8.03421e+01  -3.31673e+01   1.40075e+01
  -4.70942e-01  -8.20332e+00  -4.01711e+01   8.03421e+01  -3.30868e+01   1.41686e+01
  -4.64930e-01  -8.35855e+00  -4.01711e+01   8.03421e+01  -3.30063e+01   1.43296e+01
  -4.58918e-01  -8.50843e+00  -4.01711e+01   8.03421e+01  -3.29258e+01   1.44906e+01
  -4.52906e-01  -8.65262e+00  -4.01711e+01   8.03421e+01  -3.28453e+01   1.46516e+01
  -4.46894e-01  -8.79079e+00  -4.01711e+01   8.03421e+01  -3.27648e+01   1.48126e+01
  -4.40882e-01  -8.92264e+00  -4.01711e+01   8.03421e+01  -3.26843e+01   1.49736e+01
  -4.34870e-01  -9.04785e+00  -4.01711e+01   8.03421e+01  -3.26038e+01   1.51346e+01
  -4.28858e-01  -9.16614e+00  -4.01711e+01   8.03421e+01  -3.25233e+01   1.52956e+01
  -4.22846e-01  -9.27726e+00  -4.01711e+01   8.03421e+01  -3.24428e+01   1.54566e+01
  -4.16834e-01  -9.38093e+00  -4.01711e+01   8.03421e+01  -3.23623e+01   1.56176e+01
  -4.10822e-01  -9.47694e+00  -4.01711e+01   8.03421e+01  -3.22818e+01   1.57786e+01
  -4.04810e-01  -9.56506e+00  -4.01711e+01   8.03421e+01  -3.22013e+01   1.59396e+01
  -3.98798e-01  -9.64509e+00  -4.01711e+01   8.03421e+01  -3.21208e+01   1.61006e+01
  -3.92786e-01  -9.71686e+00  -4.01711e+01   8.03421e+01  -3.20403e+01   1.62616e+01
  -3.86774e-01  -9.78020e+00  -4.01711e+01   8.03421e+01  -3.19598e+01   1.64226e+01
  -3.80762e-01  -9.83497e+00  -4.01711e+01   8.03421e+01  -3.18792e+01   1.65836e+01
  -3.74749e-01  -9.88106e+00  -4.01711e+01   8.03421e+01  -3.17987e+01   1.67447e+01
  -3.68737e-01  -9.91835e+00  -4.01711e+01   8.03421e+01  -3.17182e+01   1.69057e+01
  -3.62725e-01  -9.94678e+00  -4.01711e+01   8.03421e+01  -3.16377e+01   1.70667e+01
  -3.56713e-01  -9.96627e+00  -4.01711e+01   8.03421e+01  -3.15572e+01   1.72277e+01
  -3.50701e-01  -9.97678e+00  -4.01711e+01   8.03421e+01  -3.14767e+01   1.73887e+01
  -3.44689e-01  -9.97830e+00  -4.01711e+01   8.03421e+01  -3.13962e+01   1.75497e+01
  -3.38677e-01  -9.97082e+00  -4.01711e+01   8.03421e+01  -3.13157e+01   1.77107e+01
  -3.32665e-01  -9.95436e+00  -4.01711e+01   8.03421e+01  -3.12352e+01   1.78717e+01
  -3.26653e-01  -9.92894e+00  -4.01711e+01   8.03421e+01  -3.11547e+01   1.80327e+01
  -3.20641e-01  -9.89463e+00  -4.01711e+01   8.03421e+01  -3.10742e+01   1.81937e+01
  -3.14629e-01  -9.85148e+00  -4.01711e+01   8.03421e+01  -3.09937e+01   1.83547e+01
  -3.08617e-01  -9.79959e+00  -4.01711e+01   8.03421e+01  -3.09132e+01   1.85157e+01
  -3.02605e-01  -9.73906e+00  -4.01711e+01   8.03421e+01  -3.08327e+01   1.86767e+01
  -2.96593e-01  -9.67000e+00  -4.01711e+01   8.03421e+01  -3.07522e+01   1.88377e+01
  -2.90581e-01  -9.59256e+00  -4.01711e+01   8.03421e+01  -3.06717e+01   1.89987e+01
  -2.84569e-01  -9.50686e+00  -4.01711e+01   8.03421e+01  -3.05912e+01   1.91598e+01
  -2.78557e-01  -9.41308e+00  -4.01711e+01   8.03421e+01  -3.05107e+01   1.93208e+01
  -2.72545e-01  -9.31138e+00  -4.01711e+01   8.03421e+01  -3.04302e+01   1.94818e+01
  -2.66533e-01  -9.20194e+00  -4.01711e+01   8.03421e+01  -3.03497e+01   1.96428e+01
  -2.60521e-01  -9.08496e+00  -4.01711e+01   8.03421e+01  -3.02692e+01   1.98038e+01
  -2.54509e-01  -8.96064e+00  -4.01711e+01   8.03421e+01  -3.01887e+01   1.99648e+01
  -2.48497e-01  -8.82919e+00  -4.01711e+01   8.03421e+01  -3.01082e+01   2.01258e+01
  -2.42485e-01  -8.69083e+00  -4.01711e+01   8.03421e+01  -3.00277e+01   2.02868e+01
  -2.36473e-01  -8.54579e+00  -4.01711e+01   8.03421e+01  -2.99472e+01   2.04478e+01
  -2.30461e-01  -8.39428e+00  -4.01711e+01   8.03421e+01  -2.98667e+01   2.06088e+01
  -2.24449e-01  -8.23656e+00  -4.01711e+01   8.03421e+01  -2.97862e+01   2.07698e+01
  -2.18437e-01  -8.07286e+00  -4.01711e+01   8.03421e+01  -2.97057e+01   2.09308e+01
  -2.12425e-01  -7.90342e+00  -4.01711e+01   8.03421e+01  -2.96252e+01   2.10918e+01
  -2.06413e-01  -7.72850e+00  -4.01711e+01   8.03421e+01  -2.95447e+01   2.12528e+01
  -2.00401e-01  -7.54833e+00  -4.01711e+01   8.03421e+01  -2.94642e+01   2.14138e+01
  -1.94389e-01  -7.36316e+00  -4.01711e+01   8.03421e+01  -2.93837e+01   2.15748e+01
  -1.88377e-01  -7.17325e+00  -4.01711e+01   8.03421e+01  -2.93031e+01   2.17359e+01
  -1.82365e-01  -6.97883e+00  -4.01711e+01   8.03421e+01  -2.92226e+01   2.18969e+01
  -1.76353e-01  -6.78016e+00  -4.01711e+01   8.03421e+01  -2.91421e+01   2.20579e+01
  -1.70341e-01  -6.57748e+00  -4.01711e+01   8.03421e+01  -2.90616e+01   2.22189e+01
  -1.64329e-01  -6.37102e+00  -4.01711e+01   8.03421e+01  -2.89811e+01   2.23799e+01
  -1.58317e-01  -6.16103e+00  -4.01711e+01   8.03421e+01  -2.89006e+01   2.25409e+01
  -1.52305e-01  -5.94774e+00  -4.01711e+01   8.03421e+01  -2.88201e+01   2.27019e+01
  -1.46293e-01  -5.73136e+00  -4.01711e+01   8.03421e+01  -2.87396e+01   2.28629e+01
  -1.40281e-01  -5.51214e+00  -4.01711e+01   8.03421e+01  -2.86591e+01   2.30239e+01
  -1.34269e-01  -5.29027e+00  -4.01711e+01   8.03421e+01  -2.85786e+01   2.31849e+01
  -1.28257e-01  -5.06597e+00  -4.01711e+01   8.03421e+01  -2.84981e+01   2.33459e+01
  -1.22244e-01  -4.83945e+00  -4.01711e+01   8.03421e+01  -2.84176e+01   2.35069e+01
  -1.16232e-01  -4.61089e+00  -4.01711e+01   8.03421e+01  -2.83371e+01   2.36679e+01
  -1.10220e-01  -4.38050e+00  -4.01711e+01   8.03421e+01  -2.82566e+01   2.38289e+01
  -1.04208e-01  -4.14844e+00  -4.01711e+01   8.03421e+01  -2.81761e+01   2.39899e+01
  -9.81964e-02  -3.91489e+00  -4.01711e+01   8.03421e+01  -2.80956e+01   2.41509e+01
  -9.21844e-02  -3.68001e+00  -4.01711e+01   8.03421e+01  -2.80151e+01   2.43120e+01
  -8.61723e-02  -3.44396e+00  -4.01711e+01   8.03421e+01  -2.79346e+01   2.44730e+01
  -8.01603e-02  -3.20688e+00  -4.01711e+01   8.03421e+01  -2.78541e+01   2.46340e+01
  -7.41483e-02  -2.96892e+00  -4.01711e+01   8.03421e+01  -2.77736e+01   2.47950e+01
  -6.81363e-02  -2.73019e+00  -4.01711e+01   8.03421e+01  -2.76931e+01   2.49560e+01
  -6.21242e-02  -2.49082e+00  -4.01711e+01   8.03421e+01  -2.76126e+01   2.51170e+01
  -5.61122e-02  -2.25090e+00  -4.01711e+01   8.03421e+01  -2.75321e+01   2.52780e+01
  -5.01002e-02  -2.01056e+00  -4.01711e+01   8.03421e+01  -2.74516e+01   2.54390e+01
  -4.40882e-02  -1.76986e+00  -4.01711e+01   8.03421e+01  -2.73711e+01   2.56000e+01
  -3.80762e-02  -1.52888e+00  -4.01711e+01   8.03421e+01  -2.72906e+01   2.57610e+01
  -3.20641e-02  -1.28771e+00  -4.01711e+01   8.03421e+01  -2.72101e+01   2.59220e+01
  -2.60521e-02  -1.04639e+00  -4.01711e+01   8.03421e+01  -2.71296e+01   2.60830e+01
  -2.00401e-02  -8.04980e-01  -4.01711e+01   8.03421e+01  -2.70491e+01   2.62440e+01
  -1.40281e-02  -5.63510e-01  -4.01711e+01   8.03421e+01  -2.69686e+01   2.64050e+01
  -8.01603e-03  -3.22011e-01  -4.01711e+01   8.03421e+01  -2.68881e+01   2.65660e+01
  -2.00401e-03  -8.05031e-02  -4.01711e+01   8.03421e+01  -2.68076e+01   2.67270e+01
   4.00802e-03   1.61006e-01  -4.01711e+01   8.03421e+01  -2.67270e+01   2.68881e+01
   1.00200e-02   4.02513e-01  -4.01711e+01   8.03421e+01  -2.66465e+01   2.70491e+01
   1.60321e-02   6.44004e-01  -4.01711e+01   8.03421e+01  -2.65660e+01   2.72101e+01
   2.20441e-02   8.85459e-01  -4.01711e+01   8.03421e+01  -2.64855e+01   2.73711e+01
   2.80561e-02   1.12685e+00  -4.01711e+01   8.03421e+01  -2.64050e+01   2.75321e+01
   3.40681e-02   1.36812e+00  -4.01711e+01   8.03421e+01  -2.63245e+01   2.76931e+01
   4.00802e-02   1.60923e+00  -4.01711e+01   8.03421e+01  -2.62440e+01   2.78541e+01
   4.60922e-02   1.85012e+00  -4.01711e+01   8.03421e+01  -2.61635e+01   2.80151e+01
   5.21042e-02   2.09071e+00  -4.01711e+01   8.03421e+01  -2.60830e+01   2.81761e+01
   5.81162e-02   2.33093e+00  -4.01711e+01   8.03421e+01  -2.60025e+01   2.83371e+01
   6.41283e-02   2.57067e+00  -4.01711e+01   8.03421e+01  -2.59220e+01   2.84981e+01
   7.01403e-02   2.80984e+00  -4.01711e+01   8.03421e+01  -2.58415e+01   2.86591e+01
   7.61523e-02   3.04833e+00  -4.01711e+01   8.03421e+01  -2.57610e+01   2.88201e+01
   8.21643e-02   3.28602e+00  -4.01711e+01   8.03421e+01  -2.56805e+01   2.89811e+01
   8.81764e-02   3.52276e+00  -4.01711e+01   8.03421e+01  -2.56000e+01   2.91421e+01
   9.41884e-02   3.75844e+00  -4.01711e+01   8.03421e+01  -2.55195e+01   2.93031e+01
   1.00200e-01   3.99289e+00  -4.01711e+01   8.03421e+01  -2.54390e+01   2.94642e+01
   1.06212e-01   4.22596e+00  -4.01711e+01   8.03421e+01  -2.53585e+01   2.96252e+01
   1.12224e-01   4.45749e+00  -4.01711e+01   8.03421e+01  -2.52780e+01   2.97862e+01
   1.18236e-01   4.68729e+00  -4.01711e+01   8.03421e+01  -2.51975e+01   2.99472e+01
   1.24248e-01   4.91519e+00  -4.01711e+01   8.03421e+01  -2.51170e+01   3.01082e+01
   1.30261e-01   5.14099e+00  -4.01711e+01   8.03421e+01  -2.50365e+01   3.02692e+01
   1.36273e-01   5.36450e+00  -4.01711e+01   8.03421e+01  -2.49560e+01   3.04302e+01
   1.42285e-01   5.58552e+00  -4.01711e+01   8.03421e+01  -2.48755e+01   3.05912e+01
   1.48297e-01   5.80382e+00  -4.01711e+01   8.03421e+01  -2.47950e+01   3.07522e+01
   1.54309e-01   6.01919e+00  -4.01711e+01   8.03421e+01  -2.47145e+01   3.09132e+01
   1.60321e-01   6.23141e+00  -4.01711e+01   8.03421e+01  -2.46340e+01   3.10742e+01
   1.66333e-01   6.44025e+00  -4.01711e+01   8.03421e+01  -2.45535e+01   3.12352e+01
   1.72345e-01   6.64547e+00  -4.01711e+01   8.03421e+01  -2.44730e+01   3.13962e+01
   1.78357e-01   6.84684e+00  -4.01711e+01   8.03421e+01  -2.43925e+01   3.15572e+01
   1.84369e-01   7.04412e+00  -4.01711e+01   8.03421e+01  -2.43120e+01   3.17182e+01
   1.90381e-01   7.23706e+00  -4.01711e+01   8.03421e+01  -2.42314e+01   3.18792e+01
   1.96393e-01   7.42542e+00  -4.01711e+01   8.03421e+01  -2.41509e+01   3.20403e+01
   2.02405e-01   7.60895e+00  -4.01711e+01   8.03421e+01  -2.40704e+01   3.22013e+01
   2.08417e-01   7.78740e+00  -4.01711e+01   8.03421e+01  -2.39899e+01   3.23623e+01
   2.14429e-01   7.96052e+00  -4.01711e+01   8.03421e+01  -2.39094e+01   3.25233e+01
   2.20441e-01   8.12808e+00  -4.01711e+01   8.03421e+01  -2.38289e+01   3.26843e+01
   2.26453e-01   8.28981e+00  -4.01711e+01   8.03421e+01  -2.37484e+01   3.28453e+01
   2.32465e-01   8.44549e+00  -4.01711e+01   8.03421e+01  -2.36679e+01   3.30063e+01
   2.38477e-01   8.59486e+00  -4.01711e+01   8.03421e+01  -2.35874e+01   3.31673e+01
   2.44489e-01   8.73771e+00  -4.01711e+01   8.03421e+01  -2.35069e+01   3.33283e+01
   2.50501e-01   8.87379e+00  -4.01711e+01   8.03421e+01  -2.34264e+01   3.34893e+01
   2.56513e-01   9.00289e+00  -4.01711e+01   8.03421e+01  -2.33459e+01   3.36503e+01
   2.62525e-01   9.12478e+00  -4.01711e+01   8.03421e+01  -2.32654e+01   3.38113e+01
   2.68537e-01   9.23927e+00  -4.01711e+01   8.03421e+01  -2.31849e+01   3.39723e+01
   2.74549e-01   9.34615e+00  -4.01711e+01   8.03421e+01  -2.31044e+01   3.41333e+01
   2.80561e-01   9.44523e+00  -4.01711e+01   8.03421e+01  -2.30239e+01   3.42943e+01
   2.86573e-01   9.53633e+00  -4.01711e+01   8.03421e+01  -2.29434e+01   3.44553e+01
   2.92585e-01   9.61930e+00  -4.01711e+01   8.03421e+01  -2.28629e+01   3.46164e+01
   2.98597e-01   9.69396e+00  -4.01711e+01   8.03421e+01  -2.27824e+01   3.47774e+01
   3.04609e-01   9.76019e+00  -4.01711e+01   8.03421e+01  -2.27019e+01   3.49384e+01
   3.10621e-01   9.81785e+00  -4.01711e+01   8.03421e+01  -2.26214e+01   3.50994e+01
   3.16633e-01   9.86684e+00  -4.01711e+01   8.03421e+01  -2.25409e+01   3.52604e+01
   3.22645e-01   9.90705e+00  -4.01711e+01   8.03421e+01  -2.24604e+01   3.54214e+01
   3.28657e-01   9.93840e+00  -4.01711e+01   8.03421e+01  -2.23799e+01   3.55824e+01
   3.34669e-01   9.96084e+00  -4.01711e+01   8.03421e+01  -2.22994e+01   3.57434e+01
   3.40681e-01   9.97432e+00  -4.01711e+01   8.03421e+01  -2.22189e+01   3.59044e+01
   3.46693e-01   9.97880e+00  -4.01711e+01   8.03421e+01  -2.21384e+01   3.60654e+01
   3.52705e-01   9.97428e+00  -4.01711e+01   8.03421e+01  -2.20579e+01   3.62264e+01
   3.58717e-01   9.96077e+00  -4.01711e+01   8.03421e+01  -2.19774e+01   3.63874e+01
   3.64729e-01   9.93829e+00  -4.01711e+01   8.03421e+01  -2.18969e+01   3.65484e+01
   3.70741e-01   9.90690e+00  -4.01711e+01   8.03421e+01  -2.18164e+01   3.67094e+01
   3.76754e-01   9.86667e+00  -4.01711e+01   8.03421e+01  -2.17359e+01   3.68704e+01
   3.82766e-01   9.81768e+00  -4.01711e+01   8.03421e+01  -2.16553e+01   3.70315e+01
   3.88778e-01   9.76003e+00  -4.01711e+01   8.03421e+01  -2.15748e+01   3.71925e+01
   3.94790e-01   9.69387e+00  -4.01711e+01   8.03421e+01  -2.14943e+01   3.73535e+01
   4.00802e-01   9.61933e+00  -4.01711e+01   8.03421e+01  -2.14138e+01   3.75145e+01
   4.06814e-01   9.53658e+00  -4.01711e+01   8.03421e+01  -2.13333e+01   3.76755e+01
   4.12826e-01   9.44580e+00  -4.01711e+01   8.03421e+01  -2.12528e+01   3.78365e+01
   4.18838e-01   9.34722e+00  -4.01711e+01   8.03421e+01  -2.11723e+01   3.79975e+01
   4.24850e-01   9.24103e+00  -4.01711e+01   8.03421e+01  -2.10918e+01   3.81585e+01
   4.30862e-01   9.12750e+00  -4.01711e+01   8.03421e+01  -2.10113e+01   3.83195e+01
   4.36874e-01   9.00686e+00  -4.01711e+01   8.03421e+01  -2.09308e+01   3.84805e+01
   4.42886e-01   8.87941e+00  -4.01711e+01   8.03421e+01  -2.08503e+01   3.86415e+01
   4.48898e-01   8.74543e+00  -4.01711e+01   8.03421e+01  -2.07698e+01   3.88025e+01
   4.54910e-01   8.60521e+00  -4.01711e+01   8.03421e+01  -2.06893e+01   3.89635e+01
   4.60922e-01   8.45909e+00  -4.01711e+01   8.03421e+01  -2.06088e+01   3.91245e+01
   4.66934e-01   8.30739e+00  -4.01711e+01   8.03421e+01  -2.05283e+01   3.92855e+01
   4.72946e-01   8.15045e+00  -4.01711e+01   8.03421e+01  -2.04478e+01   3.94465e+01
   4.78958e-01   7.98862e+00  -4.01711e+01   8.03421e+01  -2.03673e+01   3.96076e+01
   4.84970e-01   7.82228e+00  -4.01711e+01   8.03421e+01  -2.02868e+01   3.97686e+01
   4.90982e-01   7.65177e+00  -4.01711e+01   8.03421e+01  -2.02063e+01   3.99296e+01
   4.96994e-01   7.47749e+00  -4.01711e+01   8.03421e+01  -2.01258e+01   4.00906e+01
   5.03006e-01   7.29982e+00  -4.01711e+01   8.03421e+01  -2.00453e+01   4.02516e+01
   5.09018e-01   7.11913e+00  -4.01711e+01   8.03421e+01  -1.99648e+01   4.04126e+01
   5.15030e-01   6.93582e+00  -4.01711e+01   8.03421e+01  -1.98843e+01   4.05736e+01
   5.21042e-01   6.75027e+00  -4.01711e+01   8.03421e+01  -1.98038e+01   4.07346e+01
   5.27054e-01   6.56288e+00  -4.01711e+01   8.03421e+01  -1.97233e+01   4.08956e+01
   5.33066e-01   6.37402e+00  -4.01711e+01   8.03421e+01  -1.96428e+01   4.10566e+01
   5.39078e-01   6.18410e+00  -4.01711e+01   8.03421e+01  -1.95623e+01   4.12176e+01
   5.45090e-01   5.99347e+00  -4.01711e+01   8.03421e+01  -1.94818e+01   4.13786e+01
   5.51102e-01   5.80253e+00  -4.01711e+01   8.03421e+01  -1.94013e+01   4.15396e+01
   5.57114e-01   5.61163e+00  -4.01711e+01   8.03421e+01  -1.93208e+01   4.17006e+01
   5.63126e-01   5.42114e+00  -4.01711e+01   8.03421e+01  -1.92403e+01   4.18616e+01
   5.69138e-01   5.23141e+00  -4.01711e+01   8.03421e+01  -1.91598e+01   4.20226e+01
   5.75150e-01   5.04277e+00  -4.01711e+01   8.03421e+01  -1.90792e+01   4.21837e+01
   5.81162e-01   4.85555e+00  -4.01711e+01   8.03421e+01  -1.89987e+01   4.23447e+01
   5.87174e-01   4.67008e+00  -4.01711e+01   8.03421e+01  -1.89182e+01   4.25057e+01
   5.93186e-01   4.48664e+00  -4.01711e+01   8.03421e+01  -1.88377e+01   4.26667e+01
   5.99198e-01   4.30553e+00  -4.01711e+01   8.03421e+01  -1.87572e+01   4.28277e+01
   6.05210e-01   4.12703e+00  -4.01711e+01   8.03421e+01  -1.86767e+01   4.29887e+01
   6.11222e-01   3.95138e+00  -4.01711e+01   8.03421e+01  -1.85962e+01   4.31497e+01
   6.17234e-01   3.77884e+00  -4.01711e+01   8.03421e+01  -1.85157e+01   4.33107e+01
   6.23246e-01   3.60962e+00  -4.01711e+01   8.03421e+01  -1.84352e+01   4.34717e+01
   6.29259e-01   3.44393e+00  -4.01711e+01   8.03421e+01  -1.83547e+01   4.36327e+01
   6.35271e-01   3.28196e+00  -4.01711e+01   8.03421e+01  -1.82742e+01   4.37937e+01
   6.41283e-01   3.12388e+00  -4.01711e+01   8.03421e+01  -1.81937e+01   4.39547e+01
   6.47295e-01   2.96985e+00  -4.01711e+01   8.03421e+01  -1.81132e+01   4.41157e+01
   6.53307e-01   2.82000e+00  -4.01711e+01   8.03421e+01  -1.80327e+01   4.42767e+01
   6.59319e-01   2.67446e+00  -4.01711e+01   8.03421e+01  -1.79522e+01   4.44377e+01
   6.65331e-01   2.53331e+00  -4.01711e+01   8.03421e+01  -1.78717e+01   4.45987e+01
   6.71343e-01   2.39665e+00  -4.01711e+01   8.03421e+01  -1.77912e+01   4.47598e+01
   6.77355e-01   2.26454e+00  -4.01711e+01   8.03421e+01  -1.77107e+01   4.49208e+01
   6.83367e-01   2.13704e+00  -4.01711e+01   8.03421e+01  -1.76302e+01   4.50818e+01
   6.89379e-01   2.01416e+00  -4.01711e+01   8.03421e+01  -1.75497e+01   4.52428e+01
   6.95391e-01   1.89594e+00  -4.01711e+01   8.03421e+01  -1.74692e+01   4.54038e+01
   7.01403e-01   1.78237e+00  -4.01711e+01   8.03421e+01  -1.73887e+01   4.55648e+01
   7.07415e-01   1.67344e+00  -4.01711e+01   8.03421e+01  -1.73082e+01   4.57258e+01
   7.13427e-01   1.56913e+00  -4.01711e+01   8.03421e+01  -1.72277e+01   4.58868e+01
   7.19439e-01   1.46940e+00  -4.01711e+01   8.03421e+01  -1.71472e+01   4.60478e+01
   7.25451e-01   1.37420e+00  -4.01711e+01   8.03421e+01  -1.70667e+01   4.62088e+01
   7.31463e-01   1.28345e+00  -4.01711e+01   8.03421e+01  -1.69862e+01   4.63698e+01
   7.37475e-01   1.19710e+00  -4.01711e+01   8.03421e+01  -1.69057e+01   4.65308e+01
   7.43487e-01   1.11506e+00  -4.01711e+01   8.03421e+01  -1.68252e+01   4.66918e+01
   7.49499e-01   1.03723e+00  -4.01711e+01   8.03421e+01  -1.67447e+01   4.68528e+01
   7.55511e-01   9.63521e-01  -4.01711e+01   8.03421e+01  -1.66642e+01   4.70138e+01
   7.61523e-01   8.93820e-01  -4.01711e+01   8.03421e+01  -1.65836e+01   4.71748e+01
   7.67535e-01   8.28014e-01  -4.01711e+01   8.03421e+01  -1.65031e+01   4.73359e+01
   7.73547e-01   7.65985e-01  -4.01711e+01   8.03421e+01  -1.64226e+01   4.74969e+01
   7.79559e-01   7.07610e-01  -4.01711e+01   8.03421e+01  -1.63421e+01   4.76579e+01
   7.85571e-01   6.52762e-01  -4.01711e+01   8.03421e+01  -1.62616e+01   4.78189e+01
   7.91583e-01   6.01309e-01  -4.01711e+01   8.03421e+01  -1.61811e+01   4.79799e+01
   7.97595e-01   5.53120e-01  -4.01711e+01   8.03421e+01  -1.61006e+01   4.81409e+01
   8.03607e-01   5.08061e-01  -4.01711e+01   8.03421e+01  -1.60201e+01   4.83019e+01
   8.09619e-01   4.65996e-01  -4.01711e+01   8.03421e+01  -1.59396e+01   4.84629e+01
   8.15631e-01   4.26790e-01  -4.01711e+01   8.03421e+01  -1.58591e+01   4.86239e+01
   8.21643e-01   3.90309e-01  -4.01711e+01   8.03421e+01  -1.57786e+01   4.87849e+01
   8.27655e-01   3.56418e-01  -4.01711e+01   8.03421e+01  -1.56981e+01   4.89459e+01
   8.33667e-01   3.24986e-01  -4.01711e+01   8.03421e+01  -1.56176e+01   4.91069e+01
   8.39679e-01   2.95883e-01  -4.01711e+01   8.03421e+01  -1.55371e+01   4.92679e+01
   8.45691e-01   2.68979e-01  -4.01711e+01   8.03421e+01  -1.54566e+01   4.94289e+01
   8.51703e-01   2.44152e-01  -4.01711e+01   8.03421e+01  -1.53761e+01   4.95899e+01
   8.57715e-01   2.21277e-01  -4.01711e+01   8.03421e+01  -1.52956e+01   4.97509e+01
   8.63727e-01   2.00238e-01  -4.01711e+01   8.03421e+01  -1.52151e+01   4.99120e+01
   8.69739e-01   1.80919e-01  -4.01711e+01   8.03421e+01  -1.51346e+01   5.00730e+01
   8.75752e-01   1.63209e-01  -4.01711e+01   8.03421e+01  -1.50541e+01   5.02340e+01
   8.81764e-01   1.47003e-01  -4.01711e+01   8.03421e+01  -1.49736e+01   5.03950e+01
   8.87776e-01   1.32197e-01  -4.01711e+01   8.03421e+01  -1.48931e+01   5.05560e+01
   8.93788e-01   1.18695e-01  -4.01711e+01   8.03421e+01  -1.48126e+01   5.07170e+01
   8.99800e-01   1.06401e-01  -4.01711e+01   8.03421e+01  -1.47321e+01   5.08780e+01
   9.05812e-01   9.52276e-02  -4.01711e+01   8.03421e+01  -1.46516e+01   5.10390e+01
   9.11824e-01   8.50900e-02  -4.01711e+01   8.03421e+01  -1.45711e+01   5.12000e+01
   9.17836e-01   7.59081e-02  -4.01711e+01   8.03421e+01  -1.44906e+01   5.13610e+01
   9.23848e-01   6.76064e-02  -4.01711e+01   8.03421e+01  -1.44101e+01   5.15220e+01
   9.29860e-01   6.01136e-02  -4.01711e+01   8.03421e+01  -1.43296e+01   5.16830e+01
   9.35872e-01   5.33629e-02  -4.01711e+01   8.03421e+01  -1.42491e+01   5.18440e+01
   9.41884e-01   4.72914e-02  -4.01711e+01   8.03421e+01  -1.41686e+01   5.20050e+01
   9.47896e-01   4.18406e-02  -4.01711e+01   8.03421e+01  -1.40881e+01   5.21660e+01
   9.53908e-01   3.69558e-02  -4.01711e+01   8.03421e+01  -1.40075e+01   5.23271e+01
   9.59920e-01   3.25860e-02  -4.01711e+01   8.03421e+01  -1.39270e+01   5.24881e+01
   9.65932e-01   2.86839e-02  -4.01711e+01   8.03421e+01  -1.38465e+01   5.26491e+01
   9.71944e-01   2.52059e-02  -4.01711e+01   8.03421e+01  -1.37660e+01   5.28101e+01
   9.77956e-01   2.21114e-02  -4.01711e+01   8.03421e+01  -1.36855e+01   5.29711e+01
   9.83968e-01   1.93632e-02  -4.01711e+01   8.03421e+01  -1.36050e+01   5.31321e+01
   9.89980e-01   1.69270e-02  -4.01711e+01   8.03421e+01  -1.35245e+01   5.32931e+01
   9.95992e-01   1.47714e-02  -4.01711e+01   8.03421e+01  -1.34440e+01   5.34541e+01
   1.00200e+00   1.28676e-02  -4.01711e+01   8.03421e+01  -1.33635e+01   5.36151e+01
   1.00802e+00   1.11893e-02  -4.01711e+01   8.03421e+01  -1.32830e+01   5.37761e+01
   1.01403e+00   9.71251e-03  -4.01711e+01   8.03421e+01  -1.32025e+01   5.39371e+01
   1.02004e+00   8.41554e-03  -4.01711e+01   8.03421e+01  -1.31220e+01   5.40981e+01
   1.02605e+00   7.27861e-03  -4.01711e+01   8.03421e+01  -1.30415e+01   5.42591e+01
   1.03206e+00   6.28387e-03  -4.01711e+01   8.03421e+01  -1.29610e+01   5.44201e+01
   1.03808e+00   5.41519e-03  -4.01711e+01   8.03421e+01  -1.28805e+01   5.45811e+01
   1.04409e+00   4.65804e-03  -4.01711e+01   8.03421e+01  -1.28000e+01   5.47421e+01
   1.05010e+00   3.99937e-03  -4.01711e+01   8.03421e+01  -1.27195e+01   5.49032e+01
   1.05611e+00   3.42748e-03  -4.01711e+01   8.03421e+01  -1.26390e+01   5.50642e+01
   1.06212e+00   2.93189e-03  -4.01711e+01   8.03421e+01  -1.25585e+01   5.52252e+01
   1.06814e+00   2.50326e-03  -4.01711e+01   8.03421e+01  -1.24780e+01   5.53862e+01
   1.07415e+00   2.13328e-03  -4.01711e+01   8.03421e+01  -1.23975e+01   5.55472e+01
   1.08016e+00   1.81453e-03  -4.01711e+01   8.03421e+01  -1.23170e+01   5.57082e+01
   1.08617e+00   1.54048e-03  -4.01711e+01   8.03421e+01  -1.22365e+01   5.58692e+01
   1.09218e+00   1.30531e-03  -4.01711e+01   8.03421e+01  -1.21560e+01   5.60302e+01
   1.09820e+00   1.10391e-03  -4.01711e+01   8.03421e+01  -1.20755e+01   5.61912e+01
   1.10421e+00   9.31789e-04  -4.01711e+01   8.03421e+01  -1.19950e+01   5.63522e+01
   1.11022e+00   7.84972e-04  -4.01711e+01   8.03421e+01  -1.19145e+01   5.65132e+01
   1.11623e+00   6.59997e-04  -4.01711e+01   8.03421e+01  -1.18340e+01   5.66742e+01
   1.12224e+00   5.53830e-04  -4.01711e+01   8.03421e+01  -1.17535e+01   5.68352e+01
   1.12826e+00   4.63823e-04  -4.01711e+01   8.03421e+01  -1.16730e+01   5.69962e+01
   1.13427e+00   3.87673e-04  -4.01711e+01   8.03421e+01  -1.15925e+01   5.71572e+01
   1.14028e+00   3.23380e-04  -4.01711e+01   8.03421e+01  -1.15120e+01   5.73182e+01
   1.14629e+00   2.69208e-04  -4.01711e+01   8.03421e+01  -1.14314e+01   5.74793e+01
   1.15230e+00   2.23660e-04  -4.01711e+01   8.03421e+01  -1.13509e+01   5.76403e+01
   1.15832e+00   1.85442e-04  -4.01711e+01   8.03421e+01  -1.12704e+01   5.78013e+01
   1.16433e+00   1.53442e-04  -4.01711e+01   8.03421e+01  -1.11899e+01   5.79623e+01
   1.17034e+00   1.26704e-04  -4.01711e+01   8.03421e+01  -1.11094e+01   5.81233e+01
   1.17635e+00   1.04410e-04  -4.01711e+01   8.03421e+01  -1.10289e+01   5.82843e+01
   1.18236e+00   8.58616e-05  -4.01711e+01   8.03421e+01  -1.09484e+01   5.84453e+01
   1.18838e+00   7.04615e-05  -4.01711e+01   8.03421e+01  -1.08679e+01   5.86063e+01
   1.19439e+00   5.77031e-05  -4.01711e+01   8.03421e+01  -1.07874e+01   5.87673e+01
   1.20040e+00   4.71558e-05  -4.01711e+01   8.03421e+01  -1.07069e+01   5.89283e+01
   1.20641e+00   3.84553e-05  -4.01711e+01   8.03421e+01  -1.06264e+01   5.90893e+01
   1.21242e+00   3.12937e-05  -4.01711e+01   8.03421e+01  -1.05459e+01   5.92503e+01
   1.21844e+00   2.54117e-05  -4.01711e+01   8.03421e+01  -1.04654e+01   5.94113e+01
   1.22445e+00   2.05912e-05  -4.01711e+01   8.03421e+01  -1.03849e+01   5.95723e+01
   1.23046e+00   1.66493e-05  -4.01711e+01   8.03421e+01  -1.03044e+01   5.97333e+01
   1.23647e+00   1.34330e-05  -4.01711e+01   8.03421e+01  -1.02239e+01   5.98943e+01
   1.24248e+00   1.08146e-05  -4.01711e+01   8.03421e+01  -1.01434e+01   6.00554e+01
   1.24850e+00   8.68757e-06  -4.01711e+01   8.03421e+01  -1.00629e+01   6.02164e+01
   1.25451e+00   6.96365e-06  -4.01711e+01   8.03421e+01  -9.98239e+00   6.03774e+01
   1.26052e+00   5.56955e-06  -4.01711e+01   8.03421e+01  -9.90189e+00   6.02877e+01
   1.26653e+00   4.44471e-06  -4.01711e+01   8.03421e+01  -9.82138e+00   6.00179e+01
   1.27255e+00   3.53918e-06  -4.01711e+01   8.03421e+01  -9.74088e+00   5.97481e+01
   1.27856e+00   2.81186e-06  -4.01711e+01   8.03421e+01  -9.66038e+00   5.94784e+01
   1.28457e+00   2.22901e-06  -4.01711e+01   8.03421e+01  -9.57988e+00   5.92086e+01
   1.29058e+00   1.76300e-06  -4.01711e+01   8.03421e+01  -9.49937e+00   5.89388e+01
   1.29659e+00   1.39127e-06  -4.01711e+01   8.03421e+01  -9.41887e+00   5.86690e+01
   1.30261e+00   1.09543e-06  -4.01711e+01   8.03421e+01  -9.33837e+00   5.83992e+01
   1.30862e+00   8.60529e-07  -4.01711e+01   8.03421e+01  -9.25786e+00   5.81295e+01
   1.31463e+00   6.74453e-07  -4.01711e+01   8.03421e+01  -9.17736e+00   5.78261e+01
   1.32064e+00   5.27399e-07  -4.01711e+01   8.03421e+01  -9.09686e+00   5.74710e+01
   1.32665e+00   4.11455e-07  -4.01711e+01   8.03421e+01  -9.01635e+00   5.71160e+01
   1.33267e+00   3.20255e-07  -4.01711e+01   8.03421e+01  -8.93585e+00   5.67610e+01
   1.33868e+00   2.48690e-07  -4.01711e+01   8.03421e+01  -8.85535e+00   5.64060e+01
   1.34469e+00   1.92664e-07  -4.01711e+01   8.03421e+01  -8.77484e+00   5.60510e+01
   1.35070e+00   1.48910e-07  -4.01711e+01   8.03421e+01  -8.69434e+00   5.56959e+01
   1.35671e+00   1.14821e-07  -4.01711e+01   8.03421e+01  -8.61384e+00   5.53409e+01
   1.36273e+00   8.83252e-08  -4.01711e+01   8.03421e+01  -8.53333e+00   5.49859e+01
   1.36874e+00   6.77820e-08  -4.01711e+01   8.03421e+01  -8.45283e+00   5.46309e+01
   1.37475e+00   5.18925e-08  -4.01711e+01   8.03421e+01  -8.37233e+00   5.42759e+01
   1.38076e+00   3.96324e-08  -4.01711e+01   8.03421e+01  -8.29182e+00   5.39209e+01
   1.38677e+00   3.01959e-08  -4.01711e+01   8.03421e+01  -8.21132e+00   5.35658e+01
   1.39279e+00   2.29505e-08  -4.01711e+01   8.03421e+01  -8.13082e+00   5.32108e+01
   1.39880e+00   1.74012e-08  -4.01711e+01   8.03421e+01  -8.05032e+00   5.28558e+01
   1.40481e+00   1.31615e-08  -4.01711e+01   8.03421e+01  -7.96981e+00   5.25008e+01
   1.41082e+00   9.93030e-09  -4.01711e+01   8.03421e+01  -7.88931e+00   5.21458e+01
   1.41683e+00   7.47394e-09  -4.01711e+01   8.03421e+01  -7.80881e+00   5.17907e+01
   1.42285e+00   5.61128e-09  -4.01711e+01   8.03421e+01  -7.72830e+00   5.14357e+01
   1.42886e+00   4.20237e-09  -4.01711e+01   8.03421e+01  -7.64780e+00   5.10807e+01
   1.43487e+00   3.13937e-09  -4.01711e+01   8.03421e+01  -7.56730e+00   5.07257e+01
   1.44088e+00   2.33938e-09  -4.01711e+01   8.03421e+01  -7.48679e+00   5.03707e+01
   1.44689e+00   1.73887e-09  -4.01711e+01   8.03421e+01  -7.40629e+00   5.00156e+01
   1.45291e+00   1.28925e-09  -4.01711e+01   8.03421e+01  -7.32579e+00   4.96606e+01
   1.45892e+00   9.53459e-10  -4.01711e+01   8.03421e+01  -7.24528e+00   4.93056e+01
   1.46493e+00   7.03334e-10  -4.01711e+01   8.03421e+01  -7.16478e+00   4.89506e+01
   1.47094e+00   5.17499e-10  -4.01711e+01   8.03421e+01  -7.08428e+00   4.85956e+01
   1.47695e+00   3.79789e-10  -4.01711e+01   8.03421e+01  -7.00377e+00   4.82405e+01
   1.48297e+00   2.78007e-10  -4.01711e+01   8.03421e+01  -6.92327e+00   4.78855e+01
   1.48898e+00   2.02976e-10  -4.01711e+01   8.03421e+01  -6.84277e+00   4.74520e+01
   1.49499e+00   1.47810e-10  -4.01711e+01   8.03421e+01  -6.76226e+00   4.70088e+01
   1.50100e+00   1.07357e-10  -4.01711e+01   8.03421e+01  -6.68176e+00   4.65656e+01
   1.50701e+00   7.77709e-11  -4.01711e+01   8.03421e+01  -6.60126e+00   4.61224e+01
   1.51303e+00   5.61905e-11  -4.01711e+01   8.03421e+01  -6.52076e+00   4.56792e+01
   1.51904e+00   4.04913e-11  -4.01711e+01   8.03421e+01  -6.44025e+00   4.52361e+01
   1.52505e+00   2.91010e-11  -4.01711e+01   8.03421e+01  -6.35975e+00   4.47929e+01
   1.53106e+00   2.08593e-11  -4.01711e+01   8.03421e+01  -6.27925e+00   4.43497e+01
   1.53707e+00   1.49118e-11  -4.01711e+01   8.03421e+01  -6.19874e+00   4.39065e+01
   1.54309e+00   1.06316e-11  -4.01711e+01   8.03421e+01  -6.11824e+00   4.34633e+01
   1.54910e+00   7.55953e-12  -4.01711e+01   8.03421e+01  -6.03774e+00   4.30201e+01
   1.55511e+00   5.36066e-12  -4.01711e+01   8.03421e+01  -5.95723e+00   4.25769e+01
   1.56112e+00   3.79108e-12  -4.01711e+01   8.03421e+01  -5.87673e+00   4.21337e+01
   1.56713e+00   2.67378e-12  -4.01711e+01   8.03421e+01  -5.79623e+00   4.16905e+01
   1.57315e+00   1.88062e-12  -4.01711e+01   8.03421e+01  -5.71572e+00   4.12474e+01
   1.57916e+00   1.31912e-12  -4.01711e+01   8.03421e+01  -5.63522e+00   4.08042e+01
   1.58517e+00   9.22725e-13  -4.01711e+01   8.03421e+01  -5.55472e+00   4.03610e+01
   1.59118e+00   6.43664e-13  -4.01711e+01   8.03421e+01  -5.47421e+00   3.99178e+01
   1.59719e+00   4.47755e-13  -4.01711e+01   8.03421e+01  -5.39371e+00   3.94746e+01
   1.60321e+00   3.10608e-13  -4.01711e+01   8.03421e+01  -5.31321e+00   3.90314e+01
   1.60922e+00   2.14868e-13  -4.01711e+01   8.03421e+01  -5.23271e+00   3.85882e+01
   1.61523e+00   1.48221e-13  -4.01711e+01   8.03421e+01  -5.15220e+00   3.81450e+01
   1.62124e+00   1.01959e-13  -4.01711e+01   8.03421e+01  -5.07170e+00   3.77018e+01
   1.62725e+00   6.99384e-14  -4.01711e+01   8.03421e+01  -4.99120e+00   3.72586e+01
   1.63327e+00   4.78380e-14  -4.01711e+01   8.03421e+01  -4.91069e+00   3.68155e+01
   1.63928e+00   3.26282e-14  -4.01711e+01   8.03421e+01  -4.83019e+00   3.63723e+01
   1.64529e+00   2.21908e-14  -4.01711e+01   8.03421e+01  -4.74969e+00   3.58811e+01
   1.65130e+00   1.50490e-14  -4.01711e+01   8.03421e+01  -4.66918e+00   3.53467e+01
   1.65731e+00   1.01763e-14  -4.01711e+01   8.03421e+01  -4.58868e+00   3.48123e+01
   1.66333e+00   6.86151e-15  -4.01711e+01   8.03421e+01  -4.50818e+00   3.42779e+01
   1.66934e+00   4.61307e-15  -4.01711e+01   8.03421e+01  -4.42767e+00   3.37435e+01
   1.67535e+00   3.09241e-15  -4.01711e+01   8.03421e+01  -4.34717e+00   3.32091e+01
   1.68136e+00   2.06698e-15  -4.01711e+01   8.03421e+01  -4.26667e+00   3.26747e+01
   1.68737e+00   1.37754e-15  -4.01711e+01   8.03421e+01  -4.18616e+00   3.21403e+01
   1.69339e+00   9.15363e-16  -4.01711e+01   8.03421e+01  -4.10566e+00   3.16059e+01
   1.69940e+00   6.06460e-16  -4.01711e+01   8.03421e+01  -4.02516e+00   3.10715e+01
   1.70541e+00   4.00612e-16  -4.01711e+01   8.03421e+01  -3.94465e+00   3.05371e+01
   1.71142e+00   2.63850e-16  -4.01711e+01   8.03421e+01  -3.86415e+00   3.00027e+01
   1.71743e+00   1.73258e-16  -4.01711e+01   8.03421e+01  -3.78365e+00   2.94683e+01
   1.72345e+00   1.13431e-16  -4.01711e+01   8.03421e+01  -3.70315e+00   2.89339e+01
   1.72946e+00   7.40400e-17  -4.01711e+01   8.03421e+01  -3.62264e+00   2.83995e+01
   1.73547e+00   4.81828e-17  -4.01711e+01   8.03421e+01  -3.54214e+00   2.78651e+01
   1.74148e+00   3.12612e-17  -4.01711e+01   8.03421e+01  -3.46164e+00   2.73308e+01
   1.74749e+00   2.02209e-17  -4.01711e+01   8.03421e+01  -3.38113e+00   2.67964e+01
   1.75351e+00   1.30399e-17  -4.01711e+01   8.03421e+01  -3.30063e+00   2.62620e+01
   1.75952e+00   8.38343e-18  -4.01711e+01   8.03421e+01  -3.22013e+00   2.57276e+01
   1.76553e+00   5.37327e-18  -4.01711e+01   8.03421e+01  -3.13962e+00   2.51932e+01
   1.77154e+00   3.43336e-18  -4.01711e+01   8.03421e+01  -3.05912e+00   2.46588e+01
   1.77756e+00   2.18706e-18  -4.01711e+01   8.03421e+01  -2.97862e+00   2.41244e+01
   1.78357e+00   1.38886e-18  -4.01711e+01   8.03421e+01  -2.89811e+00   2.35900e+01
   1.78958e+00   8.79239e-19  -4.01711e+01   8.03421e+01  -2.81761e+00   2.30556e+01
   1.79559e+00   5.54884e-19  -4.01711e+01   8.03421e+01  -2.73711e+00   2.24495e+01
   1.80160e+00   3.49092e-19  -4.01711e+01   8.03421e+01  -2.65660e+00   2.18212e+01
   1.80762e+00   2.18935e-19  -4.01711e+01   8.03421e+01  -2.57610e+00   2.11930e+01
   1.81363e+00   1.36875e-19  -4.01711e+01   8.03421e+01  -2.49560e+00   2.05647e+01
   1.81964e+00   8.53021e-20  -4.01711e+01   8.03421e+01  -2.41509e+00   1.99364e+01
   1.82565e+00   5.29933e-20  -4.01711e+01   8.03421e+01  -2.33459e+00   1.93082e+01
   1.83166e+00   3.28172e-20  -4.01711e+01   8.03421e+01  -2.25409e+00   1.86799e+01
   1.83768e+00   2.02581e-20  -4.01711e+01   8.03421e+01  -2.17359e+00   1.80516e+01
   1.84369e+00   1.24654e-20  -4.01711e+01   8.03421e+01  -2.09308e+00   1.74234e+01
   1.84970e+00   7.64571e-21  -4.01711e+01   8.03421e+01  -2.01258e+00   1.67951e+01
   1.85571e+00   4.67447e-21  -4.01711e+01   8.03421e+01  -1.93208e+00   1.61669e+01
   1.86172e+00   2.84869e-21  -4.01711e+01   8.03421e+01  -1.85157e+00   1.55386e+01
   1.86774e+00   1.73041e-21  -4.01711e+01   8.03421e+01  -1.77107e+00   1.49103e+01
   1.87375e+00   1.04771e-21  -4.01711e+01   8.03421e+01  -1.69057e+00   1.42821e+01
   1.87976e+00   6.32293e-22  -4.01711e+01   8.03421e+01  -1.61006e+00   1.36538e+01
   1.88577e+00   3.80342e-22  -4.01711e+01   8.03421e+01  -1.52956e+00   1.30256e+01
   1.89178e+00   2.28037e-22  -4.01711e+01   8.03421e+01  -1.44906e+00   1.23973e+01
   1.89780e+00   1.36272e-22  -4.01711e+01   8.03421e+01  -1.36855e+00   1.17690e+01
   1.90381e+00   8.11656e-23  -4.01711e+01   8.03421e+01  -1.28805e+00   1.11408e+01
   1.90982e+00   4.81837e-23  -4.01711e+01   8.03421e+01  -1.20755e+00   1.05125e+01
   1.91583e+00   2.85091e-23  -4.01711e+01   8.03421e+01  -1.12704e+00   9.88425e+00
   1.92184e+00   1.68121e-23  -4.01711e+01   8.03421e+01  -1.04654e+00   9.25599e+00
   1.92786e+00   9.88109e-24  -4.01711e+01   8.03421e+01  -9.66038e-01   8.62773e+00
   1.93387e+00   5.78805e-24  -4.01711e+01   8.03421e+01  -8.85535e-01   7.96981e+00
   1.93988e+00   3.37908e-24  -4.01711e+01   8.03421e+01  -8.05032e-01   7.24528e+00
   1.94589e+00   1.96607e-24  -4.01711e+01   8.03421e+01  -7.24528e-01   6.52076e+00
   1.95190e+00   1.14006e-24  -4.01711e+01   8.03421e+01  -6.44025e-01   5.79623e+00
   1.95792e+00   6.58846e-25  -4.01711e+01   8.03421e+01  -5.63522e-01   5.07170e+00
   1.96393e+00   3.79455e-25  -4.01711e+01   8.03421e+01  -4.83019e-01   4.34717e+00
   1.96994e+00   2.17797e-25  -4.01711e+01   8.03421e+01  -4.02516e-01   3.62264e+00
   1.97595e+00   1.24582e-25  -4.01711e+01   8.03421e+01  -3.22013e-01   2.89811e+00
   1.98196e+00   7.10176e-26  -4.01711e+01   8.03421e+01  -2.41509e-01   2.17359e+00
   1.98798e+00   4.03441e-26  -4.01711e+01   8.03421e+01  -1.61006e-01   1.44906e+00
   1.99399e+00   2.28398e-26  -4.01711e+01   8.03421e+01  -8.05032e-02   7.24528e-01
   2.00000e+00   1.28854e-26  -4.01711e+01   8.03421e+01   0.00000e+00  -0.00000e+00
