  -1.00000e+00   1.00000e+00   1.00132e+00   7.73617e-01   1.22902e+00  -1.50844e-01   1.42499e+00
  -9.95992e-01   9.95992e-01   9.96530e-01   7.68829e-01   1.22423e+00  -1.50844e-01   1.42499e+00
  -9.91984e-01   9.91984e-01   9.91880e-01   7.64179e-01   1.21958e+00  -1.50844e-01   1.42499e+00
  -9.87976e-01   9.87976e-01   9.87353e-01   7.59652e-01   1.21505e+00  -1.50844e-01   1.42499e+00
  -9.83968e-01   9.83968e-01   9.82938e-01   7.55237e-01   1.21064e+00  -1.50844e-01   1.42499e+00
  -9.79960e-01   9.79960e-01   9.78623e-01   7.50922e-01   1.20632e+00  -1.50844e-01   1.42499e+00
  -9.75952e-01   9.75952e-01   9.74395e-01   7.46694e-01   1.20210e+00  -1.50844e-01   1.42499e+00
  -9.71944e-01   9.71944e-01   9.70246e-01   7.42545e-01   1.19795e+00  -1.50844e-01   1.42499e+00
  -9.67936e-01   9.67936e-01   9.66164e-01   7.38463e-01   1.19387e+00  -1.50844e-01   1.42499e+00
  -9.63928e-01   9.63928e-01   9.62142e-01   7.34441e-01   1.18984e+00  -1.50844e-01   1.42499e+00
  -9.59920e-01   9.59920e-01   9.58171e-01   7.30470e-01   1.18587e+00  -1.50844e-01   1.42499e+00
  -9.55912e-01   9.55912e-01   9.54243e-01   7.26542e-01   1.18194e+00  -1.50844e-01   1.42499e+00
  -9.51904e-01   9.51904e-01   9.50351e-01   7.22650e-01   1.17805e+00  -1.50844e-01   1.42499e+00
  -9.47896e-01   9.47896e-01   9.46489e-01   7.18788e-01   1.17419e+00  -1.50844e-01   1.42499e+00
  -9.43888e-01   9.43888e-01   9.42650e-01   7.14949e-01   1.17035e+00  -1.50844e-01   1.42499e+00
  -9.39880e-01   9.39880e-01   9.38831e-01   7.11129e-01   1.16653e+00  -1.50844e-01   1.42499e+00
  -9.35872e-01   9.35872e-01   9.35024e-01   7.07323e-01   1.16273e+00  -1.50844e-01   1.42499e+00
  -9.31864e-01   9.31864e-01   9.31226e-01   7.03525e-01   1.15893e+00  -1.50844e-01   1.42499e+00
  -9.27856e-01   9.27856e-01   9.27433e-01   6.99732e-01   1.15513e+00  -1.50844e-01   1.42499e+00
  -9.23848e-01   9.23848e-01   9.23642e-01   6.95941e-01   1.15134e+00  -1.50844e-01   1.42499e+00
  -9.19840e-01   9.19840e-01   9.19848e-01   6.92147e-01   1.14755e+00  -1.50844e-01   1.42499e+00
  -9.15832e-01   9.15832e-01   9.16049e-01   6.88348e-01   1.14375e+00  -1.50844e-01   1.42499e+00
  -9.11824e-01   9.11824e-01   9.12243e-01   6.84542e-01   1.13994e+00  -1.50844e-01   1.42499e+00
  -9.07816e-01   9.07816e-01   9.08428e-01   6.80727e-01   1.13613e+00  -1.50844e-01   1.42499e+00
  -9.03808e-01   9.03808e-01   9.04600e-01   6.76899e-01   1.13230e+00  -1.50844e-01   1.42499e+00
  -8.99800e-01   8.99800e-01   9.00760e-01   6.73058e-01   1.12846e+00  -1.50844e-01   1.42499e+00
  -8.95792e-01   8.95792e-01   8.96904e-01   6.69203e-01   1.12461e+00  -1.50844e-01   1.42499e+00
  -8.91784e-01   8.91784e-01   8.93033e-01   6.65332e-01   1.12073e+00  -1.50844e-01   1.42499e+00
  -8.87776e-01   8.87776e-01   8.89146e-01   6.61445e-01   1.11685e+00  -1.50844e-01   1.42499e+00
  -8.83768e-01   8.83768e-01   8.85241e-01   6.57540e-01   1.11294e+00  -1.50844e-01   1.42499e+00
  -8.79760e-01   8.79760e-01   8.81318e-01   6.53617e-01   1.10902e+00  -1.50844e-01   1.42499e+00
  -8.75752e-01   8.75752e-01   8.77378e-01   6.49677e-01   1.10508e+00  -1.50844e-01   1.42499e+00
  -8.71743e-01   8.71743e-01   8.73419e-01   6.45718e-01   1.10112e+00  -1.50844e-01   1.42499e+00
  -8.67735e-01   8.67735e-01   8.69442e-01   6.41741e-01   1.09714e+00  -1.50844e-01   1.42499e+00
  -8.63727e-01   8.63727e-01   8.65447e-01   6.37746e-01   1.09315e+00  -1.50844e-01   1.42499e+00
  -8.59719e-01   8.59719e-01   8.61434e-01   6.33733e-01   1.08914e+00  -1.50844e-01   1.42499e+00
  -8.55711e-01   8.55711e-01   8.57404e-01   6.29703e-01   1.08511e+00  -1.50844e-01   1.42499e+00
  -8.51703e-01   8.51703e-01   8.53358e-01   6.25657e-01   1.08106e+00  -1.50844e-01   1.42499e+00
  -8.47695e-01   8.47695e-01   8.49295e-01   6.21594e-01   1.07700e+00  -1.50844e-01   1.42499e+00
  -8.43687e-01   8.43687e-01   8.45217e-01   6.17516e-01   1.07292e+00  -1.50844e-01   1.42499e+00
  -8.39679e-01   8.39679e-01   8.41124e-01   6.13423e-01   1.06883e+00  -1.50844e-01   1.42499e+00
  -8.35671e-01   8.35671e-01   8.37018e-01   6.09317e-01   1.06472e+00  -1.50844e-01   1.42499e+00
  -8.31663e-01   8.31663e-01   8.32899e-01   6.05197e-01   1.06060e+00  -1.50844e-01   1.42499e+00
  -8.27655e-01   8.27655e-01   8.28767e-01   6.01066e-01   1.05647e+00  -1.50844e-01   1.42499e+00
  -8.23647e-01   8.23647e-01   8.24625e-01   5.96924e-01   1.05233e+00  -1.50844e-01   1.42499e+00
  -8.19639e-01   8.19639e-01   8.20473e-01   5.92772e-01   1.04817e+00  -1.50844e-01   1.42499e+00
  -8.15631e-01   8.15631e-01   8.16313e-01   5.88612e-01   1.04401e+00  -1.50844e-01   1.42499e+00
  -8.11623e-01   8.11623e-01   8.12144e-01   5.84443e-01   1.03985e+00  -1.50844e-01   1.42499e+00
  -8.07615e-01   8.07615e-01   8.07969e-01   5.80268e-01   1.03567e+00  -1.50844e-01   1.42499e+00
  -8.03607e-01   8.03607e-01   8.03788e-01   5.76087e-01   1.03149e+00  -1.50844e-01   1.42499e+00
  -7.99599e-01   7.99599e-01   7.99603e-01   5.71902e-01   1.02730e+00  -1.50844e-01   1.42499e+00
  -7.95591e-01   7.95591e-01   7.95414e-01   5.67713e-01   1.02312e+00  -1.50844e-01   1.42499e+00
  -7.91583e-01   7.91583e-01   7.91223e-01   5.63522e-01   1.01892e+00  -1.50844e-01   1.42499e+00
  -7.87575e-01   7.87575e-01   7.87030e-01   5.59329e-01   1.01473e+00  -1.50844e-01   1.42499e+00
  -7.83567e-01   7.83567e-01   7.82838e-01   5.55137e-01   1.01054e+00  -1.50844e-01   1.42499e+00
  -7.79559e-01   7.79559e-01   7.78646e-01   5.50945e-01   1.00635e+00  -1.50844e-01   1.42499e+00
  -7.75551e-01   7.75551e-01   7.74455e-01   5.46754e-01   1.00216e+00  -1.50844e-01   1.42499e+00
  -7.71543e-01   7.71543e-01   7.70268e-01   5.42567e-01   9.97969e-01  -1.50844e-01   1.42499e+00
  -7.67535e-01   7.67535e-01   7.66084e-01   5.38383e-01   9.93785e-01  -1.50844e-01   1.42499e+00
  -7.63527e-01   7.63527e-01   7.61904e-01   5.34203e-01   9.89605e-01  -1.50844e-01   1.42499e+00
  -7.59519e-01   7.59519e-01   7.57730e-01   5.30029e-01   9.85431e-01  -1.50844e-01   1.42499e+00
  -7.55511e-01   7.55511e-01   7.53562e-01   5.25861e-01   9.81263e-01  -1.50844e-01   1.42499e+00
  -7.51503e-01   7.51503e-01   7.49401e-01   5.21700e-01   9.77102e-01  -1.50844e-01   1.42499e+00
  -7.47495e-01   7.47495e-01   7.45248e-01   5.17547e-01   9.72949e-01  -1.50844e-01   1.42499e+00
  -7.43487e-01   7.43487e-01   7.41103e-01   5.13402e-01   9.68804e-01  -1.50844e-01   1.42499e+00
  -7.39479e-01   7.39479e-01   7.36967e-01   5.09266e-01   9.64668e-01  -1.50844e-01   1.42499e+00
  -7.35471e-01   7.35471e-01   7.32841e-01   5.05139e-01   9.60542e-01  -1.50844e-01   1.42499e+00
  -7.31463e-01   7.31463e-01   7.28724e-01   5.01023e-01   9.56425e-01  -1.50844e-01   1.42499e+00
  -7.27455e-01   7.27455e-01   7.24618e-01   4.96917e-01   9.52320e-01  -1.50844e-01   1.42499e+00
  -7.23447e-01   7.23447e-01   7.20524e-01   4.92823e-01   9.48225e-01  -1.50844e-01   1.42499e+00
  -7.19439e-01   7.19439e-01   7.16441e-01   4.88739e-01   9.44142e-01  -1.50844e-01   1.42499e+00
  -7.15431e-01   7.15431e-01   7.12369e-01   4.84668e-01   9.40070e-01  -1.50844e-01   1.42499e+00
  -7.11423e-01   7.11423e-01   7.08310e-01   4.80609e-01   9.36011e-01  -1.50844e-01   1.42499e+00
  -7.07415e-01   7.07415e-01   7.04263e-01   4.76562e-01   9.31964e-01  -1.50844e-01   1.42499e+00
  -7.03407e-01   7.03407e-01   7.00228e-01   4.72527e-01   9.27929e-01  -1.50844e-01   1.42499e+00
  -6.99399e-01   6.99399e-01   6.96206e-01   4.68505e-01   9.23907e-01  -1.50844e-01   1.42499e+00
  -6.95391e-01   6.95391e-01   6.92197e-01   4.64496e-01   9.19898e-01  -1.50844e-01   1.42499e+00
  -6.91383e-01   6.91383e-01   6.88200e-01   4.60499e-01   9.15901e-01  -1.50844e-01   1.42499e+00
  -6.87375e-01   6.87375e-01   6.84217e-01   4.56516e-01   9.11918e-01  -1.50844e-01   1.42499e+00
  -6.83367e-01   6.83367e-01   6.80246e-01   4.52544e-01   9.07947e-01  -1.50844e-01   1.42499e+00
  -6.79359e-01   6.79359e-01   6.76287e-01   4.48586e-01   9.03988e-01  -1.50844e-01   1.42499e+00
  -6.75351e-01   6.75351e-01   6.72341e-01   4.44640e-01   9.00042e-01  -1.50844e-01   1.42499e+00
  -6.71343e-01   6.71343e-01   6.68407e-01   4.40706e-01   8.96109e-01  -1.50844e-01   1.42499e+00
  -6.67335e-01   6.67335e-01   6.64486e-01   4.36785e-01   8.92187e-01  -1.50844e-01   1.42499e+00
  -6.63327e-01   6.63327e-01   6.60576e-01   4.32875e-01   8.88277e-01  -1.50844e-01   1.42499e+00
  -6.59319e-01   6.59319e-01   6.56677e-01   4.28976e-01   8.84379e-01  -1.50844e-01   1.42499e+00
  -6.55311e-01   6.55311e-01   6.52790e-01   4.25089e-01   8.80491e-01  -1.50844e-01   1.42499e+00
  -6.51303e-01   6.51303e-01   6.48913e-01   4.21212e-01   8.76614e-01  -1.50844e-01   1.42499e+00
  -6.47295e-01   6.47295e-01   6.45047e-01   4.17346e-01   8.72748e-01  -1.50844e-01   1.42499e+00
  -6.43287e-01   6.43287e-01   6.41190e-01   4.13489e-01   8.68892e-01  -1.50844e-01   1.42499e+00
  -6.39279e-01   6.39279e-01   6.37343e-01   4.09642e-01   8.65044e-01  -1.50844e-01   1.42499e+00
  -6.35271e-01   6.35271e-01   6.33505e-01   4.05804e-01   8.61206e-01  -1.50844e-01   1.42499e+00
  -6.31263e-01   6.31263e-01   6.29675e-01   4.01974e-01   8.57376e-01  -1.50844e-01   1.42499e+00
  -6.27255e-01   6.27255e-01   6.25852e-01   3.98151e-01   8.53553e-01  -1.50844e-01   1.42499e+00
  -6.23246e-01   6.23246e-01   6.22037e-01   3.94336e-01   8.49738e-01  -1.50844e-01   1.42499e+00
  -6.19238e-01   6.19238e-01   6.18228e-01   3.90527e-01   8.45929e-01  -1.50844e-01   1.42499e+00
  -6.15230e-01   6.15230e-01   6.14425e-01   3.86724e-01   8.42126e-01  -1.50844e-01   1.42499e+00
  -6.11222e-01   6.11222e-01   6.10627e-01   3.82926e-01   8.38328e-01  -1.50844e-01   1.42499e+00
  -6.07214e-01   6.07214e-01   6.06833e-01   3.79132e-01   8.34534e-01  -1.50844e-01   1.42499e+00
  -6.03206e-01   6.03206e-01   6.03044e-01   3.75342e-01   8.30745e-01  -1.50844e-01   1.42499e+00
  -5.99198e-01   5.99198e-01   5.99257e-01   3.71556e-01   8.26958e-01  -1.50844e-01   1.42499e+00
  -5.95190e-01   5.95190e-01   5.95472e-01   3.67771e-01   8.23174e-01  -1.50844e-01   1.42499e+00
  -5.91182e-01   5.91182e-01   5.91690e-01   3.63988e-01   8.19391e-01  -1.50844e-01   1.42499e+00
  -5.87174e-01   5.87174e-01   5.87908e-01   3.60206e-01   8.15609e-01  -1.50844e-01   1.42499e+00
  -5.83166e-01   5.83166e-01   5.84126e-01   3.56425e-01   8.11827e-01  -1.50844e-01   1.42499e+00
  -5.79158e-01   5.79158e-01   5.80343e-01   3.52642e-01   8.08044e-01  -1.50844e-01   1.42499e+00
  -5.75150e-01   5.75150e-01   5.76559e-01   3.48858e-01   8.04260e-01  -1.50844e-01   1.42499e+00
  -5.71142e-01   5.71142e-01   5.72773e-01   3.45071e-01   8.00474e-01  -1.50844e-01   1.42499e+00
  -5.67134e-01   5.67134e-01   5.68983e-01   3.41282e-01   7.96684e-01  -1.50844e-01   1.42499e+00
  -5.63126e-01   5.63126e-01   5.65190e-01   3.37489e-01   7.92891e-01  -1.50844e-01   1.42499e+00
  -5.59118e-01   5.59118e-01   5.61393e-01   3.33692e-01   7.89094e-01  -1.50844e-01   1.42499e+00
  -5.55110e-01   5.55110e-01   5.57590e-01   3.29889e-01   7.85291e-01  -1.50844e-01   1.42499e+00
  -5.51102e-01   5.51102e-01   5.53781e-01   3.26080e-01   7.81482e-01  -1.50844e-01   1.42499e+00
  -5.47094e-01   5.47094e-01   5.49966e-01   3.22264e-01   7.77667e-01  -1.50844e-01   1.42499e+00
  -5.43086e-01   5.43086e-01   5.46143e-01   3.18441e-01   7.73844e-01  -1.50844e-01   1.42499e+00
  -5.39078e-01   5.39078e-01   5.42311e-01   3.14610e-01   7.70013e-01  -1.50844e-01   1.42499e+00
  -5.35070e-01   5.35070e-01   5.38472e-01   3.10770e-01   7.66173e-01  -1.50844e-01   1.42499e+00
  -5.31062e-01   5.31062e-01   5.34622e-01   3.06921e-01   7.62323e-01  -1.50844e-01   1.42499e+00
  -5.27054e-01   5.27054e-01   5.30762e-01   3.03061e-01   7.58463e-01  -1.50844e-01   1.42499e+00
  -5.23046e-01   5.23046e-01   5.26892e-01   2.99191e-01   7.54593e-01  -1.50844e-01   1.42499e+00
  -5.19038e-01   5.19038e-01   5.23010e-01   2.95309e-01   7.50711e-01  -1.50844e-01   1.42499e+00
  -5.15030e-01   5.15030e-01   5.19116e-01   2.91415e-01   7.46817e-01  -1.50844e-01   1.42499e+00
  -5.11022e-01   5.11022e-01   5.15209e-01   2.87508e-01   7.42910e-01  -1.50844e-01   1.42499e+00
  -5.07014e-01   5.07014e-01   5.11289e-01   2.83588e-01   7.38990e-01  -1.50844e-01   1.42499e+00
  -5.03006e-01   5.03006e-01   5.07356e-01   2.79655e-01   7.35057e-01  -1.50844e-01   1.42499e+00
  -4.98998e-01   4.98998e-01   5.03408e-01   2.75707e-01   7.31109e-01  -1.50844e-01   1.42499e+00
  -4.94990e-01   4.94990e-01   4.99446e-01   2.71745e-01   7.27147e-01  -1.50844e-01   1.42499e+00
  -4.90982e-01   4.90982e-01   4.95468e-01   2.67767e-01   7.23169e-01  -1.50844e-01   1.42499e+00
  -4.86974e-01   4.86974e-01   4.91475e-01   2.63774e-01   7.19176e-01  -1.50844e-01   1.42499e+00
  -4.82966e-01   4.82966e-01   4.87466e-01   2.59765e-01   7.15167e-01  -1.50844e-01   1.42499e+00
  -4.78958e-01   4.78958e-01   4.83440e-01   2.55739e-01   7.11142e-01  -1.50844e-01   1.42499e+00
  -4.74950e-01   4.74950e-01   4.79399e-01   2.51697e-01   7.07100e-01  -1.50844e-01   1.42499e+00
  -4.70942e-01   4.70942e-01   4.75340e-01   2.47639e-01   7.03041e-01  -1.50844e-01   1.42499e+00
  -4.66934e-01   4.66934e-01   4.71264e-01   2.43563e-01   6.98965e-01  -1.50844e-01   1.42499e+00
  -4.62926e-01   4.62926e-01   4.67170e-01   2.39469e-01   6.94872e-01  -1.50844e-01   1.42499e+00
  -4.58918e-01   4.58918e-01   4.63060e-01   2.35359e-01   6.90761e-01  -1.50844e-01   1.42499e+00
  -4.54910e-01   4.54910e-01   4.58931e-01   2.31230e-01   6.86632e-01  -1.50844e-01   1.42499e+00
  -4.50902e-01   4.50902e-01   4.54785e-01   2.27084e-01   6.82486e-01  -1.50844e-01   1.42499e+00
  -4.46894e-01   4.46894e-01   4.50621e-01   2.22920e-01   6.78322e-01  -1.50844e-01   1.42499e+00
  -4.42886e-01   4.42886e-01   4.46439e-01   2.18738e-01   6.74140e-01  -1.50844e-01   1.42499e+00
  -4.38878e-01   4.38878e-01   4.42239e-01   2.14538e-01   6.69940e-01  -1.50844e-01   1.42499e+00
  -4.34870e-01   4.34870e-01   4.38022e-01   2.10321e-01   6.65723e-01  -1.50844e-01   1.42499e+00
  -4.30862e-01   4.30862e-01   4.33787e-01   2.06086e-01   6.61488e-01  -1.50844e-01   1.42499e+00
  -4.26854e-01   4.26854e-01   4.29534e-01   2.01833e-01   6.57235e-01  -1.50844e-01   1.42499e+00
  -4.22846e-01   4.22846e-01   4.25264e-01   1.97563e-01   6.52965e-01  -1.50844e-01   1.42499e+00
  -4.18838e-01   4.18838e-01   4.20977e-01   1.93276e-01   6.48678e-01  -1.50844e-01   1.42499e+00
  -4.14830e-01   4.14830e-01   4.16673e-01   1.88972e-01   6.44374e-01  -1.50844e-01   1.42499e+00
  -4.10822e-01   4.10822e-01   4.12352e-01   1.84651e-01   6.40053e-01  -1.50844e-01   1.42499e+00
  -4.06814e-01   4.06814e-01   4.08015e-01   1.80314e-01   6.35716e-01  -1.50844e-01   1.42499e+00
  -4.02806e-01   4.02806e-01   4.03663e-01   1.75961e-01   6.31364e-01  -1.50844e-01   1.42499e+00
  -3.98798e-01   3.98798e-01   3.99294e-01   1.71593e-01   6.26995e-01  -1.50844e-01   1.42499e+00
  -3.94790e-01   3.94790e-01   3.94911e-01   1.67210e-01   6.22612e-01  -1.50844e-01   1.42499e+00
  -3.90782e-01   3.90782e-01   3.90514e-01   1.62812e-01   6.18215e-01  -1.50844e-01   1.42499e+00
  -3.86774e-01   3.86774e-01   3.86102e-01   1.58401e-01   6.13803e-01  -1.50844e-01   1.42499e+00
  -3.82766e-01   3.82766e-01   3.81677e-01   1.53976e-01   6.09378e-01  -1.50844e-01   1.42499e+00
  -3.78758e-01   3.78758e-01   3.77239e-01   1.49538e-01   6.04941e-01  -1.50844e-01   1.42499e+00
  -3.74749e-01   3.74749e-01   3.72790e-01   1.45089e-01   6.00491e-01  -1.50844e-01   1.42499e+00
  -3.70741e-01   3.70741e-01   3.68329e-01   1.40628e-01   5.96030e-01  -1.50844e-01   1.42499e+00
  -3.66733e-01   3.66733e-01   3.63857e-01   1.36156e-01   5.91558e-01  -1.50844e-01   1.42499e+00
  -3.62725e-01   3.62725e-01   3.59376e-01   1.31675e-01   5.87077e-01  -1.50844e-01   1.42499e+00
  -3.58717e-01   3.58717e-01   3.54885e-01   1.27184e-01   5.82586e-01  -1.50844e-01   1.42499e+00
  -3.54709e-01   3.54709e-01   3.50387e-01   1.22686e-01   5.78088e-01  -1.50844e-01   1.42499e+00
  -3.50701e-01   3.50701e-01   3.45881e-01   1.18180e-01   5.73582e-01  -1.50844e-01   1.42499e+00
  -3.46693e-01   3.46693e-01   3.41369e-01   1.13668e-01   5.69070e-01  -1.50844e-01   1.42499e+00
  -3.42685e-01   3.42685e-01   3.36851e-01   1.09150e-01   5.64552e-01  -1.50844e-01   1.42499e+00
  -3.38677e-01   3.38677e-01   3.32330e-01   1.04629e-01   5.60031e-01  -1.50844e-01   1.42499e+00
  -3.34669e-01   3.34669e-01   3.27805e-01   1.00103e-01   5.55506e-01  -1.50844e-01   1.42499e+00
  -3.30661e-01   3.30661e-01   3.23277e-01   9.55762e-02   5.50978e-01  -1.50844e-01   1.42499e+00
  -3.26653e-01   3.26653e-01   3.18749e-01   9.10477e-02   5.46450e-01  -1.50844e-01   1.42499e+00
  -3.22645e-01   3.22645e-01   3.14220e-01   8.65193e-02   5.41922e-01  -1.50844e-01   1.42499e+00
  -3.18637e-01   3.18637e-01   3.09693e-01   8.19921e-02   5.37394e-01  -1.50844e-01   1.42499e+00
  -3.14629e-01   3.14629e-01   3.05168e-01   7.74673e-02   5.32869e-01  -1.50844e-01   1.42499e+00
  -3.10621e-01   3.10621e-01   3.00647e-01   7.29461e-02   5.28348e-01  -1.50844e-01   1.42499e+00
  -3.06613e-01   3.06613e-01   2.96131e-01   6.84297e-02   5.23832e-01  -1.50844e-01   1.42499e+00
  -3.02605e-01   3.02605e-01   2.91621e-01   6.39195e-02   5.19322e-01  -1.50844e-01   1.42499e+00
  -2.98597e-01   2.98597e-01   2.87118e-01   5.94167e-02   5.14819e-01  -1.50844e-01   1.42499e+00
  -2.94589e-01   2.94589e-01   2.82624e-01   5.49227e-02   5.10325e-01  -1.50844e-01   1.42499e+00
  -2.90581e-01   2.90581e-01   2.78140e-01   5.04388e-02   5.05841e-01  -1.50844e-01   1.42499e+00
  -2.86573e-01   2.86573e-01   2.73668e-01   4.59665e-02   5.01369e-01  -1.50844e-01   1.42499e+00
  -2.82565e-01   2.82565e-01   2.69208e-01   4.15071e-02   4.96909e-01  -1.50844e-01   1.42499e+00
  -2.78557e-01   2.78557e-01   2.64763e-01   3.70620e-02   4.92464e-01  -1.50844e-01   1.42499e+00
  -2.74549e-01   2.74549e-01   2.60334e-01   3.26327e-02   4.88035e-01  -1.50844e-01   1.42499e+00
  -2.70541e-01   2.70541e-01   2.55922e-01   2.82207e-02   4.83623e-01  -1.50844e-01   1.42499e+00
  -2.66533e-01   2.66533e-01   2.51528e-01   2.38274e-02   4.79230e-01  -1.50844e-01   1.42499e+00
  -2.62525e-01   2.62525e-01   2.47155e-01   1.94543e-02   4.74857e-01  -1.50844e-01   1.42499e+00
  -2.58517e-01   2.58517e-01   2.42804e-01   1.51030e-02   4.70505e-01  -1.50844e-01   1.42499e+00
  -2.54509e-01   2.54509e-01   2.38476e-01   1.07749e-02   4.66177e-01  -1.50844e-01   1.42499e+00
  -2.50501e-01   2.50501e-01   2.34173e-01   6.47160e-03   4.61874e-01  -1.50844e-01   1.42499e+00
  -2.46493e-01   2.46493e-01   2.29896e-01   2.19465e-03   4.57597e-01  -1.50844e-01   1.42499e+00
  -2.42485e-01   2.42485e-01   2.25647e-01  -2.05441e-03   4.53348e-01  -1.50844e-01   1.42499e+00
  -2.38477e-01   2.38477e-01   2.21427e-01  -6.27401e-03   4.49128e-01  -1.50844e-01   1.42499e+00
  -2.34469e-01   2.34469e-01   2.17239e-01  -1.04626e-02   4.44940e-01  -1.50844e-01   1.42499e+00
  -2.30461e-01   2.30461e-01   2.13083e-01  -1.46185e-02   4.40784e-01  -1.50844e-01   1.42499e+00
  -2.26453e-01   2.26453e-01   2.08961e-01  -1.87403e-02   4.36662e-01  -1.50844e-01   1.42499e+00
  -2.22445e-01   2.22445e-01   2.04875e-01  -2.28263e-02   4.32576e-01  -1.50844e-01   1.42499e+00
  -2.18437e-01   2.18437e-01   2.00826e-01  -2.68749e-02   4.28527e-01  -1.50844e-01   1.42499e+00
  -2.14429e-01   2.14429e-01   1.96817e-01  -3.08845e-02   4.24518e-01  -1.50844e-01   1.42499e+00
  -2.10421e-01   2.10421e-01   1.92847e-01  -3.48536e-02   4.20549e-01  -1.50844e-01   1.42499e+00
  -2.06413e-01   2.06413e-01   1.88920e-01  -3.87806e-02   4.16622e-01  -1.50844e-01   1.42499e+00
  -2.02405e-01   2.02405e-01   1.85037e-01  -4.26639e-02   4.12738e-01  -1.50844e-01   1.42499e+00
  -1.98397e-01   1.98397e-01   1.81199e-01  -4.65018e-02   4.08900e-01  -1.50844e-01   1.42499e+00
  -1.94389e-01   1.94389e-01   1.77408e-01  -5.02929e-02   4.05109e-01  -1.50844e-01   1.42499e+00
  -1.90381e-01   1.90381e-01   1.73666e-01  -5.40355e-02   4.01367e-01  -1.50844e-01   1.42499e+00
  -1.86373e-01   1.86373e-01   1.69973e-01  -5.77282e-02   3.97674e-01  -1.50844e-01   1.42499e+00
  -1.82365e-01   1.82365e-01   1.66332e-01  -6.13693e-02   3.94033e-01  -1.50844e-01   1.42499e+00
  -1.78357e-01   1.78357e-01   1.62744e-01  -6.49573e-02   3.90445e-01  -1.50844e-01   1.42499e+00
  -1.74349e-01   1.74349e-01   1.59210e-01  -6.84907e-02   3.86912e-01  -1.50844e-01   1.42499e+00
  -1.70341e-01   1.70341e-01   1.55733e-01  -7.19679e-02   3.83434e-01  -1.50844e-01   1.42499e+00
  -1.66333e-01   1.66333e-01   1.52314e-01  -7.53876e-02   3.80015e-01  -1.50844e-01   1.42499e+00
  -1.62325e-01   1.62325e-01   1.48953e-01  -7.87481e-02   3.76654e-01  -1.50844e-01   1.42499e+00
  -1.58317e-01   1.58317e-01   1.45653e-01  -8.20481e-02   3.73354e-01  -1.50844e-01   1.42499e+00
  -1.54309e-01   1.54309e-01   1.42415e-01  -8.52861e-02   3.70116e-01  -1.50844e-01   1.42499e+00
  -1.50301e-01   1.50301e-01   1.39240e-01  -8.84606e-02   3.66942e-01  -1.50844e-01   1.42499e+00
  -1.46293e-01   1.46293e-01   1.36131e-01  -9.15703e-02   3.63832e-01  -1.50844e-01   1.42499e+00
  -1.42285e-01   1.42285e-01   1.33087e-01  -9.46137e-02   3.60788e-01  -1.50844e-01   1.42499e+00
  -1.38277e-01   1.38277e-01   1.30112e-01  -9.75896e-02   3.57813e-01  -1.50844e-01   1.42499e+00
  -1.34269e-01   1.34269e-01   1.27205e-01  -1.00497e-01   3.54906e-01  -1.50844e-01   1.42499e+00
  -1.30261e-01   1.30261e-01   1.24368e-01  -1.03333e-01   3.52069e-01  -1.50844e-01   1.42499e+00
  -1.26253e-01   1.26253e-01   1.21603e-01  -1.06098e-01   3.49304e-01  -1.50844e-01   1.42499e+00
  -1.22244e-01   1.22244e-01   1.18910e-01  -1.08791e-01   3.46612e-01  -1.50844e-01   1.42499e+00
  -1.18236e-01   1.18236e-01   1.16292e-01  -1.11409e-01   3.43993e-01  -1.50844e-01   1.42499e+00
  -1.14228e-01   1.14228e-01   1.13749e-01  -1.13952e-01   3.41450e-01  -1.50844e-01   1.42499e+00
  -1.10220e-01   1.10220e-01   1.11282e-01  -1.16419e-01   3.38983e-01  -1.50844e-01   1.42499e+00
  -1.06212e-01   1.06212e-01   1.08893e-01  -1.18808e-01   3.36594e-01  -1.50844e-01   1.42499e+00
  -1.02204e-01   1.02204e-01   1.06583e-01  -1.21118e-01   3.34284e-01  -1.50844e-01   1.42499e+00
  -9.81964e-02   9.81964e-02   1.04352e-01  -1.23349e-01   3.32053e-01  -1.50844e-01   1.42499e+00
  -9.41884e-02   9.41884e-02   1.02202e-01  -1.25499e-01   3.29903e-01  -1.50844e-01   1.42499e+00
  -9.01804e-02   9.01804e-02   1.00134e-01  -1.27568e-01   3.27835e-01  -1.50844e-01   1.42499e+00
  -8.61723e-02   8.61723e-02   9.81480e-02  -1.29553e-01   3.25849e-01  -1.50844e-01   1.42499e+00
  -8.21643e-02   8.21643e-02   9.62461e-02  -1.31455e-01   3.23947e-01  -1.50844e-01   1.42499e+00
  -7.81563e-02   7.81563e-02   9.44288e-02  -1.33272e-01   3.22130e-01  -1.50844e-01   1.42499e+00
  -7.41483e-02   7.41483e-02   9.26970e-02  -1.35004e-01   3.20398e-01  -1.50844e-01   1.42499e+00
  -7.01403e-02   7.01403e-02   9.10514e-02  -1.36650e-01   3.18752e-01  -1.50844e-01   1.42499e+00
  -6.61323e-02   6.61323e-02   8.94928e-02  -1.38208e-01   3.17194e-01  -1.50844e-01   1.42499e+00
  -6.21242e-02   6.21242e-02   8.80220e-02  -1.39679e-01   3.15723e-01  -1.50844e-01   1.42499e+00
  -5.81162e-02   5.81162e-02   8.66397e-02  -1.41061e-01   3.14341e-01  -1.50844e-01   1.42499e+00
  -5.41082e-02   5.41082e-02   8.53465e-02  -1.42355e-01   3.13048e-01  -1.50844e-01   1.42499e+00
  -5.01002e-02   5.01002e-02   8.41430e-02  -1.43558e-01   3.11844e-01  -1.50844e-01   1.42499e+00
  -4.60922e-02   4.60922e-02   8.30299e-02  -1.44671e-01   3.10731e-01  -1.50844e-01   1.42499e+00
  -4.20842e-02   4.20842e-02   8.20077e-02  -1.45693e-01   3.09709e-01  -1.50844e-01   1.42499e+00
  -3.80762e-02   3.80762e-02   8.10768e-02  -1.46624e-01   3.08778e-01  -1.50844e-01   1.42499e+00
  -3.40681e-02   3.40681e-02   8.02377e-02  -1.47463e-01   3.07939e-01  -1.50844e-01   1.42499e+00
  -3.00601e-02   3.00601e-02   7.94909e-02  -1.48210e-01   3.07192e-01  -1.50844e-01   1.42499e+00
  -2.60521e-02   2.60521e-02   7.88366e-02  -1.48865e-01   3.06538e-01  -1.50844e-01   1.42499e+00
  -2.20441e-02   2.20441e-02   7.82751e-02  -1.49426e-01   3.05976e-01  -1.50844e-01   1.42499e+00
  -1.80361e-02   1.80361e-02   7.78069e-02  -1.49894e-01   3.05508e-01  -1.50844e-01   1.42499e+00
  -1.40281e-02   1.40281e-02   7.74320e-02  -1.50269e-01   3.05133e-01  -1.50844e-01   1.42499e+00
  -1.00200e-02   1.00200e-02   7.71507e-02  -1.50550e-01   3.04852e-01  -1.50844e-01   1.42499e+00
  -6.01202e-03   6.01202e-03   7.69631e-02  -1.50738e-01   3.04664e-01  -1.50844e-01   1.42499e+00
  -2.00401e-03   2.00401e-03   7.68692e-02  -1.50832e-01   3.04570e-01  -1.50844e-01   1.42499e+00
   2.00401e-03   2.00401e-03   7.68692e-02  -1.50832e-01   3.04570e-01  -1.50844e-01   1.42499e+00
   6.01202e-03   6.01202e-03   7.69631e-02  -1.50738e-01   3.04664e-01  -1.50844e-01   1.42499e+00
   1.00200e-02   1.00200e-02   7.71507e-02  -1.50550e-01   3.04852e-01  -1.50844e-01   1.42499e+00
   1.40281e-02   1.40281e-02   7.74320e-02  -1.50269e-01   3.05133e-01  -1.50844e-01   1.42499e+00
   1.80361e-02   1.80361e-02   7.78069e-02  -1.49894e-01   3.05508e-01  -1.50844e-01   1.42499e+00
   2.20441e-02   2.20441e-02   7.82751e-02  -1.49426e-01   3.05976e-01  -1.50844e-01   1.42499e+00
   2.60521e-02   2.60521e-02   7.88366e-02  -1.48865e-01   3.06538e-01  -1.50844e-01   1.42499e+00
   3.00601e-02   3.00601e-02   7.94909e-02  -1.48210e-01   3.07192e-01  -1.50844e-01   1.42499e+00
   3.40681e-02   3.40681e-02   8.02377e-02  -1.47463e-01   3.07939e-01  -1.50844e-01   1.42499e+00
   3.80762e-02   3.80762e-02   8.10768e-02  -1.46624e-01   3.08778e-01  -1.50844e-01   1.42499e+00
   4.20842e-02   4.20842e-02   8.20077e-02  -1.45693e-01   3.09709e-01  -1.50844e-01   1.42499e+00
   4.60922e-02   4.60922e-02   8.30299e-02  -1.44671e-01   3.10731e-01  -1.50844e-01   1.42499e+00
   5.01002e-02   5.01002e-02   8.41430e-02  -1.43558e-01   3.11844e-01  -1.50844e-01   1.42499e+00
   5.41082e-02   5.41082e-02   8.53465e-02  -1.42355e-01   3.13048e-01  -1.50844e-01   1.42499e+00
   5.81162e-02   5.81162e-02   8.66397e-02  -1.41061e-01   3.14341e-01  -1.50844e-01   1.42499e+00
   6.21242e-02   6.21242e-02   8.80220e-02  -1.39679e-01   3.15723e-01  -1.50844e-01   1.42499e+00
   6.61323e-02   6.61323e-02   8.94928e-02  -1.38208e-01   3.17194e-01  -1.50844e-01   1.42499e+00
   7.01403e-02   7.01403e-02   9.10514e-02  -1.36650e-01   3.18752e-01  -1.50844e-01   1.42499e+00
   7.41483e-02   7.41483e-02   9.26970e-02  -1.35004e-01   3.20398e-01  -1.50844e-01   1.42499e+00
   7.81563e-02   7.81563e-02   9.44288e-02  -1.33272e-01   3.22130e-01  -1.50844e-01   1.42499e+00
   8.21643e-02   8.21643e-02   9.62461e-02  -1.31455e-01   3.23947e-01  -1.50844e-01   1.42499e+00
   8.61723e-02   8.61723e-02   9.81480e-02  -1.29553e-01   3.25849e-01  -1.50844e-01   1.42499e+00
   9.01804e-02   9.01804e-02   1.00134e-01  -1.27568e-01   3.27835e-01  -1.50844e-01   1.42499e+00
   9.41884e-02   9.41884e-02   1.02202e-01  -1.25499e-01   3.29903e-01  -1.50844e-01   1.42499e+00
   9.81964e-02   9.81964e-02   1.04352e-01  -1.23349e-01   3.32053e-01  -1.50844e-01   1.42499e+00
   1.02204e-01   1.02204e-01   1.06583e-01  -1.21118e-01   3.34284e-01  -1.50844e-01   1.42499e+00
   1.06212e-01   1.06212e-01   1.08893e-01  -1.18808e-01   3.36594e-01  -1.50844e-01   1.42499e+00
   1.10220e-01   1.10220e-01   1.11282e-01  -1.16419e-01   3.38983e-01  -1.50844e-01   1.42499e+00
   1.14228e-01   1.14228e-01   1.13749e-01  -1.13952e-01   3.41450e-01  -1.50844e-01   1.42499e+00
   1.18236e-01   1.18236e-01   1.16292e-01  -1.11409e-01   3.43993e-01  -1.50844e-01   1.42499e+00
   1.22244e-01   1.22244e-01   1.18910e-01  -1.08791e-01   3.46612e-01  -1.50844e-01   1.42499e+00
   1.26253e-01   1.26253e-01   1.21603e-01  -1.06098e-01   3.49304e-01  -1.50844e-01   1.42499e+00
   1.30261e-01   1.30261e-01   1.24368e-01  -1.03333e-01   3.52069e-01  -1.50844e-01   1.42499e+00
   1.34269e-01   1.34269e-01   1.27205e-01  -1.00497e-01   3.54906e-01  -1.50844e-01   1.42499e+00
   1.38277e-01   1.38277e-01   1.30112e-01  -9.75896e-02   3.57813e-01  -1.50844e-01   1.42499e+00
   1.42285e-01   1.42285e-01   1.33087e-01  -9.46137e-02   3.60788e-01  -1.50844e-01   1.42499e+00
   1.46293e-01   1.46293e-01   1.36131e-01  -9.15703e-02   3.63832e-01  -1.50844e-01   1.42499e+00
   1.50301e-01   1.50301e-01   1.39240e-01  -8.84606e-02   3.66942e-01  -1.50844e-01   1.42499e+00
   1.54309e-01   1.54309e-01   1.42415e-01  -8.52861e-02   3.70116e-01  -1.50844e-01   1.42499e+00
   1.58317e-01   1.58317e-01   1.45653e-01  -8.20481e-02   3.73354e-01  -1.50844e-01   1.42499e+00
   1.62325e-01   1.62325e-01   1.48953e-01  -7.87481e-02   3.76654e-01  -1.50844e-01   1.42499e+00
   1.66333e-01   1.66333e-01   1.52314e-01  -7.53876e-02   3.80015e-01  -1.50844e-01   1.42499e+00
   1.70341e-01   1.70341e-01   1.55733e-01  -7.19679e-02   3.83434e-01  -1.50844e-01   1.42499e+00
   1.74349e-01   1.74349e-01   1.59210e-01  -6.84907e-02   3.86912e-01  -1.50844e-01   1.42499e+00
   1.78357e-01   1.78357e-01   1.62744e-01  -6.49573e-02   3.90445e-01  -1.50844e-01   1.42499e+00
   1.82365e-01   1.82365e-01   1.66332e-01  -6.13693e-02   3.94033e-01  -1.50844e-01   1.42499e+00
   1.86373e-01   1.86373e-01   1.69973e-01  -5.77282e-02   3.97674e-01  -1.50844e-01   1.42499e+00
   1.90381e-01   1.90381e-01   1.73666e-01  -5.40355e-02   4.01367e-01  -1.50844e-01   1.42499e+00
   1.94389e-01   1.94389e-01   1.77408e-01  -5.02929e-02   4.05109e-01  -1.50844e-01   1.42499e+00
   1.98397e-01   1.98397e-01   1.81199e-01  -4.65018e-02   4.08900e-01  -1.50844e-01   1.42499e+00
   2.02405e-01   2.02405e-01   1.85037e-01  -4.26639e-02   4.12738e-01  -1.50844e-01   1.42499e+00
   2.06413e-01   2.06413e-01   1.88920e-01  -3.87806e-02   4.16622e-01  -1.50844e-01   1.42499e+00
   2.10421e-01   2.10421e-01   1.92847e-01  -3.48536e-02   4.20549e-01  -1.50844e-01   1.42499e+00
   2.14429e-01   2.14429e-01   1.96817e-01  -3.08845e-02   4.24518e-01  -1.50844e-01   1.42499e+00
   2.18437e-01   2.18437e-01   2.00826e-01  -2.68749e-02   4.28527e-01  -1.50844e-01   1.42499e+00
   2.22445e-01   2.22445e-01   2.04875e-01  -2.28263e-02   4.32576e-01  -1.50844e-01   1.42499e+00
   2.26453e-01   2.26453e-01   2.08961e-01  -1.87403e-02   4.36662e-01  -1.50844e-01   1.42499e+00
   2.30461e-01   2.30461e-01   2.13083e-01  -1.46185e-02   4.40784e-01  -1.50844e-01   1.42499e+00
   2.34469e-01   2.34469e-01   2.17239e-01  -1.04626e-02   4.44940e-01  -1.50844e-01   1.42499e+00
   2.38477e-01   2.38477e-01   2.21427e-01  -6.27401e-03   4.49128e-01  -1.50844e-01   1.42499e+00
   2.42485e-01   2.42485e-01   2.25647e-01  -2.05441e-03   4.53348e-01  -1.50844e-01   1.42499e+00
   2.46493e-01   2.46493e-01   2.29896e-01   2.19465e-03   4.57597e-01  -1.50844e-01   1.42499e+00
   2.50501e-01   2.50501e-01   2.34173e-01   6.47160e-03   4.61874e-01  -1.50844e-01   1.42499e+00
   2.54509e-01   2.54509e-01   2.38476e-01   1.07749e-02   4.66177e-01  -1.50844e-01   1.42499e+00
   2.58517e-01   2.58517e-01   2.42804e-01   1.51030e-02   4.70505e-01  -1.50844e-01   1.42499e+00
   2.62525e-01   2.62525e-01   2.47155e-01   1.94543e-02   4.74857e-01  -1.50844e-01   1.42499e+00
   2.66533e-01   2.66533e-01   2.51528e-01   2.38274e-02   4.79230e-01  -1.50844e-01   1.42499e+00
   2.70541e-01   2.70541e-01   2.55922e-01   2.82207e-02   4.83623e-01  -1.50844e-01   1.42499e+00
   2.74549e-01   2.74549e-01   2.60334e-01   3.26327e-02   4.88035e-01  -1.50844e-01   1.42499e+00
   2.78557e-01   2.78557e-01   2.64763e-01   3.70620e-02   4.92464e-01  -1.50844e-01   1.42499e+00
   2.82565e-01   2.82565e-01   2.69208e-01   4.15071e-02   4.96909e-01  -1.50844e-01   1.42499e+00
   2.86573e-01   2.86573e-01   2.73668e-01   4.59665e-02   5.01369e-01  -1.50844e-01   1.42499e+00
   2.90581e-01   2.90581e-01   2.78140e-01   5.04388e-02   5.05841e-01  -1.50844e-01   1.42499e+00
   2.94589e-01   2.94589e-01   2.82624e-01   5.49227e-02   5.10325e-01  -1.50844e-01   1.42499e+00
   2.98597e-01   2.98597e-01   2.87118e-01   5.94167e-02   5.14819e-01  -1.50844e-01   1.42499e+00
   3.02605e-01   3.02605e-01   2.91621e-01   6.39195e-02   5.19322e-01  -1.50844e-01   1.42499e+00
   3.06613e-01   3.06613e-01   2.96131e-01   6.84297e-02   5.23832e-01  -1.50844e-01   1.42499e+00
   3.10621e-01   3.10621e-01   3.00647e-01   7.29461e-02   5.28348e-01  -1.50844e-01   1.42499e+00
   3.14629e-01   3.14629e-01   3.05168e-01   7.74673e-02   5.32869e-01  -1.50844e-01   1.42499e+00
   3.18637e-01   3.18637e-01   3.09693e-01   8.19921e-02   5.37394e-01  -1.50844e-01   1.42499e+00
   3.22645e-01   3.22645e-01   3.14220e-01   8.65193e-02   5.41922e-01  -1.50844e-01   1.42499e+00
   3.26653e-01   3.26653e-01   3.18749e-01   9.10477e-02   5.46450e-01  -1.50844e-01   1.42499e+00
   3.30661e-01   3.30661e-01   3.23277e-01   9.55762e-02   5.50978e-01  -1.50844e-01   1.42499e+00
   3.34669e-01   3.34669e-01   3.27805e-01   1.00103e-01   5.55506e-01  -1.50844e-01   1.42499e+00
   3.38677e-01   3.38677e-01   3.32330e-01   1.04629e-01   5.60031e-01  -1.50844e-01   1.42499e+00
   3.42685e-01   3.42685e-01   3.36851e-01   1.09150e-01   5.64552e-01  -1.50844e-01   1.42499e+00
   3.46693e-01   3.46693e-01   3.41369e-01   1.13668e-01   5.69070e-01  -1.50844e-01   1.42499e+00
   3.50701e-01   3.50701e-01   3.45881e-01   1.18180e-01   5.73582e-01  -1.50844e-01   1.42499e+00
   3.54709e-01   3.54709e-01   3.50387e-01   1.22686e-01   5.78088e-01  -1.50844e-01   1.42499e+00
   3.58717e-01   3.58717e-01   3.54885e-01   1.27184e-01   5.82586e-01  -1.50844e-01   1.42499e+00
   3.62725e-01   3.62725e-01   3.59376e-01   1.31675e-01   5.87077e-01  -1.50844e-01   1.42499e+00
   3.66733e-01   3.66733e-01   3.63857e-01   1.36156e-01   5.91558e-01  -1.50844e-01   1.42499e+00
   3.70741e-01   3.70741e-01   3.68329e-01   1.40628e-01   5.96030e-01  -1.50844e-01   1.42499e+00
   3.74749e-01   3.74749e-01   3.72790e-01   1.45089e-01   6.00491e-01  -1.50844e-01   1.42499e+00
   3.78758e-01   3.78758e-01   3.77239e-01   1.49538e-01   6.04941e-01  -1.50844e-01   1.42499e+00
   3.82766e-01   3.82766e-01   3.81677e-01   1.53976e-01   6.09378e-01  -1.50844e-01   1.42499e+00
   3.86774e-01   3.86774e-01   3.86102e-01   1.58401e-01   6.13803e-01  -1.50844e-01   1.42499e+00
   3.90782e-01   3.90782e-01   3.90514e-01   1.62812e-01   6.18215e-01  -1.50844e-01   1.42499e+00
   3.94790e-01   3.94790e-01   3.94911e-01   1.67210e-01   6.22612e-01  -1.50844e-01   1.42499e+00
   3.98798e-01   3.98798e-01   3.99294e-01   1.71593e-01   6.26995e-01  -1.50844e-01   1.42499e+00
   4.02806e-01   4.02806e-01   4.03663e-01   1.75961e-01   6.31364e-01  -1.50844e-01   1.42499e+00
   4.06814e-01   4.06814e-01   4.08015e-01   1.80314e-01   6.35716e-01  -1.50844e-01   1.42499e+00
   4.10822e-01   4.10822e-01   4.12352e-01   1.84651e-01   6.40053e-01  -1.50844e-01   1.42499e+00
   4.14830e-01   4.14830e-01   4.16673e-01   1.88972e-01   6.44374e-01  -1.50844e-01   1.42499e+00
   4.18838e-01   4.18838e-01   4.20977e-01   1.93276e-01   6.48678e-01  -1.50844e-01   1.42499e+00
   4.22846e-01   4.22846e-01   4.25264e-01   1.97563e-01   6.52965e-01  -1.50844e-01   1.42499e+00
   4.26854e-01   4.26854e-01   4.29534e-01   2.01833e-01   6.57235e-01  -1.50844e-01   1.42499e+00
   4.30862e-01   4.30862e-01   4.33787e-01   2.06086e-01   6.61488e-01  -1.50844e-01   1.42499e+00
   4.34870e-01   4.34870e-01   4.38022e-01   2.10321e-01   6.65723e-01  -1.50844e-01   1.42499e+00
   4.38878e-01   4.38878e-01   4.42239e-01   2.14538e-01   6.69940e-01  -1.50844e-01   1.42499e+00
   4.42886e-01   4.42886e-01   4.46439e-01   2.18738e-01   6.74140e-01  -1.50844e-01   1.42499e+00
   4.46894e-01   4.46894e-01   4.50621e-01   2.22920e-01   6.78322e-01  -1.50844e-01   1.42499e+00
   4.50902e-01   4.50902e-01   4.54785e-01   2.27084e-01   6.82486e-01  -1.50844e-01   1.42499e+00
   4.54910e-01   4.54910e-01   4.58931e-01   2.31230e-01   6.86632e-01  -1.50844e-01   1.42499e+00
   4.58918e-01   4.58918e-01   4.63060e-01   2.35359e-01   6.90761e-01  -1.50844e-01   1.42499e+00
   4.62926e-01   4.62926e-01   4.67170e-01   2.39469e-01   6.94872e-01  -1.50844e-01   1.42499e+00
   4.66934e-01   4.66934e-01   4.71264e-01   2.43563e-01   6.98965e-01  -1.50844e-01   1.42499e+00
   4.70942e-01   4.70942e-01   4.75340e-01   2.47639e-01   7.03041e-01  -1.50844e-01   1.42499e+00
   4.74950e-01   4.74950e-01   4.79399e-01   2.51697e-01   7.07100e-01  -1.50844e-01   1.42499e+00
   4.78958e-01   4.78958e-01   4.83440e-01   2.55739e-01   7.11142e-01  -1.50844e-01   1.42499e+00
   4.82966e-01   4.82966e-01   4.87466e-01   2.59765e-01   7.15167e-01  -1.50844e-01   1.42499e+00
   4.86974e-01   4.86974e-01   4.91475e-01   2.63774e-01   7.19176e-01  -1.50844e-01   1.42499e+00
   4.90982e-01   4.90982e-01   4.95468e-01   2.67767e-01   7.23169e-01  -1.50844e-01   1.42499e+00
   4.94990e-01   4.94990e-01   4.99446e-01   2.71745e-01   7.27147e-01  -1.50844e-01   1.42499e+00
   4.98998e-01   4.98998e-01   5.03408e-01   2.75707e-01   7.31109e-01  -1.50844e-01   1.42499e+00
   5.03006e-01   5.03006e-01   5.07356e-01   2.79655e-01   7.35057e-01  -1.50844e-01   1.42499e+00
   5.07014e-01   5.07014e-01   5.11289e-01   2.83588e-01   7.38990e-01  -1.50844e-01   1.42499e+00
   5.11022e-01   5.11022e-01   5.15209e-01   2.87508e-01   7.42910e-01  -1.50844e-01   1.42499e+00
   5.15030e-01   5.15030e-01   5.19116e-01   2.91415e-01   7.46817e-01  -1.50844e-01   1.42499e+00
   5.19038e-01   5.19038e-01   5.23010e-01   2.95309e-01   7.50711e-01  -1.50844e-01   1.42499e+00
   5.23046e-01   5.23046e-01   5.26892e-01   2.99191e-01   7.54593e-01  -1.50844e-01   1.42499e+00
   5.27054e-01   5.27054e-01   5.30762e-01   3.03061e-01   7.58463e-01  -1.50844e-01   1.42499e+00
   5.31062e-01   5.31062e-01   5.34622e-01   3.06921e-01   7.62323e-01  -1.50844e-01   1.42499e+00
   5.35070e-01   5.35070e-01   5.38472e-01   3.10770e-01   7.66173e-01  -1.50844e-01   1.42499e+00
   5.39078e-01   5.39078e-01   5.42311e-01   3.14610e-01   7.70013e-01  -1.50844e-01   1.42499e+00
   5.43086e-01   5.43086e-01   5.46143e-01   3.18441e-01   7.73844e-01  -1.50844e-01   1.42499e+00
   5.47094e-01   5.47094e-01   5.49966e-01   3.22264e-01   7.77667e-01  -1.50844e-01   1.42499e+00
   5.51102e-01   5.51102e-01   5.53781e-01   3.26080e-01   7.81482e-01  -1.50844e-01   1.42499e+00
   5.55110e-01   5.55110e-01   5.57590e-01   3.29889e-01   7.85291e-01  -1.50844e-01   1.42499e+00
   5.59118e-01   5.59118e-01   5.61393e-01   3.33692e-01   7.89094e-01  -1.50844e-01   1.42499e+00
   5.63126e-01   5.63126e-01   5.65190e-01   3.37489e-01   7.92891e-01  -1.50844e-01   1.42499e+00
   5.67134e-01   5.67134e-01   5.68983e-01   3.41282e-01   7.96684e-01  -1.50844e-01   1.42499e+00
   5.71142e-01   5.71142e-01   5.72773e-01   3.45071e-01   8.00474e-01  -1.50844e-01   1.42499e+00
   5.75150e-01   5.75150e-01   5.76559e-01   3.48858e-01   8.04260e-01  -1.50844e-01   1.42499e+00
   5.79158e-01   5.79158e-01   5.80343e-01   3.52642e-01   8.08044e-01  -1.50844e-01   1.42499e+00
   5.83166e-01   5.83166e-01   5.84126e-01   3.56425e-01   8.11827e-01  -1.50844e-01   1.42499e+00
   5.87174e-01   5.87174e-01   5.87908e-01   3.60206e-01   8.15609e-01  -1.50844e-01   1.42499e+00
   5.91182e-01   5.91182e-01   5.91690e-01   3.63988e-01   8.19391e-01  -1.50844e-01   1.42499e+00
   5.95190e-01   5.95190e-01   5.95472e-01   3.67771e-01   8.23174e-01  -1.50844e-01   1.42499e+00
   5.99198e-01   5.99198e-01   5.99257e-01   3.71556e-01   8.26958e-01  -1.50844e-01   1.42499e+00
   6.03206e-01   6.03206e-01   6.03044e-01   3.75342e-01   8.30745e-01  -1.50844e-01   1.42499e+00
   6.07214e-01   6.07214e-01   6.06833e-01   3.79132e-01   8.34534e-01  -1.50844e-01   1.42499e+00
   6.11222e-01   6.11222e-01   6.10627e-01   3.82926e-01   8.38328e-01  -1.50844e-01   1.42499e+00
   6.15230e-01   6.15230e-01   6.14425e-01   3.86724e-01   8.42126e-01  -1.50844e-01   1.42499e+00
   6.19238e-01   6.19238e-01   6.18228e-01   3.90527e-01   8.45929e-01  -1.50844e-01   1.42499e+00
   6.23246e-01   6.23246e-01   6.22037e-01   3.94336e-01   8.49738e-01  -1.50844e-01   1.42499e+00
   6.27255e-01   6.27255e-01   6.25852e-01   3.98151e-01   8.53553e-01  -1.50844e-01   1.42499e+00
   6.31263e-01   6.31263e-01   6.29675e-01   4.01974e-01   8.57376e-01  -1.50844e-01   1.42499e+00
   6.35271e-01   6.35271e-01   6.33505e-01   4.05804e-01   8.61206e-01  -1.50844e-01   1.42499e+00
   6.39279e-01   6.39279e-01   6.37343e-01   4.09642e-01   8.65044e-01  -1.50844e-01   1.42499e+00
   6.43287e-01   6.43287e-01   6.41190e-01   4.13489e-01   8.68892e-01  -1.50844e-01   1.42499e+00
   6.47295e-01   6.47295e-01   6.45047e-01   4.17346e-01   8.72748e-01  -1.50844e-01   1.42499e+00
   6.51303e-01   6.51303e-01   6.48913e-01   4.21212e-01   8.76614e-01  -1.50844e-01   1.42499e+00
   6.55311e-01   6.55311e-01   6.52790e-01   4.25089e-01   8.80491e-01  -1.50844e-01   1.42499e+00
   6.59319e-01   6.59319e-01   6.56677e-01   4.28976e-01   8.84379e-01  -1.50844e-01   1.42499e+00
   6.63327e-01   6.63327e-01   6.60576e-01   4.32875e-01   8.88277e-01  -1.50844e-01   1.42499e+00
   6.67335e-01   6.67335e-01   6.64486e-01   4.36785e-01   8.92187e-01  -1.50844e-01   1.42499e+00
   6.71343e-01   6.71343e-01   6.68407e-01   4.40706e-01   8.96109e-01  -1.50844e-01   1.42499e+00
   6.75351e-01   6.75351e-01   6.72341e-01   4.44640e-01   9.00042e-01  -1.50844e-01   1.42499e+00
   6.79359e-01   6.79359e-01   6.76287e-01   4.48586e-01   9.03988e-01  -1.50844e-01   1.42499e+00
   6.83367e-01   6.83367e-01   6.80246e-01   4.52544e-01   9.07947e-01  -1.50844e-01   1.42499e+00
   6.87375e-01   6.87375e-01   6.84217e-01   4.56516e-01   9.11918e-01  -1.50844e-01   1.42499e+00
   6.91383e-01   6.91383e-01   6.88200e-01   4.60499e-01   9.15901e-01  -1.50844e-01   1.42499e+00
   6.95391e-01   6.95391e-01   6.92197e-01   4.64496e-01   9.19898e-01  -1.50844e-01   1.42499e+00
   6.99399e-01   6.99399e-01   6.96206e-01   4.68505e-01   9.23907e-01  -1.50844e-01   1.42499e+00
   7.03407e-01   7.03407e-01   7.00228e-01   4.72527e-01   9.27929e-01  -1.50844e-01   1.42499e+00
   7.07415e-01   7.07415e-01   7.04263e-01   4.76562e-01   9.31964e-01  -1.50844e-01   1.42499e+00
   7.11423e-01   7.11423e-01   7.08310e-01   4.80609e-01   9.36011e-01  -1.50844e-01   1.42499e+00
   7.15431e-01   7.15431e-01   7.12369e-01   4.84668e-01   9.40070e-01  -1.50844e-01   1.42499e+00
   7.19439e-01   7.19439e-01   7.16441e-01   4.88739e-01   9.44142e-01  -1.50844e-01   1.42499e+00
   7.23447e-01   7.23447e-01   7.20524e-01   4.92823e-01   9.48225e-01  -1.50844e-01   1.42499e+00
   7.27455e-01   7.27455e-01   7.24618e-01   4.96917e-01   9.52320e-01  -1.50844e-01   1.42499e+00
   7.31463e-01   7.31463e-01   7.28724e-01   5.01023e-01   9.56425e-01  -1.50844e-01   1.42499e+00
   7.35471e-01   7.35471e-01   7.32841e-01   5.05139e-01   9.60542e-01  -1.50844e-01   1.42499e+00
   7.39479e-01   7.39479e-01   7.36967e-01   5.09266e-01   9.64668e-01  -1.50844e-01   1.42499e+00
   7.43487e-01   7.43487e-01   7.41103e-01   5.13402e-01   9.68804e-01  -1.50844e-01   1.42499e+00
   7.47495e-01   7.47495e-01   7.45248e-01   5.17547e-01   9.72949e-01  -1.50844e-01   1.42499e+00
   7.51503e-01   7.51503e-01   7.49401e-01   5.21700e-01   9.77102e-01  -1.50844e-01   1.42499e+00
   7.55511e-01   7.55511e-01   7.53562e-01   5.25861e-01   9.81263e-01  -1.50844e-01   1.42499e+00
   7.59519e-01   7.59519e-01   7.57730e-01   5.30029e-01   9.85431e-01  -1.50844e-01   1.42499e+00
   7.63527e-01   7.63527e-01   7.61904e-01   5.34203e-01   9.89605e-01  -1.50844e-01   1.42499e+00
   7.67535e-01   7.67535e-01   7.66084e-01   5.38383e-01   9.93785e-01  -1.50844e-01   1.42499e+00
   7.71543e-01   7.71543e-01   7.70268e-01   5.42567e-01   9.97969e-01  -1.50844e-01   1.42499e+00
   7.75551e-01   7.75551e-01   7.74455e-01   5.46754e-01   1.00216e+00  -1.50844e-01   1.42499e+00
   7.79559e-01   7.79559e-01   7.78646e-01   5.50945e-01   1.00635e+00  -1.50844e-01   1.42499e+00
   7.83567e-01   7.83567e-01   7.82838e-01   5.55137e-01   1.01054e+00  -1.50844e-01   1.42499e+00
   7.87575e-01   7.87575e-01   7.87030e-01   5.59329e-01   1.01473e+00  -1.50844e-01   1.42499e+00
   7.91583e-01   7.91583e-01   7.91223e-01   5.63522e-01   1.01892e+00  -1.50844e-01   1.42499e+00
   7.95591e-01   7.95591e-01   7.95414e-01   5.67713e-01   1.02312e+00  -1.50844e-01   1.42499e+00
   7.99599e-01   7.99599e-01   7.99603e-01   5.71902e-01   1.02730e+00  -1.50844e-01   1.42499e+00
   8.03607e-01   8.03607e-01   8.03788e-01   5.76087e-01   1.03149e+00  -1.50844e-01   1.42499e+00
   8.07615e-01   8.07615e-01   8.07969e-01   5.80268e-01   1.03567e+00  -1.50844e-01   1.42499e+00
   8.11623e-01   8.11623e-01   8.12144e-01   5.84443e-01   1.03985e+00  -1.50844e-01   1.42499e+00
   8.15631e-01   8.15631e-01   8.16313e-01   5.88612e-01   1.04401e+00  -1.50844e-01   1.42499e+00
   8.19639e-01   8.19639e-01   8.20473e-01   5.92772e-01   1.04817e+00  -1.50844e-01   1.42499e+00
   8.23647e-01   8.23647e-01   8.24625e-01   5.96924e-01   1.05233e+00  -1.50844e-01   1.42499e+00
   8.27655e-01   8.27655e-01   8.28767e-01   6.01066e-01   1.05647e+00  -1.50844e-01   1.42499e+00
   8.31663e-01   8.31663e-01   8.32899e-01   6.05197e-01   1.06060e+00  -1.50844e-01   1.42499e+00
   8.35671e-01   8.35671e-01   8.37018e-01   6.09317e-01   1.06472e+00  -1.50844e-01   1.42499e+00
   8.39679e-01   8.39679e-01   8.41124e-01   6.13423e-01   1.06883e+00  -1.50844e-01   1.42499e+00
   8.43687e-01   8.43687e-01   8.45217e-01   6.17516e-01   1.07292e+00  -1.50844e-01   1.42499e+00
   8.47695e-01   8.47695e-01   8.49295e-01   6.21594e-01   1.07700e+00  -1.50844e-01   1.42499e+00
   8.51703e-01   8.51703e-01   8.53358e-01   6.25657e-01   1.08106e+00  -1.50844e-01   1.42499e+00
   8.55711e-01   8.55711e-01   8.57404e-01   6.29703e-01   1.08511e+00  -1.50844e-01   1.42499e+00
   8.59719e-01   8.59719e-01   8.61434e-01   6.33733e-01   1.08914e+00  -1.50844e-01   1.42499e+00
   8.63727e-01   8.63727e-01   8.65447e-01   6.37746e-01   1.09315e+00  -1.50844e-01   1.42499e+00
   8.67735e-01   8.67735e-01   8.69442e-01   6.41741e-01   1.09714e+00  -1.50844e-01   1.42499e+00
   8.71743e-01   8.71743e-01   8.73419e-01   6.45718e-01   1.10112e+00  -1.50844e-01   1.42499e+00
   8.75752e-01   8.75752e-01   8.77378e-01   6.49677e-01   1.10508e+00  -1.50844e-01   1.42499e+00
   8.79760e-01   8.79760e-01   8.81318e-01   6.53617e-01   1.10902e+00  -1.50844e-01   1.42499e+00
   8.83768e-01   8.83768e-01   8.85241e-01   6.57540e-01   1.11294e+00  -1.50844e-01   1.42499e+00
   8.87776e-01   8.87776e-01   8.89146e-01   6.61445e-01   1.11685e+00  -1.50844e-01   1.42499e+00
   8.91784e-01   8.91784e-01   8.93033e-01   6.65332e-01   1.12073e+00  -1.50844e-01   1.42499e+00
   8.95792e-01   8.95792e-01   8.96904e-01   6.69203e-01   1.12461e+00  -1.50844e-01   1.42499e+00
   8.99800e-01   8.99800e-01   9.00760e-01   6.73058e-01   1.12846e+00  -1.50844e-01   1.42499e+00
   9.03808e-01   9.03808e-01   9.04600e-01   6.76899e-01   1.13230e+00  -1.50844e-01   1.42499e+00
   9.07816e-01   9.07816e-01   9.08428e-01   6.80727e-01   1.13613e+00  -1.50844e-01   1.42499e+00
   9.11824e-01   9.11824e-01   9.12243e-01   6.84542e-01   1.13994e+00  -1.50844e-01   1.42499e+00
   9.15832e-01   9.15832e-01   9.16049e-01   6.88348e-01   1.14375e+00  -1.50844e-01   1.42499e+00
   9.19840e-01   9.19840e-01   9.19848e-01   6.92147e-01   1.14755e+00  -1.50844e-01   1.42499e+00
   9.23848e-01   9.23848e-01   9.23642e-01   6.95941e-01   1.15134e+00  -1.50844e-01   1.42499e+00
   9.27856e-01   9.27856e-01   9.27433e-01   6.99732e-01   1.15513e+00  -1.50844e-01   1.42499e+00
   9.31864e-01   9.31864e-01   9.31226e-01   7.03525e-01   1.15893e+00  -1.50844e-01   1.42499e+00
   9.35872e-01   9.35872e-01   9.35024e-01   7.07323e-01   1.16273e+00  -1.50844e-01   1.42499e+00
   9.39880e-01   9.39880e-01   9.38831e-01   7.11129e-01   1.16653e+00  -1.50844e-01   1.42499e+00
   9.43888e-01   9.43888e-01   9.42650e-01   7.14949e-01   1.17035e+00  -1.50844e-01   1.42499e+00
   9.47896e-01   9.47896e-01   9.46489e-01   7.18788e-01   1.17419e+00  -1.50844e-01   1.42499e+00
   9.51904e-01   9.51904e-01   9.50351e-01   7.22650e-01   1.17805e+00  -1.50844e-01   1.42499e+00
   9.55912e-01   9.55912e-01   9.54243e-01   7.26542e-01   1.18194e+00  -1.50844e-01   1.42499e+00
   9.59920e-01   9.59920e-01   9.58171e-01   7.30470e-01   1.18587e+00  -1.50844e-01   1.42499e+00
   9.63928e-01   9.63928e-01   9.62142e-01   7.34441e-01   1.18984e+00  -1.50844e-01   1.42499e+00
   9.67936e-01   9.67936e-01   9.66164e-01   7.38463e-01   1.19387e+00  -1.50844e-01   1.42499e+00
   9.71944e-01   9.71944e-01   9.70246e-01   7.42545e-01   1.19795e+00  -1.50844e-01   1.42499e+00
   9.75952e-01   9.75952e-01   9.74395e-01   7.46694e-01   1.20210e+00  -1.50844e-01   1.42499e+00
   9.79960e-01   9.79960e-01   9.78623e-01   7.50922e-01   1.20632e+00  -1.50844e-01   1.42499e+00
   9.83968e-01   9.83968e-01   9.82938e-01   7.55237e-01   1.21064e+00  -1.50844e-01   1.42499e+00
   9.87976e-01   9.87976e-01   9.87353e-01   7.59652e-01   1.21505e+00  -1.50844e-01   1.42499e+00
   9.91984e-01   9.91984e-01   9.91880e-01   7.64179e-01   1.21958e+00  -1.50844e-01   1.42499e+00
   9.95992e-01   9.95992e-01   9.96530e-01   7.68829e-01   1.22423e+00  -1.50844e-01   1.42499e+00
   1.00000e+00   1.00000e+00   1.00132e+00   7.73617e-01   1.22902e+00  -1.50844e-01   1.42499e+00
