==28315== Memcheck, a memory error detector
==28315== Copyright (C) 2002-2011, and GNU GPL'd, by Julian Seward et al.
==28315== Using Valgrind-3.7.0 and LibVEX; rerun with -h for copyright info
==28315== Command: ./a.out
==28315== 
_posord =
0  1  3  6  

ENTER <1> TO CONTINUE
==28315== 
==28315== HEAP SUMMARY:
==28315==     in use at exit: 120 bytes in 3 blocks
==28315==   total heap usage: 3 allocs, 0 frees, 120 bytes allocated
==28315== 
==28315== LEAK SUMMARY:
==28315==    definitely lost: 0 bytes in 0 blocks
==28315==    indirectly lost: 0 bytes in 0 blocks
==28315==      possibly lost: 32 bytes in 1 blocks
==28315==    still reachable: 88 bytes in 2 blocks
==28315==         suppressed: 0 bytes in 0 blocks
==28315== Rerun with --leak-check=full to see details of leaked memory
==28315== 
==28315== For counts of detected and suppressed errors, rerun with: -v
==28315== ERROR SUMMARY: 0 errors from 0 contexts (suppressed: 2 from 2)
